Sequential (
  (0): Conv2d(1, 8, kernel_size=(9, 9), stride=(3, 3), padding=(4, 4))
  (1): ReLU ()
  (2): ConvTranspose2d(8, 1, kernel_size=(9, 9), stride=(3, 3), padding=(4, 4))
)
Namespace(batch_size=128, cnnc=10, cnnf=8, mode='cnnae_simple', name='cnnae_simple6', nc=10, nf=80, optimizer='Adam', weight_decay=0.0001)
{'lr': 0.001, 'wd': 0.0001}
  0   0   39 0.695412 [1.995987 / 0.024517]
  0   0   79 0.309021 [2.286699 / 0.014615]
  0   0  119 0.203434 [2.448279 / 0.011357]
  0   0  159 0.158548 [2.586826 / 0.009927]
  0   0  199 0.127990 [2.711761 / 0.008540]
  0   0  239 0.109236 [2.815077 / 0.007438]
  0   0  279 0.095346 [2.900889 / 0.006562]
  0   0  319 0.086302 [2.976151 / 0.006069]
  0   0  359 0.078342 [3.038798 / 0.005692]
  0   0  399 0.072063 [3.098779 / 0.005398]
  0   0  439 0.066801 [3.153921 / 0.005266]
  0   1   39 0.059284 [3.241449 / 0.004913]
  0   1   79 0.056236 [3.293001 / 0.004715]
  0   1  119 0.052548 [3.342692 / 0.004599]
