Sequential (
  (0): Conv2d(1, 20, kernel_size=(9, 9), stride=(2, 2), padding=(4, 4))
  (1): ReLU ()
  (2): ConvTranspose2d(20, 1, kernel_size=(9, 9), stride=(2, 2), padding=(4, 4), output_padding=(1, 1))
)
Namespace(batch_size=128, cnnc=10, cnnf=20, mode='cnnae_simple', name='cnnae_simple4', nc=10, nf=80, optimizer='Adam', weight_decay=0.0001)
{'lr': 0.001, 'wd': 0.0001}
  0   0   39 0.386397 [2.921112 / 0.020391]
  0   0   79 0.094788 [3.052977 / 0.010460]
  0   0  119 0.059797 [3.134869 / 0.008441]
  0   0  159 0.044137 [3.217258 / 0.007373]
  0   0  199 0.034628 [3.296895 / 0.006639]
  0   0  239 0.027711 [3.371986 / 0.005970]
  0   0  279 0.022616 [3.438003 / 0.005457]
  0   0  319 0.018875 [3.496475 / 0.004948]
  0   0  359 0.016093 [3.545817 / 0.004627]
  0   0  399 0.013646 [3.587146 / 0.004348]
  0   0  439 0.011746 [3.620825 / 0.004137]
  0   1   39 0.009290 [3.669693 / 0.003679]
  0   1   79 0.008133 [3.689425 / 0.003514]
  0   1  119 0.007233 [3.706725 / 0.003179]
  0   1  159 0.006444 [3.721839 / 0.003145]
  0   1  199 0.005876 [3.734545 / 0.002837]
  0   1  239 0.005312 [3.744013 / 0.002759]
  0   1  279 0.004769 [3.751586 / 0.002777]
  0   1  319 0.004374 [3.758442 / 0.002895]
  0   1  359 0.004006 [3.764506 / 0.002428]
  0   1  399 0.003668 [3.769062 / 0.002215]
  0   1  439 0.003407 [3.774294 / 0.002458]
  0   2   39 0.002960 [3.779773 / 0.002508]
  0   2   79 0.002696 [3.781866 / 0.001927]
  0   2  119 0.002510 [3.784586 / 0.002085]
  0   2  159 0.002308 [3.785996 / 0.002688]
  0   2  199 0.002185 [3.786810 / 0.001768]
  0   2  239 0.002039 [3.788356 / 0.002147]
  0   2  279 0.001912 [3.788096 / 0.001683]
  0   2  319 0.001838 [3.787584 / 0.003554]
  0   2  359 0.001719 [3.786846 / 0.002356]
  0   2  399 0.001641 [3.786222 / 0.003225]
  0   2  439 0.001526 [3.785288 / 0.001594]
  0   3   39 0.001431 [3.782816 / 0.002425]
  0   3   79 0.001360 [3.781268 / 0.003073]
  0   3  119 0.001248 [3.780060 / 0.002244]
  0   3  159 0.001192 [3.779851 / 0.001396]
  0   3  199 0.001114 [3.779766 / 0.001739]
  0   3  239 0.001099 [3.779287 / 0.002624]
  0   3  279 0.001026 [3.777874 / 0.002271]
  0   3  319 0.001021 [3.776092 / 0.003059]
  0   3  359 0.000933 [3.775670 / 0.001902]
  0   3  399 0.000981 [3.774202 / 0.003164]
  0   3  439 0.001043 [3.770164 / 0.003996]
  0   4   39 0.000801 [3.769977 / 0.002569]
  0   4   79 0.000786 [3.769500 / 0.001334]
  0   4  119 0.000726 [3.768611 / 0.001140]
  0   4  159 0.000719 [3.768185 / 0.001670]
  0   4  199 0.000709 [3.766671 / 0.001432]
  0   4  239 0.000823 [3.763038 / 0.002381]
  0   4  279 0.000708 [3.760270 / 0.003501]
  0   4  319 0.000636 [3.758902 / 0.002740]
  0   4  359 0.000611 [3.757528 / 0.000807]
  0   4  399 0.000595 [3.756477 / 0.001658]
  0   4  439 0.000559 [3.755001 / 0.000804]
  1   0   39 0.000534 [3.754090 / 0.000406]
  1   0   79 0.000519 [3.753326 / 0.000472]
  1   0  119 0.000509 [3.752603 / 0.000422]
  1   0  159 0.000504 [3.752004 / 0.000446]
  1   0  199 0.000498 [3.751351 / 0.000474]
  1   0  239 0.000487 [3.750674 / 0.000504]
  1   0  279 0.000488 [3.749809 / 0.000424]
  1   0  319 0.000464 [3.748898 / 0.000445]
  1   0  359 0.000460 [3.748071 / 0.000469]
  1   0  399 0.000457 [3.747188 / 0.000501]
  1   0  439 0.000441 [3.746055 / 0.000485]
  1   1   39 0.000429 [3.744349 / 0.000452]
  1   1   79 0.000430 [3.743424 / 0.000461]
  1   1  119 0.000422 [3.742441 / 0.000593]
  1   1  159 0.000412 [3.741408 / 0.000480]
  1   1  199 0.000414 [3.740344 / 0.000462]
  1   1  239 0.000404 [3.739252 / 0.000918]
  1   1  279 0.000399 [3.738005 / 0.000742]
  1   1  319 0.000389 [3.736592 / 0.000518]
  1   1  359 0.000380 [3.735280 / 0.000500]
  1   1  399 0.000380 [3.734066 / 0.000666]
  1   1  439 0.000376 [3.732827 / 0.000593]
  1   2   39 0.000357 [3.729979 / 0.000542]
  1   2   79 0.000352 [3.728452 / 0.000570]
  1   2  119 0.000353 [3.727040 / 0.000902]
  1   2  159 0.000344 [3.725513 / 0.000562]
  1   2  199 0.000333 [3.723721 / 0.000485]
  1   2  239 0.000337 [3.722167 / 0.000844]
  1   2  279 0.000329 [3.720564 / 0.000646]
  1   2  319 0.000319 [3.718705 / 0.000711]
  1   2  359 0.000318 [3.716936 / 0.001214]
  1   2  399 0.000321 [3.715443 / 0.000745]
  1   2  439 0.000315 [3.713725 / 0.001830]
  1   3   39 0.000308 [3.709914 / 0.001223]
  1   3   79 0.000306 [3.708122 / 0.000934]
  1   3  119 0.000296 [3.705679 / 0.001082]
  1   3  159 0.000282 [3.703526 / 0.000876]
  1   3  199 0.000275 [3.701350 / 0.000629]
  1   3  239 0.000295 [3.699360 / 0.000806]
  1   3  279 0.000263 [3.697434 / 0.001459]
  1   3  319 0.000268 [3.695305 / 0.002260]
  1   3  359 0.000298 [3.692691 / 0.003364]
  1   3  399 0.000276 [3.690204 / 0.000593]
  1   3  439 0.000262 [3.688523 / 0.002082]
  1   4   39 0.000239 [3.684843 / 0.001344]
  1   4   79 0.000242 [3.683116 / 0.000685]
  1   4  119 0.000238 [3.681418 / 0.000770]
  1   4  159 0.000230 [3.679452 / 0.000954]
  1   4  199 0.000246 [3.677427 / 0.000794]
  1   4  239 0.000232 [3.675345 / 0.001203]
  1   4  279 0.000228 [3.673733 / 0.001228]
  1   4  319 0.000224 [3.671832 / 0.000528]
  1   4  359 0.000218 [3.670234 / 0.001178]
  1   4  399 0.000256 [3.667645 / 0.000980]
  1   4  439 0.000218 [3.665726 / 0.000594]
  2   0   39 0.000210 [3.663210 / 0.000253]
  2   0   79 0.000205 [3.662475 / 0.000275]
  2   0  119 0.000204 [3.661632 / 0.000241]
  2   0  159 0.000198 [3.660768 / 0.000252]
  2   0  199 0.000198 [3.659765 / 0.000264]
  2   0  239 0.000194 [3.658648 / 0.000265]
  2   0  279 0.000197 [3.657752 / 0.000288]
  2   0  319 0.000186 [3.656762 / 0.000269]
  2   0  359 0.000192 [3.655763 / 0.000295]
  2   0  399 0.000187 [3.654605 / 0.000269]
  2   0  439 0.000190 [3.653598 / 0.000271]
  2   1   39 0.000187 [3.651876 / 0.000303]
  2   1   79 0.000188 [3.650776 / 0.000312]
  2   1  119 0.000187 [3.649754 / 0.000324]
  2   1  159 0.000187 [3.648687 / 0.000311]
  2   1  199 0.000179 [3.647321 / 0.000305]
  2   1  239 0.000175 [3.646167 / 0.000372]
  2   1  279 0.000177 [3.644971 / 0.000291]
  2   1  319 0.000176 [3.643789 / 0.000309]
  2   1  359 0.000172 [3.642467 / 0.000298]
  2   1  399 0.000179 [3.641580 / 0.000332]
  2   1  439 0.000174 [3.640191 / 0.000347]
  2   2   39 0.000171 [3.637775 / 0.000346]
  2   2   79 0.000171 [3.636495 / 0.000305]
  2   2  119 0.000170 [3.635237 / 0.000327]
  2   2  159 0.000165 [3.633695 / 0.000342]
  2   2  199 0.000159 [3.632312 / 0.000390]
  2   2  239 0.000156 [3.630841 / 0.000417]
  2   2  279 0.000158 [3.629534 / 0.000335]
  2   2  319 0.000162 [3.628319 / 0.000407]
  2   2  359 0.000164 [3.626906 / 0.000404]
  2   2  399 0.000158 [3.625599 / 0.000547]
  2   2  439 0.000157 [3.624187 / 0.000448]
  2   3   39 0.000154 [3.621829 / 0.000396]
  2   3   79 0.000153 [3.620160 / 0.001370]
  2   3  119 0.000166 [3.618580 / 0.000639]
  2   3  159 0.000147 [3.616958 / 0.000499]
  2   3  199 0.000148 [3.615318 / 0.000698]
  2   3  239 0.000147 [3.614046 / 0.000453]
  2   3  279 0.000143 [3.612282 / 0.000457]
  2   3  319 0.000144 [3.610641 / 0.000794]
  2   3  359 0.000143 [3.609108 / 0.000655]
  2   3  399 0.000156 [3.607128 / 0.001476]
  2   3  439 0.000150 [3.605694 / 0.000708]
  2   4   39 0.000140 [3.603412 / 0.000430]
  2   4   79 0.000139 [3.601982 / 0.000469]
  2   4  119 0.000138 [3.600327 / 0.000558]
  2   4  159 0.000143 [3.599080 / 0.000414]
  2   4  199 0.000139 [3.597667 / 0.001552]
  2   4  239 0.000128 [3.595769 / 0.000391]
  2   4  279 0.000133 [3.594143 / 0.000575]
  2   4  319 0.000129 [3.592548 / 0.000707]
  2   4  359 0.000129 [3.591241 / 0.000612]
  2   4  399 0.000128 [3.589576 / 0.000536]
  2   4  439 0.000130 [3.588137 / 0.000501]
  3   0   39 0.000124 [3.586329 / 0.000250]
  3   0   79 0.000127 [3.585592 / 0.000219]
  3   0  119 0.000122 [3.584739 / 0.000213]
  3   0  159 0.000127 [3.584046 / 0.000207]
  3   0  199 0.000123 [3.583078 / 0.000196]
  3   0  239 0.000124 [3.582294 / 0.000232]
  3   0  279 0.000126 [3.581516 / 0.000242]
  3   0  319 0.000121 [3.580615 / 0.000210]
  3   0  359 0.000125 [3.579841 / 0.000211]
  3   0  399 0.000122 [3.579041 / 0.000254]
  3   0  439 0.000116 [3.578060 / 0.000210]
  3   1   39 0.000119 [3.576590 / 0.000217]
  3   1   79 0.000117 [3.575674 / 0.000243]
  3   1  119 0.000120 [3.574765 / 0.000248]
  3   1  159 0.000120 [3.573870 / 0.000267]
  3   1  199 0.000120 [3.572946 / 0.000283]
  3   1  239 0.000115 [3.571824 / 0.000277]
  3   1  279 0.000114 [3.570685 / 0.000290]
  3   1  319 0.000115 [3.569797 / 0.000264]
  3   1  359 0.000116 [3.568854 / 0.000272]
  3   1  399 0.000116 [3.568007 / 0.000281]
  3   1  439 0.000115 [3.566683 / 0.000320]
  3   2   39 0.000113 [3.564782 / 0.000280]
  3   2   79 0.000111 [3.563652 / 0.000279]
  3   2  119 0.000112 [3.562768 / 0.000273]
  3   2  159 0.000110 [3.561618 / 0.000300]
  3   2  199 0.000110 [3.560462 / 0.000307]
  3   2  239 0.000113 [3.559365 / 0.000293]
  3   2  279 0.000112 [3.558234 / 0.000318]
  3   2  319 0.000106 [3.556968 / 0.000299]
  3   2  359 0.000109 [3.555866 / 0.000339]
  3   2  399 0.000114 [3.554841 / 0.000363]
  3   2  439 0.000104 [3.553511 / 0.000352]
  3   3   39 0.000106 [3.551507 / 0.000383]
  3   3   79 0.000109 [3.550401 / 0.000492]
  3   3  119 0.000104 [3.549140 / 0.000391]
  3   3  159 0.000109 [3.547979 / 0.000513]
  3   3  199 0.000105 [3.546741 / 0.000628]
  3   3  239 0.000101 [3.545248 / 0.000712]
  3   3  279 0.000104 [3.544081 / 0.000437]
  3   3  319 0.000102 [3.542906 / 0.000305]
  3   3  359 0.000102 [3.541946 / 0.000469]
  3   3  399 0.000104 [3.540699 / 0.000345]
  3   3  439 0.000105 [3.539827 / 0.000303]
  3   4   39 0.000104 [3.537646 / 0.000474]
  3   4   79 0.000106 [3.536672 / 0.000381]
  3   4  119 0.000102 [3.535561 / 0.000822]
  3   4  159 0.000100 [3.534291 / 0.000431]
  3   4  199 0.000102 [3.533181 / 0.000412]
  3   4  239 0.000094 [3.531858 / 0.000301]
  3   4  279 0.000098 [3.530843 / 0.000582]
  3   4  319 0.000096 [3.529798 / 0.000356]
  3   4  359 0.000096 [3.528642 / 0.000358]
  3   4  399 0.000097 [3.527680 / 0.000382]
  3   4  439 0.000091 [3.526326 / 0.000359]
  4   0   39 0.000095 [3.525007 / 0.000188]
  4   0   79 0.000092 [3.524377 / 0.000180]
  4   0  119 0.000095 [3.523819 / 0.000194]
  4   0  159 0.000091 [3.523194 / 0.000174]
  4   0  199 0.000095 [3.522605 / 0.000201]
  4   0  239 0.000090 [3.522063 / 0.000207]
  4   0  279 0.000094 [3.521559 / 0.000183]
  4   0  319 0.000095 [3.520882 / 0.000189]
  4   0  359 0.000096 [3.520376 / 0.000224]
  4   0  399 0.000093 [3.519691 / 0.000208]
  4   0  439 0.000092 [3.519175 / 0.000203]
  4   1   39 0.000092 [3.517988 / 0.000199]
  4   1   79 0.000095 [3.517513 / 0.000187]
  4   1  119 0.000091 [3.516798 / 0.000208]
  4   1  159 0.000094 [3.516192 / 0.000192]
  4   1  199 0.000094 [3.515455 / 0.000237]
  4   1  239 0.000089 [3.514562 / 0.000215]
  4   1  279 0.000087 [3.513831 / 0.000200]
  4   1  319 0.000089 [3.513207 / 0.000199]
  4   1  359 0.000086 [3.512312 / 0.000201]
  4   1  399 0.000091 [3.511744 / 0.000230]
  4   1  439 0.000085 [3.510971 / 0.000238]
  4   2   39 0.000091 [3.509590 / 0.000259]
  4   2   79 0.000085 [3.508841 / 0.000221]
  4   2  119 0.000091 [3.508178 / 0.000229]
  4   2  159 0.000089 [3.507405 / 0.000355]
  4   2  199 0.000087 [3.506719 / 0.000264]
  4   2  239 0.000085 [3.505744 / 0.000239]
  4   2  279 0.000087 [3.504936 / 0.000254]
  4   2  319 0.000086 [3.504140 / 0.000238]
  4   2  359 0.000087 [3.503320 / 0.000237]
  4   2  399 0.000085 [3.502599 / 0.000281]
  4   2  439 0.000088 [3.501817 / 0.000275]
  4   3   39 0.000086 [3.500446 / 0.000267]
  4   3   79 0.000083 [3.499469 / 0.000290]
  4   3  119 0.000083 [3.498534 / 0.000283]
  4   3  159 0.000085 [3.497845 / 0.000240]
  4   3  199 0.000089 [3.497045 / 0.000316]
  4   3  239 0.000083 [3.495908 / 0.000266]
  4   3  279 0.000082 [3.495086 / 0.000311]
  4   3  319 0.000082 [3.494233 / 0.000280]
  4   3  359 0.000084 [3.493524 / 0.000280]
  4   3  399 0.000085 [3.492919 / 0.000295]
  4   3  439 0.000084 [3.492009 / 0.000280]
  4   4   39 0.000083 [3.490385 / 0.000308]
  4   4   79 0.000079 [3.489623 / 0.000263]
  4   4  119 0.000084 [3.488809 / 0.000285]
  4   4  159 0.000082 [3.488022 / 0.000318]
  4   4  199 0.000086 [3.487433 / 0.000356]
  4   4  239 0.000079 [3.486445 / 0.000288]
  4   4  279 0.000080 [3.485596 / 0.000302]
  4   4  319 0.000080 [3.484720 / 0.000252]
  4   4  359 0.000083 [3.484056 / 0.000487]
  4   4  399 0.000076 [3.482990 / 0.000275]
  4   4  439 0.000080 [3.482109 / 0.000293]
Sequential (
  (0): Conv2d(1, 20, kernel_size=(9, 9), stride=(2, 2), padding=(4, 4))
  (1): ReLU ()
  (2): ConvTranspose2d(20, 1, kernel_size=(9, 9), stride=(2, 2), padding=(4, 4), output_padding=(1, 1))
)
Namespace(batch_size=128, cnnc=10, cnnf=20, mode='cnnae_simple', name='cnnae_simple4', nc=10, nf=80, optimizer='Adam', weight_decay=0.0001)
{'lr': 0.001, 'wd': 0.0001}
