Sequential (
  (0): Conv2d(1, 20, kernel_size=(9, 9), stride=(3, 3), padding=(4, 4))
  (1): ReLU ()
  (2): ConvTranspose2d(20, 1, kernel_size=(9, 9), stride=(3, 3), padding=(4, 4))
)
Namespace(batch_size=128, cnnc=10, cnnf=20, mode='cnnae_simple', name='cnnae_simple5', nc=10, nf=80, optimizer='Adam', weight_decay=0.0001)
{'lr': 0.001, 'wd': 0.0001}
  0   0   39 0.555783 [3.094172 / 0.029800]
  0   0   79 0.165526 [3.363917 / 0.016824]
  0   0  119 0.098242 [3.523889 / 0.011742]
  0   0  159 0.074149 [3.647590 / 0.009464]
  0   0  199 0.060902 [3.750788 / 0.008167]
  0   0  239 0.052494 [3.838183 / 0.007308]
  0   0  279 0.045874 [3.916176 / 0.006754]
  0   0  319 0.040745 [3.992197 / 0.006406]
  0   0  359 0.036938 [4.065177 / 0.006259]
  0   0  399 0.033150 [4.136558 / 0.006116]
  0   0  439 0.030133 [4.205721 / 0.005913]
  0   1   39 0.025477 [4.321330 / 0.005531]
  0   1   79 0.023027 [4.384600 / 0.005316]
  0   1  119 0.020981 [4.446140 / 0.005532]
  0   1  159 0.019025 [4.505450 / 0.005047]
  0   1  199 0.017191 [4.562885 / 0.005091]
  0   1  239 0.015805 [4.618281 / 0.004760]
  0   1  279 0.014413 [4.669972 / 0.004898]
  0   1  319 0.013072 [4.719194 / 0.004490]
  0   1  359 0.011958 [4.766156 / 0.004246]
  0   1  399 0.010949 [4.808670 / 0.004177]
  0   1  439 0.010026 [4.849721 / 0.004015]
  0   2   39 0.008537 [4.912375 / 0.004028]
  0   2   79 0.007799 [4.945430 / 0.003762]
  0   2  119 0.007114 [4.977527 / 0.003498]
  0   2  159 0.006567 [5.008627 / 0.003381]
  0   2  199 0.006015 [5.036671 / 0.003483]
  0   2  239 0.005542 [5.063632 / 0.003293]
  0   2  279 0.005128 [5.088623 / 0.003205]
  0   2  319 0.004668 [5.112601 / 0.003163]
  0   2  359 0.004321 [5.134930 / 0.003087]
  0   2  399 0.003980 [5.155546 / 0.002927]
  0   2  439 0.003676 [5.175138 / 0.003014]
  0   3   39 0.003177 [5.205131 / 0.002787]
  0   3   79 0.002958 [5.221655 / 0.002731]
  0   3  119 0.002742 [5.236690 / 0.002566]
  0   3  159 0.002551 [5.251092 / 0.002494]
  0   3  199 0.002390 [5.263652 / 0.002743]
  0   3  239 0.002243 [5.275971 / 0.002658]
  0   3  279 0.002034 [5.285690 / 0.002564]
  0   3  319 0.001961 [5.296628 / 0.002371]
  0   3  359 0.001801 [5.306064 / 0.002364]
  0   3  399 0.001704 [5.315036 / 0.002592]
  0   3  439 0.001606 [5.323396 / 0.002448]
  0   4   39 0.001452 [5.336856 / 0.002958]
  0   4   79 0.001359 [5.344327 / 0.002660]
