Sequential (
  (0): Conv2d(1, 40, kernel_size=(5, 5), stride=(2, 2), padding=(2, 2))
  (1): MatrixD2d (
  )
  (2): BatchNorm2d(40, eps=1e-05, momentum=0.1, affine=True)
  (3): CatFactor2d (
  )
  (4): ConvTranspose2d(40, 1, kernel_size=(5, 5), stride=(2, 2), padding=(2, 2), output_padding=(1, 1))
)
Namespace(batch_size=128, cnnc=5, cnnf=8, force_name=False, mode='cnnae_d', name='cnnae_d1', nc=10, nf=80, optimizer='Adam', weight_decay=0.0001)
{'lr': 0.001, 'wd': 0.0001}
  0   0   39 0.745339 [5.349204 / 0.038855]
  0   0   79 0.318608 [5.705212 / 0.027108]
  0   0  119 0.173115 [5.978200 / 0.019790]
  0   0  159 0.109808 [6.180465 / 0.016920]
  0   0  199 0.076736 [6.334678 / 0.012301]
  0   0  239 0.058192 [6.457106 / 0.012251]
  0   0  279 0.046518 [6.563633 / 0.012520]
  0   0  319 0.037241 [6.653013 / 0.010148]
  0   0  359 0.031359 [6.731174 / 0.008847]
  0   0  399 0.026859 [6.800085 / 0.006134]
  0   0  439 0.023223 [6.860886 / 0.006397]
  0   1   39 0.018580 [6.948406 / 0.007151]
  0   1   79 0.016547 [6.993635 / 0.006380]
  0   1  119 0.014918 [7.033236 / 0.006965]
  0   1  159 0.013631 [7.068251 / 0.007443]
  0   1  199 0.012390 [7.099388 / 0.005186]
  0   1  239 0.011252 [7.127825 / 0.005337]
  0   1  279 0.010407 [7.154120 / 0.005342]
  0   1  319 0.009630 [7.175932 / 0.004896]
  0   1  359 0.009196 [7.195500 / 0.003849]
  0   1  399 0.008852 [7.211421 / 0.003886]
  0   1  439 0.008071 [7.225815 / 0.003556]
  0   2   39 0.007614 [7.247404 / 0.006141]
  0   2   79 0.006983 [7.256617 / 0.003972]
  0   2  119 0.007059 [7.266132 / 0.005905]
  0   2  159 0.006291 [7.273272 / 0.003474]
  0   2  199 0.006191 [7.279360 / 0.004133]
  0   2  239 0.006278 [7.285521 / 0.007106]
  0   2  279 0.005662 [7.291257 / 0.003239]
  0   2  319 0.005805 [7.295232 / 0.003776]
  0   2  359 0.005339 [7.299346 / 0.005097]
  0   2  399 0.005211 [7.303425 / 0.005736]
  0   2  439 0.005244 [7.305920 / 0.003440]
  0   3   39 0.005092 [7.312001 / 0.002524]
  0   3   79 0.004924 [7.313015 / 0.006721]
  0   3  119 0.004363 [7.316337 / 0.001905]
  0   3  159 0.004336 [7.317402 / 0.003966]
  0   3  199 0.004353 [7.316605 / 0.004955]
  0   3  239 0.004444 [7.318218 / 0.006768]
  0   3  279 0.004201 [7.317075 / 0.006318]
  0   3  319 0.004118 [7.317114 / 0.008704]
  0   3  359 0.003999 [7.318902 / 0.003670]
  0   3  399 0.003756 [7.318368 / 0.003608]
  0   3  439 0.003838 [7.318934 / 0.003610]
  0   4   39 0.003816 [7.318479 / 0.005361]
  0   4   79 0.003598 [7.316999 / 0.002973]
  0   4  119 0.003481 [7.316509 / 0.011834]
  0   4  159 0.003864 [7.316171 / 0.009257]
  0   4  199 0.003565 [7.315131 / 0.003407]
  0   4  239 0.003292 [7.313935 / 0.004032]
  0   4  279 0.003332 [7.312802 / 0.004925]
  0   4  319 0.003324 [7.312730 / 0.004056]
  0   4  359 0.003125 [7.310017 / 0.008122]
  0   4  399 0.003254 [7.308131 / 0.007134]
  0   4  439 0.003121 [7.307441 / 0.002636]
  1   0   39 0.003049 [7.304798 / 0.006815]
  1   0   79 0.002959 [7.304123 / 0.001368]
  1   0  119 0.002863 [7.302198 / 0.002038]
  1   0  159 0.002923 [7.301510 / 0.005535]
  1   0  199 0.002931 [7.299271 / 0.002611]
  1   0  239 0.002799 [7.297729 / 0.003107]
  1   0  279 0.002785 [7.295743 / 0.001230]
  1   0  319 0.002741 [7.294172 / 0.005698]
  1   0  359 0.002839 [7.292474 / 0.003989]
  1   0  399 0.002754 [7.291405 / 0.001761]
  1   0  439 0.002728 [7.289328 / 0.004232]
  1   1   39 0.002740 [7.287903 / 0.001633]
  1   1   79 0.002862 [7.285987 / 0.001666]
  1   1  119 0.002686 [7.284166 / 0.001507]
  1   1  159 0.002619 [7.281293 / 0.001481]
  1   1  199 0.002692 [7.281830 / 0.004389]
  1   1  239 0.002577 [7.279561 / 0.004330]
  1   1  279 0.002647 [7.277240 / 0.003562]
  1   1  319 0.002667 [7.275805 / 0.004807]
  1   1  359 0.002540 [7.273252 / 0.003889]
  1   1  399 0.002608 [7.272367 / 0.003753]
  1   1  439 0.002905 [7.271208 / 0.006443]
  1   2   39 0.002478 [7.268111 / 0.001742]
  1   2   79 0.002416 [7.266322 / 0.002369]
  1   2  119 0.002378 [7.264501 / 0.003519]
  1   2  159 0.002334 [7.262839 / 0.003087]
  1   2  199 0.002378 [7.260866 / 0.003780]
  1   2  239 0.002387 [7.258469 / 0.004323]
  1   2  279 0.002364 [7.257420 / 0.001676]
  1   2  319 0.002263 [7.254098 / 0.001176]
  1   2  359 0.002162 [7.252290 / 0.001694]
  1   2  399 0.002330 [7.250485 / 0.004915]
  1   2  439 0.002322 [7.248343 / 0.006922]
  1   3   39 0.002410 [7.244997 / 0.002188]
  1   3   79 0.002249 [7.242908 / 0.001928]
  1   3  119 0.002216 [7.240966 / 0.001472]
  1   3  159 0.002357 [7.239064 / 0.005970]
  1   3  199 0.002291 [7.236904 / 0.007569]
  1   3  239 0.002198 [7.233574 / 0.002320]
  1   3  279 0.002353 [7.232791 / 0.005218]
  1   3  319 0.002437 [7.229428 / 0.003398]
  1   3  359 0.002254 [7.229086 / 0.005288]
  1   3  399 0.002345 [7.227248 / 0.002946]
  1   3  439 0.002110 [7.223793 / 0.002050]
  1   4   39 0.002242 [7.219600 / 0.002239]
  1   4   79 0.002204 [7.219440 / 0.006701]
  1   4  119 0.002208 [7.215953 / 0.003562]
  1   4  159 0.002162 [7.213976 / 0.002424]
  1   4  199 0.002118 [7.211800 / 0.002261]
  1   4  239 0.001951 [7.211040 / 0.003332]
  1   4  279 0.002093 [7.207458 / 0.002687]
  1   4  319 0.002037 [7.205453 / 0.005496]
  1   4  359 0.002238 [7.204512 / 0.003805]
  1   4  399 0.001945 [7.200530 / 0.004758]
  1   4  439 0.002230 [7.198819 / 0.003728]
  2   0   39 0.001853 [7.196847 / 0.002170]
  2   0   79 0.002145 [7.195839 / 0.005107]
  2   0  119 0.002051 [7.195415 / 0.001379]
  2   0  159 0.002036 [7.194568 / 0.002861]
  2   0  199 0.001975 [7.191943 / 0.001282]
  2   0  239 0.001879 [7.189921 / 0.000910]
  2   0  279 0.001929 [7.190385 / 0.000858]
  2   0  319 0.002055 [7.189254 / 0.004330]
  2   0  359 0.001904 [7.187286 / 0.001281]
  2   0  399 0.002013 [7.185100 / 0.001214]
  2   0  439 0.002148 [7.184578 / 0.002021]
  2   1   39 0.002123 [7.183039 / 0.000992]
  2   1   79 0.001848 [7.181940 / 0.001316]
  2   1  119 0.001895 [7.179993 / 0.002868]
  2   1  159 0.002022 [7.178292 / 0.001259]
  2   1  199 0.001918 [7.177109 / 0.000880]
  2   1  239 0.001884 [7.176863 / 0.001088]
  2   1  279 0.001869 [7.176396 / 0.001033]
  2   1  319 0.001983 [7.174496 / 0.004614]
  2   1  359 0.001868 [7.172779 / 0.000768]
  2   1  399 0.001910 [7.171530 / 0.001997]
  2   1  439 0.001862 [7.171556 / 0.001592]
  2   2   39 0.001839 [7.168590 / 0.001009]
  2   2   79 0.001810 [7.166593 / 0.000809]
  2   2  119 0.001828 [7.165597 / 0.000872]
  2   2  159 0.001811 [7.164016 / 0.001675]
  2   2  199 0.001872 [7.163013 / 0.003250]
  2   2  239 0.001883 [7.161021 / 0.000939]
  2   2  279 0.001751 [7.160191 / 0.001370]
  2   2  319 0.001955 [7.158385 / 0.002406]
  2   2  359 0.001782 [7.157727 / 0.001382]
  2   2  399 0.001703 [7.155692 / 0.000927]
  2   2  439 0.001816 [7.153657 / 0.001770]
  2   3   39 0.001820 [7.151153 / 0.001584]
  2   3   79 0.001737 [7.150402 / 0.002048]
  2   3  119 0.001791 [7.148997 / 0.001178]
  2   3  159 0.001907 [7.147112 / 0.001850]
  2   3  199 0.001795 [7.146978 / 0.002795]
  2   3  239 0.001774 [7.145382 / 0.002010]
  2   3  279 0.001940 [7.143907 / 0.001628]
  2   3  319 0.001785 [7.143633 / 0.000840]
  2   3  359 0.001741 [7.140773 / 0.001143]
  2   3  399 0.001711 [7.139735 / 0.002707]
  2   3  439 0.001787 [7.137732 / 0.004455]
  2   4   39 0.001851 [7.136562 / 0.001640]
  2   4   79 0.001722 [7.135034 / 0.000950]
  2   4  119 0.001773 [7.132386 / 0.001471]
  2   4  159 0.001780 [7.131733 / 0.001205]
  2   4  199 0.001747 [7.130688 / 0.001346]
  2   4  239 0.001775 [7.129542 / 0.001359]
  2   4  279 0.001663 [7.127584 / 0.000830]
  2   4  319 0.001710 [7.126664 / 0.001250]
  2   4  359 0.001918 [7.125361 / 0.001727]
  2   4  399 0.001786 [7.125267 / 0.001811]
  2   4  439 0.001675 [7.122956 / 0.002619]
  3   0   39 0.001886 [7.121341 / 0.001501]
  3   0   79 0.001668 [7.120492 / 0.000582]
  3   0  119 0.001700 [7.120327 / 0.000970]
  3   0  159 0.001594 [7.119391 / 0.000465]
  3   0  199 0.001656 [7.117924 / 0.000751]
  3   0  239 0.001649 [7.117646 / 0.000860]
  3   0  279 0.001592 [7.116479 / 0.001264]
  3   0  319 0.001636 [7.116092 / 0.001118]
  3   0  359 0.001625 [7.116468 / 0.000448]
  3   0  399 0.001666 [7.116094 / 0.001071]
  3   0  439 0.001719 [7.115214 / 0.002407]
  3   1   39 0.001685 [7.113177 / 0.000665]
  3   1   79 0.001643 [7.112484 / 0.000523]
  3   1  119 0.001565 [7.112601 / 0.000955]
  3   1  159 0.001670 [7.111516 / 0.000997]
  3   1  199 0.001574 [7.110167 / 0.000403]
  3   1  239 0.001565 [7.109811 / 0.000916]
  3   1  279 0.001603 [7.109299 / 0.000897]
  3   1  319 0.001593 [7.108720 / 0.000333]
  3   1  359 0.001583 [7.107528 / 0.001185]
  3   1  399 0.001598 [7.106745 / 0.002142]
  3   1  439 0.001744 [7.107273 / 0.000721]
  3   2   39 0.001688 [7.104388 / 0.000886]
  3   2   79 0.001631 [7.103732 / 0.001793]
  3   2  119 0.001604 [7.103391 / 0.000883]
  3   2  159 0.001641 [7.102287 / 0.000768]
  3   2  199 0.001728 [7.101517 / 0.000789]
  3   2  239 0.001612 [7.100871 / 0.000750]
  3   2  279 0.001563 [7.100076 / 0.000705]
  3   2  319 0.001576 [7.100484 / 0.000479]
  3   2  359 0.001623 [7.099573 / 0.001231]
  3   2  399 0.001623 [7.097659 / 0.000903]
  3   2  439 0.001565 [7.097207 / 0.000734]
  3   3   39 0.001588 [7.096325 / 0.000856]
  3   3   79 0.001597 [7.095923 / 0.000965]
  3   3  119 0.001611 [7.095385 / 0.000978]
  3   3  159 0.001684 [7.093734 / 0.001131]
  3   3  199 0.001544 [7.093812 / 0.001112]
  3   3  239 0.001664 [7.092684 / 0.000933]
  3   3  279 0.001640 [7.091292 / 0.000759]
  3   3  319 0.001731 [7.092198 / 0.000889]
  3   3  359 0.001574 [7.090530 / 0.001043]
  3   3  399 0.001619 [7.089287 / 0.001687]
  3   3  439 0.001759 [7.088965 / 0.000862]
  3   4   39 0.001610 [7.088979 / 0.001565]
  3   4   79 0.001588 [7.087410 / 0.000952]
  3   4  119 0.001566 [7.086615 / 0.001535]
  3   4  159 0.001505 [7.084767 / 0.000623]
  3   4  199 0.001551 [7.085139 / 0.000623]
  3   4  239 0.001644 [7.084650 / 0.000809]
  3   4  279 0.001585 [7.083173 / 0.000450]
  3   4  319 0.001609 [7.083437 / 0.001068]
  3   4  359 0.001643 [7.082209 / 0.001034]
  3   4  399 0.001667 [7.081727 / 0.001063]
  3   4  439 0.001613 [7.081198 / 0.000856]
  4   0   39 0.001472 [7.079931 / 0.000549]
  4   0   79 0.001478 [7.079326 / 0.000684]
  4   0  119 0.001557 [7.078999 / 0.000815]
  4   0  159 0.001598 [7.078461 / 0.000431]
  4   0  199 0.001481 [7.078569 / 0.000989]
  4   0  239 0.001521 [7.077963 / 0.000981]
  4   0  279 0.001550 [7.077606 / 0.000722]
  4   0  319 0.001480 [7.077395 / 0.000968]
  4   0  359 0.001720 [7.077547 / 0.000999]
  4   0  399 0.001493 [7.077197 / 0.000388]
  4   0  439 0.001627 [7.076932 / 0.000702]
  4   1   39 0.001537 [7.075115 / 0.000987]
  4   1   79 0.001570 [7.075515 / 0.000337]
  4   1  119 0.001480 [7.074415 / 0.000506]
  4   1  159 0.001472 [7.074433 / 0.000604]
  4   1  199 0.001653 [7.074755 / 0.000859]
  4   1  239 0.001553 [7.073984 / 0.000656]
  4   1  279 0.001449 [7.073081 / 0.000492]
  4   1  319 0.001502 [7.072789 / 0.000328]
  4   1  359 0.001457 [7.072597 / 0.000538]
  4   1  399 0.001536 [7.073410 / 0.001090]
  4   1  439 0.001507 [7.072649 / 0.001074]
  4   2   39 0.001510 [7.071776 / 0.000447]
  4   2   79 0.001537 [7.071232 / 0.000266]
  4   2  119 0.001496 [7.070419 / 0.000501]
  4   2  159 0.001556 [7.070320 / 0.000598]
  4   2  199 0.001517 [7.069575 / 0.000574]
  4   2  239 0.001547 [7.069545 / 0.000489]
  4   2  279 0.001533 [7.069187 / 0.000543]
  4   2  319 0.001482 [7.068908 / 0.000842]
  4   2  359 0.001562 [7.068246 / 0.000451]
  4   2  399 0.001463 [7.068050 / 0.000771]
  4   2  439 0.001632 [7.067712 / 0.000748]
  4   3   39 0.001651 [7.066374 / 0.000683]
  4   3   79 0.001476 [7.066617 / 0.000651]
  4   3  119 0.001419 [7.066163 / 0.000782]
  4   3  159 0.001487 [7.065778 / 0.000645]
  4   3  199 0.001492 [7.065462 / 0.000299]
  4   3  239 0.001497 [7.065191 / 0.000516]
  4   3  279 0.001456 [7.064577 / 0.000335]
  4   3  319 0.001516 [7.064561 / 0.000626]
  4   3  359 0.001474 [7.063792 / 0.000537]
  4   3  399 0.001439 [7.063529 / 0.000284]
  4   3  439 0.001555 [7.062610 / 0.000654]
  4   4   39 0.001460 [7.061820 / 0.000190]
  4   4   79 0.001511 [7.061808 / 0.000421]
  4   4  119 0.001576 [7.061593 / 0.000542]
  4   4  159 0.001508 [7.061791 / 0.000849]
  4   4  199 0.001510 [7.060768 / 0.000470]
  4   4  239 0.001511 [7.060262 / 0.000837]
  4   4  279 0.001712 [7.059903 / 0.000966]
  4   4  319 0.001525 [7.060004 / 0.000765]
  4   4  359 0.001572 [7.059064 / 0.000306]
  4   4  399 0.001471 [7.058569 / 0.000341]
  4   4  439 0.001496 [7.058149 / 0.000782]
Sequential (
  (0): Conv2d(1, 40, kernel_size=(5, 5), stride=(2, 2), padding=(2, 2))
  (1): MatrixD2d (
  )
  (2): BatchNorm2d(40, eps=1e-05, momentum=0.1, affine=True)
  (3): CatFactor2d (
  )
  (4): ConvTranspose2d(40, 1, kernel_size=(5, 5), stride=(2, 2), padding=(2, 2), output_padding=(1, 1))
)
Namespace(batch_size=128, cnnc=5, cnnf=8, force_name=False, mode='cnnae_d', name='cnnae_d1', nc=10, nf=80, optimizer='Adam', weight_decay=0.0001)
{'lr': 0.001, 'wd': 0.0001}
