Sequential (
  (0): Conv2d(1, 20, kernel_size=(9, 9), stride=(3, 3), padding=(4, 4))
  (1): MatrixD (factors=4, categories=5, std=2.5)
  (2): CatFactor (factors=4, categories=5, stochastic=True)
  (3): ConvTranspose2d(20, 1, kernel_size=(9, 9), stride=(3, 3), padding=(4, 4))
)
Namespace(batch_size=128, cnnc=5, cnnf=4, force_name=True, mode='cnnae_ds', name='cnnae_ds8', nc=10, nf=80, optimizer='Adam', weight_decay=0.001)
{'lr': 0.001, 'wd': 0.001}
  0   0   39 0.714687 [3.188704 / 0.035970]
  0   0   79 0.333447 [3.544085 / 0.025019]
  0   0  119 0.224054 [3.789091 / 0.019869]
  0   0  159 0.175879 [3.986031 / 0.016042]
  0   0  199 0.147715 [4.127260 / 0.013340]
  0   0  239 0.129499 [4.243136 / 0.012137]
  0   0  279 0.115658 [4.348315 / 0.011263]
  0   0  319 0.106331 [4.457463 / 0.010468]
  0   0  359 0.097346 [4.549506 / 0.009737]
  0   0  399 0.090270 [4.629912 / 0.009296]
  0   0  439 0.084281 [4.699953 / 0.009110]
  0   1   39 0.075405 [4.811062 / 0.008608]
  0   1   79 0.071034 [4.873390 / 0.008249]
  0   1  119 0.067255 [4.929409 / 0.007668]
  0   1  159 0.063625 [4.976641 / 0.007672]
  0   1  199 0.060843 [5.020450 / 0.007225]
  0   1  239 0.058693 [5.066574 / 0.007030]
  0   1  279 0.056279 [5.106871 / 0.006708]
  0   1  319 0.054276 [5.146464 / 0.006793]
  0   1  359 0.052826 [5.185152 / 0.006487]
  0   1  399 0.050826 [5.221653 / 0.006227]
  0   1  439 0.049568 [5.256920 / 0.006482]
  0   2   39 0.047031 [5.312785 / 0.006053]
  0   2   79 0.045795 [5.339656 / 0.006192]
  0   2  119 0.044327 [5.365413 / 0.005911]
  0   2  159 0.043323 [5.390567 / 0.005415]
  0   2  199 0.042848 [5.412912 / 0.005655]
  0   2  239 0.041780 [5.435336 / 0.005241]
  0   2  279 0.040707 [5.457730 / 0.005377]
  0   2  319 0.039938 [5.475805 / 0.005260]
  0   2  359 0.039555 [5.493415 / 0.005038]
  0   2  399 0.038322 [5.509603 / 0.004876]
  0   2  439 0.038063 [5.526277 / 0.004945]
  0   3   39 0.036861 [5.552120 / 0.004628]
  0   3   79 0.036541 [5.567827 / 0.004909]
  0   3  119 0.035953 [5.578829 / 0.004571]
  0   3  159 0.035613 [5.592179 / 0.004621]
  0   3  199 0.035213 [5.603928 / 0.004814]
  0   3  239 0.034764 [5.614558 / 0.004368]
  0   3  279 0.034582 [5.625727 / 0.004793]
  0   3  319 0.034428 [5.635944 / 0.004750]
  0   3  359 0.034202 [5.646037 / 0.004267]
  0   3  399 0.033601 [5.655685 / 0.004278]
  0   3  439 0.033146 [5.662388 / 0.004318]
  0   4   39 0.032846 [5.675884 / 0.005292]
  0   4   79 0.032593 [5.683598 / 0.004989]
  0   4  119 0.032387 [5.691183 / 0.004769]
  0   4  159 0.032142 [5.697157 / 0.004944]
  0   4  199 0.031953 [5.704980 / 0.005263]
  0   4  239 0.031996 [5.714586 / 0.004890]
  0   4  279 0.031428 [5.720357 / 0.004825]
  0   4  319 0.031669 [5.726732 / 0.004792]
  0   4  359 0.031122 [5.729502 / 0.005329]
  0   4  399 0.030942 [5.733710 / 0.004870]
  0   4  439 0.030830 [5.735267 / 0.005437]
  0   5   39 0.030768 [5.741296 / 0.005604]
  0   5   79 0.030274 [5.742432 / 0.005286]
  0   5  119 0.030260 [5.744267 / 0.005344]
  0   5  159 0.030132 [5.748430 / 0.005759]
  0   5  199 0.029902 [5.752005 / 0.005815]
  0   5  239 0.030001 [5.753200 / 0.005403]
  0   5  279 0.029802 [5.757719 / 0.005574]
  0   5  319 0.029361 [5.761622 / 0.005753]
  0   5  359 0.029708 [5.764657 / 0.006324]
  0   5  399 0.029663 [5.770438 / 0.005958]
  0   5  439 0.029230 [5.773454 / 0.006177]
  0   6   39 0.029185 [5.782398 / 0.006944]
  0   6   79 0.029090 [5.787286 / 0.007363]
  0   6  119 0.028942 [5.790318 / 0.006843]
  0   6  159 0.028635 [5.791507 / 0.006757]
  0   6  199 0.028616 [5.795451 / 0.007003]
  0   6  239 0.028553 [5.799801 / 0.007225]
  0   6  279 0.028456 [5.804216 / 0.006409]
  0   6  319 0.028279 [5.805444 / 0.006712]
  0   6  359 0.028105 [5.807706 / 0.006556]
  0   6  399 0.028187 [5.809378 / 0.009608]
  0   6  439 0.028509 [5.817267 / 0.008277]
  0   7   39 0.027951 [5.813179 / 0.007622]
  0   7   79 0.027840 [5.812050 / 0.007503]
  0   7  119 0.028227 [5.815284 / 0.008200]
  0   7  159 0.027963 [5.805952 / 0.007805]
  0   7  199 0.027778 [5.803730 / 0.007379]
  0   7  239 0.027564 [5.797491 / 0.007310]
  0   7  279 0.027350 [5.794411 / 0.007584]
  0   7  319 0.027549 [5.795750 / 0.007386]
  0   7  359 0.027184 [5.797471 / 0.009164]
  0   7  399 0.027521 [5.808332 / 0.009752]
  0   7  439 0.026989 [5.809474 / 0.008716]
  0   8   39 0.026583 [5.812569 / 0.007697]
  0   8   79 0.026527 [5.813519 / 0.008664]
  0   8  119 0.026337 [5.815207 / 0.007591]
  0   8  159 0.025874 [5.813141 / 0.008384]
  0   8  199 0.025885 [5.810293 / 0.008359]
  0   8  239 0.025769 [5.814968 / 0.007735]
  0   8  279 0.025734 [5.814636 / 0.008183]
  0   8  319 0.025572 [5.813931 / 0.007748]
  0   8  359 0.025505 [5.814619 / 0.008027]
  0   8  399 0.025403 [5.815594 / 0.007619]
  0   8  439 0.025625 [5.815816 / 0.007614]
  0   9   39 0.025104 [5.814194 / 0.007947]
  0   9   79 0.025141 [5.807266 / 0.008909]
  0   9  119 0.025037 [5.804065 / 0.007918]
  0   9  159 0.024927 [5.799099 / 0.008107]
  0   9  199 0.025167 [5.799932 / 0.008298]
  0   9  239 0.025038 [5.798804 / 0.008102]
  0   9  279 0.024863 [5.792629 / 0.009129]
  0   9  319 0.024903 [5.788135 / 0.008015]
  0   9  359 0.024942 [5.789821 / 0.008352]
  0   9  399 0.024985 [5.788319 / 0.008232]
  0   9  439 0.024563 [5.786940 / 0.009159]
  0  10   39 0.024553 [5.785303 / 0.008742]
  0  10   79 0.024798 [5.785414 / 0.009441]
  0  10  119 0.024442 [5.786516 / 0.008862]
  0  10  159 0.024386 [5.784984 / 0.008251]
  0  10  199 0.024268 [5.783697 / 0.008965]
  0  10  239 0.024082 [5.779975 / 0.008880]
  0  10  279 0.023963 [5.781169 / 0.009077]
  0  10  319 0.023679 [5.775689 / 0.009099]
  0  10  359 0.023870 [5.767198 / 0.010495]
  0  10  399 0.023726 [5.755512 / 0.009979]
  0  10  439 0.023633 [5.747080 / 0.010069]
  0  11   39 0.023664 [5.738020 / 0.011204]
  0  11   79 0.023551 [5.734584 / 0.010108]
  0  11  119 0.023531 [5.734135 / 0.011107]
  0  11  159 0.023270 [5.731447 / 0.009243]
  0  11  199 0.023218 [5.728104 / 0.009637]
  0  11  239 0.022750 [5.720516 / 0.009334]
  0  11  279 0.022729 [5.711056 / 0.009460]
  0  11  319 0.022565 [5.708975 / 0.009847]
  0  11  359 0.022366 [5.702485 / 0.009725]
  0  11  399 0.022436 [5.703294 / 0.009803]
  0  11  439 0.022165 [5.699014 / 0.010474]
  0  12   39 0.021924 [5.700233 / 0.009162]
  0  12   79 0.021710 [5.702838 / 0.009731]
  0  12  119 0.021777 [5.706167 / 0.009494]
  0  12  159 0.021448 [5.715375 / 0.012284]
  0  12  199 0.021118 [5.720446 / 0.010857]
  0  12  239 0.020681 [5.711782 / 0.010255]
  0  12  279 0.020725 [5.702387 / 0.010246]
  0  12  319 0.020704 [5.697628 / 0.010381]
  0  12  359 0.020743 [5.697940 / 0.008892]
  0  12  399 0.020413 [5.690419 / 0.010164]
  0  12  439 0.020656 [5.695988 / 0.008683]
  0  13   39 0.020383 [5.701176 / 0.009912]
  0  13   79 0.020346 [5.702428 / 0.009224]
  0  13  119 0.019984 [5.693624 / 0.009388]
  0  13  159 0.019982 [5.699597 / 0.011936]
  0  13  199 0.020114 [5.717100 / 0.011687]
  0  13  239 0.019498 [5.726398 / 0.010475]
  0  13  279 0.019460 [5.737647 / 0.010901]
  0  13  319 0.019190 [5.749027 / 0.010105]
  0  13  359 0.018967 [5.755508 / 0.009654]
  0  13  399 0.018813 [5.760502 / 0.009067]
  0  13  439 0.018698 [5.762504 / 0.008956]
  0  14   39 0.018391 [5.765087 / 0.008612]
  0  14   79 0.018320 [5.764644 / 0.009709]
  0  14  119 0.018200 [5.765184 / 0.009899]
  0  14  159 0.018237 [5.765400 / 0.010323]
  0  14  199 0.018250 [5.766921 / 0.009653]
  0  14  239 0.018301 [5.772696 / 0.011202]
  0  14  279 0.018447 [5.788275 / 0.010838]
  0  14  319 0.018032 [5.793441 / 0.010374]
  0  14  359 0.017832 [5.790320 / 0.009832]
  0  14  399 0.017631 [5.790364 / 0.009061]
  0  14  439 0.017365 [5.787369 / 0.009990]
  0  15   39 0.017049 [5.790157 / 0.009653]
  0  15   79 0.017122 [5.790028 / 0.009351]
  0  15  119 0.016999 [5.786822 / 0.009820]
  0  15  159 0.017049 [5.787259 / 0.009686]
  0  15  199 0.016791 [5.783194 / 0.009507]
  0  15  239 0.016741 [5.785926 / 0.009415]
  0  15  279 0.016638 [5.784577 / 0.009204]
  0  15  319 0.016438 [5.782925 / 0.009199]
  0  15  359 0.016264 [5.780860 / 0.009153]
  0  15  399 0.016319 [5.780753 / 0.009312]
  0  15  439 0.016261 [5.782032 / 0.009099]
  0  16   39 0.016325 [5.782934 / 0.010632]
  0  16   79 0.016236 [5.785749 / 0.010090]
  0  16  119 0.016320 [5.783442 / 0.009582]
  0  16  159 0.016636 [5.780348 / 0.011498]
  0  16  199 0.017318 [5.784164 / 0.013838]
  0  16  239 0.017298 [5.764855 / 0.012048]
  0  16  279 0.017083 [5.743687 / 0.010594]
  0  16  319 0.017236 [5.728693 / 0.010234]
  0  16  359 0.017312 [5.717748 / 0.010906]
  0  16  399 0.017510 [5.721457 / 0.012859]
  0  16  439 0.018964 [5.775063 / 0.026878]
  0  17   39 0.017476 [5.794795 / 0.012027]
  0  17   79 0.016999 [5.788077 / 0.009942]
  0  17  119 0.016910 [5.775182 / 0.010507]
  0  17  159 0.016569 [5.764305 / 0.010234]
  0  17  199 0.016352 [5.760859 / 0.011014]
  0  17  239 0.016095 [5.761613 / 0.010586]
  0  17  279 0.016082 [5.759696 / 0.010721]
  0  17  319 0.016164 [5.758143 / 0.010715]
  0  17  359 0.016703 [5.758014 / 0.016351]
  0  17  399 0.017116 [5.772464 / 0.012995]
  0  17  439 0.016685 [5.750018 / 0.011058]
  0  18   39 0.016498 [5.718883 / 0.010296]
  0  18   79 0.016936 [5.727004 / 0.012103]
  0  18  119 0.016848 [5.737517 / 0.015948]
  0  18  159 0.016879 [5.753641 / 0.011645]
  0  18  199 0.016547 [5.751903 / 0.010660]
  0  18  239 0.016343 [5.748994 / 0.010154]
  0  18  279 0.016382 [5.743725 / 0.009833]
  0  18  319 0.016306 [5.741114 / 0.010019]
  0  18  359 0.016272 [5.735477 / 0.009872]
  0  18  399 0.016248 [5.730841 / 0.009180]
  0  18  439 0.016211 [5.732919 / 0.009422]
  0  19   39 0.016248 [5.732749 / 0.009520]
  0  19   79 0.016260 [5.731952 / 0.010071]
  0  19  119 0.016155 [5.727564 / 0.009745]
  0  19  159 0.016191 [5.725237 / 0.009423]
  0  19  199 0.016261 [5.717439 / 0.009574]
  0  19  239 0.016293 [5.718064 / 0.010450]
  0  19  279 0.016111 [5.714646 / 0.011073]
  0  19  319 0.016185 [5.710465 / 0.009614]
  0  19  359 0.016211 [5.708170 / 0.011598]
  0  19  399 0.015980 [5.701694 / 0.010178]
  0  19  439 0.016136 [5.704441 / 0.009814]
Sequential (
  (0): Conv2d(1, 20, kernel_size=(9, 9), stride=(3, 3), padding=(4, 4))
  (1): MatrixD (factors=4, categories=5, std=0.6115457109)
  (2): CatFactor (factors=4, categories=5, stochastic=True)
  (3): ConvTranspose2d(20, 1, kernel_size=(9, 9), stride=(3, 3), padding=(4, 4))
)
Namespace(batch_size=128, cnnc=5, cnnf=4, force_name=True, mode='cnnae_ds', name='cnnae_ds8', nc=10, nf=80, optimizer='Adam', weight_decay=0.001)
{'lr': 0.001, 'wd': 0.001}
