Sequential (
  (0): Conv2d(1, 20, kernel_size=(9, 9), stride=(3, 3), padding=(4, 4))
  (1): MatrixD (factors=4, categories=5, std=5)
  (2): BatchNorm2d(20, eps=1e-05, momentum=0.1, affine=True)
  (3): CatFactor (factors=4, categories=5, stochastic=True)
  (4): ConvTranspose2d(20, 1, kernel_size=(9, 9), stride=(3, 3), padding=(4, 4))
)
Namespace(batch_size=128, cnnc=5, cnnf=4, force_name=False, mode='cnnae_ds', name='cnnae_ds5', nc=10, nf=80, optimizer='Adam', weight_decay=0.005)
{'lr': 0.001, 'wd': 0.005}
  0   0   39 0.781653 [3.830667 / 0.038855]
  0   0   79 0.481348 [4.138247 / 0.032232]
  0   0  119 0.327773 [4.511907 / 0.024503]
  0   0  159 0.234520 [4.855333 / 0.023660]
  0   0  199 0.180222 [5.138278 / 0.014828]
  0   0  239 0.146587 [5.359348 / 0.014150]
  0   0  279 0.120480 [5.524609 / 0.011070]
  0   0  319 0.105459 [5.662832 / 0.009373]
  0   0  359 0.090895 [5.759123 / 0.008778]
  0   0  399 0.081992 [5.836937 / 0.008601]
  0   0  439 0.074754 [5.890379 / 0.007944]
  0   1   39 0.066892 [5.946727 / 0.008135]
  0   1   79 0.062892 [5.959850 / 0.007082]
  0   1  119 0.060456 [5.987649 / 0.005447]
  0   1  159 0.057409 [5.989445 / 0.005224]
  0   1  199 0.057006 [6.013348 / 0.006405]
  0   1  239 0.054203 [6.026531 / 0.005839]
  0   1  279 0.051299 [6.030796 / 0.005764]
  0   1  319 0.050768 [6.052801 / 0.008939]
  0   1  359 0.048484 [6.059929 / 0.004471]
  0   1  399 0.047080 [6.083694 / 0.004591]
  0   1  439 0.045775 [6.095100 / 0.007163]
  0   2   39 0.045085 [6.093260 / 0.007243]
  0   2   79 0.044087 [6.100140 / 0.004238]
  0   2  119 0.043273 [6.094809 / 0.007687]
  0   2  159 0.043157 [6.095099 / 0.005748]
  0   2  199 0.043306 [6.099813 / 0.004575]
  0   2  239 0.042944 [6.108234 / 0.005750]
  0   2  279 0.042468 [6.104612 / 0.004597]
  0   2  319 0.041964 [6.103843 / 0.006264]
  0   2  359 0.041434 [6.094181 / 0.004054]
  0   2  399 0.041917 [6.096679 / 0.004826]
  0   2  439 0.041227 [6.113187 / 0.004697]
  0   3   39 0.040900 [6.107277 / 0.005062]
  0   3   79 0.041265 [6.118975 / 0.005320]
  0   3  119 0.041068 [6.108921 / 0.005794]
  0   3  159 0.040426 [6.103122 / 0.004943]
  0   3  199 0.041251 [6.109205 / 0.005001]
  0   3  239 0.041064 [6.112335 / 0.005317]
  0   3  279 0.040447 [6.102677 / 0.007350]
  0   3  319 0.040656 [6.115372 / 0.005994]
  0   3  359 0.040986 [6.131340 / 0.005399]
  0   3  399 0.039899 [6.112847 / 0.004381]
  0   3  439 0.039387 [6.112040 / 0.006501]
  0   4   39 0.039686 [6.117268 / 0.006567]
  0   4   79 0.040379 [6.112632 / 0.005261]
  0   4  119 0.040020 [6.122074 / 0.005146]
  0   4  159 0.039427 [6.105762 / 0.011241]
  0   4  199 0.040382 [6.128873 / 0.007076]
  0   4  239 0.040199 [6.117306 / 0.005465]
  0   4  279 0.039346 [6.118778 / 0.004952]
  0   4  319 0.039920 [6.096566 / 0.005759]
  0   4  359 0.039531 [6.113829 / 0.005390]
  0   4  399 0.039161 [6.116706 / 0.005923]
  0   4  439 0.038845 [6.116693 / 0.006724]
  1   0   39 0.039244 [6.127252 / 0.002715]
  1   0   79 0.038521 [6.120798 / 0.002450]
  1   0  119 0.038963 [6.125672 / 0.003283]
  1   0  159 0.038921 [6.117330 / 0.002752]
  1   0  199 0.038460 [6.115619 / 0.002420]
  1   0  239 0.038413 [6.115101 / 0.002747]
  1   0  279 0.038818 [6.111651 / 0.003040]
  1   0  319 0.038808 [6.124393 / 0.003069]
  1   0  359 0.038155 [6.111961 / 0.003122]
  1   0  399 0.038286 [6.110947 / 0.004146]
  1   0  439 0.038733 [6.118076 / 0.002883]
  1   1   39 0.039023 [6.118915 / 0.003898]
  1   1   79 0.038878 [6.119253 / 0.004318]
  1   1  119 0.038711 [6.107526 / 0.003111]
  1   1  159 0.038525 [6.114625 / 0.003340]
  1   1  199 0.038840 [6.115655 / 0.002958]
  1   1  239 0.038511 [6.108684 / 0.004210]
  1   1  279 0.038435 [6.117791 / 0.003021]
  1   1  319 0.038407 [6.110957 / 0.003343]
  1   1  359 0.038818 [6.118440 / 0.002951]
  1   1  399 0.038193 [6.109851 / 0.004083]
  1   1  439 0.039002 [6.110848 / 0.004347]
  1   2   39 0.038442 [6.113819 / 0.004868]
  1   2   79 0.038789 [6.107589 / 0.004510]
  1   2  119 0.038537 [6.111015 / 0.003319]
  1   2  159 0.038182 [6.105726 / 0.003610]
  1   2  199 0.038727 [6.119014 / 0.003721]
  1   2  239 0.038435 [6.107152 / 0.003123]
  1   2  279 0.038756 [6.115970 / 0.004122]
  1   2  319 0.038440 [6.111201 / 0.003415]
  1   2  359 0.038670 [6.114740 / 0.004436]
  1   2  399 0.038442 [6.111432 / 0.003195]
  1   2  439 0.038662 [6.111693 / 0.003307]
  1   3   39 0.038596 [6.113270 / 0.003714]
  1   3   79 0.038496 [6.105046 / 0.003373]
  1   3  119 0.038813 [6.116281 / 0.003318]
  1   3  159 0.038298 [6.109862 / 0.003898]
  1   3  199 0.038770 [6.098471 / 0.006027]
  1   3  239 0.038970 [6.120036 / 0.004677]
  1   3  279 0.038635 [6.112809 / 0.003381]
  1   3  319 0.038296 [6.104544 / 0.003153]
  1   3  359 0.038674 [6.115063 / 0.003546]
  1   3  399 0.038541 [6.111913 / 0.004402]
  1   3  439 0.038398 [6.095888 / 0.004734]
  1   4   39 0.038650 [6.120174 / 0.004899]
  1   4   79 0.038195 [6.108670 / 0.003416]
  1   4  119 0.038660 [6.090690 / 0.003548]
  1   4  159 0.038582 [6.121960 / 0.003599]
  1   4  199 0.038822 [6.117404 / 0.003646]
  1   4  239 0.038312 [6.110376 / 0.004702]
  1   4  279 0.038649 [6.113703 / 0.004277]
  1   4  319 0.038460 [6.112672 / 0.004555]
  1   4  359 0.038775 [6.112550 / 0.003443]
  1   4  399 0.038200 [6.108930 / 0.003944]
  1   4  439 0.038427 [6.105803 / 0.003815]
  2   0   39 0.037827 [6.103773 / 0.001849]
  2   0   79 0.038409 [6.108151 / 0.001930]
  2   0  119 0.038348 [6.116735 / 0.001836]
  2   0  159 0.038171 [6.116964 / 0.001826]
  2   0  199 0.038061 [6.110788 / 0.001976]
  2   0  239 0.038178 [6.108908 / 0.001861]
  2   0  279 0.038134 [6.111952 / 0.001824]
  2   0  319 0.038376 [6.112774 / 0.002237]
  2   0  359 0.038132 [6.112309 / 0.002372]
  2   0  399 0.038040 [6.107595 / 0.001775]
  2   0  439 0.038319 [6.110398 / 0.001928]
  2   1   39 0.038079 [6.103328 / 0.002249]
  2   1   79 0.038545 [6.108286 / 0.001940]
  2   1  119 0.038243 [6.111839 / 0.001979]
  2   1  159 0.038213 [6.118105 / 0.002025]
  2   1  199 0.038000 [6.105809 / 0.002103]
  2   1  239 0.038260 [6.116893 / 0.001836]
  2   1  279 0.037969 [6.104158 / 0.002250]
  2   1  319 0.038351 [6.112121 / 0.002211]
  2   1  359 0.038283 [6.112566 / 0.002001]
  2   1  399 0.038220 [6.111867 / 0.002266]
  2   1  439 0.037783 [6.107951 / 0.002322]
  2   2   39 0.038646 [6.113187 / 0.001923]
  2   2   79 0.037578 [6.100647 / 0.002022]
  2   2  119 0.038342 [6.105252 / 0.002177]
  2   2  159 0.038196 [6.111736 / 0.002169]
  2   2  199 0.038094 [6.104258 / 0.004045]
  2   2  239 0.038326 [6.109085 / 0.002476]
  2   2  279 0.038086 [6.111509 / 0.001938]
  2   2  319 0.038057 [6.103696 / 0.002262]
  2   2  359 0.037915 [6.106203 / 0.001940]
  2   2  399 0.038229 [6.112085 / 0.002711]
  2   2  439 0.038585 [6.111642 / 0.002844]
  2   3   39 0.037700 [6.104132 / 0.002002]
  2   3   79 0.038527 [6.098410 / 0.002008]
  2   3  119 0.038364 [6.106707 / 0.002155]
  2   3  159 0.038122 [6.104195 / 0.002157]
  2   3  199 0.037590 [6.100676 / 0.002162]
  2   3  239 0.038396 [6.114609 / 0.001738]
  2   3  279 0.037815 [6.108101 / 0.002319]
  2   3  319 0.038654 [6.111381 / 0.002620]
  2   3  359 0.038328 [6.110208 / 0.002063]
  2   3  399 0.038045 [6.109492 / 0.001894]
  2   3  439 0.038328 [6.106527 / 0.002899]
  2   4   39 0.038060 [6.114003 / 0.002209]
  2   4   79 0.037795 [6.104649 / 0.003754]
  2   4  119 0.037851 [6.098660 / 0.002147]
  2   4  159 0.038206 [6.105128 / 0.001958]
  2   4  199 0.038138 [6.105018 / 0.002261]
  2   4  239 0.038175 [6.107331 / 0.003125]
  2   4  279 0.038273 [6.105042 / 0.002591]
  2   4  319 0.038038 [6.108926 / 0.001981]
  2   4  359 0.038100 [6.110676 / 0.002778]
  2   4  399 0.038373 [6.113285 / 0.002178]
  2   4  439 0.038634 [6.101943 / 0.002217]
  3   0   39 0.038345 [6.109345 / 0.001216]
  3   0   79 0.037578 [6.103844 / 0.001026]
  3   0  119 0.037901 [6.105731 / 0.000983]
  3   0  159 0.037803 [6.101839 / 0.001144]
  3   0  199 0.038391 [6.113508 / 0.001046]
  3   0  239 0.038429 [6.114138 / 0.001325]
  3   0  279 0.037575 [6.111612 / 0.001087]
  3   0  319 0.038091 [6.109906 / 0.001003]
  3   0  359 0.037918 [6.107831 / 0.001030]
  3   0  399 0.038207 [6.111086 / 0.000995]
  3   0  439 0.037718 [6.109179 / 0.001169]
  3   1   39 0.037920 [6.104534 / 0.001824]
  3   1   79 0.037987 [6.105528 / 0.001296]
  3   1  119 0.038270 [6.108402 / 0.001173]
  3   1  159 0.038001 [6.111800 / 0.001082]
  3   1  199 0.038182 [6.113386 / 0.001075]
  3   1  239 0.037665 [6.109882 / 0.001314]
  3   1  279 0.037530 [6.103721 / 0.001052]
  3   1  319 0.037944 [6.101553 / 0.001005]
  3   1  359 0.037809 [6.102226 / 0.001192]
  3   1  399 0.038067 [6.103680 / 0.001322]
  3   1  439 0.038315 [6.108017 / 0.001336]
  3   2   39 0.037846 [6.109104 / 0.001569]
  3   2   79 0.038259 [6.109357 / 0.001600]
  3   2  119 0.037468 [6.104379 / 0.001162]
  3   2  159 0.038368 [6.104474 / 0.001100]
  3   2  199 0.038515 [6.116389 / 0.001126]
  3   2  239 0.037816 [6.112309 / 0.001020]
  3   2  279 0.037649 [6.106012 / 0.001531]
  3   2  319 0.037897 [6.107282 / 0.000988]
  3   2  359 0.038123 [6.108295 / 0.001448]
  3   2  399 0.037479 [6.104955 / 0.001442]
  3   2  439 0.037707 [6.103632 / 0.001474]
  3   3   39 0.038098 [6.109291 / 0.001052]
  3   3   79 0.038377 [6.113972 / 0.001196]
  3   3  119 0.037990 [6.110726 / 0.001359]
  3   3  159 0.037759 [6.108685 / 0.001251]
  3   3  199 0.038010 [6.108211 / 0.001104]
  3   3  239 0.038194 [6.110527 / 0.001282]
  3   3  279 0.037188 [6.100202 / 0.001301]
  3   3  319 0.038378 [6.104044 / 0.001074]
  3   3  359 0.037934 [6.102511 / 0.001063]
  3   3  399 0.037764 [6.104885 / 0.001110]
  3   3  439 0.037991 [6.107014 / 0.001159]
  3   4   39 0.037755 [6.102622 / 0.001069]
  3   4   79 0.037915 [6.104905 / 0.001142]
  3   4  119 0.038127 [6.106166 / 0.001104]
  3   4  159 0.038140 [6.107725 / 0.001205]
  3   4  199 0.037903 [6.110305 / 0.001164]
  3   4  239 0.037928 [6.111467 / 0.001137]
  3   4  279 0.038230 [6.114970 / 0.001450]
  3   4  319 0.037724 [6.107632 / 0.001203]
  3   4  359 0.037717 [6.102527 / 0.001227]
  3   4  399 0.038292 [6.105987 / 0.001204]
  3   4  439 0.037679 [6.107352 / 0.001224]
  4   0   39 0.037710 [6.106913 / 0.000591]
  4   0   79 0.037910 [6.108206 / 0.000614]
  4   0  119 0.037528 [6.107127 / 0.000554]
  4   0  159 0.037514 [6.105285 / 0.000531]
  4   0  199 0.037423 [6.101519 / 0.000558]
  4   0  239 0.038375 [6.105398 / 0.000530]
  4   0  279 0.038234 [6.107919 / 0.000764]
  4   0  319 0.037316 [6.105211 / 0.000556]
  4   0  359 0.038377 [6.107484 / 0.000654]
  4   0  399 0.037827 [6.108682 / 0.000540]
  4   0  439 0.037880 [6.110410 / 0.000539]
  4   1   39 0.037524 [6.109617 / 0.000576]
  4   1   79 0.037649 [6.107970 / 0.000625]
  4   1  119 0.037729 [6.106077 / 0.000547]
  4   1  159 0.037620 [6.104738 / 0.000632]
  4   1  199 0.038042 [6.104262 / 0.000712]
  4   1  239 0.037929 [6.105406 / 0.000568]
  4   1  279 0.038336 [6.109290 / 0.000639]
  4   1  319 0.037437 [6.108337 / 0.000558]
  4   1  359 0.037804 [6.108350 / 0.000520]
  4   1  399 0.038109 [6.109425 / 0.000798]
  4   1  439 0.037899 [6.109084 / 0.000843]
  4   2   39 0.038025 [6.110748 / 0.000552]
  4   2   79 0.037880 [6.111416 / 0.000565]
  4   2  119 0.037530 [6.108051 / 0.000607]
  4   2  159 0.037831 [6.110044 / 0.000530]
  4   2  199 0.037779 [6.107140 / 0.000774]
  4   2  239 0.037845 [6.106735 / 0.000525]
  4   2  279 0.038352 [6.111636 / 0.000564]
  4   2  319 0.037216 [6.106285 / 0.000638]
  4   2  359 0.038004 [6.106396 / 0.000570]
  4   2  399 0.037295 [6.103957 / 0.000575]
  4   2  439 0.038200 [6.104943 / 0.001061]
  4   3   39 0.038270 [6.108288 / 0.000872]
  4   3   79 0.037727 [6.107936 / 0.001042]
  4   3  119 0.038037 [6.107984 / 0.000641]
  4   3  159 0.037513 [6.106198 / 0.000891]
  4   3  199 0.038165 [6.107385 / 0.000591]
  4   3  239 0.037906 [6.105570 / 0.000797]
  4   3  279 0.037289 [6.102157 / 0.000798]
  4   3  319 0.038213 [6.104774 / 0.000615]
  4   3  359 0.037308 [6.103159 / 0.000787]
  4   3  399 0.038424 [6.105303 / 0.000765]
  4   3  439 0.037774 [6.106657 / 0.000664]
  4   4   39 0.038113 [6.110525 / 0.000589]
  4   4   79 0.037258 [6.104550 / 0.000600]
  4   4  119 0.037998 [6.104094 / 0.000559]
  4   4  159 0.038006 [6.106399 / 0.000731]
  4   4  199 0.037902 [6.105845 / 0.000624]
  4   4  239 0.038128 [6.107130 / 0.000562]
  4   4  279 0.037708 [6.109024 / 0.000545]
  4   4  319 0.037593 [6.107065 / 0.000722]
  4   4  359 0.037998 [6.107550 / 0.000567]
  4   4  399 0.037358 [6.105171 / 0.000797]
  4   4  439 0.037665 [6.103280 / 0.000581]
Sequential (
  (0): Conv2d(1, 20, kernel_size=(9, 9), stride=(3, 3), padding=(4, 4))
  (1): MatrixD (factors=4, categories=5, std=5)
  (2): BatchNorm2d(20, eps=1e-05, momentum=0.1, affine=True)
  (3): CatFactor (factors=4, categories=5, stochastic=True)
  (4): ConvTranspose2d(20, 1, kernel_size=(9, 9), stride=(3, 3), padding=(4, 4))
)
Namespace(batch_size=128, cnnc=5, cnnf=4, force_name=False, mode='cnnae_ds', name='cnnae_ds5', nc=10, nf=80, optimizer='Adam', weight_decay=0.005)
{'lr': 0.001, 'wd': 0.005}
