Sequential (
  (0): Conv2d(1, 20, kernel_size=(9, 9), stride=(3, 3), padding=(4, 4))
  (1): MatrixD (factors=4, categories=5, std=5)
  (2): BatchNorm2d(20, eps=1e-05, momentum=0.1, affine=True)
  (3): CatFactor (factors=4, categories=5, stochastic=True)
  (4): ConvTranspose2d(20, 1, kernel_size=(9, 9), stride=(3, 3), padding=(4, 4))
)
Namespace(batch_size=128, cnnc=5, cnnf=4, force_name=False, mode='cnnae_ds', name='cnnae_ds7', nc=10, nf=80, optimizer='Adam', weight_decay=0.01)
{'lr': 0.001, 'wd': 0.01}
  0   0   39 0.798861 [3.785604 / 0.038566]
  0   0   79 0.520420 [3.902511 / 0.031094]
  0   0  119 0.368622 [4.215685 / 0.025312]
  0   0  159 0.267416 [4.492487 / 0.019089]
  0   0  199 0.214688 [4.679090 / 0.017378]
  0   0  239 0.181038 [4.835986 / 0.012218]
  0   0  279 0.157412 [4.989553 / 0.011199]
  0   0  319 0.138033 [5.114272 / 0.012322]
  0   0  359 0.123720 [5.229089 / 0.008727]
  0   0  399 0.108420 [5.310721 / 0.010053]
  0   0  439 0.099726 [5.397548 / 0.007312]
  0   1   39 0.087188 [5.490154 / 0.011198]
  0   1   79 0.083092 [5.544963 / 0.005990]
  0   1  119 0.076445 [5.569845 / 0.005637]
  0   1  159 0.072837 [5.601539 / 0.007047]
  0   1  199 0.069934 [5.620045 / 0.006796]
  0   1  239 0.068091 [5.643097 / 0.005652]
  0   1  279 0.065452 [5.664862 / 0.006379]
  0   1  319 0.064492 [5.667723 / 0.005156]
  0   1  359 0.063207 [5.692718 / 0.008246]
  0   1  399 0.062060 [5.700339 / 0.005078]
  0   1  439 0.060303 [5.702633 / 0.007484]
  0   2   39 0.060530 [5.720548 / 0.012030]
  0   2   79 0.059078 [5.730423 / 0.005436]
  0   2  119 0.058475 [5.743104 / 0.005309]
  0   2  159 0.058301 [5.743005 / 0.009497]
  0   2  199 0.057532 [5.741825 / 0.006769]
  0   2  239 0.057922 [5.761681 / 0.010468]
  0   2  279 0.056514 [5.744762 / 0.004905]
  0   2  319 0.055666 [5.751602 / 0.006032]
  0   2  359 0.057126 [5.735050 / 0.005706]
  0   2  399 0.057146 [5.759841 / 0.004885]
  0   2  439 0.055112 [5.749860 / 0.006519]
  0   3   39 0.055880 [5.766386 / 0.004329]
  0   3   79 0.054851 [5.757720 / 0.005823]
  0   3  119 0.055355 [5.764390 / 0.004550]
  0   3  159 0.054962 [5.755949 / 0.005602]
  0   3  199 0.055985 [5.750989 / 0.006073]
  0   3  239 0.054844 [5.773703 / 0.005138]
  0   3  279 0.054812 [5.765468 / 0.005304]
  0   3  319 0.055149 [5.773161 / 0.005565]
  0   3  359 0.054538 [5.772397 / 0.005226]
  0   3  399 0.055981 [5.759495 / 0.009713]
  0   3  439 0.055246 [5.760147 / 0.005372]
  0   4   39 0.054637 [5.768473 / 0.005813]
  0   4   79 0.055531 [5.759157 / 0.005433]
  0   4  119 0.055080 [5.775283 / 0.005452]
  0   4  159 0.054976 [5.757299 / 0.008550]
  0   4  199 0.055598 [5.777276 / 0.005251]
  0   4  239 0.053993 [5.765632 / 0.005126]
  0   4  279 0.053529 [5.763368 / 0.006563]
  0   4  319 0.054248 [5.778826 / 0.005082]
  0   4  359 0.055000 [5.770782 / 0.005320]
  0   4  399 0.053666 [5.769474 / 0.005706]
  0   4  439 0.053559 [5.767177 / 0.007233]
  1   0   39 0.054349 [5.767013 / 0.002822]
  1   0   79 0.053633 [5.768853 / 0.002933]
  1   0  119 0.054062 [5.782571 / 0.002594]
  1   0  159 0.053331 [5.781046 / 0.002544]
  1   0  199 0.053330 [5.766945 / 0.003087]
  1   0  239 0.053479 [5.767161 / 0.002848]
  1   0  279 0.053438 [5.770123 / 0.004062]
  1   0  319 0.053757 [5.769194 / 0.003368]
  1   0  359 0.053791 [5.778198 / 0.002858]
  1   0  399 0.053875 [5.771459 / 0.003665]
  1   0  439 0.052920 [5.768056 / 0.003534]
  1   1   39 0.054159 [5.773690 / 0.004516]
  1   1   79 0.053935 [5.771473 / 0.004142]
  1   1  119 0.053296 [5.762917 / 0.002969]
  1   1  159 0.053807 [5.771848 / 0.004250]
  1   1  199 0.053516 [5.769311 / 0.003114]
  1   1  239 0.053958 [5.777107 / 0.003794]
  1   1  279 0.053206 [5.776558 / 0.003056]
  1   1  319 0.053133 [5.773631 / 0.003004]
  1   1  359 0.053356 [5.762422 / 0.003201]
  1   1  399 0.053066 [5.754467 / 0.003381]
  1   1  439 0.053774 [5.776790 / 0.003112]
  1   2   39 0.053606 [5.778043 / 0.003167]
  1   2   79 0.053567 [5.756355 / 0.004630]
  1   2  119 0.054238 [5.767488 / 0.003213]
  1   2  159 0.053618 [5.774997 / 0.003241]
  1   2  199 0.053503 [5.774777 / 0.005206]
  1   2  239 0.053836 [5.776206 / 0.003610]
  1   2  279 0.052816 [5.769626 / 0.003412]
  1   2  319 0.053422 [5.776213 / 0.004388]
  1   2  359 0.052523 [5.769138 / 0.003738]
  1   2  399 0.053179 [5.767208 / 0.003403]
  1   2  439 0.053250 [5.771852 / 0.003640]
  1   3   39 0.053627 [5.769220 / 0.003955]
  1   3   79 0.052816 [5.773129 / 0.003231]
  1   3  119 0.053308 [5.778173 / 0.005110]
  1   3  159 0.053477 [5.770905 / 0.003979]
  1   3  199 0.052503 [5.772975 / 0.003456]
  1   3  239 0.052857 [5.771146 / 0.003743]
  1   3  279 0.053180 [5.771187 / 0.004495]
  1   3  319 0.053400 [5.766786 / 0.004938]
  1   3  359 0.052738 [5.759599 / 0.004368]
  1   3  399 0.053072 [5.766895 / 0.003847]
  1   3  439 0.053838 [5.779439 / 0.003806]
  1   4   39 0.052605 [5.771202 / 0.003825]
  1   4   79 0.052795 [5.766646 / 0.003572]
  1   4  119 0.053000 [5.775704 / 0.004040]
  1   4  159 0.053259 [5.773340 / 0.005103]
  1   4  199 0.053083 [5.764579 / 0.003704]
  1   4  239 0.053788 [5.777161 / 0.003790]
  1   4  279 0.052875 [5.772423 / 0.004211]
  1   4  319 0.052798 [5.769719 / 0.004081]
  1   4  359 0.052590 [5.765109 / 0.004451]
  1   4  399 0.053473 [5.780585 / 0.003640]
  1   4  439 0.052344 [5.773690 / 0.003672]
  2   0   39 0.052879 [5.777037 / 0.001777]
  2   0   79 0.052137 [5.769455 / 0.001949]
  2   0  119 0.052880 [5.772841 / 0.002009]
  2   0  159 0.052347 [5.771423 / 0.002424]
  2   0  199 0.052597 [5.770945 / 0.001856]
  2   0  239 0.053480 [5.785412 / 0.002078]
  2   0  279 0.052558 [5.781686 / 0.002081]
  2   0  319 0.052312 [5.776441 / 0.002756]
  2   0  359 0.052761 [5.778367 / 0.002121]
  2   0  399 0.052299 [5.780679 / 0.001958]
  2   0  439 0.051907 [5.763689 / 0.002031]
  2   1   39 0.052919 [5.774551 / 0.002102]
  2   1   79 0.052867 [5.773316 / 0.001967]
  2   1  119 0.052838 [5.776336 / 0.002277]
  2   1  159 0.051944 [5.765754 / 0.002074]
  2   1  199 0.052740 [5.773120 / 0.003017]
  2   1  239 0.053107 [5.776084 / 0.002001]
  2   1  279 0.052773 [5.780131 / 0.002229]
  2   1  319 0.052156 [5.776349 / 0.002251]
  2   1  359 0.052280 [5.764118 / 0.002079]
  2   1  399 0.052853 [5.771073 / 0.002454]
  2   1  439 0.052088 [5.766413 / 0.001902]
  2   2   39 0.052482 [5.779095 / 0.002333]
  2   2   79 0.053207 [5.784019 / 0.002733]
  2   2  119 0.051965 [5.778197 / 0.002126]
  2   2  159 0.052115 [5.762611 / 0.002210]
  2   2  199 0.052874 [5.774137 / 0.002197]
  2   2  239 0.052517 [5.773307 / 0.002369]
  2   2  279 0.052054 [5.767605 / 0.002485]
  2   2  319 0.053185 [5.771352 / 0.002099]
  2   2  359 0.052854 [5.774852 / 0.002212]
  2   2  399 0.052167 [5.773142 / 0.002377]
  2   2  439 0.052881 [5.774934 / 0.002149]
  2   3   39 0.052209 [5.776008 / 0.002490]
  2   3   79 0.052552 [5.777161 / 0.002126]
  2   3  119 0.052575 [5.777374 / 0.002363]
  2   3  159 0.052171 [5.772258 / 0.002278]
  2   3  199 0.052676 [5.774910 / 0.001943]
  2   3  239 0.052739 [5.782749 / 0.002069]
  2   3  279 0.052379 [5.772926 / 0.003100]
  2   3  319 0.053406 [5.776731 / 0.002205]
  2   3  359 0.051879 [5.767526 / 0.002268]
  2   3  399 0.052683 [5.772673 / 0.002159]
  2   3  439 0.052148 [5.768999 / 0.002177]
  2   4   39 0.052899 [5.775156 / 0.002305]
  2   4   79 0.052579 [5.771357 / 0.002610]
  2   4  119 0.052101 [5.772910 / 0.002251]
  2   4  159 0.052655 [5.776229 / 0.002110]
  2   4  199 0.052390 [5.768408 / 0.002611]
  2   4  239 0.052542 [5.777730 / 0.002239]
  2   4  279 0.052497 [5.775787 / 0.002108]
  2   4  319 0.052373 [5.773887 / 0.002045]
  2   4  359 0.052697 [5.774380 / 0.002261]
  2   4  399 0.052161 [5.772052 / 0.002327]
  2   4  439 0.052584 [5.768761 / 0.002269]
  3   0   39 0.053012 [5.777908 / 0.001023]
  3   0   79 0.051787 [5.774837 / 0.001125]
  3   0  119 0.052059 [5.772702 / 0.001512]
  3   0  159 0.052381 [5.773172 / 0.001289]
  3   0  199 0.052228 [5.773224 / 0.001125]
  3   0  239 0.051908 [5.773453 / 0.001254]
  3   0  279 0.052960 [5.773795 / 0.001249]
  3   0  319 0.052209 [5.775883 / 0.001033]
  3   0  359 0.052396 [5.775966 / 0.001039]
  3   0  399 0.051502 [5.772717 / 0.001246]
  3   0  439 0.052697 [5.771175 / 0.001371]
  3   1   39 0.051904 [5.770538 / 0.001169]
  3   1   79 0.052748 [5.772817 / 0.001100]
  3   1  119 0.052329 [5.771751 / 0.001476]
  3   1  159 0.052139 [5.769937 / 0.001140]
  3   1  199 0.052529 [5.772403 / 0.001250]
  3   1  239 0.052436 [5.778542 / 0.001100]
  3   1  279 0.051470 [5.773958 / 0.001233]
  3   1  319 0.051801 [5.767676 / 0.001112]
  3   1  359 0.052361 [5.772637 / 0.001115]
  3   1  399 0.052841 [5.778810 / 0.001263]
  3   1  439 0.051971 [5.774681 / 0.001184]
  3   2   39 0.051485 [5.770115 / 0.001256]
  3   2   79 0.052517 [5.773019 / 0.001095]
  3   2  119 0.052228 [5.778073 / 0.001205]
  3   2  159 0.052066 [5.775050 / 0.001086]
  3   2  199 0.052200 [5.774692 / 0.001227]
  3   2  239 0.052317 [5.776309 / 0.001341]
  3   2  279 0.052377 [5.771328 / 0.001244]
  3   2  319 0.052293 [5.772569 / 0.001508]
  3   2  359 0.052323 [5.772643 / 0.001158]
  3   2  399 0.052393 [5.774316 / 0.001103]
  3   2  439 0.052433 [5.775813 / 0.001151]
  3   3   39 0.051798 [5.772528 / 0.001285]
  3   3   79 0.052737 [5.775589 / 0.001399]
  3   3  119 0.051994 [5.773332 / 0.001252]
  3   3  159 0.052060 [5.770112 / 0.001163]
  3   3  199 0.052213 [5.770399 / 0.001317]
  3   3  239 0.052643 [5.774187 / 0.001282]
  3   3  279 0.052271 [5.773959 / 0.001117]
  3   3  319 0.052180 [5.772418 / 0.001160]
  3   3  359 0.052213 [5.777262 / 0.001200]
  3   3  399 0.052240 [5.772672 / 0.001537]
  3   3  439 0.052598 [5.772372 / 0.001412]
  3   4   39 0.052225 [5.777720 / 0.001332]
  3   4   79 0.052103 [5.774300 / 0.001394]
  3   4  119 0.052776 [5.774175 / 0.001380]
  3   4  159 0.052381 [5.775535 / 0.001298]
  3   4  199 0.052366 [5.775319 / 0.001113]
  3   4  239 0.052205 [5.779038 / 0.001189]
  3   4  279 0.051820 [5.774900 / 0.001093]
  3   4  319 0.052611 [5.773603 / 0.001258]
  3   4  359 0.052178 [5.771408 / 0.001075]
  3   4  399 0.052075 [5.770138 / 0.001265]
  3   4  439 0.052300 [5.771264 / 0.001133]
  4   0   39 0.052005 [5.768324 / 0.000567]
  4   0   79 0.052392 [5.771575 / 0.000845]
  4   0  119 0.052408 [5.772206 / 0.000746]
  4   0  159 0.051862 [5.772309 / 0.000678]
  4   0  199 0.052202 [5.771861 / 0.000670]
  4   0  239 0.052390 [5.774841 / 0.000532]
  4   0  279 0.052541 [5.775914 / 0.000624]
  4   0  319 0.051941 [5.773950 / 0.000638]
  4   0  359 0.052467 [5.777971 / 0.000613]
  4   0  399 0.052026 [5.778304 / 0.000700]
  4   0  439 0.051652 [5.773752 / 0.000608]
  4   1   39 0.052368 [5.773504 / 0.000557]
  4   1   79 0.052380 [5.774352 / 0.000781]
  4   1  119 0.051748 [5.773383 / 0.000552]
  4   1  159 0.051586 [5.769168 / 0.000567]
  4   1  199 0.052224 [5.770779 / 0.000598]
  4   1  239 0.051569 [5.769322 / 0.000851]
  4   1  279 0.051878 [5.768817 / 0.000719]
  4   1  319 0.052850 [5.771713 / 0.000714]
  4   1  359 0.052850 [5.775580 / 0.000761]
  4   1  399 0.052120 [5.775993 / 0.000912]
  4   1  439 0.052062 [5.774812 / 0.000844]
  4   2   39 0.051922 [5.777753 / 0.000764]
  4   2   79 0.052148 [5.776666 / 0.000706]
  4   2  119 0.051662 [5.772619 / 0.000588]
  4   2  159 0.052027 [5.772312 / 0.000659]
  4   2  199 0.052544 [5.774997 / 0.000580]
  4   2  239 0.052088 [5.774533 / 0.000685]
  4   2  279 0.052403 [5.775976 / 0.000568]
  4   2  319 0.052038 [5.775248 / 0.000766]
  4   2  359 0.051346 [5.772802 / 0.000597]
  4   2  399 0.052731 [5.774136 / 0.000607]
  4   2  439 0.051784 [5.773685 / 0.000695]
  4   3   39 0.052301 [5.776814 / 0.000774]
  4   3   79 0.053048 [5.779831 / 0.000576]
  4   3  119 0.051688 [5.778182 / 0.000778]
  4   3  159 0.051607 [5.775034 / 0.000740]
  4   3  199 0.051733 [5.772056 / 0.000560]
  4   3  239 0.052091 [5.772579 / 0.000594]
  4   3  279 0.052154 [5.771814 / 0.000776]
  4   3  319 0.052751 [5.774865 / 0.000588]
  4   3  359 0.052861 [5.779274 / 0.000710]
  4   3  399 0.051263 [5.775534 / 0.000784]
  4   3  439 0.051376 [5.770590 / 0.000634]
  4   4   39 0.052558 [5.771640 / 0.000749]
  4   4   79 0.052025 [5.771826 / 0.000546]
  4   4  119 0.052572 [5.772676 / 0.000658]
  4   4  159 0.052035 [5.773024 / 0.000764]
  4   4  199 0.052476 [5.774823 / 0.000689]
  4   4  239 0.051452 [5.771325 / 0.000614]
  4   4  279 0.052809 [5.774339 / 0.000591]
  4   4  319 0.051520 [5.772947 / 0.000667]
  4   4  359 0.052416 [5.773560 / 0.000719]
  4   4  399 0.052423 [5.774780 / 0.000673]
  4   4  439 0.051692 [5.772652 / 0.000629]
Sequential (
  (0): Conv2d(1, 20, kernel_size=(9, 9), stride=(3, 3), padding=(4, 4))
  (1): MatrixD (factors=4, categories=5, std=5)
  (2): BatchNorm2d(20, eps=1e-05, momentum=0.1, affine=True)
  (3): CatFactor (factors=4, categories=5, stochastic=True)
  (4): ConvTranspose2d(20, 1, kernel_size=(9, 9), stride=(3, 3), padding=(4, 4))
)
Namespace(batch_size=128, cnnc=5, cnnf=4, force_name=False, mode='cnnae_ds', name='cnnae_ds7', nc=10, nf=80, optimizer='Adam', weight_decay=0.01)
{'lr': 0.001, 'wd': 0.01}
