Sequential (
  (0): Conv2d(1, 20, kernel_size=(9, 9), stride=(3, 3), padding=(4, 4))
  (1): MatrixD (factors=4, categories=5, std=20)
  (2): BatchNorm2d(20, eps=1e-05, momentum=0.1, affine=True)
  (3): CatFactor (factors=4, categories=5, stochastic=True)
  (4): ConvTranspose2d(20, 1, kernel_size=(9, 9), stride=(3, 3), padding=(4, 4))
)
Namespace(batch_size=128, cnnc=5, cnnf=4, force_name=False, mode='cnnae_ds', name='cnnae_ds2', nc=10, nf=80, optimizer='Adam', weight_decay=0.0001)
{'lr': 0.001, 'wd': 0.0001}
  0   0   39 0.756261 [4.036816 / 0.037635]
  0   0   79 0.465008 [4.510503 / 0.031528]
  0   0  119 0.315607 [4.962661 / 0.026923]
  0   0  159 0.230627 [5.360968 / 0.023152]
  0   0  199 0.184761 [5.710837 / 0.020823]
  0   0  239 0.153742 [6.019662 / 0.017415]
  0   0  279 0.129863 [6.295847 / 0.018652]
  0   0  319 0.110182 [6.533785 / 0.014639]
  0   0  359 0.096135 [6.739016 / 0.014477]
  0   0  399 0.084564 [6.891130 / 0.012490]
  0   0  439 0.076488 [6.995103 / 0.010100]
  0   1   39 0.068656 [7.121715 / 0.010484]
  0   1   79 0.064211 [7.161777 / 0.008075]
  0   1  119 0.061494 [7.211714 / 0.010500]
  0   1  159 0.056897 [7.243361 / 0.008399]
  0   1  199 0.054385 [7.272720 / 0.010920]
  0   1  239 0.052019 [7.305681 / 0.008240]
  0   1  279 0.049058 [7.336406 / 0.007526]
  0   1  319 0.047018 [7.360863 / 0.006603]
  0   1  359 0.045007 [7.377268 / 0.007704]
  0   1  399 0.043999 [7.392950 / 0.008812]
  0   1  439 0.042803 [7.401967 / 0.012881]
  0   2   39 0.041558 [7.426322 / 0.007592]
  0   2   79 0.040409 [7.433377 / 0.007780]
  0   2  119 0.039675 [7.437814 / 0.004938]
  0   2  159 0.039330 [7.446409 / 0.006268]
  0   2  199 0.038941 [7.445762 / 0.011177]
  0   2  239 0.038262 [7.435586 / 0.004019]
  0   2  279 0.037984 [7.446239 / 0.004954]
  0   2  319 0.037609 [7.434613 / 0.005307]
  0   2  359 0.037228 [7.435901 / 0.004038]
  0   2  399 0.037104 [7.434253 / 0.007729]
  0   2  439 0.036930 [7.429083 / 0.005013]
  0   3   39 0.036374 [7.419760 / 0.005791]
  0   3   79 0.036742 [7.427635 / 0.007266]
  0   3  119 0.036223 [7.409430 / 0.007740]
  0   3  159 0.035914 [7.407883 / 0.004110]
  0   3  199 0.035895 [7.397147 / 0.004034]
  0   3  239 0.035890 [7.408744 / 0.005475]
  0   3  279 0.036099 [7.394160 / 0.004645]
  0   3  319 0.035857 [7.391567 / 0.004858]
  0   3  359 0.035449 [7.377685 / 0.004979]
  0   3  399 0.035620 [7.378924 / 0.005204]
  0   3  439 0.035415 [7.370660 / 0.006340]
  0   4   39 0.035388 [7.346404 / 0.004358]
  0   4   79 0.034870 [7.349646 / 0.004743]
  0   4  119 0.035204 [7.352287 / 0.007376]
  0   4  159 0.035014 [7.338691 / 0.011509]
  0   4  199 0.035177 [7.328986 / 0.005420]
  0   4  239 0.034903 [7.328902 / 0.004563]
  0   4  279 0.035279 [7.332019 / 0.005012]
  0   4  319 0.034881 [7.315015 / 0.008457]
  0   4  359 0.034874 [7.322023 / 0.005673]
  0   4  399 0.034734 [7.305154 / 0.005537]
  0   4  439 0.034706 [7.304841 / 0.005972]
  1   0   39 0.034469 [7.296242 / 0.002802]
  1   0   79 0.034567 [7.291415 / 0.002961]
  1   0  119 0.034348 [7.296422 / 0.002777]
  1   0  159 0.034137 [7.282638 / 0.002653]
  1   0  199 0.034568 [7.291659 / 0.003824]
  1   0  239 0.034314 [7.275600 / 0.002552]
  1   0  279 0.034776 [7.275886 / 0.003758]
  1   0  319 0.034376 [7.264312 / 0.004106]
  1   0  359 0.034556 [7.265904 / 0.003455]
  1   0  399 0.034145 [7.265829 / 0.004454]
  1   0  439 0.034717 [7.261632 / 0.005334]
  1   1   39 0.034470 [7.259882 / 0.003193]
  1   1   79 0.034122 [7.256695 / 0.004480]
  1   1  119 0.033911 [7.238524 / 0.003389]
  1   1  159 0.034220 [7.241440 / 0.002919]
  1   1  199 0.034429 [7.241596 / 0.004406]
  1   1  239 0.034037 [7.243954 / 0.005950]
  1   1  279 0.034270 [7.241158 / 0.004149]
  1   1  319 0.033894 [7.234346 / 0.003202]
  1   1  359 0.034093 [7.233206 / 0.002798]
  1   1  399 0.034089 [7.233518 / 0.003562]
  1   1  439 0.034022 [7.226371 / 0.004030]
  1   2   39 0.034169 [7.219470 / 0.003726]
  1   2   79 0.033731 [7.214419 / 0.003187]
  1   2  119 0.034005 [7.214734 / 0.003675]
  1   2  159 0.034030 [7.210543 / 0.004255]
  1   2  199 0.033994 [7.218138 / 0.003631]
  1   2  239 0.033708 [7.202272 / 0.003072]
  1   2  279 0.033714 [7.198047 / 0.003502]
  1   2  319 0.033705 [7.192738 / 0.003443]
  1   2  359 0.033967 [7.191544 / 0.005684]
  1   2  399 0.033897 [7.192803 / 0.005763]
  1   2  439 0.033841 [7.192927 / 0.004863]
  1   3   39 0.034032 [7.194028 / 0.004028]
  1   3   79 0.033836 [7.188282 / 0.003471]
  1   3  119 0.033991 [7.187547 / 0.003918]
  1   3  159 0.033603 [7.175840 / 0.004683]
  1   3  199 0.033690 [7.174137 / 0.004855]
  1   3  239 0.033444 [7.175973 / 0.003214]
  1   3  279 0.033454 [7.156686 / 0.003497]
  1   3  319 0.033623 [7.165533 / 0.005114]
  1   3  359 0.033724 [7.148507 / 0.005300]
  1   3  399 0.033767 [7.156880 / 0.005828]
  1   3  439 0.033574 [7.145770 / 0.003710]
  1   4   39 0.033519 [7.148114 / 0.003855]
  1   4   79 0.033392 [7.146447 / 0.004070]
  1   4  119 0.033675 [7.150385 / 0.004417]
  1   4  159 0.033614 [7.145847 / 0.005062]
  1   4  199 0.033419 [7.136815 / 0.005241]
  1   4  239 0.033610 [7.145154 / 0.004580]
  1   4  279 0.033668 [7.141953 / 0.003605]
  1   4  319 0.033346 [7.131934 / 0.005671]
  1   4  359 0.033475 [7.129136 / 0.004629]
  1   4  399 0.033423 [7.133927 / 0.005437]
  1   4  439 0.033381 [7.124755 / 0.005655]
  2   0   39 0.033109 [7.119633 / 0.001924]
  2   0   79 0.033169 [7.117876 / 0.002376]
  2   0  119 0.033155 [7.115344 / 0.001702]
  2   0  159 0.033063 [7.118567 / 0.001768]
  2   0  199 0.033371 [7.122163 / 0.002218]
  2   0  239 0.033331 [7.118166 / 0.002992]
  2   0  279 0.033267 [7.112421 / 0.003212]
  2   0  319 0.033188 [7.111784 / 0.002887]
  2   0  359 0.033363 [7.114498 / 0.003192]
  2   0  399 0.033290 [7.108110 / 0.002057]
  2   0  439 0.033621 [7.110141 / 0.002535]
  2   1   39 0.033295 [7.110230 / 0.002625]
  2   1   79 0.033204 [7.106711 / 0.001855]
  2   1  119 0.033149 [7.104446 / 0.002088]
  2   1  159 0.032903 [7.097389 / 0.002903]
  2   1  199 0.033267 [7.108180 / 0.002329]
  2   1  239 0.033587 [7.112360 / 0.002193]
  2   1  279 0.033203 [7.098570 / 0.002041]
  2   1  319 0.033312 [7.094303 / 0.002968]
  2   1  359 0.033364 [7.099116 / 0.002803]
  2   1  399 0.033439 [7.095243 / 0.003977]
  2   1  439 0.032957 [7.093953 / 0.002638]
  2   2   39 0.033117 [7.094858 / 0.002110]
  2   2   79 0.032994 [7.089985 / 0.002116]
  2   2  119 0.033397 [7.089498 / 0.003900]
  2   2  159 0.032878 [7.084487 / 0.002246]
  2   2  199 0.033198 [7.084655 / 0.002824]
  2   2  239 0.033188 [7.092657 / 0.002682]
  2   2  279 0.033200 [7.091468 / 0.002099]
  2   2  319 0.033252 [7.090370 / 0.002023]
  2   2  359 0.032967 [7.082145 / 0.002516]
  2   2  399 0.032923 [7.081230 / 0.001843]
  2   2  439 0.032987 [7.082665 / 0.001980]
  2   3   39 0.033123 [7.082814 / 0.003063]
  2   3   79 0.032763 [7.076460 / 0.002209]
  2   3  119 0.032998 [7.082413 / 0.001918]
  2   3  159 0.032897 [7.075510 / 0.001936]
  2   3  199 0.033071 [7.078059 / 0.002359]
  2   3  239 0.033266 [7.075567 / 0.001972]
  2   3  279 0.033445 [7.081653 / 0.002037]
  2   3  319 0.032954 [7.072830 / 0.002578]
  2   3  359 0.032790 [7.066577 / 0.001868]
  2   3  399 0.032974 [7.066947 / 0.003113]
  2   3  439 0.033402 [7.076269 / 0.004160]
  2   4   39 0.033135 [7.069963 / 0.003643]
  2   4   79 0.033038 [7.063258 / 0.002043]
  2   4  119 0.033069 [7.065123 / 0.003547]
  2   4  159 0.032970 [7.070309 / 0.003069]
  2   4  199 0.032891 [7.068056 / 0.002537]
  2   4  239 0.032777 [7.062077 / 0.002192]
  2   4  279 0.032740 [7.060107 / 0.002566]
  2   4  319 0.033159 [7.061640 / 0.002658]
  2   4  359 0.032810 [7.054769 / 0.003110]
  2   4  399 0.032994 [7.063986 / 0.002386]
  2   4  439 0.032891 [7.065429 / 0.002388]
  3   0   39 0.032925 [7.061383 / 0.001083]
  3   0   79 0.032742 [7.054745 / 0.001013]
  3   0  119 0.033058 [7.058793 / 0.001044]
  3   0  159 0.032784 [7.055292 / 0.001358]
  3   0  199 0.032959 [7.058557 / 0.001072]
  3   0  239 0.032859 [7.060134 / 0.001192]
  3   0  279 0.032647 [7.049470 / 0.001559]
  3   0  319 0.033126 [7.055719 / 0.001079]
  3   0  359 0.032788 [7.054719 / 0.001520]
  3   0  399 0.032688 [7.053445 / 0.001386]
  3   0  439 0.032758 [7.053587 / 0.001111]
  3   1   39 0.032701 [7.053260 / 0.001271]
  3   1   79 0.032906 [7.053351 / 0.001327]
  3   1  119 0.032774 [7.048553 / 0.001313]
  3   1  159 0.033119 [7.056592 / 0.001094]
  3   1  199 0.033220 [7.050908 / 0.001255]
  3   1  239 0.032729 [7.046987 / 0.000944]
  3   1  279 0.032488 [7.047739 / 0.001081]
  3   1  319 0.032955 [7.048993 / 0.001071]
  3   1  359 0.032601 [7.044265 / 0.001291]
  3   1  399 0.032863 [7.048400 / 0.001335]
  3   1  439 0.032874 [7.051076 / 0.001427]
  3   2   39 0.032511 [7.047700 / 0.001805]
  3   2   79 0.032874 [7.045104 / 0.001079]
  3   2  119 0.032751 [7.049585 / 0.001078]
  3   2  159 0.032831 [7.046370 / 0.001406]
  3   2  199 0.033092 [7.046143 / 0.001423]
  3   2  239 0.032787 [7.043094 / 0.001285]
  3   2  279 0.032901 [7.048326 / 0.001665]
  3   2  319 0.032727 [7.047762 / 0.000951]
  3   2  359 0.032885 [7.044879 / 0.001163]
  3   2  399 0.032374 [7.036701 / 0.001252]
  3   2  439 0.032667 [7.037081 / 0.001103]
  3   3   39 0.032635 [7.037118 / 0.001458]
  3   3   79 0.032689 [7.035751 / 0.002016]
  3   3  119 0.032715 [7.037541 / 0.001064]
  3   3  159 0.032558 [7.037587 / 0.001307]
  3   3  199 0.032922 [7.038528 / 0.001312]
  3   3  239 0.032733 [7.035100 / 0.001549]
  3   3  279 0.032877 [7.035719 / 0.001154]
  3   3  319 0.032538 [7.036935 / 0.001363]
  3   3  359 0.032888 [7.037280 / 0.002592]
  3   3  399 0.032860 [7.040441 / 0.001065]
  3   3  439 0.032738 [7.038243 / 0.001286]
  3   4   39 0.032610 [7.032951 / 0.001125]
  3   4   79 0.032801 [7.035108 / 0.001449]
  3   4  119 0.032730 [7.031556 / 0.001641]
  3   4  159 0.032690 [7.027488 / 0.001029]
  3   4  199 0.032653 [7.032799 / 0.001697]
  3   4  239 0.032671 [7.035150 / 0.001473]
  3   4  279 0.032614 [7.034269 / 0.001067]
  3   4  319 0.032903 [7.031918 / 0.001106]
  3   4  359 0.032621 [7.026388 / 0.001584]
  3   4  399 0.032572 [7.028200 / 0.001166]
  3   4  439 0.032720 [7.033818 / 0.001119]
  4   0   39 0.032752 [7.032463 / 0.000636]
  4   0   79 0.032544 [7.027588 / 0.000904]
  4   0  119 0.032790 [7.028595 / 0.000737]
  4   0  159 0.032927 [7.031513 / 0.000539]
  4   0  199 0.032926 [7.034145 / 0.001200]
  4   0  239 0.032544 [7.027230 / 0.000656]
  4   0  279 0.032749 [7.028149 / 0.000609]
  4   0  319 0.032502 [7.023896 / 0.000652]
  4   0  359 0.032743 [7.026493 / 0.001056]
  4   0  399 0.032609 [7.028059 / 0.000617]
  4   0  439 0.032548 [7.027032 / 0.000946]
  4   1   39 0.032853 [7.028441 / 0.000657]
  4   1   79 0.032553 [7.026453 / 0.000493]
  4   1  119 0.032780 [7.029689 / 0.000673]
  4   1  159 0.032567 [7.028217 / 0.001090]
  4   1  199 0.032776 [7.023922 / 0.000641]
  4   1  239 0.032548 [7.023186 / 0.000596]
  4   1  279 0.032525 [7.020649 / 0.000796]
  4   1  319 0.032559 [7.022917 / 0.000819]
  4   1  359 0.032616 [7.022193 / 0.000610]
  4   1  399 0.032616 [7.023371 / 0.000597]
  4   1  439 0.032654 [7.024169 / 0.000661]
  4   2   39 0.032926 [7.028041 / 0.000727]
  4   2   79 0.032642 [7.023849 / 0.000554]
  4   2  119 0.032410 [7.019799 / 0.000799]
  4   2  159 0.032526 [7.020297 / 0.000539]
  4   2  199 0.032677 [7.020175 / 0.000616]
  4   2  239 0.032792 [7.023249 / 0.000720]
  4   2  279 0.032515 [7.022524 / 0.000748]
  4   2  319 0.032594 [7.022381 / 0.000572]
  4   2  359 0.032656 [7.022088 / 0.000652]
  4   2  399 0.032716 [7.021501 / 0.000788]
  4   2  439 0.032710 [7.021897 / 0.000635]
  4   3   39 0.032615 [7.022270 / 0.000553]
  4   3   79 0.032787 [7.021525 / 0.000819]
  4   3  119 0.032671 [7.022077 / 0.000685]
  4   3  159 0.032638 [7.021118 / 0.000754]
  4   3  199 0.032370 [7.015705 / 0.000901]
  4   3  239 0.032677 [7.017204 / 0.000527]
  4   3  279 0.032513 [7.015492 / 0.000623]
  4   3  319 0.032713 [7.019071 / 0.001021]
  4   3  359 0.032685 [7.017666 / 0.000933]
  4   3  399 0.032576 [7.020740 / 0.000699]
  4   3  439 0.032844 [7.020035 / 0.000549]
  4   4   39 0.032733 [7.017270 / 0.000668]
  4   4   79 0.032287 [7.013207 / 0.000666]
  4   4  119 0.032603 [7.014725 / 0.000867]
  4   4  159 0.032659 [7.015728 / 0.000588]
  4   4  199 0.032480 [7.012399 / 0.000698]
  4   4  239 0.032744 [7.014946 / 0.000851]
  4   4  279 0.032932 [7.018076 / 0.000696]
  4   4  319 0.032549 [7.016260 / 0.000759]
  4   4  359 0.032515 [7.016048 / 0.000541]
  4   4  399 0.032752 [7.017481 / 0.000569]
  4   4  439 0.032738 [7.017564 / 0.000985]
Sequential (
  (0): Conv2d(1, 20, kernel_size=(9, 9), stride=(3, 3), padding=(4, 4))
  (1): MatrixD (factors=4, categories=5, std=20)
  (2): BatchNorm2d(20, eps=1e-05, momentum=0.1, affine=True)
  (3): CatFactor (factors=4, categories=5, stochastic=True)
  (4): ConvTranspose2d(20, 1, kernel_size=(9, 9), stride=(3, 3), padding=(4, 4))
)
Namespace(batch_size=128, cnnc=5, cnnf=4, force_name=False, mode='cnnae_ds', name='cnnae_ds2', nc=10, nf=80, optimizer='Adam', weight_decay=0.0001)
{'lr': 0.001, 'wd': 0.0001}
