Sequential (
  (0): Conv2d(1, 20, kernel_size=(5, 5), stride=(2, 2), padding=(2, 2))
  (1): ReLU ()
  (2): ConvTranspose2d(20, 1, kernel_size=(5, 5), stride=(2, 2), padding=(2, 2), output_padding=(1, 1))
)
Namespace(batch_size=128, cnnc=10, cnnf=20, mode='cnnae_simple', name='cnnae_simple2', nc=10, nf=80, optimizer='Adam', weight_decay=0.0001)
{'lr': 0.001, 'wd': 0.0001}
  0   0   39 0.536047 [2.932706 / 0.021435]
  0   0   79 0.123349 [3.064091 / 0.009694]
  0   0  119 0.070211 [3.100191 / 0.006723]
  0   0  159 0.053484 [3.141366 / 0.005816]
  0   0  199 0.043215 [3.187984 / 0.005431]
  0   0  239 0.035465 [3.240050 / 0.005172]
  0   0  279 0.029283 [3.293041 / 0.004818]
  0   0  319 0.024191 [3.345830 / 0.004529]
  0   0  359 0.020313 [3.395820 / 0.004252]
  0   0  399 0.017051 [3.442194 / 0.003976]
  0   0  439 0.014563 [3.485118 / 0.003868]
  0   1   39 0.010980 [3.551861 / 0.003492]
  0   1   79 0.009368 [3.586213 / 0.003218]
  0   1  119 0.008015 [3.616884 / 0.003008]
  0   1  159 0.006921 [3.642860 / 0.002733]
  0   1  199 0.006059 [3.666076 / 0.002531]
  0   1  239 0.005290 [3.684877 / 0.002373]
  0   1  279 0.004660 [3.701549 / 0.002236]
  0   1  319 0.004127 [3.716327 / 0.002067]
  0   1  359 0.003686 [3.728912 / 0.001934]
  0   1  399 0.003380 [3.740000 / 0.001865]
  0   1  439 0.003004 [3.749364 / 0.001677]
  0   2   39 0.002589 [3.761997 / 0.001512]
  0   2   79 0.002397 [3.767804 / 0.001472]
  0   2  119 0.002209 [3.773006 / 0.001450]
  0   2  159 0.002050 [3.777629 / 0.001360]
  0   2  199 0.001946 [3.782264 / 0.001271]
  0   2  239 0.001828 [3.785847 / 0.001242]
  0   2  279 0.001689 [3.788476 / 0.001198]
  0   2  319 0.001560 [3.791008 / 0.001194]
  0   2  359 0.001502 [3.793457 / 0.001148]
  0   2  399 0.001413 [3.795399 / 0.001135]
  0   2  439 0.001339 [3.797225 / 0.001041]
  0   3   39 0.001205 [3.798579 / 0.001110]
  0   3   79 0.001148 [3.799443 / 0.001024]
  0   3  119 0.001099 [3.799980 / 0.001008]
  0   3  159 0.001021 [3.800382 / 0.000972]
  0   3  199 0.000991 [3.801206 / 0.000986]
  0   3  239 0.000958 [3.801502 / 0.000954]
  0   3  279 0.000899 [3.802097 / 0.000947]
  0   3  319 0.000837 [3.802078 / 0.000883]
  0   3  359 0.000803 [3.802745 / 0.000928]
  0   3  399 0.000769 [3.802623 / 0.000812]
  0   3  439 0.000734 [3.802506 / 0.000804]
  0   4   39 0.000675 [3.802573 / 0.000835]
  0   4   79 0.000678 [3.802151 / 0.000761]
  0   4  119 0.000650 [3.801913 / 0.000818]
  0   4  159 0.000616 [3.801306 / 0.000826]
  0   4  199 0.000613 [3.800597 / 0.000754]
  0   4  239 0.000580 [3.799458 / 0.000742]
  0   4  279 0.000557 [3.798178 / 0.000843]
  0   4  319 0.000532 [3.796878 / 0.000775]
  0   4  359 0.000530 [3.795333 / 0.000781]
  0   4  399 0.000498 [3.793978 / 0.000746]
  0   4  439 0.000493 [3.792183 / 0.000918]
  1   0   39 0.000467 [3.789658 / 0.000376]
  1   0   79 0.000449 [3.789000 / 0.000359]
  1   0  119 0.000460 [3.787947 / 0.000380]
  1   0  159 0.000453 [3.786838 / 0.000425]
  1   0  199 0.000436 [3.785594 / 0.000382]
  1   0  239 0.000442 [3.784546 / 0.000403]
  1   0  279 0.000418 [3.783358 / 0.000388]
  1   0  319 0.000433 [3.782086 / 0.000390]
  1   0  359 0.000423 [3.780801 / 0.000382]
  1   0  399 0.000388 [3.779346 / 0.000400]
  1   0  439 0.000391 [3.777932 / 0.000397]
  1   1   39 0.000400 [3.775575 / 0.000416]
  1   1   79 0.000399 [3.774322 / 0.000402]
  1   1  119 0.000374 [3.772738 / 0.000421]
  1   1  159 0.000372 [3.771094 / 0.000411]
  1   1  199 0.000361 [3.769320 / 0.000401]
  1   1  239 0.000355 [3.767591 / 0.000510]
  1   1  279 0.000344 [3.765796 / 0.000452]
  1   1  319 0.000345 [3.764117 / 0.000486]
  1   1  359 0.000344 [3.762257 / 0.000438]
  1   1  399 0.000331 [3.760207 / 0.000457]
  1   1  439 0.000313 [3.758368 / 0.000546]
  1   2   39 0.000332 [3.754968 / 0.000445]
  1   2   79 0.000305 [3.752736 / 0.000452]
  1   2  119 0.000297 [3.750732 / 0.000449]
  1   2  159 0.000297 [3.748681 / 0.000512]
  1   2  199 0.000295 [3.746271 / 0.000433]
  1   2  239 0.000283 [3.744288 / 0.000430]
  1   2  279 0.000287 [3.742093 / 0.000429]
  1   2  319 0.000292 [3.740018 / 0.000428]
  1   2  359 0.000298 [3.737979 / 0.000519]
  1   2  399 0.000274 [3.735375 / 0.000476]
  1   2  439 0.000277 [3.733084 / 0.000485]
  1   3   39 0.000264 [3.729252 / 0.000474]
  1   3   79 0.000256 [3.726762 / 0.000548]
  1   3  119 0.000259 [3.724436 / 0.000472]
  1   3  159 0.000251 [3.721822 / 0.000477]
  1   3  199 0.000230 [3.719230 / 0.000562]
  1   3  239 0.000240 [3.717023 / 0.000524]
  1   3  279 0.000239 [3.714312 / 0.000433]
  1   3  319 0.000216 [3.711606 / 0.000494]
  1   3  359 0.000222 [3.709129 / 0.000639]
  1   3  399 0.000222 [3.706359 / 0.000484]
  1   3  439 0.000230 [3.703605 / 0.000951]
  1   4   39 0.000199 [3.698151 / 0.000487]
  1   4   79 0.000202 [3.695746 / 0.000514]
  1   4  119 0.000209 [3.692683 / 0.000485]
  1   4  159 0.000209 [3.689495 / 0.000572]
  1   4  199 0.000194 [3.686192 / 0.000638]
  1   4  239 0.000201 [3.683255 / 0.000601]
  1   4  279 0.000203 [3.679998 / 0.000676]
  1   4  319 0.000188 [3.676527 / 0.000501]
  1   4  359 0.000189 [3.673446 / 0.001081]
  1   4  399 0.000182 [3.670246 / 0.000568]
  1   4  439 0.000174 [3.666713 / 0.000657]
  2   0   39 0.000166 [3.662408 / 0.000252]
  2   0   79 0.000174 [3.660755 / 0.000263]
  2   0  119 0.000182 [3.658959 / 0.000277]
  2   0  159 0.000174 [3.656981 / 0.000305]
  2   0  199 0.000170 [3.654805 / 0.000278]
  2   0  239 0.000164 [3.652948 / 0.000276]
  2   0  279 0.000159 [3.650840 / 0.000273]
  2   0  319 0.000160 [3.649013 / 0.000263]
  2   0  359 0.000177 [3.646939 / 0.000288]
  2   0  399 0.000171 [3.645165 / 0.000291]
  2   0  439 0.000153 [3.642916 / 0.000295]
  2   1   39 0.000156 [3.639471 / 0.000296]
  2   1   79 0.000162 [3.637258 / 0.000301]
  2   1  119 0.000160 [3.635411 / 0.000284]
  2   1  159 0.000142 [3.633126 / 0.000282]
  2   1  199 0.000151 [3.631015 / 0.000318]
  2   1  239 0.000151 [3.629081 / 0.000352]
  2   1  279 0.000159 [3.626840 / 0.000335]
  2   1  319 0.000155 [3.624536 / 0.000323]
  2   1  359 0.000138 [3.622340 / 0.000300]
  2   1  399 0.000153 [3.620160 / 0.000323]
  2   1  439 0.000135 [3.617761 / 0.000317]
  2   2   39 0.000144 [3.613803 / 0.000370]
  2   2   79 0.000131 [3.611289 / 0.000348]
  2   2  119 0.000137 [3.609035 / 0.000349]
  2   2  159 0.000136 [3.606541 / 0.000380]
  2   2  199 0.000138 [3.604167 / 0.000324]
  2   2  239 0.000135 [3.601691 / 0.000398]
  2   2  279 0.000136 [3.598874 / 0.000387]
  2   2  319 0.000131 [3.596154 / 0.000427]
  2   2  359 0.000136 [3.593826 / 0.000369]
  2   2  399 0.000125 [3.591292 / 0.000360]
  2   2  439 0.000134 [3.588587 / 0.000406]
  2   3   39 0.000127 [3.583740 / 0.000379]
  2   3   79 0.000123 [3.581586 / 0.000372]
  2   3  119 0.000126 [3.579040 / 0.000434]
  2   3  159 0.000130 [3.576604 / 0.000435]
  2   3  199 0.000135 [3.574001 / 0.000477]
  2   3  239 0.000126 [3.571403 / 0.000366]
  2   3  279 0.000117 [3.568751 / 0.000376]
  2   3  319 0.000114 [3.565482 / 0.000431]
  2   3  359 0.000117 [3.562905 / 0.000368]
  2   3  399 0.000114 [3.560082 / 0.000426]
  2   3  439 0.000114 [3.557311 / 0.000506]
  2   4   39 0.000124 [3.552554 / 0.000429]
  2   4   79 0.000112 [3.549909 / 0.000372]
  2   4  119 0.000106 [3.546955 / 0.000441]
  2   4  159 0.000108 [3.544122 / 0.000370]
  2   4  199 0.000106 [3.541282 / 0.000447]
  2   4  239 0.000105 [3.538437 / 0.000422]
  2   4  279 0.000124 [3.535995 / 0.000431]
  2   4  319 0.000114 [3.533342 / 0.000460]
  2   4  359 0.000103 [3.530652 / 0.000365]
  2   4  399 0.000107 [3.528010 / 0.000393]
  2   4  439 0.000110 [3.525507 / 0.000456]
  3   0   39 0.000099 [3.522167 / 0.000222]
  3   0   79 0.000105 [3.520841 / 0.000210]
  3   0  119 0.000111 [3.519510 / 0.000220]
  3   0  159 0.000100 [3.518079 / 0.000204]
  3   0  199 0.000099 [3.516587 / 0.000224]
  3   0  239 0.000113 [3.515250 / 0.000242]
  3   0  279 0.000097 [3.513594 / 0.000223]
  3   0  319 0.000093 [3.512102 / 0.000242]
  3   0  359 0.000104 [3.510737 / 0.000238]
  3   0  399 0.000100 [3.509301 / 0.000215]
  3   0  439 0.000100 [3.507717 / 0.000242]
  3   1   39 0.000108 [3.505158 / 0.000239]
  3   1   79 0.000100 [3.503652 / 0.000274]
  3   1  119 0.000107 [3.502092 / 0.000228]
  3   1  159 0.000101 [3.500564 / 0.000233]
  3   1  199 0.000104 [3.498983 / 0.000239]
  3   1  239 0.000087 [3.497395 / 0.000265]
  3   1  279 0.000093 [3.495806 / 0.000266]
  3   1  319 0.000101 [3.494269 / 0.000251]
  3   1  359 0.000092 [3.492471 / 0.000307]
  3   1  399 0.000088 [3.490799 / 0.000290]
  3   1  439 0.000093 [3.488911 / 0.000248]
  3   2   39 0.000101 [3.486071 / 0.000271]
  3   2   79 0.000091 [3.484447 / 0.000286]
  3   2  119 0.000085 [3.482603 / 0.000256]
  3   2  159 0.000093 [3.481000 / 0.000287]
  3   2  199 0.000095 [3.479211 / 0.000291]
  3   2  239 0.000092 [3.477542 / 0.000293]
  3   2  279 0.000087 [3.475981 / 0.000319]
  3   2  319 0.000093 [3.474454 / 0.000295]
  3   2  359 0.000087 [3.472663 / 0.000300]
  3   2  399 0.000091 [3.471066 / 0.000292]
  3   2  439 0.000086 [3.469022 / 0.000286]
  3   3   39 0.000079 [3.465980 / 0.000282]
  3   3   79 0.000091 [3.464595 / 0.000276]
  3   3  119 0.000080 [3.462746 / 0.000281]
  3   3  159 0.000090 [3.461188 / 0.000322]
  3   3  199 0.000098 [3.459319 / 0.000346]
  3   3  239 0.000088 [3.457704 / 0.000287]
  3   3  279 0.000088 [3.456074 / 0.000292]
  3   3  319 0.000080 [3.454215 / 0.000305]
  3   3  359 0.000086 [3.452393 / 0.000324]
  3   3  399 0.000089 [3.450519 / 0.000308]
  3   3  439 0.000081 [3.448773 / 0.000339]
  3   4   39 0.000089 [3.446157 / 0.000308]
  3   4   79 0.000083 [3.444359 / 0.000334]
  3   4  119 0.000084 [3.442209 / 0.000298]
  3   4  159 0.000079 [3.440703 / 0.000383]
  3   4  199 0.000075 [3.439028 / 0.000334]
  3   4  239 0.000080 [3.437465 / 0.000324]
  3   4  279 0.000080 [3.435368 / 0.000345]
  3   4  319 0.000074 [3.433676 / 0.000315]
  3   4  359 0.000086 [3.432078 / 0.000304]
  3   4  399 0.000088 [3.430400 / 0.000344]
  3   4  439 0.000068 [3.428486 / 0.000332]
  4   0   39 0.000078 [3.426856 / 0.000187]
  4   0   79 0.000077 [3.425877 / 0.000186]
  4   0  119 0.000085 [3.424961 / 0.000186]
  4   0  159 0.000082 [3.424103 / 0.000201]
  4   0  199 0.000074 [3.423222 / 0.000194]
  4   0  239 0.000070 [3.422207 / 0.000187]
  4   0  279 0.000074 [3.421378 / 0.000189]
  4   0  319 0.000072 [3.420463 / 0.000199]
  4   0  359 0.000081 [3.419899 / 0.000189]
  4   0  399 0.000076 [3.418994 / 0.000195]
  4   0  439 0.000074 [3.418190 / 0.000184]
  4   1   39 0.000077 [3.416639 / 0.000210]
  4   1   79 0.000072 [3.415582 / 0.000197]
  4   1  119 0.000073 [3.414729 / 0.000222]
  4   1  159 0.000070 [3.413787 / 0.000186]
  4   1  199 0.000073 [3.413011 / 0.000202]
  4   1  239 0.000081 [3.412287 / 0.000222]
  4   1  279 0.000073 [3.411178 / 0.000211]
  4   1  319 0.000069 [3.410168 / 0.000200]
  4   1  359 0.000084 [3.409347 / 0.000207]
  4   1  399 0.000070 [3.408311 / 0.000234]
  4   1  439 0.000070 [3.407098 / 0.000249]
  4   2   39 0.000070 [3.405406 / 0.000203]
  4   2   79 0.000071 [3.404509 / 0.000224]
  4   2  119 0.000068 [3.403290 / 0.000211]
  4   2  159 0.000066 [3.402366 / 0.000214]
  4   2  199 0.000076 [3.401509 / 0.000258]
  4   2  239 0.000070 [3.400367 / 0.000212]
  4   2  279 0.000077 [3.399576 / 0.000232]
  4   2  319 0.000070 [3.398416 / 0.000215]
  4   2  359 0.000070 [3.397607 / 0.000222]
  4   2  399 0.000072 [3.396480 / 0.000215]
  4   2  439 0.000066 [3.395360 / 0.000229]
  4   3   39 0.000071 [3.393641 / 0.000261]
  4   3   79 0.000070 [3.392592 / 0.000216]
  4   3  119 0.000067 [3.391458 / 0.000226]
  4   3  159 0.000062 [3.390370 / 0.000202]
  4   3  199 0.000063 [3.389850 / 0.000231]
  4   3  239 0.000068 [3.388695 / 0.000236]
  4   3  279 0.000063 [3.387949 / 0.000263]
  4   3  319 0.000066 [3.386946 / 0.000259]
  4   3  359 0.000068 [3.385811 / 0.000266]
  4   3  399 0.000071 [3.385180 / 0.000250]
  4   3  439 0.000065 [3.383962 / 0.000207]
  4   4   39 0.000064 [3.382440 / 0.000250]
  4   4   79 0.000065 [3.381390 / 0.000247]
  4   4  119 0.000061 [3.380502 / 0.000222]
  4   4  159 0.000065 [3.379413 / 0.000217]
  4   4  199 0.000065 [3.378243 / 0.000254]
  4   4  239 0.000065 [3.377230 / 0.000237]
  4   4  279 0.000066 [3.376364 / 0.000223]
  4   4  319 0.000062 [3.375542 / 0.000213]
  4   4  359 0.000063 [3.374468 / 0.000257]
  4   4  399 0.000069 [3.373738 / 0.000287]
  4   4  439 0.000060 [3.372689 / 0.000239]
Sequential (
  (0): Conv2d(1, 20, kernel_size=(5, 5), stride=(2, 2), padding=(2, 2))
  (1): ReLU ()
  (2): ConvTranspose2d(20, 1, kernel_size=(5, 5), stride=(2, 2), padding=(2, 2), output_padding=(1, 1))
)
Namespace(batch_size=128, cnnc=10, cnnf=20, mode='cnnae_simple', name='cnnae_simple2', nc=10, nf=80, optimizer='Adam', weight_decay=0.0001)
{'lr': 0.001, 'wd': 0.0001}
