Sequential (
  (0): Conv2d(1, 20, kernel_size=(5, 5), stride=(2, 2), padding=(2, 2))
  (1): MatrixD (factors=4, categories=5, std=20)
  (2): BatchNorm2d(20, eps=1e-05, momentum=0.1, affine=True)
  (3): CatFactor (factors=4, categories=5, stochastic=True)
  (4): ConvTranspose2d(20, 1, kernel_size=(5, 5), stride=(2, 2), padding=(2, 2), output_padding=(1, 1))
)
Namespace(batch_size=128, cnnc=5, cnnf=4, force_name=False, mode='cnnae_ds', name='cnnae_ds1', nc=10, nf=80, optimizer='Adam', weight_decay=0.0001)
{'lr': 0.001, 'wd': 0.0001}
  0   0   39 0.761889 [4.131209 / 0.026477]
  0   0   79 0.375196 [4.406938 / 0.019367]
  0   0  119 0.222405 [4.576876 / 0.014753]
  0   0  159 0.161064 [4.698007 / 0.012529]
  0   0  199 0.131727 [4.796458 / 0.011737]
  0   0  239 0.112632 [4.885716 / 0.011559]
  0   0  279 0.098950 [4.971534 / 0.010008]
  0   0  319 0.087412 [5.057458 / 0.009403]
  0   0  359 0.078425 [5.141831 / 0.008941]
  0   0  399 0.070782 [5.225684 / 0.008642]
  0   0  439 0.063256 [5.296364 / 0.008545]
  0   1   39 0.055055 [5.430121 / 0.010195]
  0   1   79 0.049374 [5.498180 / 0.008725]
  0   1  119 0.043446 [5.559254 / 0.007584]
  0   1  159 0.038653 [5.610025 / 0.006501]
  0   1  199 0.034621 [5.653600 / 0.007492]
  0   1  239 0.031865 [5.692352 / 0.007253]
  0   1  279 0.029157 [5.724750 / 0.007104]
  0   1  319 0.027369 [5.752091 / 0.005835]
  0   1  359 0.025521 [5.775036 / 0.007206]
  0   1  399 0.024066 [5.795500 / 0.005673]
  0   1  439 0.022581 [5.811916 / 0.004815]
  0   2   39 0.021064 [5.837112 / 0.007672]
  0   2   79 0.019729 [5.844838 / 0.004238]
  0   2  119 0.019327 [5.860943 / 0.004154]
  0   2  159 0.018179 [5.865578 / 0.006182]
  0   2  199 0.017495 [5.877869 / 0.006353]
  0   2  239 0.016698 [5.890183 / 0.004781]
  0   2  279 0.016109 [5.894962 / 0.005116]
  0   2  319 0.015286 [5.899396 / 0.005587]
  0   2  359 0.014948 [5.914058 / 0.004221]
  0   2  399 0.014570 [5.917297 / 0.003048]
  0   2  439 0.014058 [5.922979 / 0.002832]
  0   3   39 0.013567 [5.929201 / 0.003946]
  0   3   79 0.013120 [5.938084 / 0.004893]
  0   3  119 0.012999 [5.941634 / 0.005895]
  0   3  159 0.012825 [5.946067 / 0.003008]
  0   3  199 0.012373 [5.947327 / 0.005306]
  0   3  239 0.011776 [5.951431 / 0.002140]
  0   3  279 0.011581 [5.959437 / 0.003297]
  0   3  319 0.011496 [5.967294 / 0.005244]
  0   3  359 0.011298 [5.962935 / 0.002584]
  0   3  399 0.011021 [5.973408 / 0.005722]
  0   3  439 0.010473 [5.966875 / 0.003322]
  0   4   39 0.009982 [5.977978 / 0.003568]
  0   4   79 0.009717 [5.994307 / 0.003315]
  0   4  119 0.009607 [5.984382 / 0.004567]
  0   4  159 0.009125 [5.990387 / 0.004045]
  0   4  199 0.008839 [5.996545 / 0.003050]
  0   4  239 0.008556 [6.007923 / 0.006920]
  0   4  279 0.008109 [6.005457 / 0.005461]
  0   4  319 0.008045 [6.015744 / 0.004755]
  0   4  359 0.007729 [6.019850 / 0.003681]
  0   4  399 0.007444 [6.032798 / 0.002319]
  0   4  439 0.007320 [6.029842 / 0.003765]
  1   0   39 0.006921 [6.040040 / 0.002088]
  1   0   79 0.006729 [6.039553 / 0.002601]
  1   0  119 0.006659 [6.034998 / 0.002943]
  1   0  159 0.006520 [6.037299 / 0.001948]
  1   0  199 0.006416 [6.039980 / 0.001294]
  1   0  239 0.006443 [6.044991 / 0.003253]
  1   0  279 0.006407 [6.048049 / 0.001955]
  1   0  319 0.006502 [6.048585 / 0.001848]
  1   0  359 0.006325 [6.051279 / 0.001013]
  1   0  399 0.006231 [6.042305 / 0.002518]
  1   0  439 0.006071 [6.044662 / 0.001710]
  1   1   39 0.006021 [6.050425 / 0.001752]
  1   1   79 0.006088 [6.048836 / 0.001633]
  1   1  119 0.005986 [6.044651 / 0.003216]
  1   1  159 0.006082 [6.046886 / 0.002230]
  1   1  199 0.006019 [6.052217 / 0.003691]
  1   1  239 0.005778 [6.047204 / 0.001368]
  1   1  279 0.005866 [6.042395 / 0.003222]
  1   1  319 0.005905 [6.046709 / 0.002037]
  1   1  359 0.006012 [6.048874 / 0.004716]
  1   1  399 0.005998 [6.045598 / 0.004094]
  1   1  439 0.005796 [6.047143 / 0.002513]
  1   2   39 0.005735 [6.050777 / 0.002836]
  1   2   79 0.005698 [6.052620 / 0.000888]
  1   2  119 0.005659 [6.041279 / 0.002323]
  1   2  159 0.005651 [6.046028 / 0.001915]
  1   2  199 0.005614 [6.045829 / 0.001435]
  1   2  239 0.005530 [6.038182 / 0.001683]
  1   2  279 0.005551 [6.040021 / 0.002083]
  1   2  319 0.005407 [6.041909 / 0.001690]
  1   2  359 0.005695 [6.049089 / 0.002451]
  1   2  399 0.005404 [6.046645 / 0.001309]
  1   2  439 0.005513 [6.041013 / 0.002320]
  1   3   39 0.005561 [6.040666 / 0.001209]
  1   3   79 0.005485 [6.043045 / 0.003348]
  1   3  119 0.005333 [6.040190 / 0.001644]
  1   3  159 0.005519 [6.040037 / 0.002907]
  1   3  199 0.005424 [6.044726 / 0.002792]
  1   3  239 0.005311 [6.034542 / 0.003683]
  1   3  279 0.005399 [6.044474 / 0.003778]
  1   3  319 0.005282 [6.041372 / 0.002106]
  1   3  359 0.005190 [6.036671 / 0.001718]
  1   3  399 0.005333 [6.032450 / 0.003029]
  1   3  439 0.005202 [6.034665 / 0.000856]
  1   4   39 0.005269 [6.029285 / 0.001299]
  1   4   79 0.005211 [6.032388 / 0.003223]
  1   4  119 0.005191 [6.029060 / 0.003331]
  1   4  159 0.005132 [6.023576 / 0.001538]
  1   4  199 0.005109 [6.022581 / 0.002282]
  1   4  239 0.005220 [6.024547 / 0.002660]
  1   4  279 0.005026 [6.028404 / 0.002737]
  1   4  319 0.005129 [6.027825 / 0.001756]
  1   4  359 0.005215 [6.025497 / 0.002659]
  1   4  399 0.005095 [6.027308 / 0.004474]
  1   4  439 0.005047 [6.025232 / 0.002051]
  2   0   39 0.004887 [6.022669 / 0.001143]
  2   0   79 0.004888 [6.022555 / 0.000819]
  2   0  119 0.004920 [6.022242 / 0.001618]
  2   0  159 0.004817 [6.022467 / 0.001057]
  2   0  199 0.004838 [6.022514 / 0.000747]
  2   0  239 0.004804 [6.015985 / 0.001790]
  2   0  279 0.004884 [6.014061 / 0.000636]
  2   0  319 0.004779 [6.018021 / 0.000769]
  2   0  359 0.004655 [6.014008 / 0.001276]
  2   0  399 0.004791 [6.016719 / 0.002420]
  2   0  439 0.004743 [6.013549 / 0.000898]
  2   1   39 0.004726 [6.013975 / 0.000711]
  2   1   79 0.004813 [6.014141 / 0.000999]
  2   1  119 0.004718 [6.010607 / 0.002871]
  2   1  159 0.004575 [6.010132 / 0.000656]
  2   1  199 0.004627 [6.009321 / 0.002259]
  2   1  239 0.004564 [6.008640 / 0.000883]
  2   1  279 0.004644 [6.009557 / 0.001264]
  2   1  319 0.004575 [6.004311 / 0.000828]
  2   1  359 0.004527 [6.001622 / 0.001188]
  2   1  399 0.004521 [6.003615 / 0.000876]
  2   1  439 0.004522 [6.006082 / 0.001434]
  2   2   39 0.004344 [6.005619 / 0.001269]
  2   2   79 0.004384 [6.000605 / 0.001707]
  2   2  119 0.004491 [6.001706 / 0.002567]
  2   2  159 0.004357 [5.999493 / 0.000880]
  2   2  199 0.004666 [6.001096 / 0.001207]
  2   2  239 0.004446 [5.999350 / 0.000888]
  2   2  279 0.004554 [5.994927 / 0.000831]
  2   2  319 0.004235 [5.997674 / 0.001239]
  2   2  359 0.004244 [5.996005 / 0.001143]
  2   2  399 0.004134 [5.994711 / 0.001130]
  2   2  439 0.004158 [5.993778 / 0.000978]
  2   3   39 0.004378 [5.998185 / 0.000896]
  2   3   79 0.004229 [5.990183 / 0.002090]
  2   3  119 0.004116 [5.990260 / 0.001065]
  2   3  159 0.003997 [5.987689 / 0.002231]
  2   3  199 0.004041 [5.992088 / 0.001620]
  2   3  239 0.003989 [5.985808 / 0.002146]
  2   3  279 0.004096 [5.994999 / 0.001067]
  2   3  319 0.003900 [5.986492 / 0.001399]
  2   3  359 0.003906 [5.990368 / 0.001287]
  2   3  399 0.003988 [5.984382 / 0.001353]
  2   3  439 0.004166 [5.983584 / 0.001507]
  2   4   39 0.003916 [5.984954 / 0.001181]
  2   4   79 0.003910 [5.984569 / 0.001162]
  2   4  119 0.003891 [5.984532 / 0.001051]
  2   4  159 0.003853 [5.976860 / 0.003129]
  2   4  199 0.003697 [5.982812 / 0.001225]
  2   4  239 0.003879 [5.977629 / 0.001834]
  2   4  279 0.003606 [5.979957 / 0.000790]
  2   4  319 0.003699 [5.980038 / 0.003348]
  2   4  359 0.003623 [5.983682 / 0.001557]
  2   4  399 0.003597 [5.981602 / 0.002391]
  2   4  439 0.003538 [5.979519 / 0.000803]
  3   0   39 0.003489 [5.981338 / 0.000782]
  3   0   79 0.003442 [5.983784 / 0.001398]
  3   0  119 0.003291 [5.981024 / 0.001076]
  3   0  159 0.003349 [5.975768 / 0.000853]
  3   0  199 0.003491 [5.978484 / 0.001670]
  3   0  239 0.003287 [5.974915 / 0.000447]
  3   0  279 0.003367 [5.974721 / 0.000571]
  3   0  319 0.003312 [5.977064 / 0.001303]
  3   0  359 0.003270 [5.975034 / 0.000778]
  3   0  399 0.003225 [5.975042 / 0.000545]
  3   0  439 0.003174 [5.976590 / 0.000382]
  3   1   39 0.003221 [5.975281 / 0.000495]
  3   1   79 0.003180 [5.974872 / 0.001109]
  3   1  119 0.003267 [5.970054 / 0.000612]
  3   1  159 0.003106 [5.974546 / 0.000806]
  3   1  199 0.003184 [5.973975 / 0.000503]
  3   1  239 0.003215 [5.975260 / 0.000834]
  3   1  279 0.003169 [5.975979 / 0.000476]
  3   1  319 0.003081 [5.973284 / 0.000380]
  3   1  359 0.003189 [5.971913 / 0.000971]
  3   1  399 0.003024 [5.974272 / 0.001089]
  3   1  439 0.003051 [5.976498 / 0.000940]
  3   2   39 0.002968 [5.972707 / 0.000440]
  3   2   79 0.002879 [5.976483 / 0.000671]
  3   2  119 0.002867 [5.972626 / 0.000497]
  3   2  159 0.002844 [5.968745 / 0.000576]
  3   2  199 0.002916 [5.969383 / 0.001386]
  3   2  239 0.002830 [5.970055 / 0.000456]
  3   2  279 0.002921 [5.975512 / 0.000564]
  3   2  319 0.002919 [5.971458 / 0.000795]
  3   2  359 0.002859 [5.972962 / 0.000463]
  3   2  399 0.002872 [5.971926 / 0.000678]
  3   2  439 0.002722 [5.969286 / 0.001244]
  3   3   39 0.002752 [5.974821 / 0.000831]
  3   3   79 0.002718 [5.972892 / 0.000595]
  3   3  119 0.002535 [5.970209 / 0.000421]
  3   3  159 0.002576 [5.969141 / 0.000766]
  3   3  199 0.002533 [5.968539 / 0.000553]
  3   3  239 0.002447 [5.970085 / 0.000708]
  3   3  279 0.002427 [5.967406 / 0.000868]
  3   3  319 0.002440 [5.970062 / 0.001093]
  3   3  359 0.002537 [5.967068 / 0.001027]
  3   3  399 0.002378 [5.970735 / 0.000511]
  3   3  439 0.002406 [5.970353 / 0.000876]
  3   4   39 0.002403 [5.970751 / 0.000460]
  3   4   79 0.002367 [5.971215 / 0.000697]
  3   4  119 0.002254 [5.970964 / 0.000773]
  3   4  159 0.002359 [5.971227 / 0.000729]
  3   4  199 0.002281 [5.968329 / 0.000531]
  3   4  239 0.002201 [5.970818 / 0.000440]
  3   4  279 0.002237 [5.965176 / 0.001211]
  3   4  319 0.002043 [5.968967 / 0.000772]
  3   4  359 0.002023 [5.965412 / 0.000813]
  3   4  399 0.002240 [5.967174 / 0.001208]
  3   4  439 0.002039 [5.969742 / 0.000612]
  4   0   39 0.002007 [5.972136 / 0.000244]
  4   0   79 0.002012 [5.970178 / 0.000229]
  4   0  119 0.001933 [5.970706 / 0.000292]
  4   0  159 0.001985 [5.969557 / 0.000487]
  4   0  199 0.001914 [5.969554 / 0.000363]
  4   0  239 0.001870 [5.967924 / 0.000397]
  4   0  279 0.001877 [5.969808 / 0.000825]
  4   0  319 0.001837 [5.970479 / 0.000479]
  4   0  359 0.001912 [5.969024 / 0.000317]
  4   0  399 0.001846 [5.969896 / 0.000356]
  4   0  439 0.001773 [5.969090 / 0.000242]
  4   1   39 0.001706 [5.967626 / 0.000311]
  4   1   79 0.002005 [5.971596 / 0.000484]
  4   1  119 0.001680 [5.969414 / 0.000359]
  4   1  159 0.001750 [5.969017 / 0.000270]
  4   1  199 0.001794 [5.971374 / 0.000518]
  4   1  239 0.001730 [5.967194 / 0.000392]
  4   1  279 0.001627 [5.970487 / 0.000374]
  4   1  319 0.001877 [5.971723 / 0.000322]
  4   1  359 0.001541 [5.969306 / 0.000318]
  4   1  399 0.001678 [5.969356 / 0.000382]
  4   1  439 0.001466 [5.970115 / 0.000269]
  4   2   39 0.001554 [5.971067 / 0.000640]
  4   2   79 0.001607 [5.971652 / 0.000580]
  4   2  119 0.001549 [5.970163 / 0.000558]
  4   2  159 0.001626 [5.970011 / 0.000227]
  4   2  199 0.001485 [5.970407 / 0.000444]
  4   2  239 0.001468 [5.967003 / 0.000229]
  4   2  279 0.001539 [5.968564 / 0.000295]
  4   2  319 0.001449 [5.972836 / 0.000435]
  4   2  359 0.001551 [5.971386 / 0.000281]
  4   2  399 0.001500 [5.969763 / 0.000314]
  4   2  439 0.001378 [5.969100 / 0.000267]
  4   3   39 0.001461 [5.967676 / 0.000559]
  4   3   79 0.001517 [5.971703 / 0.000532]
  4   3  119 0.001370 [5.969642 / 0.000421]
  4   3  159 0.001452 [5.969510 / 0.000377]
  4   3  199 0.001364 [5.971636 / 0.000257]
  4   3  239 0.001385 [5.969474 / 0.000627]
  4   3  279 0.001400 [5.971379 / 0.000314]
  4   3  319 0.001376 [5.970722 / 0.000445]
  4   3  359 0.001458 [5.969702 / 0.000615]
  4   3  399 0.001323 [5.971376 / 0.000489]
  4   3  439 0.001414 [5.971880 / 0.000400]
  4   4   39 0.001369 [5.968240 / 0.000761]
  4   4   79 0.001443 [5.971029 / 0.000709]
  4   4  119 0.001243 [5.971413 / 0.000404]
  4   4  159 0.001367 [5.969571 / 0.000238]
  4   4  199 0.001232 [5.970623 / 0.000365]
  4   4  239 0.001285 [5.971193 / 0.000606]
  4   4  279 0.001231 [5.970297 / 0.000246]
  4   4  319 0.001242 [5.969515 / 0.000245]
  4   4  359 0.001289 [5.969885 / 0.000358]
  4   4  399 0.001233 [5.968646 / 0.000653]
  4   4  439 0.001276 [5.971503 / 0.000536]
Sequential (
  (0): Conv2d(1, 20, kernel_size=(5, 5), stride=(2, 2), padding=(2, 2))
  (1): MatrixD (factors=4, categories=5, std=20)
  (2): BatchNorm2d(20, eps=1e-05, momentum=0.1, affine=True)
  (3): CatFactor (factors=4, categories=5, stochastic=True)
  (4): ConvTranspose2d(20, 1, kernel_size=(5, 5), stride=(2, 2), padding=(2, 2), output_padding=(1, 1))
)
Namespace(batch_size=128, cnnc=5, cnnf=4, force_name=False, mode='cnnae_ds', name='cnnae_ds1', nc=10, nf=80, optimizer='Adam', weight_decay=0.0001)
{'lr': 0.001, 'wd': 0.0001}
