Sequential (
  (0): Conv2d(1, 4, kernel_size=(9, 9), stride=(3, 3), padding=(4, 4))
  (1): ReLU ()
  (2): ConvTranspose2d(4, 1, kernel_size=(9, 9), stride=(3, 3), padding=(4, 4))
)
Namespace(batch_size=128, cnnc=10, cnnf=4, force_name=False, mode='cnnae_simple', name='cnnae_simple10', nc=10, nf=80, optimizer='Adam', weight_decay=0.0001)
{'lr': 0.001, 'wd': 0.0001}
  0   0   39 0.768844 [1.650144 / 0.018744]
  0   0   79 0.449281 [1.856690 / 0.016445]
  0   0  119 0.283688 [2.113984 / 0.012172]
  0   0  159 0.204685 [2.281347 / 0.009202]
  0   0  199 0.166844 [2.381202 / 0.007126]
  0   0  239 0.147336 [2.443003 / 0.006107]
  0   0  279 0.135582 [2.487681 / 0.005461]
  0   0  319 0.125666 [2.524818 / 0.004834]
  0   0  359 0.117993 [2.556144 / 0.004526]
  0   0  399 0.112960 [2.582841 / 0.004407]
  0   0  439 0.107807 [2.605963 / 0.004139]
  0   1   39 0.100141 [2.643588 / 0.003872]
  0   1   79 0.094898 [2.662625 / 0.003923]
  0   1  119 0.091787 [2.683236 / 0.003908]
  0   1  159 0.088347 [2.706453 / 0.003870]
  0   1  199 0.084976 [2.730142 / 0.003843]
  0   1  239 0.081787 [2.755372 / 0.003979]
  0   1  279 0.078555 [2.788285 / 0.004301]
  0   1  319 0.075071 [2.820657 / 0.004659]
  0   1  359 0.070521 [2.857163 / 0.004745]
  0   1  399 0.066763 [2.897521 / 0.004660]
  0   1  439 0.062841 [2.938645 / 0.004288]
  0   2   39 0.057929 [3.008874 / 0.003897]
  0   2   79 0.055761 [3.048256 / 0.003567]
  0   2  119 0.053836 [3.086060 / 0.003588]
  0   2  159 0.051849 [3.123527 / 0.003494]
  0   2  199 0.049875 [3.159406 / 0.003466]
  0   2  239 0.048483 [3.197384 / 0.003480]
  0   2  279 0.046565 [3.232955 / 0.003307]
  0   2  319 0.045455 [3.268269 / 0.003308]
  0   2  359 0.043824 [3.300887 / 0.003215]
  0   2  399 0.042828 [3.332194 / 0.003137]
  0   2  439 0.042131 [3.361802 / 0.002938]
  0   3   39 0.040686 [3.407871 / 0.002672]
  0   3   79 0.039865 [3.431772 / 0.002729]
  0   3  119 0.039450 [3.454671 / 0.002388]
  0   3  159 0.038761 [3.474491 / 0.002618]
  0   3  199 0.038555 [3.493080 / 0.002149]
  0   3  239 0.038088 [3.510287 / 0.002401]
  0   3  279 0.037788 [3.526524 / 0.002272]
  0   3  319 0.037504 [3.540941 / 0.002062]
  0   3  359 0.037217 [3.554409 / 0.002128]
  0   3  399 0.037141 [3.566684 / 0.002090]
  0   3  439 0.036927 [3.578443 / 0.002392]
  0   4   39 0.036445 [3.596743 / 0.001929]
  0   4   79 0.036600 [3.606678 / 0.002207]
  0   4  119 0.036316 [3.616049 / 0.002493]
  0   4  159 0.036292 [3.625191 / 0.002298]
  0   4  199 0.036341 [3.633962 / 0.001957]
  0   4  239 0.036021 [3.642125 / 0.001948]
  0   4  279 0.035896 [3.649577 / 0.002091]
  0   4  319 0.035627 [3.657244 / 0.002742]
  0   4  359 0.035466 [3.664769 / 0.002216]
  0   4  399 0.035819 [3.671666 / 0.001848]
  0   4  439 0.035441 [3.678587 / 0.002368]
  1   0   39 0.035563 [3.686795 / 0.000981]
  1   0   79 0.035373 [3.689733 / 0.001054]
  1   0  119 0.035398 [3.693089 / 0.000896]
  1   0  159 0.035296 [3.696070 / 0.000899]
  1   0  199 0.035425 [3.699150 / 0.001383]
  1   0  239 0.035399 [3.702177 / 0.001038]
  1   0  279 0.035174 [3.705375 / 0.000956]
  1   0  319 0.035006 [3.708877 / 0.001360]
  1   0  359 0.035085 [3.712027 / 0.001376]
  1   0  399 0.034998 [3.715044 / 0.001313]
  1   0  439 0.035105 [3.718135 / 0.000960]
  1   1   39 0.035199 [3.723238 / 0.001121]
  1   1   79 0.034908 [3.726298 / 0.001197]
  1   1  119 0.034786 [3.729366 / 0.001118]
  1   1  159 0.034911 [3.732891 / 0.001220]
  1   1  199 0.035190 [3.736149 / 0.001690]
  1   1  239 0.034761 [3.739511 / 0.001308]
  1   1  279 0.034717 [3.742818 / 0.001363]
  1   1  319 0.034663 [3.745861 / 0.001417]
  1   1  359 0.034886 [3.748798 / 0.001429]
  1   1  399 0.034654 [3.752268 / 0.001031]
  1   1  439 0.034997 [3.755599 / 0.001537]
  1   2   39 0.034734 [3.761420 / 0.001631]
  1   2   79 0.034430 [3.764639 / 0.000970]
  1   2  119 0.034670 [3.767472 / 0.001426]
  1   2  159 0.034701 [3.770563 / 0.001369]
  1   2  199 0.034436 [3.773549 / 0.001095]
  1   2  239 0.034570 [3.776868 / 0.001519]
  1   2  279 0.034417 [3.779919 / 0.001074]
  1   2  319 0.034570 [3.782594 / 0.001463]
  1   2  359 0.034599 [3.785592 / 0.001592]
  1   2  399 0.034470 [3.788482 / 0.001255]
  1   2  439 0.034572 [3.791602 / 0.001483]
  1   3   39 0.034319 [3.797356 / 0.001420]
  1   3   79 0.034325 [3.801423 / 0.001729]
  1   3  119 0.034489 [3.806370 / 0.001336]
  1   3  159 0.034202 [3.811847 / 0.001610]
  1   3  199 0.034227 [3.816859 / 0.001209]
  1   3  239 0.034020 [3.821496 / 0.002320]
  1   3  279 0.034292 [3.826257 / 0.001476]
  1   3  319 0.034302 [3.831100 / 0.001433]
  1   3  359 0.034247 [3.835181 / 0.001277]
  1   3  399 0.033898 [3.839073 / 0.001704]
  1   3  439 0.033962 [3.843697 / 0.001612]
  1   4   39 0.033976 [3.851256 / 0.001264]
  1   4   79 0.033967 [3.855141 / 0.001321]
  1   4  119 0.034120 [3.858999 / 0.001868]
  1   4  159 0.034201 [3.862736 / 0.001805]
  1   4  199 0.034188 [3.866478 / 0.001332]
  1   4  239 0.033852 [3.870209 / 0.001291]
  1   4  279 0.033961 [3.874223 / 0.001391]
  1   4  319 0.033956 [3.877662 / 0.001917]
  1   4  359 0.033936 [3.881438 / 0.001514]
  1   4  399 0.033958 [3.884744 / 0.001881]
  1   4  439 0.033680 [3.887992 / 0.001706]
  2   0   39 0.033586 [3.891946 / 0.000685]
  2   0   79 0.034049 [3.893658 / 0.000611]
  2   0  119 0.034050 [3.895652 / 0.000834]
  2   0  159 0.033718 [3.897350 / 0.000886]
  2   0  199 0.033832 [3.898867 / 0.000784]
  2   0  239 0.033692 [3.900435 / 0.000640]
  2   0  279 0.033717 [3.902021 / 0.000758]
  2   0  319 0.033837 [3.903748 / 0.000818]
  2   0  359 0.033802 [3.905654 / 0.000810]
  2   0  399 0.033790 [3.907589 / 0.000698]
  2   0  439 0.033926 [3.909477 / 0.000713]
  2   1   39 0.033695 [3.912300 / 0.001280]
  2   1   79 0.033619 [3.914051 / 0.000754]
  2   1  119 0.033608 [3.915991 / 0.000850]
  2   1  159 0.033721 [3.917618 / 0.000880]
  2   1  199 0.033731 [3.919364 / 0.000914]
  2   1  239 0.033916 [3.921085 / 0.000773]
  2   1  279 0.033846 [3.923069 / 0.000762]
  2   1  319 0.033814 [3.924903 / 0.000919]
  2   1  359 0.033925 [3.926409 / 0.000790]
  2   1  399 0.033796 [3.927898 / 0.000721]
  2   1  439 0.033515 [3.929725 / 0.000932]
  2   2   39 0.033882 [3.932727 / 0.000711]
  2   2   79 0.033771 [3.934616 / 0.001294]
  2   2  119 0.033587 [3.936247 / 0.001075]
  2   2  159 0.033602 [3.937688 / 0.001117]
  2   2  199 0.033801 [3.939544 / 0.000849]
  2   2  239 0.033973 [3.941625 / 0.001211]
  2   2  279 0.033369 [3.943019 / 0.000739]
  2   2  319 0.033386 [3.944724 / 0.000722]
  2   2  359 0.033787 [3.946348 / 0.000916]
  2   2  399 0.033490 [3.947743 / 0.000816]
  2   2  439 0.033655 [3.949324 / 0.001016]
  2   3   39 0.033629 [3.952346 / 0.000787]
  2   3   79 0.033434 [3.954122 / 0.001016]
  2   3  119 0.033403 [3.955365 / 0.000911]
  2   3  159 0.033709 [3.957189 / 0.000914]
  2   3  199 0.033428 [3.958745 / 0.000956]
  2   3  239 0.033789 [3.960511 / 0.001039]
  2   3  279 0.033809 [3.962010 / 0.000859]
  2   3  319 0.033572 [3.963862 / 0.001033]
  2   3  359 0.033640 [3.965388 / 0.000976]
  2   3  399 0.033614 [3.967263 / 0.000792]
  2   3  439 0.033651 [3.968960 / 0.000868]
  2   4   39 0.033681 [3.971742 / 0.001253]
  2   4   79 0.033642 [3.973422 / 0.000696]
  2   4  119 0.033507 [3.975192 / 0.001061]
  2   4  159 0.033672 [3.976617 / 0.000898]
  2   4  199 0.033755 [3.978341 / 0.000869]
  2   4  239 0.033580 [3.979872 / 0.000889]
  2   4  279 0.033511 [3.981126 / 0.000994]
  2   4  319 0.033567 [3.982607 / 0.000966]
  2   4  359 0.033699 [3.984018 / 0.000876]
  2   4  399 0.033338 [3.985470 / 0.000880]
  2   4  439 0.033317 [3.986945 / 0.000878]
  3   0   39 0.033338 [3.988913 / 0.000407]
  3   0   79 0.033891 [3.989711 / 0.000431]
  3   0  119 0.033452 [3.990702 / 0.000456]
  3   0  159 0.033502 [3.991381 / 0.000480]
  3   0  199 0.033578 [3.992218 / 0.000535]
  3   0  239 0.033631 [3.993076 / 0.000631]
  3   0  279 0.033329 [3.993672 / 0.000395]
  3   0  319 0.033302 [3.994462 / 0.000363]
  3   0  359 0.033569 [3.995221 / 0.000482]
  3   0  399 0.033481 [3.996216 / 0.000396]
  3   0  439 0.033556 [3.996856 / 0.000444]
  3   1   39 0.033645 [3.998425 / 0.000517]
  3   1   79 0.033549 [3.999335 / 0.000492]
  3   1  119 0.033411 [4.000153 / 0.000464]
  3   1  159 0.033481 [4.001222 / 0.000493]
  3   1  199 0.033722 [4.001954 / 0.000453]
  3   1  239 0.033594 [4.002827 / 0.000518]
  3   1  279 0.033538 [4.003708 / 0.000539]
  3   1  319 0.033514 [4.004440 / 0.000494]
  3   1  359 0.033051 [4.005047 / 0.000657]
  3   1  399 0.033527 [4.005876 / 0.000592]
  3   1  439 0.033245 [4.006620 / 0.000583]
  3   2   39 0.033353 [4.008364 / 0.000630]
  3   2   79 0.033583 [4.009041 / 0.000445]
  3   2  119 0.033382 [4.009898 / 0.000529]
  3   2  159 0.033626 [4.010726 / 0.000406]
  3   2  199 0.033640 [4.011860 / 0.000532]
  3   2  239 0.033361 [4.012492 / 0.000445]
  3   2  279 0.033549 [4.013066 / 0.000580]
  3   2  319 0.033271 [4.014144 / 0.000592]
  3   2  359 0.033756 [4.015028 / 0.000606]
  3   2  399 0.033143 [4.015828 / 0.000565]
  3   2  439 0.033392 [4.016698 / 0.000437]
  3   3   39 0.033339 [4.017971 / 0.000502]
  3   3   79 0.033476 [4.018728 / 0.000634]
  3   3  119 0.033228 [4.019541 / 0.000589]
  3   3  159 0.033610 [4.020365 / 0.000607]
  3   3  199 0.033512 [4.021356 / 0.000476]
  3   3  239 0.033387 [4.022218 / 0.000474]
  3   3  279 0.033527 [4.022986 / 0.000474]
  3   3  319 0.033622 [4.023589 / 0.000601]
  3   3  359 0.033534 [4.024624 / 0.000517]
  3   3  399 0.033203 [4.025672 / 0.000605]
  3   3  439 0.033405 [4.026542 / 0.000550]
  3   4   39 0.033445 [4.027950 / 0.000509]
  3   4   79 0.033366 [4.028790 / 0.000563]
  3   4  119 0.033555 [4.029634 / 0.000530]
  3   4  159 0.033084 [4.030251 / 0.000599]
  3   4  199 0.033408 [4.030791 / 0.000734]
  3   4  239 0.033256 [4.031680 / 0.000471]
  3   4  279 0.033460 [4.032530 / 0.000546]
  3   4  319 0.033304 [4.033246 / 0.000536]
  3   4  359 0.033595 [4.033913 / 0.000491]
  3   4  399 0.033623 [4.034929 / 0.000519]
  3   4  439 0.033429 [4.035635 / 0.000545]
  4   0   39 0.033449 [4.036723 / 0.000323]
  4   0   79 0.033550 [4.037114 / 0.000258]
  4   0  119 0.033277 [4.037512 / 0.000291]
  4   0  159 0.033336 [4.037950 / 0.000275]
  4   0  199 0.033261 [4.038295 / 0.000365]
  4   0  239 0.033414 [4.038784 / 0.000264]
  4   0  279 0.033664 [4.039235 / 0.000267]
  4   0  319 0.033390 [4.039653 / 0.000238]
  4   0  359 0.033264 [4.040072 / 0.000258]
  4   0  399 0.033340 [4.040399 / 0.000288]
  4   0  439 0.033445 [4.040904 / 0.000372]
  4   1   39 0.033331 [4.041483 / 0.000256]
  4   1   79 0.033310 [4.041880 / 0.000296]
  4   1  119 0.033536 [4.042382 / 0.000406]
  4   1  159 0.033226 [4.042745 / 0.000305]
  4   1  199 0.033405 [4.043315 / 0.000291]
  4   1  239 0.033446 [4.043872 / 0.000280]
  4   1  279 0.033509 [4.044332 / 0.000331]
  4   1  319 0.033294 [4.044627 / 0.000327]
  4   1  359 0.033446 [4.045070 / 0.000277]
  4   1  399 0.033151 [4.045293 / 0.000265]
  4   1  439 0.033580 [4.045861 / 0.000266]
  4   2   39 0.033433 [4.046562 / 0.000326]
  4   2   79 0.033232 [4.046952 / 0.000297]
  4   2  119 0.033243 [4.047285 / 0.000317]
  4   2  159 0.033485 [4.047650 / 0.000287]
  4   2  199 0.033422 [4.048201 / 0.000253]
  4   2  239 0.033526 [4.048706 / 0.000225]
  4   2  279 0.033209 [4.049007 / 0.000275]
  4   2  319 0.033193 [4.049635 / 0.000443]
  4   2  359 0.033428 [4.050065 / 0.000286]
  4   2  399 0.033524 [4.050509 / 0.000282]
  4   2  439 0.033333 [4.050899 / 0.000292]
  4   3   39 0.033313 [4.051749 / 0.000283]
  4   3   79 0.033001 [4.052041 / 0.000306]
  4   3  119 0.033230 [4.052442 / 0.000349]
  4   3  159 0.033700 [4.052968 / 0.000304]
  4   3  199 0.033551 [4.053444 / 0.000363]
  4   3  239 0.033518 [4.053796 / 0.000332]
  4   3  279 0.033312 [4.054415 / 0.000402]
  4   3  319 0.033310 [4.054691 / 0.000250]
  4   3  359 0.033486 [4.055057 / 0.000298]
  4   3  399 0.033607 [4.055495 / 0.000386]
  4   3  439 0.033008 [4.055759 / 0.000317]
  4   4   39 0.033199 [4.056452 / 0.000333]
  4   4   79 0.033419 [4.056823 / 0.000350]
  4   4  119 0.033349 [4.057147 / 0.000318]
  4   4  159 0.032986 [4.057600 / 0.000311]
  4   4  199 0.033584 [4.057988 / 0.000361]
  4   4  239 0.033383 [4.058428 / 0.000289]
  4   4  279 0.033434 [4.058738 / 0.000293]
  4   4  319 0.033561 [4.059386 / 0.000317]
  4   4  359 0.033159 [4.059685 / 0.000299]
  4   4  399 0.033275 [4.060247 / 0.000252]
  4   4  439 0.033390 [4.060779 / 0.000290]
Sequential (
  (0): Conv2d(1, 4, kernel_size=(9, 9), stride=(3, 3), padding=(4, 4))
  (1): ReLU ()
  (2): ConvTranspose2d(4, 1, kernel_size=(9, 9), stride=(3, 3), padding=(4, 4))
)
Namespace(batch_size=128, cnnc=10, cnnf=4, force_name=False, mode='cnnae_simple', name='cnnae_simple10', nc=10, nf=80, optimizer='Adam', weight_decay=0.0001)
{'lr': 0.001, 'wd': 0.0001}
