Sequential (
  (0): Conv2d(1, 20, kernel_size=(5, 5), stride=(2, 2), padding=(2, 2))
  (1): MatrixD2d (
  )
  (2): BatchNorm2d(20, eps=1e-05, momentum=0.1, affine=True)
  (3): CatFactor2d (
  )
  (4): ConvTranspose2d(20, 1, kernel_size=(5, 5), stride=(2, 2), padding=(2, 2), output_padding=(1, 1))
)
Namespace(batch_size=128, cnnc=5, cnnf=4, force_name=False, mode='cnnae_d', name='cnnae_d2', nc=10, nf=80, optimizer='Adam', weight_decay=0.0001)
{'lr': 0.001, 'wd': 0.0001}
  0   0   39 0.887162 [3.819591 / 0.028833]
  0   0   79 0.562088 [4.171815 / 0.026780]
  0   0  119 0.341116 [4.513873 / 0.018657]
  0   0  159 0.227444 [4.781142 / 0.015441]
  0   0  199 0.164567 [5.006463 / 0.013564]
  0   0  239 0.124916 [5.207144 / 0.011731]
  0   0  279 0.098017 [5.380284 / 0.010869]
  0   0  319 0.082326 [5.528305 / 0.010366]
  0   0  359 0.069584 [5.649996 / 0.007486]
  0   0  399 0.060582 [5.753281 / 0.007442]
  0   0  439 0.053939 [5.847289 / 0.006466]
  0   1   39 0.045004 [5.997586 / 0.005819]
  0   1   79 0.040229 [6.075233 / 0.006028]
  0   1  119 0.036801 [6.149611 / 0.005714]
  0   1  159 0.033520 [6.218140 / 0.005789]
  0   1  199 0.030822 [6.280160 / 0.006924]
  0   1  239 0.028667 [6.339391 / 0.004901]
  0   1  279 0.026909 [6.393204 / 0.005452]
  0   1  319 0.025090 [6.441562 / 0.004548]
  0   1  359 0.024051 [6.487470 / 0.005069]
  0   1  399 0.022290 [6.526059 / 0.003851]
  0   1  439 0.021367 [6.564288 / 0.003775]
  0   2   39 0.019944 [6.622299 / 0.006841]
  0   2   79 0.019079 [6.653343 / 0.003761]
  0   2  119 0.018226 [6.683381 / 0.005495]
  0   2  159 0.017576 [6.710718 / 0.006058]
  0   2  199 0.016863 [6.735697 / 0.003196]
  0   2  239 0.016130 [6.762510 / 0.002993]
  0   2  279 0.015561 [6.786899 / 0.003422]
  0   2  319 0.015223 [6.811558 / 0.003642]
  0   2  359 0.014621 [6.833676 / 0.003557]
  0   2  399 0.013995 [6.854231 / 0.004787]
  0   2  439 0.013809 [6.877567 / 0.006955]
  0   3   39 0.013107 [6.914592 / 0.006218]
  0   3   79 0.012385 [6.933217 / 0.002372]
  0   3  119 0.012112 [6.951794 / 0.003685]
  0   3  159 0.011916 [6.969148 / 0.006085]
  0   3  199 0.011290 [6.986494 / 0.002599]
  0   3  239 0.010995 [7.003766 / 0.002335]
  0   3  279 0.010793 [7.020235 / 0.003785]
  0   3  319 0.010757 [7.036633 / 0.007200]
  0   3  359 0.010427 [7.052011 / 0.005467]
  0   3  399 0.010090 [7.068330 / 0.002766]
  0   3  439 0.009594 [7.083015 / 0.004454]
  0   4   39 0.009357 [7.110518 / 0.008449]
  0   4   79 0.009137 [7.124186 / 0.004544]
  0   4  119 0.008998 [7.137834 / 0.004424]
  0   4  159 0.008772 [7.153232 / 0.004571]
  0   4  199 0.008499 [7.165419 / 0.004629]
  0   4  239 0.008557 [7.180542 / 0.004882]
  0   4  279 0.008308 [7.195786 / 0.003918]
  0   4  319 0.007878 [7.206464 / 0.002574]
  0   4  359 0.007967 [7.218570 / 0.003022]
  0   4  399 0.007752 [7.231361 / 0.002775]
  0   4  439 0.007629 [7.243881 / 0.005759]
  1   0   39 0.007199 [7.257979 / 0.001261]
  1   0   79 0.007407 [7.264119 / 0.001984]
  1   0  119 0.007229 [7.269642 / 0.002016]
  1   0  159 0.007132 [7.276903 / 0.002879]
  1   0  199 0.006918 [7.282589 / 0.001644]
  1   0  239 0.007018 [7.288426 / 0.003657]
  1   0  279 0.007048 [7.295209 / 0.001430]
  1   0  319 0.006850 [7.300300 / 0.002638]
  1   0  359 0.006861 [7.305969 / 0.000826]
  1   0  399 0.006773 [7.312326 / 0.001467]
  1   0  439 0.006805 [7.316962 / 0.004508]
  1   1   39 0.006529 [7.327453 / 0.003421]
  1   1   79 0.006610 [7.332802 / 0.004059]
  1   1  119 0.006438 [7.337818 / 0.002963]
  1   1  159 0.006376 [7.344255 / 0.001125]
  1   1  199 0.006284 [7.349124 / 0.001286]
  1   1  239 0.006163 [7.355282 / 0.000955]
  1   1  279 0.006210 [7.360965 / 0.002917]
  1   1  319 0.006215 [7.366944 / 0.001995]
  1   1  359 0.006284 [7.372473 / 0.004279]
  1   1  399 0.006153 [7.378826 / 0.001283]
  1   1  439 0.005983 [7.383723 / 0.001085]
  1   2   39 0.005923 [7.392438 / 0.003967]
  1   2   79 0.006106 [7.398399 / 0.004189]
  1   2  119 0.006013 [7.402932 / 0.001628]
  1   2  159 0.005778 [7.407984 / 0.001689]
  1   2  199 0.005776 [7.414541 / 0.002048]
  1   2  239 0.005724 [7.420407 / 0.001750]
  1   2  279 0.005846 [7.425331 / 0.004068]
  1   2  319 0.005732 [7.430145 / 0.004980]
  1   2  359 0.005552 [7.435877 / 0.002862]
  1   2  399 0.005581 [7.440122 / 0.001640]
  1   2  439 0.005471 [7.445305 / 0.000919]
  1   3   39 0.005411 [7.453457 / 0.003671]
  1   3   79 0.005588 [7.458299 / 0.003190]
  1   3  119 0.005452 [7.462350 / 0.002319]
  1   3  159 0.005536 [7.467893 / 0.006782]
  1   3  199 0.005346 [7.471358 / 0.001477]
  1   3  239 0.005141 [7.477391 / 0.001308]
  1   3  279 0.005014 [7.482414 / 0.002468]
  1   3  319 0.005111 [7.487384 / 0.001370]
  1   3  359 0.005054 [7.490684 / 0.002128]
  1   3  399 0.005227 [7.495816 / 0.001941]
  1   3  439 0.005028 [7.500338 / 0.001452]
  1   4   39 0.004984 [7.507267 / 0.002371]
  1   4   79 0.005316 [7.510592 / 0.001930]
  1   4  119 0.005009 [7.515668 / 0.001568]
  1   4  159 0.004888 [7.519584 / 0.001569]
  1   4  199 0.004841 [7.523353 / 0.001694]
  1   4  239 0.004828 [7.528673 / 0.001779]
  1   4  279 0.004834 [7.531317 / 0.001569]
  1   4  319 0.004729 [7.534888 / 0.004451]
  1   4  359 0.004723 [7.540158 / 0.002155]
  1   4  399 0.004839 [7.543336 / 0.005643]
  1   4  439 0.004750 [7.546621 / 0.002972]
  2   0   39 0.004670 [7.551936 / 0.002145]
  2   0   79 0.004612 [7.553158 / 0.001033]
  2   0  119 0.004500 [7.555155 / 0.001649]
  2   0  159 0.004405 [7.556602 / 0.002121]
  2   0  199 0.004584 [7.558939 / 0.001535]
  2   0  239 0.004515 [7.560972 / 0.001114]
  2   0  279 0.004412 [7.562892 / 0.000469]
  2   0  319 0.004440 [7.564484 / 0.000651]
  2   0  359 0.004379 [7.565666 / 0.001132]
  2   0  399 0.004490 [7.568121 / 0.001013]
  2   0  439 0.004396 [7.569349 / 0.001126]
  2   1   39 0.004433 [7.572291 / 0.001524]
  2   1   79 0.004673 [7.572583 / 0.001994]
  2   1  119 0.004421 [7.574380 / 0.000730]
  2   1  159 0.004452 [7.576638 / 0.000694]
  2   1  199 0.004349 [7.578474 / 0.002545]
  2   1  239 0.004255 [7.579947 / 0.000702]
  2   1  279 0.004282 [7.581503 / 0.000688]
  2   1  319 0.004321 [7.582741 / 0.000665]
  2   1  359 0.004324 [7.584086 / 0.001082]
  2   1  399 0.004250 [7.585643 / 0.002520]
  2   1  439 0.004238 [7.589286 / 0.002501]
  2   2   39 0.004530 [7.590353 / 0.002007]
  2   2   79 0.004277 [7.591609 / 0.001021]
  2   2  119 0.004134 [7.592630 / 0.000663]
  2   2  159 0.004211 [7.595079 / 0.001069]
  2   2  199 0.004244 [7.596349 / 0.000965]
  2   2  239 0.004190 [7.599213 / 0.000795]
  2   2  279 0.004306 [7.601158 / 0.001403]
  2   2  319 0.004095 [7.600799 / 0.001439]
  2   2  359 0.004206 [7.602770 / 0.000959]
  2   2  399 0.004324 [7.605203 / 0.001723]
  2   2  439 0.004201 [7.606017 / 0.002586]
  2   3   39 0.004167 [7.607759 / 0.001353]
  2   3   79 0.004227 [7.609413 / 0.001231]
  2   3  119 0.004039 [7.610612 / 0.001012]
  2   3  159 0.004038 [7.611665 / 0.001193]
  2   3  199 0.004086 [7.614058 / 0.002187]
  2   3  239 0.004070 [7.615595 / 0.002708]
  2   3  279 0.004038 [7.615571 / 0.001982]
  2   3  319 0.004011 [7.617196 / 0.000660]
  2   3  359 0.003981 [7.618785 / 0.000543]
  2   3  399 0.003976 [7.620281 / 0.001324]
  2   3  439 0.003922 [7.620693 / 0.001465]
  2   4   39 0.003970 [7.623617 / 0.002276]
  2   4   79 0.004037 [7.625368 / 0.001105]
  2   4  119 0.003983 [7.626089 / 0.001503]
  2   4  159 0.003887 [7.626111 / 0.001460]
  2   4  199 0.003824 [7.628833 / 0.001113]
  2   4  239 0.003894 [7.629987 / 0.001414]
  2   4  279 0.003867 [7.630674 / 0.001102]
  2   4  319 0.003904 [7.631820 / 0.001281]
  2   4  359 0.003955 [7.633895 / 0.000814]
  2   4  399 0.003840 [7.633934 / 0.000553]
  2   4  439 0.003785 [7.636159 / 0.001222]
  3   0   39 0.003855 [7.637585 / 0.000778]
  3   0   79 0.003728 [7.637481 / 0.000653]
  3   0  119 0.003916 [7.637849 / 0.001198]
  3   0  159 0.003968 [7.638656 / 0.002089]
  3   0  199 0.003825 [7.639151 / 0.000482]
  3   0  239 0.003809 [7.640091 / 0.000392]
  3   0  279 0.003791 [7.640352 / 0.000747]
  3   0  319 0.003775 [7.640699 / 0.000475]
  3   0  359 0.003778 [7.641903 / 0.001014]
  3   0  399 0.003827 [7.641574 / 0.000499]
  3   0  439 0.003775 [7.642597 / 0.001001]
  3   1   39 0.003742 [7.642864 / 0.000629]
  3   1   79 0.003811 [7.643051 / 0.001473]
  3   1  119 0.003756 [7.643567 / 0.001536]
  3   1  159 0.003811 [7.644252 / 0.000684]
  3   1  199 0.003710 [7.644551 / 0.000401]
  3   1  239 0.003722 [7.646259 / 0.001339]
  3   1  279 0.003719 [7.645702 / 0.000541]
  3   1  319 0.003801 [7.647259 / 0.000588]
  3   1  359 0.003803 [7.647180 / 0.000731]
  3   1  399 0.003727 [7.647656 / 0.000323]
  3   1  439 0.003730 [7.648283 / 0.000392]
  3   2   39 0.003658 [7.649302 / 0.001177]
  3   2   79 0.003717 [7.649532 / 0.001082]
  3   2  119 0.003793 [7.650584 / 0.001043]
  3   2  159 0.003729 [7.650266 / 0.000872]
  3   2  199 0.003629 [7.651221 / 0.000593]
  3   2  239 0.003733 [7.652110 / 0.000884]
  3   2  279 0.003638 [7.652525 / 0.000551]
  3   2  319 0.003678 [7.652783 / 0.000435]
  3   2  359 0.003570 [7.652705 / 0.000334]
  3   2  399 0.003619 [7.653430 / 0.000768]
  3   2  439 0.003637 [7.653646 / 0.000392]
  3   3   39 0.003604 [7.654278 / 0.000666]
  3   3   79 0.003646 [7.654992 / 0.000446]
  3   3  119 0.003570 [7.655528 / 0.000594]
  3   3  159 0.003671 [7.655319 / 0.000364]
  3   3  199 0.003668 [7.655748 / 0.002483]
  3   3  239 0.003720 [7.655885 / 0.000380]
  3   3  279 0.003720 [7.656811 / 0.000574]
  3   3  319 0.003616 [7.656777 / 0.000613]
  3   3  359 0.003600 [7.657940 / 0.000476]
  3   3  399 0.003536 [7.658383 / 0.000514]
  3   3  439 0.003668 [7.658410 / 0.001161]
  3   4   39 0.003628 [7.659546 / 0.000711]
  3   4   79 0.003536 [7.659982 / 0.000956]
  3   4  119 0.003718 [7.660473 / 0.001188]
  3   4  159 0.003584 [7.660918 / 0.000808]
  3   4  199 0.003560 [7.661362 / 0.000690]
  3   4  239 0.003640 [7.661924 / 0.000467]
  3   4  279 0.003561 [7.661917 / 0.000823]
  3   4  319 0.003513 [7.662088 / 0.000618]
  3   4  359 0.003472 [7.662106 / 0.000583]
  3   4  399 0.003608 [7.662796 / 0.001020]
  3   4  439 0.003582 [7.663040 / 0.000626]
  4   0   39 0.003536 [7.663239 / 0.000429]
  4   0   79 0.003578 [7.663485 / 0.000237]
  4   0  119 0.003529 [7.663937 / 0.000467]
  4   0  159 0.003658 [7.663809 / 0.000845]
  4   0  199 0.003519 [7.664176 / 0.000481]
  4   0  239 0.003717 [7.664314 / 0.000440]
  4   0  279 0.003598 [7.664317 / 0.000482]
  4   0  319 0.003622 [7.664806 / 0.000390]
  4   0  359 0.003481 [7.664835 / 0.000447]
  4   0  399 0.003579 [7.664846 / 0.000434]
  4   0  439 0.003661 [7.665148 / 0.000486]
  4   1   39 0.003536 [7.665214 / 0.000470]
  4   1   79 0.003486 [7.665814 / 0.000394]
  4   1  119 0.003526 [7.665700 / 0.000203]
  4   1  159 0.003531 [7.666167 / 0.000248]
  4   1  199 0.003449 [7.666375 / 0.000247]
  4   1  239 0.003496 [7.666570 / 0.000229]
  4   1  279 0.003474 [7.666681 / 0.000549]
  4   1  319 0.003532 [7.666582 / 0.000438]
  4   1  359 0.003495 [7.666705 / 0.000280]
  4   1  399 0.003452 [7.666682 / 0.000586]
  4   1  439 0.003437 [7.667272 / 0.000406]
  4   2   39 0.003542 [7.667608 / 0.000470]
  4   2   79 0.003329 [7.667437 / 0.000156]
  4   2  119 0.003605 [7.667686 / 0.000773]
  4   2  159 0.003433 [7.667721 / 0.000271]
  4   2  199 0.003479 [7.668051 / 0.000360]
  4   2  239 0.003407 [7.667902 / 0.000293]
  4   2  279 0.003488 [7.668432 / 0.000438]
  4   2  319 0.003560 [7.668666 / 0.000702]
  4   2  359 0.003482 [7.668588 / 0.000507]
  4   2  399 0.003402 [7.668849 / 0.000262]
  4   2  439 0.003441 [7.669461 / 0.000608]
  4   3   39 0.003474 [7.669118 / 0.000404]
  4   3   79 0.003501 [7.669719 / 0.000299]
  4   3  119 0.003387 [7.669697 / 0.000208]
  4   3  159 0.003461 [7.669828 / 0.000434]
  4   3  199 0.003464 [7.669872 / 0.000230]
  4   3  239 0.003516 [7.670041 / 0.000305]
  4   3  279 0.003557 [7.669926 / 0.000234]
  4   3  319 0.003426 [7.670413 / 0.000625]
  4   3  359 0.003445 [7.671138 / 0.000216]
  4   3  399 0.003385 [7.671011 / 0.000551]
  4   3  439 0.003441 [7.671050 / 0.000278]
  4   4   39 0.003438 [7.671041 / 0.000175]
  4   4   79 0.003410 [7.670950 / 0.000229]
  4   4  119 0.003437 [7.671520 / 0.000338]
  4   4  159 0.003394 [7.671920 / 0.000442]
  4   4  199 0.003437 [7.671629 / 0.000365]
  4   4  239 0.003376 [7.671877 / 0.000234]
  4   4  279 0.003408 [7.671889 / 0.000254]
  4   4  319 0.003428 [7.672076 / 0.000411]
  4   4  359 0.003354 [7.671765 / 0.000603]
  4   4  399 0.003412 [7.672193 / 0.000240]
  4   4  439 0.003418 [7.672679 / 0.000409]
Sequential (
  (0): Conv2d(1, 20, kernel_size=(5, 5), stride=(2, 2), padding=(2, 2))
  (1): MatrixD2d (
  )
  (2): BatchNorm2d(20, eps=1e-05, momentum=0.1, affine=True)
  (3): CatFactor2d (
  )
  (4): ConvTranspose2d(20, 1, kernel_size=(5, 5), stride=(2, 2), padding=(2, 2), output_padding=(1, 1))
)
Namespace(batch_size=128, cnnc=5, cnnf=4, force_name=False, mode='cnnae_d', name='cnnae_d2', nc=10, nf=80, optimizer='Adam', weight_decay=0.0001)
{'lr': 0.001, 'wd': 0.0001}
