Sequential (
  (0): Conv2d(1, 20, kernel_size=(9, 9), stride=(3, 3), padding=(4, 4))
  (1): MatrixD (factors=4, categories=5, std=5)
  (2): BatchNorm2d(20, eps=1e-05, momentum=0.1, affine=True)
  (3): CatFactor (factors=4, categories=5, stochastic=True)
  (4): ConvTranspose2d(20, 1, kernel_size=(9, 9), stride=(3, 3), padding=(4, 4))
)
Namespace(batch_size=128, cnnc=5, cnnf=4, force_name=True, mode='cnnae_ds', name='cnnae_ds3', nc=10, nf=80, optimizer='Adam', weight_decay=0.0005)
{'lr': 0.001, 'wd': 0.0005}
  0   0   39 0.796774 [4.159839 / 0.040515]
  0   0   79 0.460574 [4.748868 / 0.033597]
  0   0  119 0.293167 [5.283303 / 0.025451]
  0   0  159 0.207229 [5.683439 / 0.020212]
  0   0  199 0.163345 [5.981784 / 0.018005]
  0   0  239 0.131428 [6.238623 / 0.016721]
  0   0  279 0.108687 [6.457377 / 0.015362]
  0   0  319 0.091251 [6.636112 / 0.012936]
  0   0  359 0.079382 [6.779837 / 0.010954]
  0   0  399 0.070744 [6.889225 / 0.010237]
  0   0  439 0.063148 [6.972164 / 0.012198]
  0   1   39 0.055413 [7.089943 / 0.007945]
  0   1   79 0.051314 [7.133996 / 0.010898]
  0   1  119 0.048833 [7.165396 / 0.006917]
  0   1  159 0.046328 [7.185299 / 0.008838]
  0   1  199 0.044835 [7.201940 / 0.006434]
  0   1  239 0.043022 [7.206049 / 0.006803]
  0   1  279 0.042481 [7.217482 / 0.004935]
  0   1  319 0.041588 [7.218859 / 0.007402]
  0   1  359 0.040395 [7.206618 / 0.009649]
  0   1  399 0.039509 [7.214896 / 0.004693]
  0   1  439 0.038676 [7.200089 / 0.004550]
  0   2   39 0.037942 [7.189272 / 0.004918]
  0   2   79 0.037470 [7.176790 / 0.006564]
  0   2  119 0.036837 [7.167729 / 0.007617]
  0   2  159 0.037283 [7.159877 / 0.007948]
  0   2  199 0.035944 [7.146302 / 0.003882]
  0   2  239 0.035980 [7.137564 / 0.004398]
  0   2  279 0.035790 [7.121001 / 0.008700]
  0   2  319 0.035573 [7.110913 / 0.003901]
  0   2  359 0.035447 [7.095232 / 0.004384]
  0   2  399 0.035167 [7.087870 / 0.005713]
  0   2  439 0.035171 [7.069513 / 0.006217]
  0   3   39 0.034926 [7.042761 / 0.006744]
  0   3   79 0.034506 [7.030927 / 0.004190]
  0   3  119 0.034477 [7.016158 / 0.006487]
  0   3  159 0.034387 [7.010307 / 0.004493]
  0   3  199 0.034192 [6.989852 / 0.003951]
  0   3  239 0.034394 [6.994836 / 0.005148]
  0   3  279 0.033977 [6.966708 / 0.004462]
  0   3  319 0.034075 [6.955973 / 0.007589]
  0   3  359 0.034167 [6.952772 / 0.005046]
  0   3  399 0.034035 [6.944439 / 0.005042]
  0   3  439 0.033682 [6.934161 / 0.006978]
  0   4   39 0.033422 [6.911533 / 0.004715]
  0   4   79 0.033706 [6.898141 / 0.007303]
  0   4  119 0.033694 [6.881919 / 0.005326]
  0   4  159 0.033480 [6.868058 / 0.004975]
  0   4  199 0.033641 [6.879271 / 0.005668]
  0   4  239 0.033249 [6.849968 / 0.005359]
  0   4  279 0.033396 [6.842539 / 0.007985]
  0   4  319 0.033360 [6.840958 / 0.007243]
  0   4  359 0.033328 [6.814538 / 0.010004]
  0   4  399 0.033439 [6.829648 / 0.005334]
  0   4  439 0.033406 [6.811412 / 0.011106]
  1   0   39 0.033260 [6.804250 / 0.003169]
  1   0   79 0.032953 [6.799430 / 0.003608]
  1   0  119 0.032947 [6.792912 / 0.002472]
  1   0  159 0.032773 [6.787090 / 0.002990]
  1   0  199 0.033099 [6.794852 / 0.003376]
  1   0  239 0.033021 [6.783356 / 0.002695]
  1   0  279 0.033201 [6.784387 / 0.003312]
  1   0  319 0.032816 [6.776725 / 0.004147]
  1   0  359 0.032968 [6.763901 / 0.003117]
  1   0  399 0.032736 [6.762028 / 0.003617]
  1   0  439 0.032938 [6.757496 / 0.003909]
  1   1   39 0.032914 [6.751748 / 0.003449]
  1   1   79 0.032715 [6.750492 / 0.003356]
  1   1  119 0.032982 [6.739560 / 0.003675]
  1   1  159 0.032771 [6.744045 / 0.002795]
  1   1  199 0.032663 [6.734182 / 0.004410]
  1   1  239 0.032839 [6.724971 / 0.002776]
  1   1  279 0.032776 [6.727137 / 0.004845]
  1   1  319 0.032949 [6.731725 / 0.004229]
  1   1  359 0.032969 [6.725913 / 0.005734]
  1   1  399 0.032882 [6.714921 / 0.004547]
  1   1  439 0.032827 [6.723039 / 0.003516]
  1   2   39 0.032675 [6.706685 / 0.004297]
  1   2   79 0.032776 [6.707331 / 0.003645]
  1   2  119 0.032699 [6.701207 / 0.003552]
  1   2  159 0.032925 [6.705081 / 0.004158]
  1   2  199 0.032676 [6.700544 / 0.003236]
  1   2  239 0.032908 [6.691019 / 0.004062]
  1   2  279 0.032668 [6.685174 / 0.003563]
  1   2  319 0.032757 [6.684920 / 0.008094]
  1   2  359 0.032827 [6.672759 / 0.003205]
  1   2  399 0.032928 [6.684930 / 0.007508]
  1   2  439 0.032724 [6.681268 / 0.003914]
  1   3   39 0.032833 [6.661737 / 0.005848]
  1   3   79 0.032537 [6.665597 / 0.003477]
  1   3  119 0.032792 [6.677564 / 0.003914]
  1   3  159 0.032658 [6.653322 / 0.003542]
  1   3  199 0.032709 [6.669465 / 0.003842]
  1   3  239 0.032639 [6.658395 / 0.003931]
  1   3  279 0.032497 [6.650025 / 0.006198]
  1   3  319 0.032901 [6.652108 / 0.003292]
  1   3  359 0.032504 [6.655501 / 0.005131]
  1   3  399 0.032716 [6.650797 / 0.003540]
  1   3  439 0.032536 [6.650622 / 0.003927]
  1   4   39 0.032441 [6.639587 / 0.003508]
  1   4   79 0.032572 [6.635309 / 0.003819]
  1   4  119 0.032634 [6.635427 / 0.003734]
  1   4  159 0.032720 [6.648346 / 0.004682]
  1   4  199 0.032544 [6.626873 / 0.007651]
  1   4  239 0.032657 [6.629304 / 0.004123]
  1   4  279 0.032374 [6.617823 / 0.003722]
  1   4  319 0.032663 [6.627588 / 0.005060]
  1   4  359 0.032514 [6.627924 / 0.003759]
  1   4  399 0.032435 [6.615575 / 0.004992]
  1   4  439 0.032506 [6.627586 / 0.003535]
  2   0   39 0.032303 [6.610080 / 0.002307]
  2   0   79 0.032606 [6.616858 / 0.002237]
  2   0  119 0.032382 [6.611910 / 0.002316]
  2   0  159 0.032538 [6.616419 / 0.001941]
  2   0  199 0.032183 [6.612239 / 0.002142]
  2   0  239 0.032448 [6.611021 / 0.003757]
  2   0  279 0.032659 [6.617809 / 0.002286]
  2   0  319 0.032724 [6.618611 / 0.001996]
  2   0  359 0.032509 [6.615844 / 0.001920]
  2   0  399 0.032201 [6.606050 / 0.002971]
  2   0  439 0.032230 [6.604811 / 0.001927]
  2   1   39 0.032520 [6.609431 / 0.002627]
  2   1   79 0.032123 [6.606679 / 0.002106]
  2   1  119 0.032345 [6.603004 / 0.002242]
  2   1  159 0.032425 [6.594718 / 0.002216]
  2   1  199 0.032562 [6.610385 / 0.002393]
  2   1  239 0.032228 [6.601011 / 0.002034]
  2   1  279 0.032435 [6.600758 / 0.002061]
  2   1  319 0.032719 [6.587773 / 0.003090]
  2   1  359 0.032206 [6.594855 / 0.002560]
  2   1  399 0.032591 [6.597875 / 0.001911]
  2   1  439 0.032428 [6.606846 / 0.003533]
  2   2   39 0.032577 [6.604145 / 0.002353]
  2   2   79 0.032137 [6.595311 / 0.002400]
  2   2  119 0.032459 [6.587948 / 0.002601]
  2   2  159 0.032437 [6.592834 / 0.002040]
  2   2  199 0.032240 [6.586829 / 0.001938]
  2   2  239 0.032335 [6.589403 / 0.001831]
  2   2  279 0.032285 [6.589629 / 0.002244]
  2   2  319 0.032440 [6.587468 / 0.002059]
  2   2  359 0.032489 [6.584329 / 0.002887]
  2   2  399 0.032477 [6.594376 / 0.002045]
  2   2  439 0.032307 [6.581697 / 0.002155]
  2   3   39 0.032181 [6.575375 / 0.003196]
  2   3   79 0.032452 [6.588327 / 0.002456]
  2   3  119 0.032465 [6.579605 / 0.002175]
  2   3  159 0.032436 [6.582717 / 0.002522]
  2   3  199 0.032282 [6.587691 / 0.002876]
  2   3  239 0.032185 [6.583361 / 0.002230]
  2   3  279 0.032330 [6.581503 / 0.003143]
  2   3  319 0.032649 [6.578221 / 0.002840]
  2   3  359 0.032258 [6.571278 / 0.002661]
  2   3  399 0.032314 [6.577271 / 0.002068]
  2   3  439 0.032373 [6.580705 / 0.002186]
  2   4   39 0.032329 [6.569789 / 0.002673]
  2   4   79 0.032288 [6.572712 / 0.002363]
  2   4  119 0.032074 [6.570516 / 0.002063]
  2   4  159 0.032516 [6.584914 / 0.002097]
  2   4  199 0.032322 [6.573228 / 0.002503]
  2   4  239 0.032324 [6.574790 / 0.002721]
  2   4  279 0.032203 [6.574465 / 0.003155]
  2   4  319 0.032890 [6.572977 / 0.002147]
  2   4  359 0.032339 [6.577701 / 0.002706]
  2   4  399 0.032477 [6.568266 / 0.003314]
  2   4  439 0.032516 [6.568376 / 0.003640]
  3   0   39 0.032122 [6.571763 / 0.001462]
  3   0   79 0.032138 [6.568243 / 0.001458]
  3   0  119 0.032424 [6.570070 / 0.001239]
  3   0  159 0.032000 [6.562730 / 0.001051]
  3   0  199 0.032636 [6.566751 / 0.001036]
  3   0  239 0.032276 [6.570554 / 0.000964]
  3   0  279 0.032218 [6.568879 / 0.001362]
  3   0  319 0.032377 [6.565313 / 0.001476]
  3   0  359 0.032452 [6.566775 / 0.001149]
  3   0  399 0.032402 [6.571486 / 0.001406]
  3   0  439 0.032265 [6.572322 / 0.001121]
  3   1   39 0.032221 [6.568395 / 0.001112]
  3   1   79 0.032395 [6.573292 / 0.001001]
  3   1  119 0.032173 [6.569498 / 0.001313]
  3   1  159 0.032456 [6.565174 / 0.001068]
  3   1  199 0.032306 [6.564378 / 0.001057]
  3   1  239 0.032297 [6.565801 / 0.001469]
  3   1  279 0.032133 [6.567071 / 0.001518]
  3   1  319 0.032249 [6.561454 / 0.001414]
  3   1  359 0.032092 [6.559633 / 0.001002]
  3   1  399 0.032212 [6.560076 / 0.001011]
  3   1  439 0.032208 [6.558103 / 0.001158]
  3   2   39 0.032366 [6.560536 / 0.001118]
  3   2   79 0.032104 [6.556016 / 0.001309]
  3   2  119 0.032086 [6.558281 / 0.001120]
  3   2  159 0.032307 [6.562147 / 0.001047]
  3   2  199 0.032496 [6.568213 / 0.001757]
  3   2  239 0.032081 [6.554875 / 0.001116]
  3   2  279 0.032236 [6.557373 / 0.001012]
  3   2  319 0.032397 [6.562445 / 0.001050]
  3   2  359 0.032282 [6.557410 / 0.001321]
  3   2  399 0.032188 [6.557417 / 0.001046]
  3   2  439 0.032156 [6.559292 / 0.001204]
  3   3   39 0.032196 [6.557381 / 0.002740]
  3   3   79 0.032501 [6.557836 / 0.001341]
  3   3  119 0.032240 [6.566942 / 0.001526]
  3   3  159 0.032136 [6.557311 / 0.001736]
  3   3  199 0.032521 [6.558116 / 0.001028]
  3   3  239 0.032360 [6.556177 / 0.001453]
  3   3  279 0.032366 [6.562566 / 0.001181]
  3   3  319 0.032262 [6.556199 / 0.001328]
  3   3  359 0.031985 [6.547513 / 0.001107]
  3   3  399 0.032159 [6.552942 / 0.001382]
  3   3  439 0.032229 [6.553090 / 0.001238]
  3   4   39 0.032476 [6.554210 / 0.001500]
  3   4   79 0.032102 [6.551887 / 0.001183]
  3   4  119 0.032020 [6.548109 / 0.001015]
  3   4  159 0.032117 [6.543602 / 0.001212]
  3   4  199 0.032355 [6.552126 / 0.001924]
  3   4  239 0.032233 [6.553344 / 0.001343]
  3   4  279 0.032395 [6.554619 / 0.001158]
  3   4  319 0.032150 [6.549062 / 0.001355]
  3   4  359 0.032167 [6.553479 / 0.001416]
  3   4  399 0.032082 [6.554275 / 0.001026]
  3   4  439 0.032324 [6.555186 / 0.001006]
  4   0   39 0.032206 [6.551345 / 0.000691]
  4   0   79 0.032150 [6.547979 / 0.000631]
  4   0  119 0.032413 [6.550550 / 0.001132]
  4   0  159 0.032101 [6.549987 / 0.000524]
  4   0  199 0.032310 [6.552241 / 0.000756]
  4   0  239 0.032443 [6.549653 / 0.000750]
  4   0  279 0.032455 [6.550595 / 0.000821]
  4   0  319 0.032114 [6.551768 / 0.000522]
  4   0  359 0.031989 [6.546283 / 0.000788]
  4   0  399 0.031873 [6.544679 / 0.000676]
  4   0  439 0.032217 [6.547146 / 0.000699]
  4   1   39 0.032363 [6.549547 / 0.000962]
  4   1   79 0.031909 [6.545713 / 0.000587]
  4   1  119 0.032316 [6.547727 / 0.000664]
  4   1  159 0.032343 [6.547782 / 0.000670]
  4   1  199 0.032187 [6.548050 / 0.000717]
  4   1  239 0.032364 [6.550819 / 0.000584]
  4   1  279 0.032305 [6.550978 / 0.000708]
  4   1  319 0.032223 [6.547871 / 0.000569]
  4   1  359 0.032088 [6.547615 / 0.000651]
  4   1  399 0.032047 [6.544111 / 0.000652]
  4   1  439 0.032018 [6.542057 / 0.000625]
  4   2   39 0.032091 [6.541611 / 0.000630]
  4   2   79 0.032196 [6.543164 / 0.000709]
  4   2  119 0.032474 [6.545333 / 0.000775]
  4   2  159 0.032288 [6.547264 / 0.000522]
  4   2  199 0.032275 [6.546798 / 0.000640]
  4   2  239 0.032295 [6.550823 / 0.001071]
  4   2  279 0.032220 [6.545783 / 0.000596]
  4   2  319 0.032079 [6.545734 / 0.000543]
  4   2  359 0.031891 [6.545005 / 0.000561]
  4   2  399 0.032110 [6.542067 / 0.000865]
  4   2  439 0.032326 [6.544057 / 0.000603]
  4   3   39 0.032266 [6.542839 / 0.000546]
  4   3   79 0.032229 [6.541506 / 0.000958]
  4   3  119 0.031998 [6.540833 / 0.000573]
  4   3  159 0.032088 [6.540506 / 0.000527]
  4   3  199 0.032054 [6.543139 / 0.000570]
  4   3  239 0.032268 [6.542930 / 0.000636]
  4   3  279 0.032661 [6.547693 / 0.000599]
  4   3  319 0.031998 [6.545489 / 0.000924]
  4   3  359 0.032523 [6.546564 / 0.000636]
  4   3  399 0.032187 [6.543013 / 0.000786]
  4   3  439 0.031989 [6.541591 / 0.000518]
  4   4   39 0.032159 [6.542566 / 0.000538]
  4   4   79 0.032388 [6.546087 / 0.000936]
  4   4  119 0.032100 [6.541431 / 0.000637]
  4   4  159 0.032230 [6.544459 / 0.000721]
  4   4  199 0.032292 [6.541871 / 0.000694]
  4   4  239 0.032177 [6.541582 / 0.000897]
  4   4  279 0.031978 [6.540804 / 0.001012]
  4   4  319 0.032269 [6.541452 / 0.000586]
  4   4  359 0.032026 [6.539959 / 0.000627]
  4   4  399 0.031990 [6.537950 / 0.000691]
  4   4  439 0.032426 [6.538762 / 0.000551]
Sequential (
  (0): Conv2d(1, 20, kernel_size=(9, 9), stride=(3, 3), padding=(4, 4))
  (1): MatrixD (factors=4, categories=5, std=5)
  (2): BatchNorm2d(20, eps=1e-05, momentum=0.1, affine=True)
  (3): CatFactor (factors=4, categories=5, stochastic=True)
  (4): ConvTranspose2d(20, 1, kernel_size=(9, 9), stride=(3, 3), padding=(4, 4))
)
Namespace(batch_size=128, cnnc=5, cnnf=4, force_name=True, mode='cnnae_ds', name='cnnae_ds3', nc=10, nf=80, optimizer='Adam', weight_decay=0.0005)
{'lr': 0.001, 'wd': 0.0005}
