Sequential (
  (0): Conv2d(1, 20, kernel_size=(9, 9), stride=(3, 3), padding=(4, 4))
  (1): MatrixD (factors=4, categories=5, std=5)
  (2): BatchNorm2d(20, eps=1e-05, momentum=0.1, affine=True)
  (3): CatFactor (factors=4, categories=5, stochastic=True)
  (4): ConvTranspose2d(20, 1, kernel_size=(9, 9), stride=(3, 3), padding=(4, 4))
)
Namespace(batch_size=128, cnnc=5, cnnf=4, force_name=False, mode='cnnae_ds', name='cnnae_ds6', nc=10, nf=80, optimizer='Adam', weight_decay=0.005)
{'lr': 0.001, 'wd': 0.005}
  0   0   39 0.800195 [3.646842 / 0.039455]
  0   0   79 0.523307 [3.921409 / 0.033285]
  0   0  119 0.375593 [4.327109 / 0.028540]
  0   0  159 0.271834 [4.752541 / 0.019821]
  0   0  199 0.209859 [5.066200 / 0.018837]
  0   0  239 0.171936 [5.309770 / 0.014540]
  0   0  279 0.144105 [5.498649 / 0.012505]
  0   0  319 0.124701 [5.647186 / 0.012277]
  0   0  359 0.109508 [5.756286 / 0.010210]
  0   0  399 0.098289 [5.834970 / 0.009902]
  0   0  439 0.089754 [5.891427 / 0.008494]
  0   1   39 0.078256 [5.950873 / 0.007425]
  0   1   79 0.074575 [5.981544 / 0.007014]
  0   1  119 0.070108 [5.979253 / 0.006311]
  0   1  159 0.068100 [5.993135 / 0.009930]
  0   1  199 0.064638 [5.990017 / 0.007338]
  0   1  239 0.062164 [6.010038 / 0.007699]
  0   1  279 0.058859 [6.010054 / 0.006807]
  0   1  319 0.057627 [6.025340 / 0.005990]
  0   1  359 0.055094 [6.036001 / 0.006246]
  0   1  399 0.053642 [6.052517 / 0.007208]
  0   1  439 0.052139 [6.061418 / 0.005376]
  0   2   39 0.049330 [6.073057 / 0.006653]
  0   2   79 0.047645 [6.070996 / 0.005770]
  0   2  119 0.047509 [6.079651 / 0.007467]
  0   2  159 0.046676 [6.082032 / 0.006210]
  0   2  199 0.045326 [6.093808 / 0.005723]
  0   2  239 0.045824 [6.088171 / 0.004959]
  0   2  279 0.044196 [6.092080 / 0.006772]
  0   2  319 0.044013 [6.097559 / 0.004530]
  0   2  359 0.043821 [6.088658 / 0.007977]
  0   2  399 0.043164 [6.087889 / 0.006790]
  0   2  439 0.043389 [6.095514 / 0.006071]
  0   3   39 0.042336 [6.091417 / 0.007213]
  0   3   79 0.042741 [6.097957 / 0.006923]
  0   3  119 0.041895 [6.090923 / 0.008294]
  0   3  159 0.043513 [6.104656 / 0.005126]
  0   3  199 0.040979 [6.110975 / 0.004733]
  0   3  239 0.040969 [6.112675 / 0.004708]
  0   3  279 0.040875 [6.102941 / 0.005931]
  0   3  319 0.041052 [6.108719 / 0.006084]
  0   3  359 0.040752 [6.103353 / 0.005632]
  0   3  399 0.040699 [6.109200 / 0.005084]
  0   3  439 0.040224 [6.105424 / 0.005619]
  0   4   39 0.040022 [6.115627 / 0.005053]
  0   4   79 0.039892 [6.111273 / 0.005477]
  0   4  119 0.040291 [6.114590 / 0.006236]
  0   4  159 0.039592 [6.118164 / 0.005471]
  0   4  199 0.039647 [6.110412 / 0.005208]
  0   4  239 0.039971 [6.111010 / 0.006245]
  0   4  279 0.039449 [6.105362 / 0.005521]
  0   4  319 0.039375 [6.106575 / 0.006147]
  0   4  359 0.039333 [6.119794 / 0.008150]
  0   4  399 0.040521 [6.105716 / 0.008515]
  0   4  439 0.040031 [6.119099 / 0.005679]
  1   0   39 0.039168 [6.109430 / 0.003078]
  1   0   79 0.038773 [6.118338 / 0.002743]
  1   0  119 0.038319 [6.105574 / 0.003215]
  1   0  159 0.039108 [6.123791 / 0.002764]
  1   0  199 0.038403 [6.115864 / 0.002794]
  1   0  239 0.038447 [6.113680 / 0.002792]
  1   0  279 0.038906 [6.121934 / 0.003745]
  1   0  319 0.038860 [6.111509 / 0.003493]
  1   0  359 0.038888 [6.110698 / 0.003971]
  1   0  399 0.039288 [6.113540 / 0.003498]
  1   0  439 0.038454 [6.117752 / 0.002834]
  1   1   39 0.038702 [6.122844 / 0.003624]
  1   1   79 0.038603 [6.121291 / 0.002887]
  1   1  119 0.038023 [6.109277 / 0.003385]
  1   1  159 0.039009 [6.120600 / 0.003143]
  1   1  199 0.038758 [6.116254 / 0.003719]
  1   1  239 0.038412 [6.120695 / 0.003172]
  1   1  279 0.038412 [6.115233 / 0.003328]
  1   1  319 0.038799 [6.117870 / 0.003644]
  1   1  359 0.038573 [6.100027 / 0.004557]
  1   1  399 0.038481 [6.104298 / 0.002790]
  1   1  439 0.038802 [6.112542 / 0.003683]
  1   2   39 0.038645 [6.113981 / 0.003468]
  1   2   79 0.038155 [6.100832 / 0.003094]
  1   2  119 0.038739 [6.104122 / 0.003228]
  1   2  159 0.038143 [6.106554 / 0.003109]
  1   2  199 0.038455 [6.115741 / 0.003071]
  1   2  239 0.038360 [6.116390 / 0.003976]
  1   2  279 0.038408 [6.111042 / 0.003832]
  1   2  319 0.038706 [6.117177 / 0.003240]
  1   2  359 0.038339 [6.112579 / 0.003332]
  1   2  399 0.038990 [6.113986 / 0.004461]
  1   2  439 0.038545 [6.112333 / 0.003116]
  1   3   39 0.038829 [6.103777 / 0.003976]
  1   3   79 0.038102 [6.104499 / 0.003821]
  1   3  119 0.038559 [6.115734 / 0.003218]
  1   3  159 0.038247 [6.112985 / 0.003353]
  1   3  199 0.038112 [6.111459 / 0.003654]
  1   3  239 0.039033 [6.114747 / 0.004008]
  1   3  279 0.038042 [6.109891 / 0.003716]
  1   3  319 0.038367 [6.104264 / 0.004939]
  1   3  359 0.038439 [6.102077 / 0.003495]
  1   3  399 0.038537 [6.117235 / 0.003680]
  1   3  439 0.038152 [6.115131 / 0.003795]
  1   4   39 0.038202 [6.100850 / 0.003425]
  1   4   79 0.038522 [6.112400 / 0.003582]
  1   4  119 0.038880 [6.116045 / 0.004950]
  1   4  159 0.038213 [6.114665 / 0.003913]
  1   4  199 0.038061 [6.119037 / 0.003414]
  1   4  239 0.038349 [6.106819 / 0.004944]
  1   4  279 0.037963 [6.102243 / 0.003142]
  1   4  319 0.038768 [6.114275 / 0.004508]
  1   4  359 0.038413 [6.106231 / 0.003408]
  1   4  399 0.038708 [6.108118 / 0.004229]
  1   4  439 0.038176 [6.099816 / 0.004377]
  2   0   39 0.038533 [6.112833 / 0.002495]
  2   0   79 0.038126 [6.110610 / 0.001901]
  2   0  119 0.037978 [6.109377 / 0.001788]
  2   0  159 0.038211 [6.115136 / 0.001991]
  2   0  199 0.037767 [6.109385 / 0.001844]
  2   0  239 0.037907 [6.106211 / 0.001764]
  2   0  279 0.037969 [6.116186 / 0.001813]
  2   0  319 0.037692 [6.111497 / 0.001631]
  2   0  359 0.037915 [6.110380 / 0.002550]
  2   0  399 0.038498 [6.114453 / 0.002638]
  2   0  439 0.038182 [6.116173 / 0.002164]
  2   1   39 0.038301 [6.112881 / 0.002345]
  2   1   79 0.038041 [6.113411 / 0.001783]
  2   1  119 0.037919 [6.107161 / 0.002602]
  2   1  159 0.038318 [6.117233 / 0.002436]
  2   1  199 0.037492 [6.104559 / 0.002405]
  2   1  239 0.038461 [6.107963 / 0.002011]
  2   1  279 0.037866 [6.111589 / 0.001901]
  2   1  319 0.038110 [6.113959 / 0.001849]
  2   1  359 0.038069 [6.113858 / 0.002229]
  2   1  399 0.037943 [6.111285 / 0.001687]
  2   1  439 0.037686 [6.107102 / 0.001954]
  2   2   39 0.038177 [6.108296 / 0.001957]
  2   2   79 0.038097 [6.106356 / 0.001826]
  2   2  119 0.037779 [6.105738 / 0.001845]
  2   2  159 0.037854 [6.106477 / 0.002027]
  2   2  199 0.038030 [6.112765 / 0.002392]
  2   2  239 0.038200 [6.108103 / 0.001857]
  2   2  279 0.037890 [6.108291 / 0.001845]
  2   2  319 0.038419 [6.120901 / 0.002713]
  2   2  359 0.037998 [6.113524 / 0.001949]
  2   2  399 0.037829 [6.101619 / 0.002431]
  2   2  439 0.038177 [6.111198 / 0.002046]
  2   3   39 0.037927 [6.108099 / 0.001991]
  2   3   79 0.038147 [6.112817 / 0.002048]
  2   3  119 0.037967 [6.113338 / 0.002096]
  2   3  159 0.038276 [6.113363 / 0.002351]
  2   3  199 0.038093 [6.113362 / 0.002257]
  2   3  239 0.037644 [6.106699 / 0.002478]
  2   3  279 0.037771 [6.106278 / 0.002182]
  2   3  319 0.037870 [6.109339 / 0.001874]
  2   3  359 0.038187 [6.106474 / 0.002386]
  2   3  399 0.037855 [6.105068 / 0.002261]
  2   3  439 0.038331 [6.113870 / 0.002467]
  2   4   39 0.037703 [6.108343 / 0.002002]
  2   4   79 0.038041 [6.108439 / 0.002267]
  2   4  119 0.038083 [6.111012 / 0.001919]
  2   4  159 0.038095 [6.103777 / 0.001986]
  2   4  199 0.037626 [6.095777 / 0.002025]
  2   4  239 0.037817 [6.103234 / 0.002282]
  2   4  279 0.038093 [6.110282 / 0.002297]
  2   4  319 0.038259 [6.111714 / 0.003109]
  2   4  359 0.038250 [6.112957 / 0.002303]
  2   4  399 0.038376 [6.116253 / 0.001927]
  2   4  439 0.038201 [6.108305 / 0.002610]
  3   0   39 0.038226 [6.111479 / 0.001183]
  3   0   79 0.037699 [6.109925 / 0.000923]
  3   0  119 0.037553 [6.107110 / 0.000991]
  3   0  159 0.037884 [6.107646 / 0.001306]
  3   0  199 0.038150 [6.112432 / 0.001230]
  3   0  239 0.037688 [6.111260 / 0.001110]
  3   0  279 0.037900 [6.108651 / 0.001038]
  3   0  319 0.038056 [6.113421 / 0.001007]
  3   0  359 0.037308 [6.106341 / 0.001064]
  3   0  399 0.038038 [6.108013 / 0.001491]
  3   0  439 0.038123 [6.110109 / 0.001209]
  3   1   39 0.038132 [6.107607 / 0.001398]
  3   1   79 0.037790 [6.110860 / 0.001466]
  3   1  119 0.037672 [6.110619 / 0.001013]
  3   1  159 0.037510 [6.103949 / 0.001030]
  3   1  199 0.037738 [6.108556 / 0.001067]
  3   1  239 0.037669 [6.106805 / 0.001025]
  3   1  279 0.038423 [6.113809 / 0.001166]
  3   1  319 0.037927 [6.110076 / 0.001106]
  3   1  359 0.037559 [6.109094 / 0.001039]
  3   1  399 0.037315 [6.102195 / 0.001166]
  3   1  439 0.038480 [6.108694 / 0.001303]
  3   2   39 0.037719 [6.114041 / 0.001429]
  3   2   79 0.037940 [6.112201 / 0.001131]
  3   2  119 0.037704 [6.114348 / 0.001166]
  3   2  159 0.037655 [6.109751 / 0.001639]
  3   2  199 0.037940 [6.109030 / 0.001091]
  3   2  239 0.037491 [6.103693 / 0.001054]
  3   2  279 0.038170 [6.109130 / 0.001034]
  3   2  319 0.037767 [6.111621 / 0.001161]
  3   2  359 0.037765 [6.111082 / 0.001136]
  3   2  399 0.037739 [6.108156 / 0.001060]
  3   2  439 0.038126 [6.110595 / 0.001348]
  3   3   39 0.037646 [6.104818 / 0.001201]
  3   3   79 0.038064 [6.107366 / 0.001055]
  3   3  119 0.037600 [6.109260 / 0.001012]
  3   3  159 0.037912 [6.106648 / 0.001104]
  3   3  199 0.037531 [6.104915 / 0.001151]
  3   3  239 0.037692 [6.101155 / 0.001344]
  3   3  279 0.038163 [6.108479 / 0.001073]
  3   3  319 0.037830 [6.112678 / 0.001061]
  3   3  359 0.037477 [6.107838 / 0.001194]
  3   3  399 0.038672 [6.114829 / 0.001247]
  3   3  439 0.037687 [6.110674 / 0.001001]
  3   4   39 0.037637 [6.108541 / 0.000955]
  3   4   79 0.037654 [6.109707 / 0.001074]
  3   4  119 0.037413 [6.103891 / 0.001105]
  3   4  159 0.037809 [6.107954 / 0.001000]
  3   4  199 0.037598 [6.111215 / 0.001031]
  3   4  239 0.037810 [6.107479 / 0.001103]
  3   4  279 0.038116 [6.114176 / 0.001102]
  3   4  319 0.038300 [6.115404 / 0.001107]
  3   4  359 0.037527 [6.108390 / 0.001031]
  3   4  399 0.037712 [6.106950 / 0.001155]
  3   4  439 0.038024 [6.102937 / 0.001114]
  4   0   39 0.037673 [6.110309 / 0.000600]
  4   0   79 0.037730 [6.110165 / 0.000552]
  4   0  119 0.037571 [6.108616 / 0.000550]
  4   0  159 0.037552 [6.108602 / 0.000597]
  4   0  199 0.037652 [6.109510 / 0.000560]
  4   0  239 0.037694 [6.110416 / 0.000537]
  4   0  279 0.037177 [6.105351 / 0.000579]
  4   0  319 0.037903 [6.107347 / 0.000604]
  4   0  359 0.037602 [6.107507 / 0.000639]
  4   0  399 0.038197 [6.109705 / 0.000708]
  4   0  439 0.037627 [6.107934 / 0.000610]
  4   1   39 0.037761 [6.110554 / 0.000607]
  4   1   79 0.037686 [6.110821 / 0.000496]
  4   1  119 0.037465 [6.108839 / 0.000518]
  4   1  159 0.037568 [6.108492 / 0.001089]
  4   1  199 0.038473 [6.110509 / 0.001053]
  4   1  239 0.037480 [6.106064 / 0.000878]
  4   1  279 0.037931 [6.109812 / 0.000734]
  4   1  319 0.037705 [6.109058 / 0.000532]
  4   1  359 0.037399 [6.106394 / 0.000533]
  4   1  399 0.037587 [6.107338 / 0.000817]
  4   1  439 0.037700 [6.105158 / 0.000546]
  4   2   39 0.037771 [6.108288 / 0.000553]
  4   2   79 0.037883 [6.108794 / 0.000800]
  4   2  119 0.038035 [6.108708 / 0.000808]
  4   2  159 0.037644 [6.107351 / 0.000519]
  4   2  199 0.037912 [6.109059 / 0.000695]
  4   2  239 0.037678 [6.109049 / 0.000577]
  4   2  279 0.037740 [6.110654 / 0.000571]
  4   2  319 0.037688 [6.111187 / 0.000576]
  4   2  359 0.037536 [6.109423 / 0.000663]
  4   2  399 0.037751 [6.109970 / 0.000606]
  4   2  439 0.037174 [6.106965 / 0.000721]
  4   3   39 0.037873 [6.107064 / 0.000685]
  4   3   79 0.037720 [6.105964 / 0.000652]
  4   3  119 0.037896 [6.108640 / 0.000754]
  4   3  159 0.037450 [6.108343 / 0.000560]
  4   3  199 0.037359 [6.106995 / 0.000651]
  4   3  239 0.038185 [6.111061 / 0.001038]
  4   3  279 0.037821 [6.109830 / 0.000563]
  4   3  319 0.037220 [6.105871 / 0.000555]
  4   3  359 0.037621 [6.105930 / 0.000622]
  4   3  399 0.037836 [6.107903 / 0.000672]
  4   3  439 0.037578 [6.105919 / 0.000573]
  4   4   39 0.037721 [6.109796 / 0.000596]
  4   4   79 0.037271 [6.107428 / 0.000661]
  4   4  119 0.037309 [6.106058 / 0.000542]
  4   4  159 0.037832 [6.107596 / 0.000929]
  4   4  199 0.038138 [6.111954 / 0.000504]
  4   4  239 0.037954 [6.114331 / 0.000725]
  4   4  279 0.037461 [6.111786 / 0.000649]
  4   4  319 0.037455 [6.110383 / 0.000580]
  4   4  359 0.037242 [6.106473 / 0.000641]
  4   4  399 0.037684 [6.105342 / 0.000634]
  4   4  439 0.037924 [6.106837 / 0.000600]
Sequential (
  (0): Conv2d(1, 20, kernel_size=(9, 9), stride=(3, 3), padding=(4, 4))
  (1): MatrixD (factors=4, categories=5, std=5)
  (2): BatchNorm2d(20, eps=1e-05, momentum=0.1, affine=True)
  (3): CatFactor (factors=4, categories=5, stochastic=True)
  (4): ConvTranspose2d(20, 1, kernel_size=(9, 9), stride=(3, 3), padding=(4, 4))
)
Namespace(batch_size=128, cnnc=5, cnnf=4, force_name=False, mode='cnnae_ds', name='cnnae_ds6', nc=10, nf=80, optimizer='Adam', weight_decay=0.005)
{'lr': 0.001, 'wd': 0.005}
