Sequential (
  (0): Conv2d(1, 40, kernel_size=(5, 5), stride=(2, 2), padding=(2, 2))
  (1): ReLU ()
  (2): ConvTranspose2d(40, 1, kernel_size=(5, 5), stride=(2, 2), padding=(2, 2), output_padding=(1, 1))
)
Namespace(batch_size=128, cnnc=10, cnnf=40, mode='cnnae_simple', name='cnnae_simple1', nc=10, nf=80, optimizer='Adam', weight_decay=0.0001)
{'lr': 0.001, 'wd': 0.0001}
  0   0   39 0.384689 [3.918408 / 0.021048]
  0   0   79 0.080665 [4.009553 / 0.010835]
  0   0  119 0.045504 [4.075460 / 0.008097]
  0   0  159 0.031374 [4.139053 / 0.006910]
  0   0  199 0.023056 [4.201627 / 0.006051]
  0   0  239 0.017428 [4.255789 / 0.005269]
  0   0  279 0.013650 [4.302011 / 0.004634]
  0   0  319 0.010882 [4.341441 / 0.004114]
  0   0  359 0.008855 [4.375792 / 0.003733]
  0   0  399 0.007389 [4.405002 / 0.003433]
  0   0  439 0.006192 [4.430906 / 0.003185]
  0   1   39 0.004642 [4.464819 / 0.002780]
  0   1   79 0.004013 [4.479913 / 0.002514]
  0   1  119 0.003549 [4.490912 / 0.002390]
  0   1  159 0.003138 [4.498897 / 0.002197]
  0   1  199 0.002844 [4.504069 / 0.002084]
  0   1  239 0.002557 [4.506209 / 0.001948]
  0   1  279 0.002344 [4.506520 / 0.001835]
  0   1  319 0.002162 [4.504414 / 0.001748]
  0   1  359 0.002002 [4.501654 / 0.001794]
  0   1  399 0.001846 [4.497913 / 0.001676]
  0   1  439 0.001741 [4.493847 / 0.001576]
  0   2   39 0.001553 [4.483893 / 0.001462]
  0   2   79 0.001456 [4.477418 / 0.001509]
  0   2  119 0.001388 [4.470802 / 0.001399]
  0   2  159 0.001290 [4.463139 / 0.001471]
  0   2  199 0.001220 [4.455780 / 0.001334]
  0   2  239 0.001164 [4.447528 / 0.001329]
  0   2  279 0.001090 [4.439966 / 0.001261]
  0   2  319 0.001044 [4.430776 / 0.001250]
  0   2  359 0.000986 [4.422662 / 0.001228]
  0   2  399 0.000962 [4.414713 / 0.001252]
  0   2  439 0.000911 [4.405502 / 0.001188]
  0   3   39 0.000873 [4.390308 / 0.001188]
  0   3   79 0.000817 [4.381071 / 0.001187]
  0   3  119 0.000760 [4.371152 / 0.001251]
  0   3  159 0.000753 [4.362180 / 0.001188]
  0   3  199 0.000723 [4.352529 / 0.001134]
  0   3  239 0.000688 [4.342463 / 0.001112]
  0   3  279 0.000652 [4.332221 / 0.001170]
  0   3  319 0.000639 [4.322029 / 0.001080]
  0   3  359 0.000604 [4.311895 / 0.001329]
  0   3  399 0.000574 [4.301302 / 0.001184]
  0   3  439 0.000561 [4.291086 / 0.001119]
  0   4   39 0.000522 [4.272358 / 0.001173]
  0   4   79 0.000510 [4.261397 / 0.001084]
  0   4  119 0.000501 [4.250728 / 0.001568]
  0   4  159 0.000479 [4.239785 / 0.001134]
  0   4  199 0.000459 [4.227417 / 0.001038]
  0   4  239 0.000442 [4.217047 / 0.001089]
  0   4  279 0.000447 [4.205919 / 0.001157]
  0   4  319 0.000409 [4.194266 / 0.001444]
  0   4  359 0.000407 [4.182063 / 0.001009]
  0   4  399 0.000385 [4.170584 / 0.001096]
  0   4  439 0.000381 [4.158857 / 0.001763]
  1   0   39 0.000362 [4.144032 / 0.000607]
  1   0   79 0.000348 [4.138128 / 0.000582]
  1   0  119 0.000347 [4.132082 / 0.000518]
  1   0  159 0.000340 [4.126131 / 0.000529]
  1   0  199 0.000320 [4.119539 / 0.000503]
  1   0  239 0.000333 [4.113543 / 0.000503]
  1   0  279 0.000309 [4.107043 / 0.000545]
  1   0  319 0.000312 [4.100596 / 0.000547]
  1   0  359 0.000314 [4.094073 / 0.000512]
  1   0  399 0.000302 [4.087468 / 0.000542]
  1   0  439 0.000296 [4.080665 / 0.000544]
  1   1   39 0.000279 [4.068944 / 0.000554]
  1   1   79 0.000288 [4.062496 / 0.000651]
  1   1  119 0.000282 [4.055418 / 0.000549]
  1   1  159 0.000275 [4.048294 / 0.000594]
  1   1  199 0.000255 [4.041125 / 0.000551]
  1   1  239 0.000268 [4.034086 / 0.000743]
  1   1  279 0.000262 [4.026866 / 0.000570]
  1   1  319 0.000255 [4.019181 / 0.000575]
  1   1  359 0.000249 [4.011999 / 0.000602]
  1   1  399 0.000250 [4.004771 / 0.000641]
  1   1  439 0.000243 [3.997334 / 0.000617]
  1   2   39 0.000240 [3.984662 / 0.000610]
  1   2   79 0.000228 [3.976992 / 0.000604]
  1   2  119 0.000227 [3.969281 / 0.000673]
  1   2  159 0.000224 [3.961621 / 0.000652]
  1   2  199 0.000213 [3.953469 / 0.000569]
  1   2  239 0.000223 [3.945924 / 0.000724]
  1   2  279 0.000208 [3.937910 / 0.000696]
  1   2  319 0.000199 [3.929939 / 0.000655]
  1   2  359 0.000201 [3.921895 / 0.000666]
  1   2  399 0.000197 [3.913990 / 0.000601]
  1   2  439 0.000204 [3.905662 / 0.000644]
  1   3   39 0.000192 [3.891083 / 0.000694]
  1   3   79 0.000193 [3.883318 / 0.000719]
  1   3  119 0.000184 [3.874716 / 0.000722]
  1   3  159 0.000184 [3.866638 / 0.000726]
  1   3  199 0.000168 [3.858197 / 0.000799]
  1   3  239 0.000168 [3.849691 / 0.000660]
  1   3  279 0.000186 [3.841970 / 0.000651]
  1   3  319 0.000163 [3.833225 / 0.000684]
  1   3  359 0.000171 [3.825680 / 0.000741]
  1   3  399 0.000167 [3.817379 / 0.000968]
  1   3  439 0.000166 [3.809666 / 0.000899]
  1   4   39 0.000160 [3.795166 / 0.000758]
  1   4   79 0.000158 [3.787204 / 0.000633]
  1   4  119 0.000151 [3.778813 / 0.000837]
  1   4  159 0.000148 [3.770819 / 0.000715]
  1   4  199 0.000146 [3.762946 / 0.000983]
  1   4  239 0.000133 [3.754822 / 0.000933]
  1   4  279 0.000148 [3.746990 / 0.000758]
  1   4  319 0.000138 [3.738770 / 0.000816]
  1   4  359 0.000144 [3.731337 / 0.000696]
  1   4  399 0.000143 [3.723155 / 0.001231]
  1   4  439 0.000133 [3.715591 / 0.000642]
  2   0   39 0.000130 [3.706201 / 0.000333]
  2   0   79 0.000133 [3.702386 / 0.000362]
  2   0  119 0.000123 [3.697997 / 0.000349]
  2   0  159 0.000124 [3.693802 / 0.000336]
  2   0  199 0.000132 [3.689979 / 0.000356]
  2   0  239 0.000125 [3.685977 / 0.000359]
  2   0  279 0.000128 [3.682053 / 0.000384]
  2   0  319 0.000124 [3.677857 / 0.000363]
  2   0  359 0.000116 [3.673542 / 0.000424]
  2   0  399 0.000122 [3.669496 / 0.000391]
  2   0  439 0.000127 [3.665604 / 0.000355]
  2   1   39 0.000121 [3.658819 / 0.000367]
  2   1   79 0.000118 [3.654470 / 0.000372]
  2   1  119 0.000118 [3.650183 / 0.000380]
  2   1  159 0.000118 [3.646053 / 0.000411]
  2   1  199 0.000111 [3.641464 / 0.000368]
  2   1  239 0.000115 [3.636919 / 0.000378]
  2   1  279 0.000110 [3.632538 / 0.000421]
  2   1  319 0.000111 [3.628014 / 0.000418]
  2   1  359 0.000117 [3.623994 / 0.000444]
  2   1  399 0.000110 [3.619606 / 0.000466]
  2   1  439 0.000113 [3.615456 / 0.000406]
  2   2   39 0.000109 [3.607514 / 0.000502]
  2   2   79 0.000110 [3.603634 / 0.000424]
  2   2  119 0.000100 [3.598947 / 0.000436]
  2   2  159 0.000106 [3.594765 / 0.000412]
  2   2  199 0.000106 [3.590669 / 0.000493]
  2   2  239 0.000100 [3.586210 / 0.000553]
  2   2  279 0.000093 [3.581199 / 0.000530]
  2   2  319 0.000103 [3.577241 / 0.000425]
  2   2  359 0.000097 [3.572552 / 0.000429]
  2   2  399 0.000100 [3.568840 / 0.000589]
  2   2  439 0.000103 [3.564477 / 0.000462]
  2   3   39 0.000093 [3.556861 / 0.000499]
  2   3   79 0.000098 [3.552800 / 0.000555]
  2   3  119 0.000102 [3.548570 / 0.000488]
  2   3  159 0.000086 [3.543891 / 0.000436]
  2   3  199 0.000093 [3.539530 / 0.000594]
  2   3  239 0.000092 [3.535321 / 0.000756]
  2   3  279 0.000092 [3.530955 / 0.000432]
  2   3  319 0.000087 [3.527148 / 0.000478]
  2   3  359 0.000092 [3.523069 / 0.000515]
  2   3  399 0.000085 [3.518992 / 0.000560]
  2   3  439 0.000092 [3.515150 / 0.000477]
  2   4   39 0.000093 [3.508693 / 0.000541]
  2   4   79 0.000078 [3.504014 / 0.000515]
  2   4  119 0.000090 [3.500350 / 0.000524]
  2   4  159 0.000079 [3.496533 / 0.000614]
  2   4  199 0.000078 [3.492455 / 0.000544]
  2   4  239 0.000085 [3.488576 / 0.000452]
  2   4  279 0.000081 [3.484799 / 0.000654]
  2   4  319 0.000083 [3.481063 / 0.000512]
  2   4  359 0.000078 [3.477255 / 0.000760]
  2   4  399 0.000078 [3.473652 / 0.000508]
  2   4  439 0.000080 [3.469799 / 0.000718]
  3   0   39 0.000070 [3.465331 / 0.000238]
  3   0   79 0.000076 [3.463752 / 0.000283]
  3   0  119 0.000077 [3.462072 / 0.000271]
  3   0  159 0.000076 [3.460357 / 0.000249]
  3   0  199 0.000077 [3.458685 / 0.000250]
  3   0  239 0.000079 [3.456993 / 0.000270]
  3   0  279 0.000075 [3.454982 / 0.000251]
  3   0  319 0.000076 [3.453141 / 0.000313]
  3   0  359 0.000074 [3.451362 / 0.000264]
  3   0  399 0.000071 [3.449279 / 0.000286]
  3   0  439 0.000072 [3.447323 / 0.000280]
  3   1   39 0.000071 [3.444112 / 0.000292]
  3   1   79 0.000070 [3.442490 / 0.000287]
  3   1  119 0.000072 [3.440400 / 0.000344]
  3   1  159 0.000072 [3.438881 / 0.000281]
  3   1  199 0.000073 [3.436584 / 0.000367]
  3   1  239 0.000069 [3.434989 / 0.000316]
  3   1  279 0.000070 [3.433215 / 0.000316]
  3   1  319 0.000069 [3.430959 / 0.000336]
  3   1  359 0.000069 [3.429217 / 0.000314]
  3   1  399 0.000071 [3.427252 / 0.000325]
  3   1  439 0.000068 [3.425342 / 0.000295]
  3   2   39 0.000070 [3.422100 / 0.000333]
  3   2   79 0.000070 [3.420505 / 0.000342]
  3   2  119 0.000066 [3.418538 / 0.000321]
  3   2  159 0.000062 [3.416462 / 0.000378]
  3   2  199 0.000065 [3.414379 / 0.000340]
  3   2  239 0.000065 [3.412507 / 0.000380]
  3   2  279 0.000063 [3.410316 / 0.000335]
  3   2  319 0.000064 [3.408189 / 0.000329]
  3   2  359 0.000065 [3.406432 / 0.000340]
  3   2  399 0.000068 [3.404762 / 0.000358]
  3   2  439 0.000065 [3.402792 / 0.000480]
  3   3   39 0.000062 [3.399194 / 0.000334]
  3   3   79 0.000059 [3.397470 / 0.000361]
  3   3  119 0.000063 [3.395778 / 0.000347]
  3   3  159 0.000061 [3.393846 / 0.000372]
  3   3  199 0.000066 [3.392052 / 0.000377]
  3   3  239 0.000060 [3.390048 / 0.000363]
  3   3  279 0.000055 [3.388093 / 0.000363]
  3   3  319 0.000058 [3.386438 / 0.000396]
  3   3  359 0.000059 [3.384465 / 0.000350]
  3   3  399 0.000060 [3.382712 / 0.000368]
  3   3  439 0.000060 [3.381074 / 0.000353]
  3   4   39 0.000059 [3.377988 / 0.000430]
  3   4   79 0.000056 [3.376211 / 0.000470]
  3   4  119 0.000057 [3.374637 / 0.000352]
  3   4  159 0.000059 [3.373413 / 0.000407]
  3   4  199 0.000055 [3.371277 / 0.000473]
  3   4  239 0.000050 [3.369339 / 0.000395]
  3   4  279 0.000056 [3.367744 / 0.000424]
  3   4  319 0.000056 [3.365977 / 0.000363]
  3   4  359 0.000055 [3.364405 / 0.000383]
  3   4  399 0.000052 [3.362737 / 0.000426]
  3   4  439 0.000055 [3.360689 / 0.000431]
  4   0   39 0.000057 [3.358574 / 0.000193]
  4   0   79 0.000051 [3.357976 / 0.000195]
  4   0  119 0.000053 [3.357062 / 0.000210]
  4   0  159 0.000055 [3.356273 / 0.000216]
  4   0  199 0.000049 [3.355282 / 0.000208]
  4   0  239 0.000053 [3.354489 / 0.000208]
  4   0  279 0.000053 [3.354057 / 0.000202]
  4   0  319 0.000050 [3.353031 / 0.000238]
  4   0  359 0.000052 [3.351942 / 0.000217]
  4   0  399 0.000049 [3.351289 / 0.000220]
  4   0  439 0.000052 [3.350332 / 0.000217]
  4   1   39 0.000048 [3.348711 / 0.000224]
  4   1   79 0.000048 [3.347825 / 0.000216]
  4   1  119 0.000052 [3.347093 / 0.000221]
  4   1  159 0.000053 [3.346061 / 0.000255]
  4   1  199 0.000053 [3.345312 / 0.000230]
  4   1  239 0.000053 [3.344556 / 0.000254]
  4   1  279 0.000054 [3.343657 / 0.000281]
  4   1  319 0.000049 [3.342576 / 0.000230]
  4   1  359 0.000047 [3.341672 / 0.000234]
  4   1  399 0.000048 [3.340489 / 0.000232]
  4   1  439 0.000047 [3.339679 / 0.000229]
  4   2   39 0.000049 [3.337850 / 0.000243]
  4   2   79 0.000050 [3.337154 / 0.000263]
  4   2  119 0.000048 [3.336052 / 0.000291]
  4   2  159 0.000047 [3.334884 / 0.000228]
  4   2  199 0.000048 [3.334273 / 0.000243]
  4   2  239 0.000047 [3.333040 / 0.000284]
  4   2  279 0.000049 [3.332345 / 0.000237]
  4   2  319 0.000047 [3.331213 / 0.000243]
  4   2  359 0.000049 [3.330360 / 0.000256]
  4   2  399 0.000047 [3.329314 / 0.000240]
  4   2  439 0.000046 [3.328355 / 0.000243]
  4   3   39 0.000046 [3.326754 / 0.000238]
  4   3   79 0.000047 [3.325760 / 0.000257]
  4   3  119 0.000050 [3.325041 / 0.000275]
  4   3  159 0.000047 [3.323843 / 0.000275]
  4   3  199 0.000047 [3.322973 / 0.000295]
  4   3  239 0.000046 [3.322093 / 0.000279]
  4   3  279 0.000046 [3.321158 / 0.000275]
  4   3  319 0.000042 [3.319876 / 0.000313]
  4   3  359 0.000042 [3.318774 / 0.000287]
  4   3  399 0.000044 [3.317905 / 0.000324]
  4   3  439 0.000045 [3.316858 / 0.000267]
  4   4   39 0.000042 [3.315406 / 0.000261]
  4   4   79 0.000048 [3.314856 / 0.000281]
  4   4  119 0.000043 [3.313706 / 0.000279]
  4   4  159 0.000042 [3.312576 / 0.000245]
  4   4  199 0.000043 [3.311299 / 0.000288]
  4   4  239 0.000042 [3.310258 / 0.000273]
  4   4  279 0.000046 [3.309587 / 0.000285]
  4   4  319 0.000042 [3.308424 / 0.000247]
  4   4  359 0.000043 [3.307635 / 0.000298]
  4   4  399 0.000044 [3.307031 / 0.000272]
  4   4  439 0.000042 [3.306168 / 0.000324]
Sequential (
  (0): Conv2d(1, 40, kernel_size=(5, 5), stride=(2, 2), padding=(2, 2))
  (1): ReLU ()
  (2): ConvTranspose2d(40, 1, kernel_size=(5, 5), stride=(2, 2), padding=(2, 2), output_padding=(1, 1))
)
Namespace(batch_size=128, cnnc=10, cnnf=40, mode='cnnae_simple', name='cnnae_simple1', nc=10, nf=80, optimizer='Adam', weight_decay=0.0001)
{'lr': 0.001, 'wd': 0.0001}
