Sequential (
  (0): Conv2d(1, 8, kernel_size=(9, 9), stride=(3, 3), padding=(4, 4))
  (1): ReLU ()
  (2): ConvTranspose2d(8, 1, kernel_size=(9, 9), stride=(3, 3), padding=(4, 4))
)
Namespace(batch_size=128, cnnc=10, cnnf=8, mode='cnnae_simple', name='cnnae_simple7', nc=10, nf=80, optimizer='Adam', weight_decay=0.0001)
{'lr': 0.001, 'wd': 0.0001}
  0   0   39 0.713900 [2.008261 / 0.027970]
  0   0   79 0.297697 [2.368850 / 0.016155]
  0   0  119 0.190593 [2.528778 / 0.010989]
  0   0  159 0.149976 [2.647729 / 0.009604]
  0   0  199 0.123417 [2.761715 / 0.008793]
  0   0  239 0.104053 [2.861895 / 0.007697]
  0   0  279 0.088523 [2.939855 / 0.006803]
  0   0  319 0.079253 [3.006616 / 0.006357]
  0   0  359 0.070922 [3.066118 / 0.005765]
  0   0  399 0.064403 [3.119562 / 0.005533]
  0   0  439 0.059846 [3.169959 / 0.005157]
  0   1   39 0.053035 [3.251352 / 0.004649]
  0   1   79 0.049982 [3.294510 / 0.004496]
  0   1  119 0.047320 [3.338372 / 0.004399]
  0   1  159 0.044679 [3.381698 / 0.004282]
  0   1  199 0.042062 [3.424473 / 0.004410]
  0   1  239 0.039984 [3.469564 / 0.004119]
  0   1  279 0.038133 [3.515734 / 0.004047]
  0   1  319 0.036163 [3.562413 / 0.003940]
  0   1  359 0.034500 [3.609564 / 0.004051]
  0   1  399 0.032697 [3.657866 / 0.003960]
  0   1  439 0.031316 [3.707685 / 0.003914]
  0   2   39 0.028569 [3.793843 / 0.003594]
  0   2   79 0.027281 [3.843373 / 0.003606]
  0   2  119 0.026108 [3.892781 / 0.003866]
  0   2  159 0.024741 [3.941857 / 0.003582]
  0   2  199 0.023591 [3.989485 / 0.003394]
  0   2  239 0.022460 [4.036588 / 0.003548]
  0   2  279 0.021549 [4.082506 / 0.003491]
  0   2  319 0.020610 [4.127573 / 0.003310]
  0   2  359 0.019648 [4.170277 / 0.003615]
  0   2  399 0.018708 [4.211127 / 0.003308]
  0   2  439 0.018054 [4.251356 / 0.003383]
  0   3   39 0.016815 [4.316253 / 0.003327]
  0   3   79 0.016014 [4.352279 / 0.003077]
  0   3  119 0.015335 [4.387350 / 0.003280]
  0   3  159 0.014700 [4.422294 / 0.003044]
  0   3  199 0.014070 [4.455927 / 0.003140]
  0   3  239 0.013624 [4.488388 / 0.002869]
  0   3  279 0.013055 [4.519402 / 0.002674]
  0   3  319 0.012677 [4.549474 / 0.003006]
  0   3  359 0.012041 [4.578780 / 0.003689]
  0   3  399 0.011581 [4.608461 / 0.003469]
  0   3  439 0.010918 [4.634751 / 0.003150]
  0   4   39 0.010075 [4.678914 / 0.002704]
  0   4   79 0.009817 [4.705016 / 0.002836]
  0   4  119 0.009495 [4.730459 / 0.003087]
  0   4  159 0.009170 [4.755482 / 0.002854]
  0   4  199 0.008871 [4.780243 / 0.002790]
  0   4  239 0.008500 [4.804607 / 0.002636]
  0   4  279 0.008223 [4.828496 / 0.003037]
  0   4  319 0.008009 [4.852832 / 0.002755]
  0   4  359 0.007745 [4.875547 / 0.002931]
  0   4  399 0.007503 [4.898447 / 0.003193]
  0   4  439 0.007250 [4.921015 / 0.002656]
  1   0   39 0.006824 [4.948058 / 0.001146]
  1   0   79 0.006754 [4.958745 / 0.001324]
  1   0  119 0.006677 [4.969404 / 0.001235]
  1   0  159 0.006535 [4.979981 / 0.001438]
  1   0  199 0.006502 [4.990514 / 0.001630]
  1   0  239 0.006346 [5.001252 / 0.001266]
  1   0  279 0.006227 [5.011436 / 0.001158]
  1   0  319 0.006172 [5.021812 / 0.001512]
  1   0  359 0.006066 [5.031658 / 0.001347]
  1   0  399 0.005929 [5.041613 / 0.001412]
  1   0  439 0.005897 [5.051080 / 0.001227]
  1   1   39 0.005723 [5.067388 / 0.001294]
  1   1   79 0.005663 [5.076464 / 0.001423]
  1   1  119 0.005495 [5.085275 / 0.001192]
  1   1  159 0.005478 [5.093786 / 0.001580]
  1   1  199 0.005453 [5.102552 / 0.001610]
  1   1  239 0.005318 [5.110490 / 0.001288]
  1   1  279 0.005298 [5.118337 / 0.001272]
  1   1  319 0.005259 [5.126023 / 0.001450]
  1   1  359 0.005151 [5.133400 / 0.001282]
  1   1  399 0.005121 [5.140519 / 0.001644]
  1   1  439 0.005087 [5.147469 / 0.001542]
  1   2   39 0.004995 [5.158658 / 0.001387]
  1   2   79 0.004924 [5.164932 / 0.001629]
  1   2  119 0.004888 [5.170699 / 0.001131]
  1   2  159 0.004870 [5.176149 / 0.001050]
  1   2  199 0.004870 [5.181949 / 0.001217]
  1   2  239 0.004790 [5.187257 / 0.001163]
  1   2  279 0.004812 [5.192069 / 0.001685]
  1   2  319 0.004710 [5.196875 / 0.001429]
  1   2  359 0.004709 [5.201402 / 0.001191]
  1   2  399 0.004664 [5.205820 / 0.001940]
  1   2  439 0.004634 [5.210052 / 0.001153]
  1   3   39 0.004538 [5.216868 / 0.001014]
  1   3   79 0.004567 [5.220578 / 0.001489]
  1   3  119 0.004557 [5.224215 / 0.001524]
  1   3  159 0.004488 [5.227869 / 0.001317]
  1   3  199 0.004512 [5.231361 / 0.001442]
  1   3  239 0.004422 [5.234570 / 0.001586]
  1   3  279 0.004503 [5.237782 / 0.001197]
  1   3  319 0.004404 [5.241180 / 0.001231]
  1   3  359 0.004400 [5.244378 / 0.001299]
  1   3  399 0.004402 [5.247135 / 0.001490]
  1   3  439 0.004371 [5.249634 / 0.001561]
  1   4   39 0.004318 [5.254228 / 0.001587]
  1   4   79 0.004296 [5.256596 / 0.001580]
  1   4  119 0.004283 [5.258756 / 0.001109]
  1   4  159 0.004265 [5.261136 / 0.001111]
  1   4  199 0.004234 [5.263075 / 0.001303]
  1   4  239 0.004258 [5.264938 / 0.001320]
  1   4  279 0.004205 [5.266920 / 0.001692]
  1   4  319 0.004223 [5.268543 / 0.001555]
  1   4  359 0.004197 [5.270391 / 0.001993]
  1   4  399 0.004205 [5.271896 / 0.002001]
  1   4  439 0.004155 [5.273557 / 0.001284]
  2   0   39 0.004115 [5.275415 / 0.000592]
  2   0   79 0.004127 [5.276072 / 0.000598]
  2   0  119 0.004101 [5.276913 / 0.000748]
  2   0  159 0.004128 [5.277811 / 0.000724]
  2   0  199 0.004099 [5.278529 / 0.000615]
  2   0  239 0.004076 [5.279183 / 0.000689]
  2   0  279 0.004045 [5.279946 / 0.000730]
  2   0  319 0.004043 [5.280647 / 0.000861]
  2   0  359 0.004064 [5.281228 / 0.000655]
  2   0  399 0.004039 [5.281787 / 0.001013]
  2   0  439 0.004064 [5.282376 / 0.000679]
  2   1   39 0.004000 [5.283132 / 0.000682]
  2   1   79 0.004038 [5.283907 / 0.000722]
  2   1  119 0.003997 [5.284566 / 0.000914]
  2   1  159 0.003980 [5.285195 / 0.000826]
  2   1  199 0.003990 [5.285735 / 0.000814]
  2   1  239 0.003955 [5.286200 / 0.000808]
  2   1  279 0.003983 [5.286659 / 0.000875]
  2   1  319 0.003932 [5.287259 / 0.000783]
  2   1  359 0.003953 [5.287877 / 0.000815]
  2   1  399 0.003970 [5.288421 / 0.000975]
  2   1  439 0.003950 [5.288975 / 0.000858]
  2   2   39 0.003923 [5.289817 / 0.000932]
  2   2   79 0.003902 [5.290319 / 0.001093]
  2   2  119 0.003923 [5.290732 / 0.000901]
  2   2  159 0.003880 [5.291172 / 0.000956]
  2   2  199 0.003858 [5.291404 / 0.000831]
  2   2  239 0.003843 [5.291708 / 0.000953]
  2   2  279 0.003920 [5.292124 / 0.000963]
  2   2  319 0.003814 [5.292405 / 0.000962]
  2   2  359 0.003844 [5.292641 / 0.000893]
  2   2  399 0.003831 [5.292887 / 0.000876]
  2   2  439 0.003776 [5.293231 / 0.000835]
  2   3   39 0.003792 [5.293571 / 0.000903]
  2   3   79 0.003778 [5.293549 / 0.001082]
  2   3  119 0.003775 [5.294013 / 0.001200]
  2   3  159 0.003761 [5.293999 / 0.000981]
  2   3  199 0.003759 [5.294305 / 0.000909]
  2   3  239 0.003743 [5.294652 / 0.001187]
  2   3  279 0.003745 [5.294778 / 0.001072]
  2   3  319 0.003718 [5.295019 / 0.001239]
  2   3  359 0.003725 [5.295052 / 0.000871]
  2   3  399 0.003712 [5.295031 / 0.001230]
  2   3  439 0.003730 [5.295148 / 0.000832]
  2   4   39 0.003670 [5.295321 / 0.000782]
  2   4   79 0.003690 [5.295543 / 0.000773]
  2   4  119 0.003672 [5.295618 / 0.001251]
  2   4  159 0.003661 [5.295433 / 0.000738]
  2   4  199 0.003636 [5.295494 / 0.000874]
  2   4  239 0.003623 [5.295315 / 0.000990]
  2   4  279 0.003591 [5.295150 / 0.001098]
  2   4  319 0.003597 [5.294887 / 0.001133]
  2   4  359 0.003613 [5.294959 / 0.000913]
  2   4  399 0.003596 [5.294715 / 0.001018]
  2   4  439 0.003589 [5.294488 / 0.000890]
  3   0   39 0.003567 [5.294289 / 0.000482]
  3   0   79 0.003559 [5.294211 / 0.000484]
  3   0  119 0.003546 [5.294095 / 0.000408]
  3   0  159 0.003567 [5.294074 / 0.000515]
  3   0  199 0.003519 [5.293905 / 0.000555]
  3   0  239 0.003568 [5.293811 / 0.000774]
  3   0  279 0.003572 [5.293828 / 0.000589]
  3   0  319 0.003572 [5.293705 / 0.000625]
  3   0  359 0.003563 [5.293490 / 0.000759]
  3   0  399 0.003463 [5.293256 / 0.000551]
  3   0  439 0.003531 [5.293026 / 0.000524]
  3   1   39 0.003541 [5.292837 / 0.000461]
  3   1   79 0.003504 [5.292562 / 0.000482]
  3   1  119 0.003518 [5.292376 / 0.000641]
  3   1  159 0.003483 [5.292237 / 0.000569]
  3   1  199 0.003493 [5.292032 / 0.000472]
  3   1  239 0.003517 [5.291929 / 0.000517]
  3   1  279 0.003524 [5.291806 / 0.000745]
  3   1  319 0.003474 [5.291581 / 0.000473]
  3   1  359 0.003477 [5.291405 / 0.000520]
  3   1  399 0.003441 [5.291057 / 0.000482]
  3   1  439 0.003422 [5.290797 / 0.000659]
  3   2   39 0.003447 [5.290283 / 0.000654]
  3   2   79 0.003451 [5.290117 / 0.000809]
  3   2  119 0.003472 [5.289837 / 0.000658]
  3   2  159 0.003453 [5.289459 / 0.000584]
  3   2  199 0.003450 [5.289210 / 0.000629]
  3   2  239 0.003440 [5.289072 / 0.000442]
  3   2  279 0.003438 [5.288863 / 0.000394]
  3   2  319 0.003454 [5.288630 / 0.000472]
  3   2  359 0.003448 [5.288424 / 0.000573]
  3   2  399 0.003410 [5.288023 / 0.000376]
  3   2  439 0.003425 [5.287605 / 0.000511]
  3   3   39 0.003419 [5.287005 / 0.000424]
  3   3   79 0.003414 [5.286634 / 0.000477]
  3   3  119 0.003403 [5.286267 / 0.000629]
  3   3  159 0.003429 [5.286082 / 0.000563]
  3   3  199 0.003394 [5.285672 / 0.000564]
  3   3  239 0.003415 [5.285364 / 0.000491]
  3   3  279 0.003384 [5.284919 / 0.000677]
  3   3  319 0.003409 [5.284608 / 0.000697]
  3   3  359 0.003418 [5.284295 / 0.000622]
  3   3  399 0.003366 [5.283763 / 0.000501]
  3   3  439 0.003343 [5.283347 / 0.000523]
  3   4   39 0.003381 [5.282531 / 0.000478]
  3   4   79 0.003357 [5.282196 / 0.000525]
  3   4  119 0.003373 [5.281880 / 0.000554]
  3   4  159 0.003380 [5.281525 / 0.000591]
  3   4  199 0.003383 [5.281139 / 0.000685]
  3   4  239 0.003346 [5.280577 / 0.000645]
  3   4  279 0.003357 [5.280306 / 0.000596]
  3   4  319 0.003314 [5.279680 / 0.000433]
  3   4  359 0.003321 [5.279181 / 0.000531]
  3   4  399 0.003356 [5.278779 / 0.000575]
  3   4  439 0.003333 [5.278244 / 0.000661]
  4   0   39 0.003324 [5.277575 / 0.000343]
  4   0   79 0.003342 [5.277272 / 0.000224]
  4   0  119 0.003348 [5.277046 / 0.000350]
  4   0  159 0.003312 [5.276694 / 0.000362]
  4   0  199 0.003307 [5.276398 / 0.000240]
  4   0  239 0.003299 [5.276122 / 0.000331]
  4   0  279 0.003338 [5.275938 / 0.000251]
  4   0  319 0.003314 [5.275675 / 0.000343]
  4   0  359 0.003366 [5.275599 / 0.000391]
  4   0  399 0.003278 [5.275384 / 0.000311]
  4   0  439 0.003306 [5.275092 / 0.000234]
  4   1   39 0.003337 [5.274642 / 0.000292]
  4   1   79 0.003276 [5.274332 / 0.000290]
  4   1  119 0.003311 [5.274103 / 0.000312]
  4   1  159 0.003291 [5.273830 / 0.000245]
  4   1  199 0.003312 [5.273695 / 0.000330]
  4   1  239 0.003308 [5.273366 / 0.000260]
  4   1  279 0.003325 [5.273146 / 0.000308]
  4   1  319 0.003306 [5.272888 / 0.000317]
  4   1  359 0.003285 [5.272526 / 0.000354]
  4   1  399 0.003253 [5.272151 / 0.000341]
  4   1  439 0.003270 [5.271830 / 0.000286]
  4   2   39 0.003280 [5.271141 / 0.000351]
  4   2   79 0.003260 [5.270855 / 0.000362]
  4   2  119 0.003258 [5.270447 / 0.000375]
  4   2  159 0.003306 [5.270155 / 0.000451]
  4   2  199 0.003281 [5.269918 / 0.000311]
  4   2  239 0.003290 [5.269560 / 0.000325]
  4   2  279 0.003271 [5.269222 / 0.000434]
  4   2  319 0.003279 [5.268957 / 0.000321]
  4   2  359 0.003233 [5.268549 / 0.000309]
  4   2  399 0.003315 [5.268366 / 0.000411]
  4   2  439 0.003280 [5.268106 / 0.000617]
  4   3   39 0.003278 [5.267627 / 0.000497]
  4   3   79 0.003254 [5.267310 / 0.000387]
  4   3  119 0.003272 [5.266963 / 0.000285]
  4   3  159 0.003291 [5.266641 / 0.000479]
  4   3  199 0.003234 [5.266225 / 0.000394]
  4   3  239 0.003275 [5.265955 / 0.000294]
  4   3  279 0.003275 [5.265621 / 0.000437]
  4   3  319 0.003266 [5.265354 / 0.000304]
  4   3  359 0.003246 [5.264963 / 0.000386]
  4   3  399 0.003231 [5.264631 / 0.000315]
  4   3  439 0.003204 [5.264394 / 0.000488]
  4   4   39 0.003241 [5.263694 / 0.000322]
  4   4   79 0.003258 [5.263419 / 0.000326]
  4   4  119 0.003249 [5.263050 / 0.000292]
  4   4  159 0.003242 [5.262703 / 0.000416]
  4   4  199 0.003225 [5.262375 / 0.000348]
  4   4  239 0.003276 [5.261980 / 0.000324]
  4   4  279 0.003229 [5.261679 / 0.000477]
  4   4  319 0.003216 [5.261446 / 0.000300]
  4   4  359 0.003226 [5.261205 / 0.000280]
  4   4  399 0.003216 [5.260937 / 0.000374]
  4   4  439 0.003215 [5.260634 / 0.000452]
Sequential (
  (0): Conv2d(1, 8, kernel_size=(9, 9), stride=(3, 3), padding=(4, 4))
  (1): ReLU ()
  (2): ConvTranspose2d(8, 1, kernel_size=(9, 9), stride=(3, 3), padding=(4, 4))
)
Namespace(batch_size=128, cnnc=10, cnnf=8, mode='cnnae_simple', name='cnnae_simple7', nc=10, nf=80, optimizer='Adam', weight_decay=0.0001)
{'lr': 0.001, 'wd': 0.0001}
