Sequential (
  (0): Conv2d(1, 20, kernel_size=(9, 9), stride=(3, 3), padding=(4, 4))
  (1): MatrixD (factors=4, categories=5, std=5)
  (2): BatchNorm2d(20, eps=1e-05, momentum=0.1, affine=True)
  (3): CatFactor (factors=4, categories=5, stochastic=True)
  (4): ConvTranspose2d(20, 1, kernel_size=(9, 9), stride=(3, 3), padding=(4, 4))
)
Namespace(batch_size=128, cnnc=5, cnnf=4, force_name=False, mode='cnnae_ds', name='cnnae_ds4', nc=10, nf=80, optimizer='Adam', weight_decay=0.001)
{'lr': 0.001, 'wd': 0.001}
  0   0   39 0.765471 [4.182055 / 0.037200]
  0   0   79 0.492104 [4.566341 / 0.032401]
  0   0  119 0.334903 [5.015702 / 0.031200]
  0   0  159 0.230080 [5.445639 / 0.023043]
  0   0  199 0.166187 [5.799645 / 0.019276]
  0   0  239 0.131299 [6.068336 / 0.017046]
  0   0  279 0.108578 [6.277592 / 0.014228]
  0   0  319 0.090718 [6.434722 / 0.015874]
  0   0  359 0.080096 [6.542378 / 0.011774]
  0   0  399 0.072705 [6.618063 / 0.011203]
  0   0  439 0.067928 [6.677695 / 0.007964]
  0   1   39 0.061403 [6.725140 / 0.006934]
  0   1   79 0.056897 [6.746125 / 0.007008]
  0   1  119 0.054743 [6.762655 / 0.008363]
  0   1  159 0.052934 [6.762644 / 0.005728]
  0   1  199 0.050239 [6.761401 / 0.011054]
  0   1  239 0.049436 [6.770229 / 0.005043]
  0   1  279 0.047144 [6.759190 / 0.006916]
  0   1  319 0.046028 [6.757800 / 0.004970]
  0   1  359 0.044760 [6.757470 / 0.005259]
  0   1  399 0.043652 [6.756679 / 0.005293]
  0   1  439 0.042727 [6.751318 / 0.005339]
  0   2   39 0.041379 [6.748577 / 0.007085]
  0   2   79 0.040663 [6.739186 / 0.011435]
  0   2  119 0.039781 [6.726032 / 0.005924]
  0   2  159 0.039195 [6.722691 / 0.007313]
  0   2  199 0.038552 [6.721686 / 0.004214]
  0   2  239 0.038045 [6.706451 / 0.006076]
  0   2  279 0.037838 [6.693556 / 0.004907]
  0   2  319 0.037449 [6.687808 / 0.009060]
  0   2  359 0.037269 [6.685092 / 0.004868]
  0   2  399 0.036862 [6.675464 / 0.005128]
  0   2  439 0.036479 [6.673115 / 0.007423]
  0   3   39 0.036180 [6.652592 / 0.004473]
  0   3   79 0.035517 [6.637279 / 0.005598]
  0   3  119 0.035853 [6.659608 / 0.005633]
  0   3  159 0.035624 [6.635655 / 0.004719]
  0   3  199 0.035239 [6.624710 / 0.007016]
  0   3  239 0.035249 [6.616450 / 0.005897]
  0   3  279 0.034939 [6.617407 / 0.005400]
  0   3  319 0.034982 [6.588686 / 0.006358]
  0   3  359 0.035002 [6.601983 / 0.005135]
  0   3  399 0.034952 [6.593819 / 0.007865]
  0   3  439 0.034701 [6.589678 / 0.005937]
  0   4   39 0.034671 [6.579443 / 0.005761]
  0   4   79 0.034404 [6.577026 / 0.004810]
  0   4  119 0.034119 [6.571814 / 0.005664]
  0   4  159 0.034176 [6.559845 / 0.007363]
  0   4  199 0.034377 [6.553727 / 0.005584]
  0   4  239 0.034286 [6.560497 / 0.005830]
  0   4  279 0.034681 [6.559781 / 0.006113]
  0   4  319 0.034407 [6.558237 / 0.005441]
  0   4  359 0.033864 [6.547336 / 0.005624]
  0   4  399 0.033832 [6.553104 / 0.005246]
  0   4  439 0.034265 [6.536261 / 0.007599]
  1   0   39 0.033996 [6.534135 / 0.003345]
  1   0   79 0.033619 [6.530829 / 0.003303]
  1   0  119 0.034026 [6.532105 / 0.003968]
  1   0  159 0.033751 [6.536934 / 0.002591]
  1   0  199 0.033823 [6.531419 / 0.003017]
  1   0  239 0.033702 [6.529860 / 0.003346]
  1   0  279 0.033676 [6.521797 / 0.004578]
  1   0  319 0.033710 [6.523574 / 0.003479]
  1   0  359 0.033653 [6.524836 / 0.005807]
  1   0  399 0.033555 [6.514707 / 0.004608]
  1   0  439 0.033627 [6.516810 / 0.003841]
  1   1   39 0.033431 [6.514738 / 0.003020]
  1   1   79 0.033753 [6.516101 / 0.005377]
  1   1  119 0.033796 [6.509449 / 0.002737]
  1   1  159 0.033464 [6.503342 / 0.003505]
  1   1  199 0.033505 [6.509497 / 0.003194]
  1   1  239 0.033723 [6.505062 / 0.003151]
  1   1  279 0.033551 [6.503701 / 0.003764]
  1   1  319 0.033441 [6.505769 / 0.003107]
  1   1  359 0.033298 [6.500163 / 0.003548]
  1   1  399 0.033361 [6.490002 / 0.003262]
  1   1  439 0.033824 [6.498123 / 0.003483]
  1   2   39 0.033406 [6.494038 / 0.003355]
  1   2   79 0.033645 [6.500446 / 0.004104]
  1   2  119 0.033970 [6.505081 / 0.004205]
  1   2  159 0.033229 [6.481977 / 0.003511]
  1   2  199 0.033442 [6.493492 / 0.003404]
  1   2  239 0.033384 [6.495473 / 0.003815]
  1   2  279 0.033082 [6.487006 / 0.003263]
  1   2  319 0.033272 [6.485134 / 0.004141]
  1   2  359 0.033229 [6.483219 / 0.004113]
  1   2  399 0.033540 [6.493092 / 0.003936]
  1   2  439 0.033189 [6.475478 / 0.003385]
  1   3   39 0.033141 [6.475689 / 0.003322]
  1   3   79 0.033169 [6.468408 / 0.003632]
  1   3  119 0.033562 [6.482279 / 0.003833]
  1   3  159 0.033082 [6.469450 / 0.003378]
  1   3  199 0.033237 [6.478564 / 0.003231]
  1   3  239 0.033366 [6.484826 / 0.003493]
  1   3  279 0.032989 [6.460751 / 0.003334]
  1   3  319 0.033375 [6.475899 / 0.003346]
  1   3  359 0.033162 [6.475898 / 0.003433]
  1   3  399 0.033500 [6.478446 / 0.005955]
  1   3  439 0.033516 [6.477642 / 0.006076]
  1   4   39 0.033248 [6.466180 / 0.005097]
  1   4   79 0.033400 [6.480992 / 0.003359]
  1   4  119 0.033063 [6.469012 / 0.004471]
  1   4  159 0.032983 [6.461090 / 0.003410]
  1   4  199 0.033313 [6.466599 / 0.003304]
  1   4  239 0.032946 [6.468905 / 0.003300]
  1   4  279 0.033032 [6.470956 / 0.004621]
  1   4  319 0.033092 [6.473882 / 0.003227]
  1   4  359 0.032900 [6.465739 / 0.004507]
  1   4  399 0.033093 [6.464523 / 0.003870]
  1   4  439 0.033245 [6.450779 / 0.004052]
  2   0   39 0.032792 [6.458728 / 0.001981]
  2   0   79 0.032776 [6.456957 / 0.002041]
  2   0  119 0.033065 [6.461419 / 0.001864]
  2   0  159 0.033001 [6.463400 / 0.002265]
  2   0  199 0.033158 [6.464513 / 0.001906]
  2   0  239 0.033047 [6.463009 / 0.001707]
  2   0  279 0.032634 [6.456882 / 0.001886]
  2   0  319 0.032909 [6.460711 / 0.001873]
  2   0  359 0.032736 [6.452631 / 0.002878]
  2   0  399 0.033082 [6.455727 / 0.002237]
  2   0  439 0.032567 [6.448686 / 0.002759]
  2   1   39 0.032930 [6.451663 / 0.002249]
  2   1   79 0.033105 [6.457370 / 0.002128]
  2   1  119 0.032656 [6.455232 / 0.002624]
  2   1  159 0.032970 [6.451935 / 0.001884]
  2   1  199 0.032852 [6.452697 / 0.002006]
  2   1  239 0.032886 [6.451332 / 0.003089]
  2   1  279 0.032746 [6.450884 / 0.002384]
  2   1  319 0.032450 [6.445291 / 0.001784]
  2   1  359 0.033016 [6.453506 / 0.001922]
  2   1  399 0.032979 [6.447450 / 0.002006]
  2   1  439 0.032657 [6.447011 / 0.002176]
  2   2   39 0.032605 [6.441773 / 0.001917]
  2   2   79 0.032611 [6.449722 / 0.002007]
  2   2  119 0.032792 [6.449034 / 0.001900]
  2   2  159 0.032922 [6.450145 / 0.002152]
  2   2  199 0.032813 [6.445871 / 0.002191]
  2   2  239 0.032896 [6.444396 / 0.002817]
  2   2  279 0.032487 [6.443543 / 0.002326]
  2   2  319 0.033376 [6.449056 / 0.002390]
  2   2  359 0.032843 [6.445934 / 0.001892]
  2   2  399 0.032674 [6.442563 / 0.002841]
  2   2  439 0.032803 [6.437880 / 0.002011]
  2   3   39 0.032950 [6.452761 / 0.002070]
  2   3   79 0.032615 [6.440871 / 0.001928]
  2   3  119 0.032706 [6.437735 / 0.002536]
  2   3  159 0.032714 [6.443296 / 0.001972]
  2   3  199 0.032914 [6.441709 / 0.002109]
  2   3  239 0.032643 [6.436697 / 0.002563]
  2   3  279 0.032648 [6.438927 / 0.002245]
  2   3  319 0.033099 [6.446677 / 0.002629]
  2   3  359 0.032550 [6.442390 / 0.002728]
  2   3  399 0.032849 [6.445431 / 0.003079]
  2   3  439 0.032556 [6.434540 / 0.002727]
  2   4   39 0.032736 [6.435428 / 0.002502]
  2   4   79 0.032909 [6.438143 / 0.002027]
  2   4  119 0.032473 [6.431299 / 0.001941]
  2   4  159 0.032661 [6.437624 / 0.002286]
  2   4  199 0.032754 [6.445422 / 0.002409]
  2   4  239 0.032318 [6.426726 / 0.002297]
  2   4  279 0.032796 [6.434637 / 0.002290]
  2   4  319 0.033040 [6.442278 / 0.003806]
  2   4  359 0.032712 [6.438091 / 0.001975]
  2   4  399 0.032540 [6.438742 / 0.002146]
  2   4  439 0.032865 [6.437586 / 0.002295]
  3   0   39 0.032356 [6.440296 / 0.001437]
  3   0   79 0.032493 [6.436802 / 0.000995]
  3   0  119 0.032475 [6.436230 / 0.001071]
  3   0  159 0.032738 [6.435685 / 0.001260]
  3   0  199 0.032564 [6.430993 / 0.001094]
  3   0  239 0.032586 [6.434361 / 0.001313]
  3   0  279 0.032677 [6.436266 / 0.001200]
  3   0  319 0.032553 [6.434811 / 0.001383]
  3   0  359 0.033084 [6.439482 / 0.001551]
  3   0  399 0.032368 [6.433752 / 0.001284]
  3   0  439 0.032663 [6.435073 / 0.001156]
  3   1   39 0.032749 [6.431920 / 0.001629]
  3   1   79 0.032483 [6.433713 / 0.001002]
  3   1  119 0.032378 [6.434175 / 0.001091]
  3   1  159 0.032588 [6.431611 / 0.001357]
  3   1  199 0.032821 [6.434057 / 0.001052]
  3   1  239 0.032350 [6.434495 / 0.001100]
  3   1  279 0.032680 [6.435995 / 0.001184]
  3   1  319 0.032664 [6.433252 / 0.001013]
  3   1  359 0.032624 [6.432684 / 0.001476]
  3   1  399 0.032634 [6.431105 / 0.001114]
  3   1  439 0.032396 [6.425452 / 0.001123]
  3   2   39 0.032527 [6.429466 / 0.001751]
  3   2   79 0.032481 [6.428181 / 0.001467]
  3   2  119 0.032479 [6.427204 / 0.001220]
  3   2  159 0.032478 [6.430612 / 0.001348]
  3   2  199 0.032453 [6.427998 / 0.001171]
  3   2  239 0.032511 [6.428473 / 0.001061]
  3   2  279 0.032782 [6.426389 / 0.001454]
  3   2  319 0.032614 [6.430763 / 0.001244]
  3   2  359 0.032505 [6.426267 / 0.001043]
  3   2  399 0.032694 [6.430921 / 0.001118]
  3   2  439 0.032739 [6.428324 / 0.001079]
  3   3   39 0.032416 [6.430737 / 0.001193]
  3   3   79 0.032290 [6.423667 / 0.001304]
  3   3  119 0.032553 [6.422846 / 0.001156]
  3   3  159 0.032607 [6.427009 / 0.001111]
  3   3  199 0.032354 [6.424268 / 0.001085]
  3   3  239 0.032718 [6.426360 / 0.001338]
  3   3  279 0.032495 [6.426538 / 0.001046]
  3   3  319 0.032760 [6.430174 / 0.001183]
  3   3  359 0.032487 [6.427668 / 0.001125]
  3   3  399 0.032709 [6.430588 / 0.001400]
  3   3  439 0.032423 [6.426210 / 0.001092]
  3   4   39 0.032422 [6.425485 / 0.001329]
  3   4   79 0.032609 [6.424813 / 0.001030]
  3   4  119 0.032417 [6.425503 / 0.001011]
  3   4  159 0.032219 [6.425607 / 0.001441]
  3   4  199 0.032454 [6.422672 / 0.001117]
  3   4  239 0.032544 [6.426032 / 0.001306]
  3   4  279 0.032678 [6.425927 / 0.001003]
  3   4  319 0.032493 [6.428828 / 0.001724]
  3   4  359 0.032527 [6.425733 / 0.001262]
  3   4  399 0.032601 [6.428157 / 0.001186]
  3   4  439 0.032466 [6.420873 / 0.001195]
  4   0   39 0.032595 [6.425474 / 0.000618]
  4   0   79 0.032424 [6.424742 / 0.000618]
  4   0  119 0.032504 [6.424076 / 0.000564]
  4   0  159 0.032631 [6.425063 / 0.000836]
  4   0  199 0.032380 [6.423611 / 0.000952]
  4   0  239 0.032487 [6.423245 / 0.000526]
  4   0  279 0.032732 [6.426582 / 0.000741]
  4   0  319 0.032592 [6.425540 / 0.000988]
  4   0  359 0.032453 [6.423643 / 0.000612]
  4   0  399 0.032316 [6.423637 / 0.000692]
  4   0  439 0.032286 [6.423609 / 0.000857]
  4   1   39 0.032288 [6.422150 / 0.000531]
  4   1   79 0.032472 [6.421447 / 0.000526]
  4   1  119 0.032535 [6.424315 / 0.000593]
  4   1  159 0.032779 [6.428165 / 0.000718]
  4   1  199 0.032540 [6.428610 / 0.000698]
  4   1  239 0.032607 [6.426027 / 0.001059]
  4   1  279 0.032434 [6.424329 / 0.000699]
  4   1  319 0.032403 [6.422844 / 0.000685]
  4   1  359 0.032535 [6.423265 / 0.000730]
  4   1  399 0.032027 [6.418126 / 0.000631]
  4   1  439 0.032333 [6.419058 / 0.000544]
  4   2   39 0.032681 [6.419914 / 0.000565]
  4   2   79 0.032537 [6.421630 / 0.000536]
  4   2  119 0.032202 [6.420043 / 0.000585]
  4   2  159 0.032311 [6.421740 / 0.000707]
  4   2  199 0.032332 [6.420444 / 0.000859]
  4   2  239 0.032724 [6.421803 / 0.001183]
  4   2  279 0.032379 [6.419059 / 0.000581]
  4   2  319 0.032694 [6.422424 / 0.000596]
  4   2  359 0.032352 [6.421845 / 0.000751]
  4   2  399 0.032540 [6.423246 / 0.000644]
  4   2  439 0.032234 [6.421020 / 0.000859]
  4   3   39 0.032395 [6.422203 / 0.000960]
  4   3   79 0.032364 [6.423240 / 0.000757]
  4   3  119 0.032590 [6.424078 / 0.000663]
  4   3  159 0.032369 [6.421287 / 0.000734]
  4   3  199 0.032624 [6.423408 / 0.000753]
  4   3  239 0.032538 [6.420404 / 0.000620]
  4   3  279 0.032615 [6.419233 / 0.000656]
  4   3  319 0.032585 [6.418221 / 0.000689]
  4   3  359 0.032470 [6.417165 / 0.000591]
  4   3  399 0.032501 [6.418086 / 0.000659]
  4   3  439 0.032160 [6.418277 / 0.000653]
  4   4   39 0.032511 [6.418518 / 0.000548]
  4   4   79 0.032382 [6.418707 / 0.000519]
  4   4  119 0.032420 [6.419141 / 0.000586]
  4   4  159 0.032429 [6.421987 / 0.000576]
  4   4  199 0.032355 [6.419353 / 0.000593]
  4   4  239 0.032344 [6.417963 / 0.000595]
  4   4  279 0.032358 [6.417537 / 0.000769]
  4   4  319 0.032477 [6.416594 / 0.000574]
  4   4  359 0.032535 [6.419111 / 0.000698]
  4   4  399 0.032168 [6.418111 / 0.000541]
  4   4  439 0.032506 [6.419310 / 0.000592]
Sequential (
  (0): Conv2d(1, 20, kernel_size=(9, 9), stride=(3, 3), padding=(4, 4))
  (1): MatrixD (factors=4, categories=5, std=5)
  (2): BatchNorm2d(20, eps=1e-05, momentum=0.1, affine=True)
  (3): CatFactor (factors=4, categories=5, stochastic=True)
  (4): ConvTranspose2d(20, 1, kernel_size=(9, 9), stride=(3, 3), padding=(4, 4))
)
Namespace(batch_size=128, cnnc=5, cnnf=4, force_name=False, mode='cnnae_ds', name='cnnae_ds4', nc=10, nf=80, optimizer='Adam', weight_decay=0.001)
{'lr': 0.001, 'wd': 0.001}
