Sequential (
  (0): Conv2d(1, 20, kernel_size=(7, 7), stride=(2, 2), padding=(3, 3))
  (1): ReLU ()
  (2): ConvTranspose2d(20, 1, kernel_size=(7, 7), stride=(2, 2), padding=(3, 3), output_padding=(1, 1))
)
Namespace(batch_size=128, cnnc=10, cnnf=20, mode='cnnae_simple', name='cnnae_simple3', nc=10, nf=80, optimizer='Adam', weight_decay=0.0001)
{'lr': 0.001, 'wd': 0.0001}
  0   0   39 0.404635 [2.913659 / 0.020841]
  0   0   79 0.101565 [3.041922 / 0.010417]
  0   0  119 0.063067 [3.121290 / 0.007808]
  0   0  159 0.047065 [3.192980 / 0.006752]
  0   0  199 0.036950 [3.264588 / 0.006282]
  0   0  239 0.029217 [3.337441 / 0.005807]
  0   0  279 0.023322 [3.406646 / 0.005313]
  0   0  319 0.018780 [3.470133 / 0.004874]
  0   0  359 0.015387 [3.526004 / 0.004375]
  0   0  399 0.012777 [3.574317 / 0.003987]
  0   0  439 0.010705 [3.612187 / 0.003587]
  0   1   39 0.008367 [3.665562 / 0.003140]
  0   1   79 0.007275 [3.691433 / 0.002935]
  0   1  119 0.006416 [3.713810 / 0.002822]
  0   1  159 0.005720 [3.734780 / 0.002669]
  0   1  199 0.005074 [3.753900 / 0.002582]
  0   1  239 0.004533 [3.772035 / 0.002424]
  0   1  279 0.004059 [3.788272 / 0.002299]
  0   1  319 0.003615 [3.802951 / 0.002211]
  0   1  359 0.003266 [3.816496 / 0.002161]
  0   1  399 0.002962 [3.829311 / 0.002083]
  0   1  439 0.002719 [3.839917 / 0.001967]
  0   2   39 0.002315 [3.854898 / 0.002059]
  0   2   79 0.002142 [3.862133 / 0.001665]
  0   2  119 0.001978 [3.868422 / 0.001908]
  0   2  159 0.001884 [3.873059 / 0.001648]
  0   2  199 0.001714 [3.877242 / 0.001669]
  0   2  239 0.001596 [3.880072 / 0.001469]
  0   2  279 0.001519 [3.882518 / 0.001567]
  0   2  319 0.001449 [3.883826 / 0.001572]
  0   2  359 0.001337 [3.885554 / 0.001323]
  0   2  399 0.001274 [3.886598 / 0.001273]
  0   2  439 0.001193 [3.887436 / 0.001206]
  0   3   39 0.001102 [3.888522 / 0.001415]
  0   3   79 0.001041 [3.888369 / 0.001176]
  0   3  119 0.000982 [3.888376 / 0.001347]
  0   3  159 0.000929 [3.888052 / 0.001089]
  0   3  199 0.000887 [3.887465 / 0.001593]
  0   3  239 0.000870 [3.887198 / 0.001073]
  0   3  279 0.000820 [3.885783 / 0.002088]
  0   3  319 0.000806 [3.885039 / 0.002239]
  0   3  359 0.000771 [3.883245 / 0.001633]
  0   3  399 0.000725 [3.882077 / 0.001163]
  0   3  439 0.000710 [3.881180 / 0.002578]
  0   4   39 0.000654 [3.878479 / 0.001277]
  0   4   79 0.000622 [3.877084 / 0.001508]
  0   4  119 0.000619 [3.875531 / 0.001170]
  0   4  159 0.000585 [3.873471 / 0.002862]
  0   4  199 0.000575 [3.870449 / 0.001917]
  0   4  239 0.000540 [3.868662 / 0.001424]
  0   4  279 0.000508 [3.866269 / 0.001392]
  0   4  319 0.000520 [3.864157 / 0.002490]
  0   4  359 0.000479 [3.861568 / 0.001204]
  0   4  399 0.000462 [3.859366 / 0.001385]
  0   4  439 0.000445 [3.857256 / 0.000886]
  1   0   39 0.000505 [3.853075 / 0.000857]
  1   0   79 0.000395 [3.851698 / 0.000393]
  1   0  119 0.000410 [3.850592 / 0.000407]
  1   0  159 0.000400 [3.849334 / 0.000390]
  1   0  199 0.000394 [3.848026 / 0.000386]
  1   0  239 0.000379 [3.846556 / 0.000436]
  1   0  279 0.000365 [3.845011 / 0.000427]
  1   0  319 0.000367 [3.843452 / 0.000381]
  1   0  359 0.000372 [3.842211 / 0.000466]
  1   0  399 0.000358 [3.840568 / 0.000469]
  1   0  439 0.000366 [3.838907 / 0.000408]
  1   1   39 0.000335 [3.835770 / 0.000450]
  1   1   79 0.000340 [3.834160 / 0.000447]
  1   1  119 0.000332 [3.832216 / 0.000425]
  1   1  159 0.000334 [3.830495 / 0.000457]
  1   1  199 0.000331 [3.828464 / 0.000422]
  1   1  239 0.000314 [3.826473 / 0.000470]
  1   1  279 0.000323 [3.824654 / 0.000406]
  1   1  319 0.000303 [3.822516 / 0.000468]
  1   1  359 0.000298 [3.820329 / 0.000422]
  1   1  399 0.000299 [3.818441 / 0.000433]
  1   1  439 0.000293 [3.815881 / 0.000438]
  1   2   39 0.000284 [3.811990 / 0.000467]
  1   2   79 0.000289 [3.809591 / 0.000484]
  1   2  119 0.000282 [3.807227 / 0.000461]
  1   2  159 0.000278 [3.804825 / 0.000498]
  1   2  199 0.000273 [3.802433 / 0.000443]
  1   2  239 0.000256 [3.800076 / 0.000540]
  1   2  279 0.000263 [3.797567 / 0.000487]
  1   2  319 0.000253 [3.794685 / 0.000502]
  1   2  359 0.000255 [3.791951 / 0.000453]
  1   2  399 0.000245 [3.789214 / 0.000521]
  1   2  439 0.000254 [3.786530 / 0.000690]
  1   3   39 0.000247 [3.781433 / 0.000564]
  1   3   79 0.000246 [3.778716 / 0.000580]
  1   3  119 0.000246 [3.776251 / 0.000663]
  1   3  159 0.000226 [3.772815 / 0.000644]
  1   3  199 0.000226 [3.769593 / 0.000655]
  1   3  239 0.000238 [3.766759 / 0.000635]
  1   3  279 0.000219 [3.763242 / 0.000585]
  1   3  319 0.000218 [3.760246 / 0.000976]
  1   3  359 0.000217 [3.756632 / 0.002123]
  1   3  399 0.000211 [3.753241 / 0.000574]
  1   3  439 0.000210 [3.750255 / 0.000810]
  1   4   39 0.000201 [3.744890 / 0.000655]
  1   4   79 0.000207 [3.741765 / 0.000861]
  1   4  119 0.000196 [3.738136 / 0.001201]
  1   4  159 0.000207 [3.735353 / 0.000787]
  1   4  199 0.000210 [3.732225 / 0.000946]
  1   4  239 0.000189 [3.728903 / 0.002635]
  1   4  279 0.000192 [3.725607 / 0.000969]
  1   4  319 0.000185 [3.722621 / 0.000906]
  1   4  359 0.000190 [3.719650 / 0.000882]
  1   4  399 0.000182 [3.716117 / 0.001009]
  1   4  439 0.000180 [3.713420 / 0.000830]
  2   0   39 0.000177 [3.709678 / 0.000307]
  2   0   79 0.000170 [3.708344 / 0.000252]
  2   0  119 0.000180 [3.706879 / 0.000271]
  2   0  159 0.000170 [3.705201 / 0.000293]
  2   0  199 0.000163 [3.703404 / 0.000281]
  2   0  239 0.000171 [3.702110 / 0.000263]
  2   0  279 0.000168 [3.700377 / 0.000280]
  2   0  319 0.000159 [3.698651 / 0.000266]
  2   0  359 0.000171 [3.697089 / 0.000335]
  2   0  399 0.000165 [3.695372 / 0.000257]
  2   0  439 0.000160 [3.693346 / 0.000318]
  2   1   39 0.000162 [3.690510 / 0.000292]
  2   1   79 0.000164 [3.688749 / 0.000297]
  2   1  119 0.000162 [3.686976 / 0.000277]
  2   1  159 0.000156 [3.685184 / 0.000292]
  2   1  199 0.000162 [3.683365 / 0.000295]
  2   1  239 0.000148 [3.681304 / 0.000281]
  2   1  279 0.000159 [3.679517 / 0.000301]
  2   1  319 0.000151 [3.677677 / 0.000419]
  2   1  359 0.000152 [3.675846 / 0.000287]
  2   1  399 0.000150 [3.673632 / 0.000330]
  2   1  439 0.000149 [3.671622 / 0.000323]
  2   2   39 0.000156 [3.668355 / 0.000376]
  2   2   79 0.000152 [3.666199 / 0.000449]
  2   2  119 0.000141 [3.664185 / 0.000440]
  2   2  159 0.000151 [3.661901 / 0.000379]
  2   2  199 0.000144 [3.659869 / 0.000391]
  2   2  239 0.000133 [3.657349 / 0.000360]
  2   2  279 0.000140 [3.655159 / 0.000362]
  2   2  319 0.000142 [3.652874 / 0.000446]
  2   2  359 0.000139 [3.650828 / 0.000388]
  2   2  399 0.000138 [3.648544 / 0.000409]
  2   2  439 0.000138 [3.646433 / 0.000378]
  2   3   39 0.000137 [3.642823 / 0.000637]
  2   3   79 0.000133 [3.640536 / 0.000443]
  2   3  119 0.000132 [3.638614 / 0.000524]
  2   3  159 0.000126 [3.636062 / 0.000499]
  2   3  199 0.000141 [3.633782 / 0.000420]
  2   3  239 0.000137 [3.631425 / 0.000494]
  2   3  279 0.000126 [3.628951 / 0.000443]
  2   3  319 0.000126 [3.626653 / 0.000547]
  2   3  359 0.000130 [3.624373 / 0.000668]
  2   3  399 0.000123 [3.621912 / 0.000485]
  2   3  439 0.000131 [3.619801 / 0.000620]
  2   4   39 0.000127 [3.616095 / 0.000495]
  2   4   79 0.000124 [3.613814 / 0.000753]
  2   4  119 0.000125 [3.611762 / 0.000811]
  2   4  159 0.000122 [3.609599 / 0.000401]
  2   4  199 0.000119 [3.607563 / 0.000620]
  2   4  239 0.000116 [3.605275 / 0.000457]
  2   4  279 0.000118 [3.603415 / 0.000807]
  2   4  319 0.000120 [3.601420 / 0.000535]
  2   4  359 0.000122 [3.599308 / 0.000548]
  2   4  399 0.000119 [3.597394 / 0.000611]
  2   4  439 0.000118 [3.595654 / 0.000443]
  3   0   39 0.000116 [3.593285 / 0.000214]
  3   0   79 0.000113 [3.592312 / 0.000198]
  3   0  119 0.000112 [3.591332 / 0.000219]
  3   0  159 0.000111 [3.590408 / 0.000192]
  3   0  199 0.000112 [3.589386 / 0.000217]
  3   0  239 0.000110 [3.588348 / 0.000236]
  3   0  279 0.000109 [3.587318 / 0.000227]
  3   0  319 0.000110 [3.586310 / 0.000237]
  3   0  359 0.000111 [3.585129 / 0.000208]
  3   0  399 0.000109 [3.584004 / 0.000215]
  3   0  439 0.000108 [3.582887 / 0.000239]
  3   1   39 0.000107 [3.580993 / 0.000222]
  3   1   79 0.000110 [3.579808 / 0.000265]
  3   1  119 0.000107 [3.578831 / 0.000232]
  3   1  159 0.000103 [3.577498 / 0.000246]
  3   1  199 0.000103 [3.576101 / 0.000261]
  3   1  239 0.000105 [3.574829 / 0.000241]
  3   1  279 0.000101 [3.573678 / 0.000255]
  3   1  319 0.000102 [3.572332 / 0.000249]
  3   1  359 0.000110 [3.571460 / 0.000281]
  3   1  399 0.000101 [3.570206 / 0.000273]
  3   1  439 0.000112 [3.569030 / 0.000268]
  3   2   39 0.000100 [3.566894 / 0.000255]
  3   2   79 0.000106 [3.565699 / 0.000309]
  3   2  119 0.000105 [3.564440 / 0.000271]
  3   2  159 0.000099 [3.562984 / 0.000272]
  3   2  199 0.000100 [3.561564 / 0.000279]
  3   2  239 0.000104 [3.560406 / 0.000343]
  3   2  279 0.000099 [3.558977 / 0.000376]
  3   2  319 0.000100 [3.557191 / 0.000288]
  3   2  359 0.000101 [3.555992 / 0.000296]
  3   2  399 0.000103 [3.554557 / 0.000366]
  3   2  439 0.000096 [3.552982 / 0.000297]
  3   3   39 0.000097 [3.550617 / 0.000339]
  3   3   79 0.000094 [3.549129 / 0.000282]
  3   3  119 0.000098 [3.547656 / 0.000289]
  3   3  159 0.000099 [3.546264 / 0.000355]
  3   3  199 0.000097 [3.545033 / 0.000450]
  3   3  239 0.000097 [3.543559 / 0.000289]
  3   3  279 0.000090 [3.542180 / 0.000353]
  3   3  319 0.000095 [3.540877 / 0.000326]
  3   3  359 0.000098 [3.539897 / 0.000403]
  3   3  399 0.000095 [3.538396 / 0.000559]
  3   3  439 0.000098 [3.537109 / 0.000406]
  3   4   39 0.000086 [3.534520 / 0.000393]
  3   4   79 0.000098 [3.533308 / 0.000345]
  3   4  119 0.000097 [3.532183 / 0.000377]
  3   4  159 0.000091 [3.530825 / 0.000300]
  3   4  199 0.000090 [3.529651 / 0.000418]
  3   4  239 0.000088 [3.528139 / 0.000339]
  3   4  279 0.000087 [3.527067 / 0.000295]
  3   4  319 0.000083 [3.525326 / 0.000541]
  3   4  359 0.000092 [3.524047 / 0.000309]
  3   4  399 0.000094 [3.523190 / 0.000311]
  3   4  439 0.000085 [3.521792 / 0.000306]
  4   0   39 0.000088 [3.520476 / 0.000186]
  4   0   79 0.000087 [3.519868 / 0.000190]
  4   0  119 0.000084 [3.519123 / 0.000191]
  4   0  159 0.000086 [3.518509 / 0.000173]
  4   0  199 0.000086 [3.517875 / 0.000171]
  4   0  239 0.000088 [3.517115 / 0.000173]
  4   0  279 0.000083 [3.516386 / 0.000181]
  4   0  319 0.000086 [3.515778 / 0.000189]
  4   0  359 0.000089 [3.515326 / 0.000193]
  4   0  399 0.000093 [3.514658 / 0.000200]
  4   0  439 0.000088 [3.513859 / 0.000172]
  4   1   39 0.000090 [3.512534 / 0.000210]
  4   1   79 0.000084 [3.511826 / 0.000181]
  4   1  119 0.000085 [3.511126 / 0.000213]
  4   1  159 0.000090 [3.510324 / 0.000179]
  4   1  199 0.000081 [3.509677 / 0.000199]
  4   1  239 0.000085 [3.509017 / 0.000199]
  4   1  279 0.000084 [3.508007 / 0.000224]
  4   1  319 0.000083 [3.507151 / 0.000210]
  4   1  359 0.000077 [3.506559 / 0.000209]
  4   1  399 0.000086 [3.505999 / 0.000204]
  4   1  439 0.000082 [3.505323 / 0.000213]
  4   2   39 0.000081 [3.503655 / 0.000226]
  4   2   79 0.000088 [3.502808 / 0.000206]
  4   2  119 0.000085 [3.502035 / 0.000224]
  4   2  159 0.000084 [3.501416 / 0.000212]
  4   2  199 0.000079 [3.500701 / 0.000221]
  4   2  239 0.000083 [3.499770 / 0.000224]
  4   2  279 0.000080 [3.499017 / 0.000224]
  4   2  319 0.000077 [3.498121 / 0.000270]
  4   2  359 0.000083 [3.497318 / 0.000235]
  4   2  399 0.000079 [3.496606 / 0.000219]
  4   2  439 0.000080 [3.495877 / 0.000237]
  4   3   39 0.000079 [3.494385 / 0.000222]
  4   3   79 0.000079 [3.493622 / 0.000233]
  4   3  119 0.000080 [3.492733 / 0.000254]
  4   3  159 0.000075 [3.491763 / 0.000235]
  4   3  199 0.000076 [3.490804 / 0.000244]
  4   3  239 0.000080 [3.490202 / 0.000246]
  4   3  279 0.000078 [3.489516 / 0.000250]
  4   3  319 0.000080 [3.488753 / 0.000288]
  4   3  359 0.000084 [3.488096 / 0.000240]
  4   3  399 0.000076 [3.487067 / 0.000219]
  4   3  439 0.000077 [3.485991 / 0.000226]
  4   4   39 0.000076 [3.484404 / 0.000249]
  4   4   79 0.000076 [3.483557 / 0.000242]
  4   4  119 0.000079 [3.482817 / 0.000246]
  4   4  159 0.000075 [3.482037 / 0.000309]
  4   4  199 0.000079 [3.481449 / 0.000239]
  4   4  239 0.000075 [3.480412 / 0.000248]
  4   4  279 0.000076 [3.479620 / 0.000278]
  4   4  319 0.000076 [3.478926 / 0.000253]
  4   4  359 0.000076 [3.478159 / 0.000235]
  4   4  399 0.000074 [3.477256 / 0.000237]
  4   4  439 0.000073 [3.476600 / 0.000260]
Sequential (
  (0): Conv2d(1, 20, kernel_size=(7, 7), stride=(2, 2), padding=(3, 3))
  (1): ReLU ()
  (2): ConvTranspose2d(20, 1, kernel_size=(7, 7), stride=(2, 2), padding=(3, 3), output_padding=(1, 1))
)
Namespace(batch_size=128, cnnc=10, cnnf=20, mode='cnnae_simple', name='cnnae_simple3', nc=10, nf=80, optimizer='Adam', weight_decay=0.0001)
{'lr': 0.001, 'wd': 0.0001}
