Sequential (
  (0): Conv2d(1, 4, kernel_size=(9, 9), stride=(3, 3), padding=(4, 4))
  (1): BatchNorm2d(4, eps=1e-05, momentum=0.1, affine=True)
  (2): ReLU ()
  (3): ConvTranspose2d(4, 1, kernel_size=(9, 9), stride=(3, 3), padding=(4, 4))
)
Namespace(batch_size=128, cnnc=10, cnnf=4, force_name=False, mode='cnnae_simple', name='cnnae_simple9', nc=10, nf=80, optimizer='Adam', weight_decay=0.0001)
{'lr': 0.001, 'wd': 0.0001}
  0   0   39 0.862215 [1.950171 / 0.019365]
  0   0   79 0.585777 [2.187781 / 0.015607]
  0   0  119 0.437336 [2.444362 / 0.014219]
  0   0  159 0.324138 [2.695749 / 0.011870]
  0   0  199 0.245666 [2.900796 / 0.009937]
  0   0  239 0.196867 [3.073071 / 0.008485]
  0   0  279 0.166434 [3.206593 / 0.007231]
  0   0  319 0.145544 [3.310037 / 0.006361]
  0   0  359 0.132466 [3.386500 / 0.006784]
  0   0  399 0.120508 [3.443294 / 0.005483]
  0   0  439 0.111869 [3.491611 / 0.005131]
  0   1   39 0.100120 [3.563339 / 0.005560]
  0   1   79 0.094415 [3.606039 / 0.005159]
  0   1  119 0.088783 [3.646624 / 0.005548]
  0   1  159 0.084301 [3.689578 / 0.006977]
  0   1  199 0.079568 [3.730401 / 0.004408]
  0   1  239 0.075859 [3.771444 / 0.006183]
  0   1  279 0.071268 [3.812520 / 0.005645]
  0   1  319 0.067934 [3.852681 / 0.004197]
  0   1  359 0.063800 [3.892293 / 0.004076]
  0   1  399 0.061364 [3.930784 / 0.004770]
  0   1  439 0.058068 [3.969454 / 0.005416]
  0   2   39 0.053570 [4.032635 / 0.003244]
  0   2   79 0.051868 [4.067896 / 0.003479]
  0   2  119 0.049499 [4.102428 / 0.003400]
  0   2  159 0.048957 [4.137266 / 0.005207]
  0   2  199 0.046922 [4.168884 / 0.004427]
  0   2  239 0.045759 [4.198460 / 0.004599]
  0   2  279 0.045023 [4.225927 / 0.004581]
  0   2  319 0.043858 [4.249587 / 0.005148]
  0   2  359 0.043603 [4.276206 / 0.004325]
  0   2  399 0.042865 [4.299901 / 0.003675]
  0   2  439 0.042503 [4.321264 / 0.006897]
  0   3   39 0.041545 [4.355423 / 0.005399]
  0   3   79 0.040449 [4.373883 / 0.003405]
  0   3  119 0.040529 [4.390340 / 0.005579]
  0   3  159 0.039951 [4.404364 / 0.002784]
  0   3  199 0.040138 [4.419352 / 0.005670]
  0   3  239 0.039478 [4.433349 / 0.002930]
  0   3  279 0.039545 [4.447132 / 0.002441]
  0   3  319 0.039376 [4.460498 / 0.002789]
  0   3  359 0.039038 [4.470063 / 0.003588]
  0   3  399 0.038933 [4.482345 / 0.003499]
  0   3  439 0.038585 [4.492610 / 0.007375]
  0   4   39 0.038228 [4.511742 / 0.003447]
  0   4   79 0.038005 [4.519509 / 0.002746]
  0   4  119 0.037885 [4.529918 / 0.003396]
  0   4  159 0.037588 [4.537285 / 0.003520]
  0   4  199 0.037353 [4.545927 / 0.001446]
  0   4  239 0.037492 [4.553066 / 0.004055]
  0   4  279 0.037441 [4.558573 / 0.005146]
  0   4  319 0.037689 [4.567685 / 0.005549]
  0   4  359 0.037168 [4.574917 / 0.002869]
  0   4  399 0.037042 [4.580463 / 0.005385]
  0   4  439 0.037455 [4.586765 / 0.003336]
  1   0   39 0.037100 [4.593458 / 0.001947]
  1   0   79 0.036428 [4.595335 / 0.001573]
  1   0  119 0.036410 [4.597530 / 0.001864]
  1   0  159 0.036480 [4.602703 / 0.000925]
  1   0  199 0.036501 [4.603506 / 0.002059]
  1   0  239 0.036883 [4.606892 / 0.001398]
  1   0  279 0.036440 [4.608370 / 0.001255]
  1   0  319 0.035897 [4.611589 / 0.001534]
  1   0  359 0.036466 [4.614594 / 0.000910]
  1   0  399 0.036702 [4.616631 / 0.001984]
  1   0  439 0.036419 [4.618581 / 0.002418]
  1   1   39 0.036458 [4.623564 / 0.001501]
  1   1   79 0.036098 [4.626201 / 0.001792]
  1   1  119 0.036028 [4.626421 / 0.001661]
  1   1  159 0.036377 [4.628542 / 0.002325]
  1   1  199 0.036056 [4.630879 / 0.002151]
  1   1  239 0.036019 [4.633798 / 0.001654]
  1   1  279 0.035928 [4.635183 / 0.001905]
  1   1  319 0.036029 [4.636790 / 0.001293]
  1   1  359 0.035884 [4.637941 / 0.002546]
  1   1  399 0.035652 [4.641539 / 0.001100]
  1   1  439 0.036153 [4.641571 / 0.002398]
  1   2   39 0.035498 [4.645125 / 0.001466]
  1   2   79 0.036113 [4.648719 / 0.002686]
  1   2  119 0.035842 [4.650673 / 0.002147]
  1   2  159 0.035584 [4.652138 / 0.001785]
  1   2  199 0.035503 [4.654338 / 0.000896]
  1   2  239 0.035570 [4.655536 / 0.003070]
  1   2  279 0.035368 [4.655085 / 0.002754]
  1   2  319 0.035612 [4.657105 / 0.002302]
  1   2  359 0.035150 [4.658380 / 0.002030]
  1   2  399 0.035256 [4.661439 / 0.001736]
  1   2  439 0.035077 [4.663022 / 0.001217]
  1   3   39 0.035219 [4.666476 / 0.001963]
  1   3   79 0.035548 [4.664384 / 0.005381]
  1   3  119 0.035055 [4.669062 / 0.002335]
  1   3  159 0.035160 [4.669122 / 0.002170]
  1   3  199 0.035909 [4.671418 / 0.002174]
  1   3  239 0.034931 [4.673817 / 0.001213]
  1   3  279 0.034932 [4.674101 / 0.002260]
  1   3  319 0.035077 [4.674696 / 0.001787]
  1   3  359 0.034561 [4.675479 / 0.001568]
  1   3  399 0.034934 [4.678805 / 0.003357]
  1   3  439 0.035124 [4.680893 / 0.003300]
  1   4   39 0.034631 [4.682060 / 0.002965]
  1   4   79 0.034621 [4.682632 / 0.001566]
  1   4  119 0.034692 [4.683335 / 0.002115]
  1   4  159 0.034315 [4.683437 / 0.002070]
  1   4  199 0.034577 [4.686014 / 0.001686]
  1   4  239 0.034787 [4.688392 / 0.002932]
  1   4  279 0.034894 [4.689918 / 0.001896]
  1   4  319 0.034371 [4.691777 / 0.001503]
  1   4  359 0.033924 [4.692177 / 0.001086]
  1   4  399 0.034437 [4.693151 / 0.002424]
  1   4  439 0.034662 [4.695395 / 0.001884]
  2   0   39 0.034094 [4.696097 / 0.000728]
  2   0   79 0.034083 [4.696172 / 0.000957]
  2   0  119 0.034365 [4.696894 / 0.000641]
  2   0  159 0.034182 [4.697018 / 0.000478]
  2   0  199 0.034257 [4.697930 / 0.000986]
  2   0  239 0.034258 [4.697356 / 0.000834]
  2   0  279 0.034466 [4.697664 / 0.001667]
  2   0  319 0.034434 [4.699640 / 0.001149]
  2   0  359 0.034410 [4.700073 / 0.000887]
  2   0  399 0.034059 [4.699012 / 0.000667]
  2   0  439 0.034145 [4.700205 / 0.000817]
  2   1   39 0.034240 [4.701529 / 0.001303]
  2   1   79 0.033836 [4.700380 / 0.000840]
  2   1  119 0.033680 [4.701796 / 0.000997]
  2   1  159 0.034067 [4.702085 / 0.000822]
  2   1  199 0.034268 [4.702864 / 0.000709]
  2   1  239 0.034527 [4.704284 / 0.001897]
  2   1  279 0.034032 [4.704699 / 0.000657]
  2   1  319 0.034204 [4.704800 / 0.000829]
  2   1  359 0.034140 [4.705026 / 0.001100]
  2   1  399 0.034209 [4.705181 / 0.001280]
  2   1  439 0.033880 [4.705550 / 0.000735]
  2   2   39 0.033838 [4.707198 / 0.000508]
  2   2   79 0.034353 [4.708731 / 0.000857]
  2   2  119 0.034080 [4.706744 / 0.000759]
  2   2  159 0.033810 [4.707975 / 0.001057]
  2   2  199 0.034030 [4.707794 / 0.001420]
  2   2  239 0.033931 [4.708772 / 0.002389]
  2   2  279 0.034080 [4.708150 / 0.001255]
  2   2  319 0.034251 [4.710417 / 0.001000]
  2   2  359 0.033823 [4.709090 / 0.000874]
  2   2  399 0.033771 [4.711529 / 0.000770]
  2   2  439 0.034021 [4.711030 / 0.001097]
  2   3   39 0.034104 [4.712322 / 0.000721]
  2   3   79 0.034273 [4.711860 / 0.000833]
  2   3  119 0.033727 [4.712406 / 0.000819]
  2   3  159 0.033837 [4.714544 / 0.000762]
  2   3  199 0.034034 [4.714106 / 0.001407]
  2   3  239 0.034419 [4.713448 / 0.000792]
  2   3  279 0.034032 [4.714581 / 0.000850]
  2   3  319 0.033867 [4.713407 / 0.000783]
  2   3  359 0.033944 [4.714841 / 0.000912]
  2   3  399 0.033937 [4.715037 / 0.001093]
  2   3  439 0.033868 [4.714786 / 0.002163]
  2   4   39 0.033852 [4.714260 / 0.000882]
  2   4   79 0.033909 [4.715711 / 0.001272]
  2   4  119 0.033653 [4.715522 / 0.000655]
  2   4  159 0.033787 [4.715787 / 0.000920]
  2   4  199 0.033853 [4.715684 / 0.001179]
  2   4  239 0.034195 [4.716972 / 0.001367]
  2   4  279 0.033656 [4.717099 / 0.000849]
  2   4  319 0.033828 [4.717772 / 0.002062]
  2   4  359 0.034002 [4.715913 / 0.001423]
  2   4  399 0.033800 [4.718036 / 0.000717]
  2   4  439 0.034002 [4.718883 / 0.000890]
  3   0   39 0.033943 [4.718379 / 0.001564]
  3   0   79 0.033653 [4.719020 / 0.000402]
  3   0  119 0.033514 [4.718320 / 0.001151]
  3   0  159 0.033838 [4.718288 / 0.000599]
  3   0  199 0.033656 [4.719052 / 0.000421]
  3   0  239 0.033554 [4.719007 / 0.000433]
  3   0  279 0.033563 [4.719341 / 0.000418]
  3   0  319 0.033950 [4.719611 / 0.000251]
  3   0  359 0.033715 [4.719560 / 0.000572]
  3   0  399 0.034096 [4.719745 / 0.000351]
  3   0  439 0.033902 [4.720521 / 0.000629]
  3   1   39 0.033614 [4.719279 / 0.000458]
  3   1   79 0.034006 [4.720083 / 0.000820]
  3   1  119 0.033456 [4.720250 / 0.000753]
  3   1  159 0.033753 [4.720784 / 0.000432]
  3   1  199 0.033576 [4.720918 / 0.000406]
  3   1  239 0.033700 [4.720772 / 0.000403]
  3   1  279 0.033582 [4.719925 / 0.000513]
  3   1  319 0.033621 [4.720787 / 0.000398]
  3   1  359 0.033459 [4.720571 / 0.000450]
  3   1  399 0.033746 [4.721103 / 0.000424]
  3   1  439 0.033879 [4.720824 / 0.001872]
  3   2   39 0.033679 [4.721114 / 0.001072]
  3   2   79 0.033450 [4.721394 / 0.000519]
  3   2  119 0.033672 [4.721158 / 0.000331]
  3   2  159 0.033486 [4.721559 / 0.000609]
  3   2  199 0.033482 [4.721115 / 0.000543]
  3   2  239 0.033394 [4.720902 / 0.000794]
  3   2  279 0.033884 [4.721674 / 0.000668]
  3   2  319 0.034035 [4.720864 / 0.000497]
  3   2  359 0.033696 [4.721809 / 0.000455]
  3   2  399 0.033936 [4.721593 / 0.000942]
  3   2  439 0.033989 [4.722052 / 0.000417]
  3   3   39 0.033777 [4.721764 / 0.000719]
  3   3   79 0.033701 [4.722476 / 0.000414]
  3   3  119 0.033567 [4.722147 / 0.000349]
  3   3  159 0.033689 [4.722052 / 0.000413]
  3   3  199 0.033590 [4.722181 / 0.001009]
  3   3  239 0.033561 [4.723087 / 0.001198]
  3   3  279 0.033707 [4.722609 / 0.000634]
  3   3  319 0.033828 [4.721263 / 0.001048]
  3   3  359 0.033688 [4.722745 / 0.000533]
  3   3  399 0.033368 [4.722261 / 0.000676]
  3   3  439 0.033807 [4.723095 / 0.000466]
  3   4   39 0.033485 [4.722124 / 0.001108]
  3   4   79 0.033693 [4.722769 / 0.000379]
  3   4  119 0.033355 [4.723666 / 0.000908]
  3   4  159 0.033540 [4.723028 / 0.000727]
  3   4  199 0.033751 [4.723456 / 0.000670]
  3   4  239 0.033686 [4.723483 / 0.000588]
  3   4  279 0.033639 [4.722721 / 0.000931]
  3   4  319 0.033994 [4.723562 / 0.000892]
  3   4  359 0.033868 [4.723392 / 0.000834]
  3   4  399 0.033890 [4.722531 / 0.000464]
  3   4  439 0.033647 [4.723460 / 0.000596]
  4   0   39 0.033561 [4.723806 / 0.000455]
  4   0   79 0.033525 [4.723164 / 0.000385]
  4   0  119 0.033655 [4.723384 / 0.000280]
  4   0  159 0.033456 [4.723709 / 0.000302]
  4   0  199 0.033856 [4.723778 / 0.000597]
  4   0  239 0.033796 [4.723515 / 0.000258]
  4   0  279 0.033460 [4.723282 / 0.000341]
  4   0  319 0.033785 [4.723307 / 0.000571]
  4   0  359 0.033851 [4.724102 / 0.000339]
  4   0  399 0.033563 [4.723414 / 0.000220]
  4   0  439 0.033399 [4.722957 / 0.000470]
  4   1   39 0.033828 [4.723827 / 0.000399]
  4   1   79 0.033738 [4.723795 / 0.000247]
  4   1  119 0.033515 [4.723611 / 0.000190]
  4   1  159 0.033355 [4.723713 / 0.000262]
  4   1  199 0.033661 [4.724269 / 0.000228]
  4   1  239 0.033579 [4.723447 / 0.000327]
  4   1  279 0.033481 [4.723526 / 0.000294]
  4   1  319 0.033721 [4.723724 / 0.000229]
  4   1  359 0.033623 [4.723423 / 0.000410]
  4   1  399 0.033957 [4.724132 / 0.000557]
  4   1  439 0.033743 [4.723689 / 0.000323]
  4   2   39 0.033379 [4.723872 / 0.000318]
  4   2   79 0.033363 [4.723310 / 0.000321]
  4   2  119 0.033855 [4.723895 / 0.000437]
  4   2  159 0.033504 [4.723959 / 0.000349]
  4   2  199 0.033828 [4.723996 / 0.000616]
  4   2  239 0.033832 [4.724415 / 0.000390]
  4   2  279 0.033672 [4.724103 / 0.000218]
  4   2  319 0.033502 [4.723346 / 0.000254]
  4   2  359 0.033450 [4.723912 / 0.000246]
  4   2  399 0.033538 [4.723838 / 0.000150]
  4   2  439 0.033509 [4.724373 / 0.000312]
  4   3   39 0.033618 [4.723828 / 0.000357]
  4   3   79 0.033689 [4.723749 / 0.000441]
  4   3  119 0.033376 [4.723961 / 0.000330]
  4   3  159 0.033478 [4.723790 / 0.000213]
  4   3  199 0.033522 [4.723822 / 0.000200]
  4   3  239 0.033579 [4.724022 / 0.000276]
  4   3  279 0.033733 [4.724012 / 0.000277]
  4   3  319 0.033823 [4.723973 / 0.000432]
  4   3  359 0.033379 [4.723850 / 0.000180]
  4   3  399 0.033553 [4.724240 / 0.000380]
  4   3  439 0.033417 [4.723899 / 0.000304]
  4   4   39 0.033363 [4.723943 / 0.000245]
  4   4   79 0.033497 [4.724046 / 0.000252]
  4   4  119 0.033957 [4.724664 / 0.000177]
  4   4  159 0.033633 [4.724342 / 0.000237]
  4   4  199 0.033747 [4.723715 / 0.000347]
  4   4  239 0.033633 [4.724257 / 0.000520]
  4   4  279 0.033355 [4.723726 / 0.000641]
  4   4  319 0.033476 [4.723878 / 0.000303]
  4   4  359 0.033649 [4.723775 / 0.000492]
  4   4  399 0.033500 [4.723662 / 0.000378]
  4   4  439 0.033607 [4.724107 / 0.000312]
Sequential (
  (0): Conv2d(1, 4, kernel_size=(9, 9), stride=(3, 3), padding=(4, 4))
  (1): BatchNorm2d(4, eps=1e-05, momentum=0.1, affine=True)
  (2): ReLU ()
  (3): ConvTranspose2d(4, 1, kernel_size=(9, 9), stride=(3, 3), padding=(4, 4))
)
Namespace(batch_size=128, cnnc=10, cnnf=4, force_name=False, mode='cnnae_simple', name='cnnae_simple9', nc=10, nf=80, optimizer='Adam', weight_decay=0.0001)
{'lr': 0.001, 'wd': 0.0001}
