  0   0   39 0.925314 [31.762069 / 0.522635]
  0   0   79 0.775249 [36.950005 / 0.377754]
  0   0  119 0.684613 [41.126707 / 0.327980]
  0   0  159 0.618263 [44.041649 / 0.310898]
  0   0  199 0.567046 [46.104200 / 0.297766]
  0   0  239 0.518703 [47.897083 / 0.285219]
  0   0  279 0.482745 [49.527267 / 0.285733]
  0   0  319 0.449944 [50.886650 / 0.287657]
  0   0  359 0.416384 [52.010896 / 0.277790]
  0   0  399 0.388885 [52.825578 / 0.272930]
  0   0  439 0.368056 [53.642149 / 0.267380]
  0   1   39 0.330727 [54.715977 / 0.263031]
  0   1   79 0.318005 [55.123814 / 0.254862]
  0   1  119 0.303910 [55.654350 / 0.252206]
  0   1  159 0.284601 [56.031481 / 0.260845]
  0   1  199 0.276786 [56.568543 / 0.274680]
  0   1  239 0.263188 [56.925354 / 0.257182]
  0   1  279 0.251160 [57.304285 / 0.250902]
  0   1  319 0.242690 [57.662565 / 0.247460]
  0   1  359 0.232299 [57.910792 / 0.245315]
  0   1  399 0.224347 [58.203628 / 0.234668]
  0   1  439 0.213343 [58.464800 / 0.231370]
  0   2   39 0.205028 [58.957950 / 0.240179]
  0   2   79 0.197242 [59.242016 / 0.241775]
  0   2  119 0.191449 [59.376226 / 0.234476]
  0   2  159 0.187560 [59.555652 / 0.234449]
  0   2  199 0.179568 [59.619400 / 0.230642]
  0   2  239 0.177353 [59.776843 / 0.230952]
  0   2  279 0.173081 [59.897096 / 0.220333]
  0   2  319 0.171291 [60.057117 / 0.240149]
  0   2  359 0.168550 [60.276122 / 0.219005]
  0   2  399 0.166182 [60.350622 / 0.222730]
  0   2  439 0.162126 [60.404717 / 0.230264]
  0   3   39 0.155138 [60.535505 / 0.216295]
  0   3   79 0.155455 [60.604643 / 0.221523]
  0   3  119 0.153500 [60.713874 / 0.233586]
  0   3  159 0.152861 [60.795585 / 0.235953]
  0   3  199 0.149840 [60.892419 / 0.230755]
  0   3  239 0.149246 [60.928013 / 0.213121]
  0   3  279 0.147149 [61.027977 / 0.227847]
  0   3  319 0.145147 [61.067417 / 0.216217]
  0   3  359 0.146740 [61.156759 / 0.222986]
  0   3  399 0.142124 [61.195846 / 0.218639]
  0   3  439 0.141271 [61.157263 / 0.218631]
  0   4   39 0.137686 [61.220585 / 0.211108]
  0   4   79 0.139922 [61.290654 / 0.218859]
  0   4  119 0.137518 [61.309041 / 0.213569]
  0   4  159 0.137793 [61.346573 / 0.212749]
  0   4  199 0.136909 [61.357728 / 0.215703]
  0   4  239 0.137357 [61.428042 / 0.216647]
  0   4  279 0.135486 [61.420176 / 0.224072]
  0   4  319 0.134581 [61.430822 / 0.215583]
  0   4  359 0.133280 [61.394234 / 0.217644]
  0   4  399 0.133522 [61.433529 / 0.204636]
  0   4  439 0.133135 [61.467180 / 0.211517]
  1   0   39 0.129480 [61.476291 / 0.105909]
  1   0   79 0.128406 [61.408152 / 0.104735]
  1   0  119 0.128236 [61.386558 / 0.108333]
  1   0  159 0.128993 [61.363364 / 0.107231]
  1   0  199 0.129126 [61.352732 / 0.116541]
  1   0  239 0.126738 [61.348395 / 0.104212]
  1   0  279 0.128298 [61.339230 / 0.111097]
  1   0  319 0.128273 [61.353735 / 0.101810]
  1   0  359 0.128213 [61.349823 / 0.107240]
  1   0  399 0.127992 [61.344502 / 0.117183]
  1   0  439 0.125804 [61.322187 / 0.114999]
  1   1   39 0.124841 [61.306372 / 0.116861]
  1   1   79 0.126814 [61.314419 / 0.112384]
  1   1  119 0.127180 [61.310509 / 0.114360]
  1   1  159 0.126648 [61.302665 / 0.110335]
  1   1  199 0.125308 [61.311253 / 0.107720]
  1   1  239 0.124084 [61.282853 / 0.111904]
  1   1  279 0.124973 [61.270665 / 0.117068]
  1   1  319 0.127203 [61.290094 / 0.109665]
  1   1  359 0.127823 [61.306198 / 0.113342]
  1   1  399 0.124933 [61.279572 / 0.110802]
  1   1  439 0.127757 [61.299661 / 0.111688]
  1   2   39 0.124387 [61.262797 / 0.110413]
  1   2   79 0.125202 [61.271211 / 0.114188]
  1   2  119 0.124731 [61.268315 / 0.121968]
  1   2  159 0.126183 [61.273584 / 0.116431]
  1   2  199 0.124061 [61.264149 / 0.112932]
  1   2  239 0.123409 [61.229012 / 0.120622]
  1   2  279 0.123006 [61.198624 / 0.117642]
  1   2  319 0.124966 [61.192430 / 0.117866]
  1   2  359 0.124516 [61.208422 / 0.113263]
  1   2  399 0.123786 [61.203702 / 0.116629]
  1   2  439 0.125568 [61.222118 / 0.119090]
  1   3   39 0.124399 [61.227573 / 0.117679]
  1   3   79 0.121989 [61.170269 / 0.114327]
  1   3  119 0.124156 [61.175367 / 0.116873]
  1   3  159 0.124302 [61.194146 / 0.114210]
  1   3  199 0.123113 [61.156012 / 0.113775]
  1   3  239 0.121663 [61.136762 / 0.110285]
  1   3  279 0.123757 [61.147457 / 0.113052]
  1   3  319 0.124336 [61.166953 / 0.114199]
  1   3  359 0.123020 [61.162693 / 0.111615]
  1   3  399 0.122272 [61.134876 / 0.111948]
  1   3  439 0.122879 [61.108176 / 0.109215]
  1   4   39 0.121365 [61.041405 / 0.120587]
  1   4   79 0.123207 [61.046416 / 0.115190]
  1   4  119 0.123825 [61.062403 / 0.117267]
  1   4  159 0.122892 [61.063841 / 0.112748]
  1   4  199 0.121185 [61.040669 / 0.115717]
  1   4  239 0.122260 [61.030318 / 0.108327]
  1   4  279 0.121811 [60.983719 / 0.114400]
  1   4  319 0.121941 [60.960472 / 0.123920]
  1   4  359 0.122963 [60.994297 / 0.113992]
  1   4  399 0.122177 [60.987118 / 0.109090]
  1   4  439 0.121903 [60.967492 / 0.119385]
  2   0   39 0.119560 [60.941073 / 0.051870]
  2   0   79 0.120755 [60.923858 / 0.053629]
  2   0  119 0.119929 [60.910169 / 0.053794]
  2   0  159 0.121268 [60.907428 / 0.053688]
  2   0  199 0.117892 [60.879226 / 0.057134]
  2   0  239 0.118615 [60.855206 / 0.055360]
  2   0  279 0.120577 [60.851485 / 0.057700]
  2   0  319 0.120886 [60.839511 / 0.058190]
  2   0  359 0.119761 [60.828267 / 0.056943]
  2   0  399 0.120016 [60.831960 / 0.060047]
  2   0  439 0.120785 [60.817587 / 0.057660]
  2   1   39 0.119285 [60.807032 / 0.054978]
  2   1   79 0.119585 [60.799807 / 0.057342]
  2   1  119 0.118699 [60.788068 / 0.060304]
  2   1  159 0.119518 [60.771333 / 0.058734]
  2   1  199 0.119898 [60.769195 / 0.057236]
  2   1  239 0.120753 [60.774191 / 0.059256]
  2   1  279 0.120419 [60.764290 / 0.058576]
  2   1  319 0.119190 [60.754625 / 0.057577]
  2   1  359 0.120747 [60.747501 / 0.060584]
  2   1  399 0.119211 [60.728509 / 0.058517]
  2   1  439 0.120148 [60.728907 / 0.058876]
  2   2   39 0.119686 [60.719416 / 0.062319]
  2   2   79 0.120094 [60.710638 / 0.060305]
  2   2  119 0.118170 [60.688057 / 0.055402]
  2   2  159 0.119911 [60.681976 / 0.056458]
  2   2  199 0.119378 [60.673446 / 0.060012]
  2   2  239 0.118301 [60.647552 / 0.055643]
  2   2  279 0.119262 [60.634784 / 0.060318]
  2   2  319 0.120835 [60.648323 / 0.060487]
  2   2  359 0.118775 [60.637957 / 0.056591]
  2   2  399 0.119026 [60.634108 / 0.059044]
  2   2  439 0.121796 [60.631145 / 0.060427]
  2   3   39 0.119101 [60.624786 / 0.056701]
  2   3   79 0.120193 [60.610952 / 0.058853]
  2   3  119 0.117678 [60.597025 / 0.059712]
  2   3  159 0.120179 [60.594012 / 0.055374]
  2   3  199 0.119202 [60.587493 / 0.064071]
  2   3  239 0.118797 [60.582763 / 0.056945]
  2   3  279 0.120458 [60.570694 / 0.059586]
  2   3  319 0.119531 [60.580637 / 0.059558]
  2   3  359 0.118338 [60.567374 / 0.065116]
  2   3  399 0.118524 [60.556717 / 0.060110]
  2   3  439 0.119788 [60.548128 / 0.058880]
  2   4   39 0.119784 [60.547039 / 0.060490]
  2   4   79 0.119302 [60.543891 / 0.058521]
  2   4  119 0.116908 [60.508194 / 0.059776]
  2   4  159 0.118073 [60.501036 / 0.056731]
  2   4  199 0.117849 [60.480499 / 0.059874]
  2   4  239 0.119678 [60.483443 / 0.060386]
  2   4  279 0.118395 [60.472466 / 0.060899]
  2   4  319 0.120658 [60.480181 / 0.058006]
  2   4  359 0.119835 [60.485181 / 0.056245]
  2   4  399 0.118589 [60.482767 / 0.060377]
  2   4  439 0.120801 [60.476456 / 0.061161]
  3   0   39 0.116994 [60.470990 / 0.027904]
  3   0   79 0.118650 [60.467277 / 0.028327]
  3   0  119 0.118687 [60.459959 / 0.028327]
  3   0  159 0.118406 [60.459419 / 0.027537]
  3   0  199 0.116726 [60.447331 / 0.028462]
  3   0  239 0.119192 [60.435468 / 0.028293]
  3   0  279 0.118391 [60.435722 / 0.029544]
  3   0  319 0.116394 [60.420572 / 0.029196]
  3   0  359 0.117578 [60.411536 / 0.029088]
  3   0  399 0.117734 [60.408289 / 0.030301]
  3   0  439 0.117075 [60.398709 / 0.029789]
  3   1   39 0.116563 [60.385124 / 0.027016]
  3   1   79 0.119902 [60.389114 / 0.029079]
  3   1  119 0.117009 [60.389273 / 0.029261]
  3   1  159 0.116672 [60.380110 / 0.029745]
  3   1  199 0.117418 [60.366478 / 0.029523]
  3   1  239 0.117613 [60.365098 / 0.030311]
  3   1  279 0.117251 [60.356325 / 0.028538]
  3   1  319 0.117830 [60.354351 / 0.031835]
  3   1  359 0.117598 [60.355991 / 0.029376]
  3   1  399 0.118850 [60.352021 / 0.030585]
  3   1  439 0.117037 [60.344048 / 0.028576]
  3   2   39 0.117688 [60.344377 / 0.028245]
  3   2   79 0.117249 [60.333750 / 0.031810]
  3   2  119 0.116230 [60.326356 / 0.029460]
  3   2  159 0.117856 [60.322634 / 0.028982]
  3   2  199 0.117939 [60.325634 / 0.027947]
  3   2  239 0.117716 [60.320398 / 0.030272]
  3   2  279 0.117502 [60.320375 / 0.029351]
  3   2  319 0.117706 [60.308722 / 0.031241]
  3   2  359 0.117979 [60.311138 / 0.029164]
  3   2  399 0.117375 [60.304303 / 0.030907]
  3   2  439 0.116280 [60.299048 / 0.030344]
  3   3   39 0.116352 [60.284602 / 0.029526]
  3   3   79 0.118594 [60.280924 / 0.030172]
  3   3  119 0.117112 [60.277483 / 0.030641]
  3   3  159 0.117407 [60.276699 / 0.030637]
  3   3  199 0.117595 [60.269938 / 0.030299]
  3   3  239 0.117484 [60.268531 / 0.029611]
  3   3  279 0.115398 [60.258548 / 0.029106]
  3   3  319 0.119210 [60.250621 / 0.032851]
  3   3  359 0.117815 [60.254866 / 0.032109]
  3   3  399 0.118462 [60.260144 / 0.030471]
  3   3  439 0.117658 [60.254101 / 0.030058]
  3   4   39 0.116587 [60.240394 / 0.029138]
  3   4   79 0.118532 [60.238452 / 0.028733]
  3   4  119 0.119343 [60.241599 / 0.031887]
  3   4  159 0.117048 [60.243692 / 0.031060]
  3   4  199 0.118534 [60.237333 / 0.029816]
  3   4  239 0.116434 [60.230306 / 0.029273]
  3   4  279 0.118224 [60.225940 / 0.032304]
  3   4  319 0.115792 [60.221563 / 0.029691]
  3   4  359 0.117411 [60.213172 / 0.031253]
  3   4  399 0.118087 [60.214838 / 0.032027]
  3   4  439 0.116707 [60.215102 / 0.028825]
  4   0   39 0.118187 [60.203982 / 0.014308]
  4   0   79 0.117055 [60.200222 / 0.015023]
  4   0  119 0.117106 [60.200095 / 0.014490]
  4   0  159 0.116985 [60.191407 / 0.014783]
  4   0  199 0.116421 [60.191656 / 0.014398]
  4   0  239 0.116839 [60.187913 / 0.014727]
  4   0  279 0.116641 [60.187917 / 0.014560]
  4   0  319 0.116693 [60.186852 / 0.014615]
  4   0  359 0.116472 [60.186742 / 0.014310]
  4   0  399 0.116382 [60.179904 / 0.015290]
  4   0  439 0.115099 [60.175588 / 0.015806]
  4   1   39 0.114913 [60.168715 / 0.015299]
  4   1   79 0.115743 [60.162147 / 0.015371]
  4   1  119 0.116562 [60.159779 / 0.015441]
  4   1  159 0.117311 [60.157930 / 0.015435]
  4   1  199 0.117105 [60.157797 / 0.015183]
  4   1  239 0.118500 [60.161041 / 0.014774]
  4   1  279 0.116494 [60.161288 / 0.016007]
  4   1  319 0.118403 [60.157059 / 0.014583]
  4   1  359 0.115909 [60.155717 / 0.015485]
  4   1  399 0.116017 [60.152619 / 0.015132]
  4   1  439 0.116966 [60.149962 / 0.014868]
  4   2   39 0.115866 [60.143570 / 0.014511]
  4   2   79 0.116229 [60.140531 / 0.015316]
  4   2  119 0.118929 [60.143509 / 0.015036]
  4   2  159 0.116306 [60.141080 / 0.015152]
  4   2  199 0.116412 [60.138320 / 0.015105]
  4   2  239 0.114939 [60.133761 / 0.014954]
  4   2  279 0.116738 [60.128613 / 0.015134]
  4   2  319 0.116399 [60.124211 / 0.014556]
  4   2  359 0.117634 [60.124517 / 0.014929]
  4   2  399 0.117038 [60.124148 / 0.015556]
  4   2  439 0.117202 [60.125913 / 0.014263]
  4   3   39 0.115421 [60.121148 / 0.014042]
  4   3   79 0.116801 [60.119910 / 0.014450]
  4   3  119 0.116929 [60.120237 / 0.015018]
  4   3  159 0.115064 [60.113075 / 0.013846]
  4   3  199 0.119457 [60.117121 / 0.015278]
  4   3  239 0.115306 [60.114017 / 0.014575]
  4   3  279 0.116022 [60.108731 / 0.015685]
  4   3  319 0.117116 [60.105269 / 0.015886]
  4   3  359 0.115925 [60.104461 / 0.014759]
  4   3  399 0.118258 [60.102283 / 0.016223]
  4   3  439 0.116650 [60.103227 / 0.015246]
  4   4   39 0.117306 [60.099898 / 0.014810]
  4   4   79 0.117022 [60.097003 / 0.015222]
  4   4  119 0.116964 [60.095943 / 0.015022]
  4   4  159 0.116948 [60.098600 / 0.014572]
  4   4  199 0.116725 [60.098299 / 0.014756]
  4   4  239 0.116133 [60.095928 / 0.014729]
  4   4  279 0.116157 [60.091746 / 0.017352]
  4   4  319 0.116628 [60.090632 / 0.015601]
  4   4  359 0.116986 [60.090867 / 0.015230]
  4   4  399 0.117193 [60.090389 / 0.016326]
  4   4  439 0.115445 [60.086246 / 0.015201]
Sequential (
  (0): Linear (784 -> 800)
  (1): MatrixD (factors=80, categories=10, std=1)
  (2): BatchNorm1d(800, eps=1e-05, momentum=0.1, affine=True)
  (3): CatFactor (factors=80, categories=10, nonclass=True, output_sum=False)
  (4): Linear (800 -> 784)
)
