  0   0   39 0.631290 [23.304232 / 0.368114]
  0   0   79 0.371338 [23.969424 / 0.264089]
  0   0  119 0.275994 [25.450147 / 0.215074]
  0   0  159 0.224531 [26.901817 / 0.191402]
  0   0  199 0.197159 [28.231282 / 0.178091]
  0   0  239 0.175257 [29.362061 / 0.171031]
  0   0  279 0.161663 [30.324113 / 0.160139]
  0   0  319 0.150706 [31.134923 / 0.154538]
  0   0  359 0.143567 [31.819043 / 0.153234]
  0   0  399 0.136881 [32.400195 / 0.154842]
  0   0  439 0.132922 [32.928185 / 0.147022]
  0   1   39 0.125319 [33.637763 / 0.146374]
  0   1   79 0.122433 [33.986162 / 0.150294]
  0   1  119 0.119747 [34.288368 / 0.145255]
  0   1  159 0.116328 [34.523872 / 0.143135]
  0   1  199 0.116277 [34.766855 / 0.149422]
  0   1  239 0.115011 [34.972459 / 0.149597]
  0   1  279 0.112329 [35.129555 / 0.147376]
  0   1  319 0.110133 [35.252877 / 0.149984]
  0   1  359 0.110520 [35.406624 / 0.141566]
  0   1  399 0.108569 [35.531271 / 0.146791]
  0   1  439 0.109269 [35.681478 / 0.146892]
  0   2   39 0.106501 [35.857240 / 0.143331]
  0   2   79 0.105196 [35.930015 / 0.143154]
  0   2  119 0.105478 [36.029346 / 0.149044]
  0   2  159 0.103801 [36.084188 / 0.143777]
  0   2  199 0.102825 [36.117200 / 0.146963]
  0   2  239 0.103080 [36.186855 / 0.143119]
  0   2  279 0.102580 [36.242351 / 0.145232]
  0   2  319 0.101510 [36.249283 / 0.141805]
  0   2  359 0.102506 [36.327323 / 0.147335]
  0   2  399 0.100386 [36.346955 / 0.145933]
  0   2  439 0.101295 [36.379943 / 0.147901]
  0   3   39 0.099360 [36.431064 / 0.144237]
  0   3   79 0.099498 [36.494153 / 0.146562]
  0   3  119 0.099801 [36.519632 / 0.146995]
  0   3  159 0.098551 [36.545865 / 0.144505]
  0   3  199 0.098583 [36.538187 / 0.146773]
  0   3  239 0.097688 [36.551206 / 0.148240]
  0   3  279 0.099250 [36.595682 / 0.145986]
  0   3  319 0.098334 [36.610636 / 0.156676]
  0   3  359 0.097404 [36.622447 / 0.148675]
  0   3  399 0.095837 [36.588842 / 0.148609]
  0   3  439 0.097639 [36.608213 / 0.152307]
  0   4   39 0.097122 [36.697314 / 0.150389]
  0   4   79 0.096226 [36.724496 / 0.146179]
  0   4  119 0.095536 [36.702993 / 0.153561]
  0   4  159 0.096157 [36.707669 / 0.154161]
  0   4  199 0.094837 [36.694316 / 0.150877]
  0   4  239 0.095524 [36.708304 / 0.153395]
  0   4  279 0.095611 [36.720260 / 0.155656]
  0   4  319 0.094404 [36.697024 / 0.150356]
  0   4  359 0.094962 [36.716151 / 0.155150]
  0   4  399 0.094459 [36.710320 / 0.154913]
  0   4  439 0.094137 [36.713268 / 0.154306]
  1   0   39 0.093060 [36.702885 / 0.072532]
  1   0   79 0.093069 [36.711839 / 0.074729]
  1   0  119 0.093413 [36.736538 / 0.075176]
  1   0  159 0.090884 [36.706444 / 0.074706]
  1   0  199 0.092533 [36.712008 / 0.076218]
  1   0  239 0.092477 [36.713800 / 0.074789]
  1   0  279 0.092844 [36.745279 / 0.077244]
  1   0  319 0.092200 [36.748315 / 0.076607]
  1   0  359 0.091823 [36.739260 / 0.080267]
  1   0  399 0.092229 [36.745898 / 0.076893]
  1   0  439 0.091929 [36.732080 / 0.079191]
  1   1   39 0.092160 [36.759392 / 0.080608]
  1   1   79 0.090992 [36.755855 / 0.078322]
  1   1  119 0.092183 [36.776329 / 0.081744]
  1   1  159 0.090645 [36.762582 / 0.079768]
  1   1  199 0.091075 [36.746544 / 0.081997]
  1   1  239 0.091049 [36.745292 / 0.084642]
  1   1  279 0.090716 [36.746272 / 0.079593]
  1   1  319 0.092055 [36.753189 / 0.084286]
  1   1  359 0.090086 [36.749049 / 0.081687]
  1   1  399 0.091018 [36.752726 / 0.081181]
  1   1  439 0.091653 [36.762822 / 0.083031]
  1   2   39 0.090271 [36.787190 / 0.083205]
  1   2   79 0.090216 [36.782560 / 0.082001]
  1   2  119 0.090567 [36.780372 / 0.082526]
  1   2  159 0.090184 [36.769690 / 0.086051]
  1   2  199 0.090499 [36.785826 / 0.082204]
  1   2  239 0.090516 [36.782923 / 0.085145]
  1   2  279 0.091607 [36.799940 / 0.085843]
  1   2  319 0.089986 [36.804659 / 0.087119]
  1   2  359 0.091061 [36.806404 / 0.085346]
  1   2  399 0.088715 [36.775237 / 0.084561]
  1   2  439 0.089176 [36.759356 / 0.084693]
  1   3   39 0.089431 [36.775039 / 0.085727]
  1   3   79 0.089439 [36.776278 / 0.085663]
  1   3  119 0.090018 [36.793744 / 0.088690]
  1   3  159 0.089537 [36.798812 / 0.087397]
  1   3  199 0.089509 [36.789644 / 0.089214]
  1   3  239 0.089182 [36.766290 / 0.086599]
  1   3  279 0.089607 [36.776909 / 0.085238]
  1   3  319 0.090035 [36.788628 / 0.088254]
  1   3  359 0.088767 [36.778517 / 0.089418]
  1   3  399 0.089132 [36.768821 / 0.089015]
  1   3  439 0.089139 [36.777977 / 0.086019]
  1   4   39 0.088094 [36.760307 / 0.087277]
  1   4   79 0.088475 [36.753139 / 0.094089]
  1   4  119 0.088267 [36.747250 / 0.088716]
  1   4  159 0.088997 [36.768118 / 0.090329]
  1   4  199 0.089259 [36.788099 / 0.091979]
  1   4  239 0.088559 [36.777201 / 0.088214]
  1   4  279 0.088332 [36.763196 / 0.090749]
  1   4  319 0.088097 [36.759096 / 0.092909]
  1   4  359 0.088661 [36.759685 / 0.090703]
  1   4  399 0.088477 [36.770167 / 0.088888]
  1   4  439 0.088810 [36.761800 / 0.092368]
  2   0   39 0.086880 [36.772334 / 0.046065]
  2   0   79 0.087036 [36.768388 / 0.045684]
  2   0  119 0.088218 [36.775262 / 0.045590]
  2   0  159 0.087850 [36.774011 / 0.045460]
  2   0  199 0.088286 [36.782182 / 0.045864]
  2   0  239 0.087922 [36.788910 / 0.046694]
  2   0  279 0.087187 [36.779991 / 0.045849]
  2   0  319 0.087338 [36.774947 / 0.044925]
  2   0  359 0.086006 [36.763412 / 0.045064]
  2   0  399 0.087288 [36.757744 / 0.046058]
  2   0  439 0.086260 [36.747692 / 0.047248]
  2   1   39 0.086969 [36.740150 / 0.045879]
  2   1   79 0.087294 [36.754330 / 0.048198]
  2   1  119 0.087667 [36.769347 / 0.045524]
  2   1  159 0.087267 [36.758978 / 0.047781]
  2   1  199 0.087289 [36.775170 / 0.046954]
  2   1  239 0.086916 [36.767425 / 0.048139]
  2   1  279 0.086868 [36.763249 / 0.047345]
  2   1  319 0.086987 [36.763928 / 0.047507]
  2   1  359 0.086171 [36.760143 / 0.047887]
  2   1  399 0.086187 [36.742247 / 0.049275]
  2   1  439 0.086975 [36.738803 / 0.048224]
  2   2   39 0.085952 [36.733669 / 0.047391]
  2   2   79 0.086241 [36.729677 / 0.049231]
  2   2  119 0.086129 [36.740599 / 0.048965]
  2   2  159 0.086375 [36.733358 / 0.050906]
  2   2  199 0.086991 [36.734089 / 0.049891]
  2   2  239 0.086297 [36.736110 / 0.049273]
  2   2  279 0.086997 [36.745010 / 0.050367]
  2   2  319 0.087493 [36.753831 / 0.050683]
  2   2  359 0.087387 [36.765105 / 0.050486]
  2   2  399 0.086207 [36.752633 / 0.049046]
  2   2  439 0.086781 [36.761190 / 0.049629]
  2   3   39 0.086367 [36.764719 / 0.049859]
  2   3   79 0.085661 [36.757182 / 0.051022]
  2   3  119 0.086550 [36.755614 / 0.049289]
  2   3  159 0.086252 [36.761568 / 0.051881]
  2   3  199 0.086470 [36.751990 / 0.050278]
  2   3  239 0.086581 [36.751788 / 0.050599]
  2   3  279 0.086234 [36.750005 / 0.052009]
  2   3  319 0.086371 [36.751867 / 0.049897]
  2   3  359 0.085101 [36.734420 / 0.051831]
  2   3  399 0.086688 [36.733083 / 0.052389]
  2   3  439 0.086367 [36.739511 / 0.050772]
  2   4   39 0.086109 [36.745095 / 0.050916]
  2   4   79 0.086056 [36.750298 / 0.052671]
  2   4  119 0.086310 [36.752490 / 0.052063]
  2   4  159 0.086492 [36.755533 / 0.051428]
  2   4  199 0.086034 [36.757531 / 0.052398]
  2   4  239 0.085537 [36.753600 / 0.051139]
  2   4  279 0.084668 [36.743662 / 0.051790]
  2   4  319 0.085374 [36.730923 / 0.053242]
  2   4  359 0.085631 [36.726650 / 0.052221]
  2   4  399 0.086022 [36.728026 / 0.051251]
  2   4  439 0.086536 [36.731366 / 0.053239]
  3   0   39 0.085131 [36.728549 / 0.026150]
  3   0   79 0.085380 [36.728389 / 0.025181]
  3   0  119 0.084945 [36.728880 / 0.026054]
  3   0  159 0.085555 [36.729655 / 0.025906]
  3   0  199 0.085295 [36.726981 / 0.028908]
  3   0  239 0.085581 [36.729807 / 0.027123]
  3   0  279 0.085539 [36.731091 / 0.026417]
  3   0  319 0.085045 [36.731194 / 0.025822]
  3   0  359 0.085122 [36.726065 / 0.026791]
  3   0  399 0.084815 [36.724064 / 0.026042]
  3   0  439 0.085508 [36.722421 / 0.026564]
  3   1   39 0.085082 [36.724104 / 0.026986]
  3   1   79 0.085491 [36.724667 / 0.026845]
  3   1  119 0.085702 [36.727004 / 0.027139]
  3   1  159 0.085329 [36.731048 / 0.026737]
  3   1  199 0.085967 [36.733325 / 0.026687]
  3   1  239 0.084952 [36.731863 / 0.027188]
  3   1  279 0.084680 [36.726138 / 0.028425]
  3   1  319 0.084896 [36.726435 / 0.026670]
  3   1  359 0.084776 [36.725397 / 0.027111]
  3   1  399 0.085184 [36.725306 / 0.027408]
  3   1  439 0.084402 [36.721248 / 0.026763]
  3   2   39 0.084707 [36.717669 / 0.029773]
  3   2   79 0.085130 [36.720059 / 0.026824]
  3   2  119 0.084241 [36.719612 / 0.026744]
  3   2  159 0.085481 [36.722221 / 0.027405]
  3   2  199 0.084835 [36.720725 / 0.026342]
  3   2  239 0.084937 [36.722359 / 0.029137]
  3   2  279 0.085468 [36.723022 / 0.027407]
  3   2  319 0.084724 [36.722564 / 0.029476]
  3   2  359 0.085965 [36.723435 / 0.027519]
  3   2  399 0.085197 [36.723939 / 0.027801]
  3   2  439 0.084596 [36.722989 / 0.027953]
  3   3   39 0.084952 [36.717042 / 0.026836]
  3   3   79 0.084125 [36.711597 / 0.026641]
  3   3  119 0.085267 [36.715237 / 0.027916]
  3   3  159 0.084979 [36.719592 / 0.027661]
  3   3  199 0.083388 [36.711940 / 0.026821]
  3   3  239 0.084879 [36.713247 / 0.027616]
  3   3  279 0.084952 [36.713231 / 0.029108]
  3   3  319 0.083499 [36.705848 / 0.026789]
  3   3  359 0.085045 [36.703030 / 0.030155]
  3   3  399 0.086283 [36.718173 / 0.029126]
  3   3  439 0.085215 [36.720856 / 0.028681]
  3   4   39 0.084721 [36.719054 / 0.028426]
  3   4   79 0.085381 [36.729173 / 0.029998]
  3   4  119 0.085232 [36.731691 / 0.029380]
  3   4  159 0.085112 [36.731906 / 0.028903]
  3   4  199 0.083878 [36.724086 / 0.027795]
  3   4  239 0.084537 [36.719898 / 0.027847]
  3   4  279 0.084625 [36.718289 / 0.027444]
  3   4  319 0.084842 [36.720250 / 0.028381]
  3   4  359 0.082604 [36.707446 / 0.027751]
  3   4  399 0.084783 [36.704755 / 0.028897]
  3   4  439 0.084576 [36.706166 / 0.029561]
  4   0   39 0.084715 [36.709909 / 0.013978]
  4   0   79 0.083838 [36.709044 / 0.013801]
  4   0  119 0.083694 [36.702131 / 0.013526]
  4   0  159 0.083904 [36.701885 / 0.013779]
  4   0  199 0.084408 [36.704013 / 0.015061]
  4   0  239 0.084959 [36.706475 / 0.013921]
  4   0  279 0.084248 [36.703184 / 0.014090]
  4   0  319 0.084194 [36.703585 / 0.014123]
  4   0  359 0.084038 [36.703384 / 0.014128]
  4   0  399 0.084544 [36.703117 / 0.013880]
  4   0  439 0.084660 [36.706536 / 0.014558]
  4   1   39 0.083747 [36.705127 / 0.014070]
  4   1   79 0.084356 [36.705422 / 0.014718]
  4   1  119 0.085315 [36.709425 / 0.013767]
  4   1  159 0.084848 [36.712260 / 0.015130]
  4   1  199 0.083708 [36.707744 / 0.014727]
  4   1  239 0.083347 [36.703458 / 0.014585]
  4   1  279 0.084596 [36.704276 / 0.014023]
  4   1  319 0.084415 [36.705745 / 0.014433]
  4   1  359 0.084694 [36.707239 / 0.014210]
  4   1  399 0.084075 [36.706782 / 0.014140]
  4   1  439 0.083793 [36.704630 / 0.014903]
  4   2   39 0.084577 [36.705434 / 0.014264]
  4   2   79 0.084091 [36.709883 / 0.013934]
  4   2  119 0.084137 [36.705547 / 0.013696]
  4   2  159 0.083173 [36.702490 / 0.014368]
  4   2  199 0.084691 [36.703578 / 0.014164]
  4   2  239 0.084732 [36.707738 / 0.015124]
  4   2  279 0.084172 [36.706236 / 0.013955]
  4   2  319 0.083488 [36.701878 / 0.014614]
  4   2  359 0.082934 [36.696004 / 0.014611]
  4   2  399 0.084367 [36.693867 / 0.013826]
  4   2  439 0.084500 [36.697582 / 0.015093]
  4   3   39 0.083493 [36.699124 / 0.014389]
  4   3   79 0.083681 [36.700117 / 0.014848]
  4   3  119 0.083515 [36.697683 / 0.014600]
  4   3  159 0.084278 [36.697370 / 0.014436]
  4   3  199 0.084316 [36.701017 / 0.015030]
  4   3  239 0.084008 [36.698870 / 0.014453]
  4   3  279 0.085043 [36.700448 / 0.015750]
  4   3  319 0.083784 [36.699214 / 0.014483]
  4   3  359 0.084512 [36.698888 / 0.014557]
  4   3  399 0.084687 [36.700158 / 0.014448]
  4   3  439 0.083624 [36.700048 / 0.014919]
  4   4   39 0.083577 [36.700015 / 0.014478]
  4   4   79 0.084140 [36.699836 / 0.014484]
  4   4  119 0.084197 [36.701492 / 0.014935]
  4   4  159 0.083409 [36.698821 / 0.015186]
  4   4  199 0.084339 [36.700066 / 0.014727]
  4   4  239 0.083878 [36.696426 / 0.014789]
  4   4  279 0.084114 [36.697354 / 0.014413]
  4   4  319 0.083377 [36.694654 / 0.014549]
  4   4  359 0.084503 [36.696621 / 0.014541]
  4   4  399 0.084086 [36.697265 / 0.014499]
  4   4  439 0.083654 [36.695292 / 0.015058]
Sequential (
  (0): Linear (784 -> 800)
  (1): CatFactor (factors=80, categories=10, nonclass=True, output_sum=False)
  (2): Linear (800 -> 784)
)
