  0   0   39 0.973953 [25.273065 / 0.427744]
  0   0   79 0.853477 [30.390054 / 0.312877]
  0   0  119 0.779955 [34.600822 / 0.260394]
  0   0  159 0.712486 [37.612380 / 0.241931]
  0   0  199 0.664128 [40.092473 / 0.233873]
  0   0  239 0.616258 [42.118976 / 0.224176]
  0   0  279 0.577825 [43.733072 / 0.214864]
  0   0  319 0.538541 [45.063335 / 0.218520]
  0   0  359 0.505457 [46.253683 / 0.215781]
  0   0  399 0.482747 [47.530553 / 0.216284]
  0   0  439 0.448817 [48.610925 / 0.210163]
  0   1   39 0.409552 [49.987580 / 0.210498]
  0   1   79 0.387037 [50.587872 / 0.200433]
  0   1  119 0.367773 [51.065829 / 0.200086]
  0   1  159 0.354080 [51.456210 / 0.196964]
  0   1  199 0.337179 [51.841435 / 0.188990]
  0   1  239 0.323904 [52.137520 / 0.186418]
  0   1  279 0.313117 [52.448283 / 0.194504]
  0   1  319 0.301411 [52.797078 / 0.182132]
  0   1  359 0.295388 [53.238489 / 0.185444]
  0   1  399 0.284504 [53.573914 / 0.192204]
  0   1  439 0.269265 [53.659150 / 0.179796]
  0   2   39 0.254572 [53.962198 / 0.167205]
  0   2   79 0.253699 [54.267733 / 0.179575]
  0   2  119 0.242981 [54.415067 / 0.177268]
  0   2  159 0.235824 [54.497717 / 0.169949]
  0   2  199 0.231978 [54.677917 / 0.161933]
  0   2  239 0.226626 [54.863004 / 0.167568]
  0   2  279 0.223211 [55.017375 / 0.172062]
  0   2  319 0.216991 [55.121206 / 0.161896]
  0   2  359 0.212463 [55.257142 / 0.170062]
  0   2  399 0.208788 [55.308373 / 0.161169]
  0   2  439 0.204402 [55.389601 / 0.165483]
  0   3   39 0.198946 [55.589429 / 0.161019]
  0   3   79 0.197061 [55.738576 / 0.161207]
  0   3  119 0.193777 [55.808399 / 0.173206]
  0   3  159 0.189364 [55.835482 / 0.155800]
  0   3  199 0.188416 [55.863681 / 0.164434]
  0   3  239 0.187495 [55.971572 / 0.163705]
  0   3  279 0.185310 [55.971604 / 0.170225]
  0   3  319 0.183087 [56.068448 / 0.158958]
  0   3  359 0.184010 [56.181268 / 0.169170]
  0   3  399 0.180721 [56.197351 / 0.160553]
  0   3  439 0.179463 [56.256600 / 0.161751]
  0   4   39 0.175982 [56.399478 / 0.152122]
  0   4   79 0.176721 [56.456331 / 0.161389]
  0   4  119 0.175524 [56.492812 / 0.159507]
  0   4  159 0.172701 [56.555036 / 0.164828]
  0   4  199 0.170498 [56.607239 / 0.152482]
  0   4  239 0.169687 [56.578256 / 0.151672]
  0   4  279 0.171479 [56.661037 / 0.162779]
  0   4  319 0.168744 [56.672203 / 0.154743]
  0   4  359 0.168977 [56.751843 / 0.158563]
  0   4  399 0.167402 [56.785044 / 0.157248]
  0   4  439 0.165026 [56.795143 / 0.156885]
  1   0   39 0.162968 [56.810116 / 0.075768]
  1   0   79 0.161883 [56.777996 / 0.072939]
  1   0  119 0.164369 [56.815322 / 0.074740]
  1   0  159 0.163666 [56.848180 / 0.078578]
  1   0  199 0.160619 [56.831759 / 0.076231]
  1   0  239 0.162179 [56.822900 / 0.079168]
  1   0  279 0.162921 [56.835253 / 0.078552]
  1   0  319 0.161459 [56.840700 / 0.077819]
  1   0  359 0.161420 [56.858937 / 0.086066]
  1   0  399 0.159899 [56.852260 / 0.078298]
  1   0  439 0.161614 [56.874328 / 0.082068]
  1   1   39 0.159294 [56.880027 / 0.083450]
  1   1   79 0.159745 [56.902735 / 0.082177]
  1   1  119 0.160116 [56.905451 / 0.081639]
  1   1  159 0.161481 [56.944101 / 0.084168]
  1   1  199 0.159884 [56.954951 / 0.088335]
  1   1  239 0.161466 [56.987962 / 0.083202]
  1   1  279 0.158869 [56.991065 / 0.087472]
  1   1  319 0.157111 [56.981134 / 0.081551]
  1   1  359 0.156973 [56.964187 / 0.078736]
  1   1  399 0.159624 [56.993937 / 0.085773]
  1   1  439 0.159598 [56.999842 / 0.085751]
  1   2   39 0.158199 [57.034974 / 0.082944]
  1   2   79 0.157316 [57.025888 / 0.084022]
  1   2  119 0.156689 [57.036823 / 0.083552]
  1   2  159 0.158389 [57.067877 / 0.084181]
  1   2  199 0.157651 [57.067338 / 0.083040]
  1   2  239 0.155071 [57.052499 / 0.081289]
  1   2  279 0.156261 [57.029923 / 0.082511]
  1   2  319 0.157047 [57.060680 / 0.086322]
  1   2  359 0.157591 [57.052431 / 0.087295]
  1   2  399 0.156004 [57.081903 / 0.078714]
  1   2  439 0.157117 [57.086191 / 0.081303]
  1   3   39 0.153997 [57.083384 / 0.083148]
  1   3   79 0.155616 [57.094345 / 0.080575]
  1   3  119 0.156483 [57.103652 / 0.082409]
  1   3  159 0.156230 [57.128454 / 0.082896]
  1   3  199 0.157474 [57.164458 / 0.084999]
  1   3  239 0.154264 [57.135318 / 0.084487]
  1   3  279 0.156652 [57.145803 / 0.081202]
  1   3  319 0.154786 [57.145047 / 0.082470]
  1   3  359 0.155020 [57.134678 / 0.078746]
  1   3  399 0.155924 [57.153642 / 0.081507]
  1   3  439 0.154895 [57.138100 / 0.087084]
  1   4   39 0.152516 [57.132859 / 0.084438]
  1   4   79 0.154683 [57.125555 / 0.090013]
  1   4  119 0.155031 [57.147806 / 0.084847]
  1   4  159 0.154476 [57.171740 / 0.081930]
  1   4  199 0.154657 [57.181739 / 0.079138]
  1   4  239 0.152987 [57.163989 / 0.082359]
  1   4  279 0.154410 [57.181937 / 0.084430]
  1   4  319 0.154682 [57.199889 / 0.084945]
  1   4  359 0.154568 [57.210183 / 0.084331]
  1   4  399 0.154543 [57.205264 / 0.080123]
  1   4  439 0.154587 [57.206641 / 0.081838]
  2   0   39 0.151478 [57.180312 / 0.042274]
  2   0   79 0.151772 [57.169960 / 0.042110]
  2   0  119 0.153188 [57.182220 / 0.040535]
  2   0  159 0.152377 [57.180134 / 0.039842]
  2   0  199 0.151449 [57.174300 / 0.041391]
  2   0  239 0.150661 [57.164928 / 0.038941]
  2   0  279 0.152534 [57.159827 / 0.042945]
  2   0  319 0.152352 [57.158314 / 0.040217]
  2   0  359 0.152791 [57.153468 / 0.042558]
  2   0  399 0.153554 [57.150536 / 0.041627]
  2   0  439 0.149901 [57.140803 / 0.042935]
  2   1   39 0.151016 [57.129176 / 0.040954]
  2   1   79 0.150232 [57.126892 / 0.040333]
  2   1  119 0.152464 [57.137423 / 0.042637]
  2   1  159 0.152514 [57.134713 / 0.041278]
  2   1  199 0.152462 [57.143463 / 0.042834]
  2   1  239 0.153558 [57.145456 / 0.044924]
  2   1  279 0.150856 [57.142828 / 0.044250]
  2   1  319 0.152314 [57.148450 / 0.041912]
  2   1  359 0.150335 [57.126762 / 0.041975]
  2   1  399 0.151570 [57.122832 / 0.040463]
  2   1  439 0.150530 [57.119388 / 0.041221]
  2   2   39 0.151656 [57.115206 / 0.040387]
  2   2   79 0.150558 [57.112973 / 0.041750]
  2   2  119 0.150802 [57.119703 / 0.040284]
  2   2  159 0.149859 [57.091456 / 0.042428]
  2   2  199 0.150607 [57.092510 / 0.041061]
  2   2  239 0.152943 [57.113934 / 0.047984]
  2   2  279 0.150737 [57.116825 / 0.039709]
  2   2  319 0.151393 [57.116280 / 0.042105]
  2   2  359 0.150678 [57.115993 / 0.042046]
  2   2  399 0.150586 [57.106140 / 0.045202]
  2   2  439 0.152272 [57.115328 / 0.044862]
  2   3   39 0.151045 [57.113651 / 0.041391]
  2   3   79 0.148950 [57.097041 / 0.041777]
  2   3  119 0.153547 [57.117244 / 0.041709]
  2   3  159 0.150326 [57.115031 / 0.042106]
  2   3  199 0.151874 [57.126613 / 0.044219]
  2   3  239 0.150845 [57.116607 / 0.042464]
  2   3  279 0.151645 [57.127262 / 0.045935]
  2   3  319 0.149781 [57.115122 / 0.042920]
  2   3  359 0.151601 [57.100266 / 0.045367]
  2   3  399 0.149649 [57.098841 / 0.041083]
  2   3  439 0.150718 [57.105298 / 0.040214]
  2   4   39 0.151263 [57.108823 / 0.042341]
  2   4   79 0.149434 [57.111014 / 0.042263]
  2   4  119 0.150417 [57.101896 / 0.044875]
  2   4  159 0.150374 [57.093788 / 0.046253]
  2   4  199 0.150310 [57.098090 / 0.044517]
  2   4  239 0.149819 [57.089549 / 0.042091]
  2   4  279 0.150582 [57.096260 / 0.043549]
  2   4  319 0.150466 [57.088736 / 0.045956]
  2   4  359 0.149802 [57.077412 / 0.041694]
  2   4  399 0.149791 [57.069455 / 0.042883]
  2   4  439 0.150604 [57.075073 / 0.041860]
  3   0   39 0.150395 [57.080657 / 0.021006]
  3   0   79 0.148875 [57.073563 / 0.020881]
  3   0  119 0.148288 [57.070319 / 0.020163]
  3   0  159 0.149499 [57.062994 / 0.021657]
  3   0  199 0.149046 [57.059590 / 0.020720]
  3   0  239 0.149454 [57.064326 / 0.020374]
  3   0  279 0.149696 [57.066657 / 0.021033]
  3   0  319 0.150562 [57.063495 / 0.020224]
  3   0  359 0.150856 [57.064583 / 0.022026]
  3   0  399 0.148921 [57.062398 / 0.022029]
  3   0  439 0.150137 [57.064059 / 0.021035]
  3   1   39 0.148794 [57.052559 / 0.021063]
  3   1   79 0.147911 [57.048167 / 0.021524]
  3   1  119 0.148968 [57.050832 / 0.020937]
  3   1  159 0.148856 [57.044392 / 0.022387]
  3   1  199 0.150793 [57.047505 / 0.019793]
  3   1  239 0.149046 [57.046067 / 0.020516]
  3   1  279 0.148719 [57.041148 / 0.020814]
  3   1  319 0.150332 [57.049583 / 0.020127]
  3   1  359 0.150090 [57.050937 / 0.021463]
  3   1  399 0.149163 [57.051117 / 0.022677]
  3   1  439 0.149441 [57.045972 / 0.021012]
  3   2   39 0.148427 [57.039778 / 0.021199]
  3   2   79 0.149630 [57.040761 / 0.022493]
  3   2  119 0.148357 [57.039530 / 0.020800]
  3   2  159 0.147968 [57.032135 / 0.020650]
  3   2  199 0.150403 [57.036472 / 0.021028]
  3   2  239 0.149999 [57.040423 / 0.021029]
  3   2  279 0.148191 [57.037222 / 0.023417]
  3   2  319 0.148140 [57.028661 / 0.022981]
  3   2  359 0.148195 [57.025300 / 0.020417]
  3   2  399 0.149011 [57.026487 / 0.021677]
  3   2  439 0.148573 [57.020716 / 0.021396]
  3   3   39 0.148190 [57.018945 / 0.021050]
  3   3   79 0.147509 [57.016394 / 0.019888]
  3   3  119 0.148583 [57.018744 / 0.020361]
  3   3  159 0.149514 [57.018984 / 0.021803]
  3   3  199 0.148631 [57.018755 / 0.022980]
  3   3  239 0.150098 [57.020979 / 0.023439]
  3   3  279 0.149796 [57.026745 / 0.022086]
  3   3  319 0.149394 [57.026779 / 0.021505]
  3   3  359 0.149830 [57.026119 / 0.023540]
  3   3  399 0.149363 [57.026848 / 0.023527]
  3   3  439 0.148253 [57.026508 / 0.023172]
  3   4   39 0.148161 [57.025276 / 0.020844]
  3   4   79 0.149130 [57.018671 / 0.022674]
  3   4  119 0.148917 [57.018286 / 0.020589]
  3   4  159 0.147978 [57.015231 / 0.023591]
  3   4  199 0.149526 [57.018667 / 0.022078]
  3   4  239 0.147870 [57.015356 / 0.021868]
  3   4  279 0.148127 [57.013453 / 0.020389]
  3   4  319 0.148925 [57.012363 / 0.020925]
  3   4  359 0.148956 [57.010857 / 0.021419]
  3   4  399 0.150177 [57.005419 / 0.024980]
  3   4  439 0.148345 [57.004817 / 0.021524]
  4   0   39 0.147251 [57.004149 / 0.011275]
  4   0   79 0.148559 [57.003997 / 0.011923]
  4   0  119 0.146896 [57.000502 / 0.010298]
  4   0  159 0.148389 [56.998691 / 0.011163]
  4   0  199 0.148030 [56.996703 / 0.010596]
  4   0  239 0.147796 [56.998511 / 0.010269]
  4   0  279 0.150043 [56.995633 / 0.010904]
  4   0  319 0.147618 [56.998496 / 0.010055]
  4   0  359 0.148309 [56.996071 / 0.009907]
  4   0  399 0.150231 [56.996685 / 0.011113]
  4   0  439 0.148124 [56.993011 / 0.010789]
  4   1   39 0.148652 [56.994216 / 0.010122]
  4   1   79 0.148210 [56.992239 / 0.010295]
  4   1  119 0.147163 [56.990061 / 0.010482]
  4   1  159 0.148580 [56.987895 / 0.011169]
  4   1  199 0.148154 [56.988978 / 0.010138]
  4   1  239 0.148145 [56.989685 / 0.010359]
  4   1  279 0.147324 [56.990665 / 0.010798]
  4   1  319 0.148013 [56.991279 / 0.011074]
  4   1  359 0.149277 [56.990353 / 0.011493]
  4   1  399 0.148040 [56.990172 / 0.010170]
  4   1  439 0.148815 [56.988083 / 0.010255]
  4   2   39 0.148716 [56.988440 / 0.010780]
  4   2   79 0.146815 [56.987189 / 0.010646]
  4   2  119 0.150949 [56.990324 / 0.010764]
  4   2  159 0.147407 [56.987539 / 0.010678]
  4   2  199 0.148492 [56.982600 / 0.010651]
  4   2  239 0.147434 [56.984084 / 0.010502]
  4   2  279 0.147821 [56.982502 / 0.010699]
  4   2  319 0.147401 [56.984415 / 0.010649]
  4   2  359 0.147953 [56.979838 / 0.011329]
  4   2  399 0.148749 [56.979455 / 0.010730]
  4   2  439 0.148843 [56.980789 / 0.011079]
  4   3   39 0.148004 [56.978718 / 0.010692]
  4   3   79 0.148577 [56.978882 / 0.010308]
  4   3  119 0.147017 [56.977406 / 0.011325]
  4   3  159 0.147751 [56.975075 / 0.012285]
  4   3  199 0.148942 [56.978878 / 0.010664]
  4   3  239 0.147494 [56.981152 / 0.011366]
  4   3  279 0.148190 [56.979185 / 0.010314]
  4   3  319 0.146837 [56.975810 / 0.011036]
  4   3  359 0.146992 [56.974045 / 0.010909]
  4   3  399 0.147758 [56.968372 / 0.010383]
  4   3  439 0.149041 [56.971154 / 0.011036]
  4   4   39 0.147823 [56.969926 / 0.010844]
  4   4   79 0.148120 [56.971387 / 0.010690]
  4   4  119 0.148133 [56.968362 / 0.010296]
  4   4  159 0.146868 [56.968214 / 0.010774]
  4   4  199 0.147021 [56.967611 / 0.010652]
  4   4  239 0.147915 [56.967480 / 0.010807]
  4   4  279 0.149339 [56.967733 / 0.010724]
  4   4  319 0.147669 [56.970008 / 0.010928]
  4   4  359 0.148078 [56.966506 / 0.011086]
  4   4  399 0.148861 [56.968163 / 0.011276]
  4   4  439 0.147338 [56.965537 / 0.010643]
Sequential (
  (0): Linear (784 -> 400)
  (1): MatrixD (factors=40, categories=10, std=2)
  (2): BatchNorm1d(400, eps=1e-05, momentum=0.1, affine=True)
  (3): CatFactor (factors=40, categories=10, nonclass=True, output_sum=False)
  (4): Linear (400 -> 784)
)
