  0   0   39 0.703916 [26.779630 / 0.357906]
  0   0   79 0.511683 [29.097223 / 0.285831]
  0   0  119 0.404244 [31.907582 / 0.266361]
  0   0  159 0.338004 [34.634030 / 0.257430]
  0   0  199 0.290162 [37.070293 / 0.256309]
  0   0  239 0.254967 [39.163348 / 0.233109]
  0   0  279 0.229984 [40.888062 / 0.251259]
  0   0  319 0.209310 [42.291253 / 0.239936]
  0   0  359 0.195298 [43.483489 / 0.236428]
  0   0  399 0.180463 [44.411070 / 0.211869]
  0   0  439 0.169667 [45.158788 / 0.212417]
  0   1   39 0.157393 [46.169852 / 0.201556]
  0   1   79 0.150308 [46.584566 / 0.220557]
  0   1  119 0.147895 [46.977107 / 0.224113]
  0   1  159 0.140944 [47.262958 / 0.207740]
  0   1  199 0.136732 [47.496005 / 0.206461]
  0   1  239 0.134231 [47.730443 / 0.214051]
  0   1  279 0.133472 [47.934924 / 0.208464]
  0   1  319 0.130637 [48.089830 / 0.213345]
  0   1  359 0.129538 [48.321140 / 0.198005]
  0   1  399 0.125589 [48.408660 / 0.202751]
  0   1  439 0.125559 [48.549763 / 0.220456]
  0   2   39 0.122087 [48.732850 / 0.208582]
  0   2   79 0.118032 [48.787737 / 0.204743]
  0   2  119 0.119439 [48.832803 / 0.199673]
  0   2  159 0.117175 [48.929384 / 0.199301]
  0   2  199 0.115040 [48.968990 / 0.194245]
  0   2  239 0.114782 [48.988084 / 0.203193]
  0   2  279 0.114381 [49.013434 / 0.201208]
  0   2  319 0.112426 [49.064565 / 0.198260]
  0   2  359 0.113315 [49.107380 / 0.206587]
  0   2  399 0.113777 [49.151652 / 0.210583]
  0   2  439 0.111575 [49.159535 / 0.190158]
  0   3   39 0.109028 [49.230259 / 0.186236]
  0   3   79 0.110587 [49.276785 / 0.198022]
  0   3  119 0.108277 [49.270013 / 0.189443]
  0   3  159 0.108143 [49.287255 / 0.190459]
  0   3  199 0.107980 [49.303609 / 0.202381]
  0   3  239 0.108741 [49.355863 / 0.196510]
  0   3  279 0.106557 [49.318159 / 0.192369]
  0   3  319 0.105594 [49.265916 / 0.200154]
  0   3  359 0.105841 [49.301161 / 0.186425]
  0   3  399 0.107006 [49.336905 / 0.200081]
  0   3  439 0.106125 [49.370963 / 0.182023]
  0   4   39 0.104693 [49.375124 / 0.196453]
  0   4   79 0.103587 [49.356627 / 0.204515]
  0   4  119 0.104075 [49.357292 / 0.189937]
  0   4  159 0.105312 [49.404470 / 0.192014]
  0   4  199 0.103202 [49.360631 / 0.205615]
  0   4  239 0.103071 [49.340512 / 0.186924]
  0   4  279 0.102731 [49.353350 / 0.180440]
  0   4  319 0.103104 [49.383207 / 0.188343]
  0   4  359 0.102921 [49.399435 / 0.191346]
  0   4  399 0.101777 [49.369922 / 0.186110]
  0   4  439 0.101506 [49.363443 / 0.201161]
  1   0   39 0.099498 [49.320400 / 0.093083]
  1   0   79 0.099199 [49.307273 / 0.097711]
  1   0  119 0.099506 [49.313944 / 0.092583]
  1   0  159 0.098037 [49.292792 / 0.101650]
  1   0  199 0.098166 [49.267310 / 0.098820]
  1   0  239 0.097994 [49.248168 / 0.096178]
  1   0  279 0.099049 [49.239148 / 0.108117]
  1   0  319 0.098970 [49.245830 / 0.100257]
  1   0  359 0.098237 [49.236957 / 0.101871]
  1   0  399 0.098783 [49.233738 / 0.093702]
  1   0  439 0.098388 [49.231953 / 0.099908]
  1   1   39 0.096606 [49.217348 / 0.105077]
  1   1   79 0.097077 [49.175269 / 0.104796]
  1   1  119 0.096710 [49.164939 / 0.101041]
  1   1  159 0.098096 [49.184490 / 0.109645]
  1   1  199 0.097271 [49.189012 / 0.103403]
  1   1  239 0.096586 [49.175747 / 0.104988]
  1   1  279 0.098511 [49.208731 / 0.105104]
  1   1  319 0.097795 [49.212630 / 0.103036]
  1   1  359 0.096880 [49.205959 / 0.107537]
  1   1  399 0.098075 [49.218795 / 0.100577]
  1   1  439 0.097794 [49.222390 / 0.100208]
  1   2   39 0.095822 [49.198946 / 0.102496]
  1   2   79 0.096296 [49.193991 / 0.112323]
  1   2  119 0.096226 [49.172284 / 0.102137]
  1   2  159 0.096357 [49.166441 / 0.105331]
  1   2  199 0.097735 [49.188520 / 0.108138]
  1   2  239 0.096270 [49.202618 / 0.103874]
  1   2  279 0.094712 [49.169845 / 0.101339]
  1   2  319 0.096898 [49.180574 / 0.110419]
  1   2  359 0.096296 [49.180280 / 0.111040]
  1   2  399 0.096843 [49.192118 / 0.109116]
  1   2  439 0.096660 [49.192339 / 0.107042]
  1   3   39 0.095169 [49.176934 / 0.104851]
  1   3   79 0.096372 [49.193280 / 0.104686]
  1   3  119 0.094805 [49.158366 / 0.102564]
  1   3  159 0.095241 [49.149363 / 0.110010]
  1   3  199 0.094741 [49.112273 / 0.101770]
  1   3  239 0.094987 [49.111245 / 0.103307]
  1   3  279 0.095706 [49.113806 / 0.101053]
  1   3  319 0.096334 [49.136011 / 0.109961]
  1   3  359 0.095370 [49.147420 / 0.103003]
  1   3  399 0.094467 [49.145966 / 0.101134]
  1   3  439 0.096414 [49.141337 / 0.111293]
  1   4   39 0.094389 [49.165636 / 0.098533]
  1   4   79 0.093977 [49.159211 / 0.103283]
  1   4  119 0.094679 [49.153849 / 0.106689]
  1   4  159 0.093814 [49.138906 / 0.103515]
  1   4  199 0.094153 [49.108251 / 0.102412]
  1   4  239 0.095460 [49.115682 / 0.109254]
  1   4  279 0.095242 [49.145838 / 0.110337]
  1   4  319 0.093641 [49.129581 / 0.106248]
  1   4  359 0.093965 [49.120109 / 0.115668]
  1   4  399 0.094534 [49.107608 / 0.103273]
  1   4  439 0.094279 [49.101071 / 0.104529]
  2   0   39 0.092704 [49.103136 / 0.053034]
  2   0   79 0.091684 [49.084494 / 0.052059]
  2   0  119 0.091911 [49.075831 / 0.052765]
  2   0  159 0.090993 [49.055532 / 0.052069]
  2   0  199 0.093013 [49.060798 / 0.053097]
  2   0  239 0.092703 [49.059394 / 0.057910]
  2   0  279 0.092460 [49.057014 / 0.057320]
  2   0  319 0.093112 [49.062385 / 0.056320]
  2   0  359 0.092325 [49.054855 / 0.053566]
  2   0  399 0.093543 [49.061515 / 0.053560]
  2   0  439 0.092355 [49.059686 / 0.057931]
  2   1   39 0.092846 [49.069958 / 0.053854]
  2   1   79 0.091469 [49.060978 / 0.054596]
  2   1  119 0.092888 [49.070890 / 0.053834]
  2   1  159 0.090821 [49.059103 / 0.052881]
  2   1  199 0.091673 [49.043270 / 0.055221]
  2   1  239 0.091246 [49.036848 / 0.059935]
  2   1  279 0.092061 [49.036880 / 0.062216]
  2   1  319 0.091098 [49.024449 / 0.054824]
  2   1  359 0.091314 [49.009384 / 0.059109]
  2   1  399 0.092356 [49.012485 / 0.056671]
  2   1  439 0.091636 [49.010847 / 0.056233]
  2   2   39 0.091544 [49.020211 / 0.059095]
  2   2   79 0.091546 [49.012813 / 0.055366]
  2   2  119 0.089402 [48.986942 / 0.054280]
  2   2  159 0.090711 [48.972214 / 0.050129]
  2   2  199 0.092727 [48.975423 / 0.061626]
  2   2  239 0.091180 [48.980574 / 0.056184]
  2   2  279 0.091674 [48.980478 / 0.056370]
  2   2  319 0.092714 [48.989854 / 0.055502]
  2   2  359 0.091122 [48.993933 / 0.059188]
  2   2  399 0.092490 [48.996760 / 0.056179]
  2   2  439 0.091915 [48.996661 / 0.056350]
  2   3   39 0.089773 [48.993410 / 0.058130]
  2   3   79 0.091406 [48.985886 / 0.061981]
  2   3  119 0.091563 [48.985364 / 0.054087]
  2   3  159 0.091925 [48.995286 / 0.060441]
  2   3  199 0.092187 [49.003275 / 0.057894]
  2   3  239 0.091530 [48.993535 / 0.060550]
  2   3  279 0.091610 [48.994939 / 0.053793]
  2   3  319 0.089295 [48.978906 / 0.058255]
  2   3  359 0.091930 [48.967508 / 0.058624]
  2   3  399 0.091380 [48.965478 / 0.057760]
  2   3  439 0.092426 [48.978017 / 0.056459]
  2   4   39 0.090358 [48.963449 / 0.059490]
  2   4   79 0.091188 [48.969733 / 0.056962]
  2   4  119 0.090287 [48.961418 / 0.055322]
  2   4  159 0.091939 [48.969251 / 0.057778]
  2   4  199 0.089846 [48.958620 / 0.057625]
  2   4  239 0.090927 [48.952089 / 0.052922]
  2   4  279 0.091441 [48.958296 / 0.054144]
  2   4  319 0.091652 [48.960835 / 0.061135]
  2   4  359 0.090927 [48.963084 / 0.052549]
  2   4  399 0.090752 [48.954567 / 0.055371]
  2   4  439 0.090643 [48.951735 / 0.058815]
  3   0   39 0.088669 [48.953193 / 0.028292]
  3   0   79 0.089732 [48.948042 / 0.026313]
  3   0  119 0.088731 [48.938026 / 0.030482]
  3   0  159 0.089479 [48.932580 / 0.028635]
  3   0  199 0.090067 [48.928850 / 0.031416]
  3   0  239 0.090472 [48.933089 / 0.028161]
  3   0  279 0.090095 [48.934413 / 0.032417]
  3   0  319 0.090269 [48.937748 / 0.029398]
  3   0  359 0.090245 [48.940611 / 0.029668]
  3   0  399 0.089248 [48.935982 / 0.029925]
  3   0  439 0.090168 [48.933818 / 0.029163]
  3   1   39 0.089468 [48.931316 / 0.030641]
  3   1   79 0.087977 [48.922651 / 0.029768]
  3   1  119 0.089324 [48.916145 / 0.030225]
  3   1  159 0.089776 [48.919143 / 0.030141]
  3   1  199 0.090718 [48.924016 / 0.028370]
  3   1  239 0.090531 [48.925053 / 0.030697]
  3   1  279 0.088357 [48.921260 / 0.026295]
  3   1  319 0.090787 [48.924459 / 0.029081]
  3   1  359 0.089433 [48.917379 / 0.029623]
  3   1  399 0.089683 [48.919977 / 0.028476]
  3   1  439 0.088402 [48.912513 / 0.029480]
  3   2   39 0.090792 [48.920712 / 0.030177]
  3   2   79 0.090464 [48.926208 / 0.029814]
  3   2  119 0.089030 [48.924184 / 0.028768]
  3   2  159 0.088342 [48.908694 / 0.030487]
  3   2  199 0.088180 [48.903689 / 0.029531]
  3   2  239 0.089491 [48.900567 / 0.030258]
  3   2  279 0.089314 [48.907192 / 0.026543]
  3   2  319 0.089805 [48.899117 / 0.029653]
  3   2  359 0.088334 [48.893447 / 0.030899]
  3   2  399 0.090584 [48.898802 / 0.033092]
  3   2  439 0.089931 [48.899033 / 0.029741]
  3   3   39 0.088738 [48.893111 / 0.029649]
  3   3   79 0.089907 [48.892771 / 0.028902]
  3   3  119 0.090729 [48.904300 / 0.029023]
  3   3  159 0.088590 [48.899832 / 0.033255]
  3   3  199 0.088872 [48.896320 / 0.029211]
  3   3  239 0.089932 [48.897757 / 0.027283]
  3   3  279 0.088524 [48.896729 / 0.028482]
  3   3  319 0.089343 [48.888125 / 0.027449]
  3   3  359 0.088568 [48.886143 / 0.029520]
  3   3  399 0.090210 [48.880313 / 0.030360]
  3   3  439 0.088881 [48.884966 / 0.030292]
  3   4   39 0.089786 [48.877394 / 0.031231]
  3   4   79 0.088808 [48.884828 / 0.030851]
  3   4  119 0.089971 [48.885313 / 0.029284]
  3   4  159 0.089232 [48.881942 / 0.031062]
  3   4  199 0.088850 [48.876436 / 0.028262]
  3   4  239 0.089936 [48.881201 / 0.032756]
  3   4  279 0.088740 [48.880005 / 0.030046]
  3   4  319 0.088792 [48.875060 / 0.030049]
  3   4  359 0.088202 [48.874796 / 0.029558]
  3   4  399 0.089066 [48.869322 / 0.028234]
  3   4  439 0.090065 [48.872905 / 0.029363]
  4   0   39 0.089384 [48.873263 / 0.015972]
  4   0   79 0.090042 [48.877442 / 0.015530]
  4   0  119 0.087994 [48.876488 / 0.014748]
  4   0  159 0.089317 [48.875221 / 0.015082]
  4   0  199 0.087941 [48.874570 / 0.014829]
  4   0  239 0.087345 [48.870326 / 0.015445]
  4   0  279 0.088071 [48.870471 / 0.015949]
  4   0  319 0.089322 [48.869762 / 0.015242]
  4   0  359 0.088812 [48.867503 / 0.015433]
  4   0  399 0.088608 [48.864108 / 0.015320]
  4   0  439 0.087154 [48.860830 / 0.015630]
  4   1   39 0.089162 [48.864362 / 0.014795]
  4   1   79 0.089021 [48.864296 / 0.016082]
  4   1  119 0.087663 [48.864160 / 0.015129]
  4   1  159 0.088586 [48.862642 / 0.015010]
  4   1  199 0.088344 [48.861090 / 0.016587]
  4   1  239 0.088133 [48.861676 / 0.015387]
  4   1  279 0.087387 [48.856435 / 0.015156]
  4   1  319 0.087911 [48.851589 / 0.015371]
  4   1  359 0.088739 [48.851721 / 0.014797]
  4   1  399 0.088855 [48.852271 / 0.015599]
  4   1  439 0.089933 [48.856006 / 0.017640]
  4   2   39 0.087445 [48.852887 / 0.014858]
  4   2   79 0.089654 [48.856709 / 0.016137]
  4   2  119 0.087707 [48.852953 / 0.014839]
  4   2  159 0.088076 [48.852367 / 0.015141]
  4   2  199 0.089481 [48.854546 / 0.015283]
  4   2  239 0.088454 [48.855943 / 0.015560]
  4   2  279 0.088512 [48.852524 / 0.015943]
  4   2  319 0.087971 [48.853678 / 0.015956]
  4   2  359 0.089365 [48.852916 / 0.016134]
  4   2  399 0.087515 [48.850383 / 0.015570]
  4   2  439 0.088401 [48.850477 / 0.015490]
  4   3   39 0.088211 [48.852033 / 0.014136]
  4   3   79 0.088450 [48.850820 / 0.016069]
  4   3  119 0.087888 [48.849119 / 0.016559]
  4   3  159 0.088571 [48.849676 / 0.014594]
  4   3  199 0.088002 [48.849102 / 0.015184]
  4   3  239 0.089060 [48.850900 / 0.016628]
  4   3  279 0.086878 [48.849043 / 0.014491]
  4   3  319 0.088175 [48.845477 / 0.015108]
  4   3  359 0.088662 [48.847209 / 0.015347]
  4   3  399 0.088362 [48.846017 / 0.015820]
  4   3  439 0.088398 [48.843890 / 0.015567]
  4   4   39 0.088166 [48.840930 / 0.014066]
  4   4   79 0.087600 [48.839459 / 0.014822]
  4   4  119 0.088017 [48.840097 / 0.015258]
  4   4  159 0.087487 [48.835390 / 0.014485]
  4   4  199 0.087811 [48.833956 / 0.014758]
  4   4  239 0.088223 [48.833148 / 0.016004]
  4   4  279 0.088200 [48.835825 / 0.014967]
  4   4  319 0.088244 [48.834296 / 0.015161]
  4   4  359 0.088398 [48.835443 / 0.016243]
  4   4  399 0.089307 [48.833472 / 0.015436]
  4   4  439 0.088828 [48.834870 / 0.014977]
Sequential (
  (0): Linear (784 -> 800)
  (1): BatchNorm1d(800, eps=1e-05, momentum=0.1, affine=True)
  (2): CatFactor (factors=80, categories=10, nonclass=True, output_sum=False)
  (3): Linear (800 -> 784)
)
