  0   0   39 0.716572 [17.039034 / 0.316884]
  0   0   79 0.493653 [16.519891 / 0.190982]
  0   0  119 0.402407 [17.555985 / 0.139218]
  0   0  159 0.355591 [18.648784 / 0.123834]
  0   0  199 0.325147 [19.526073 / 0.115692]
  0   0  239 0.304244 [20.130853 / 0.108347]
  0   0  279 0.294022 [20.607643 / 0.103199]
  0   0  319 0.281350 [20.942485 / 0.103231]
  0   0  359 0.278501 [21.199026 / 0.102468]
  0   0  399 0.272313 [21.437241 / 0.105994]
  0   0  439 0.265197 [21.572091 / 0.106333]
  0   1   39 0.260795 [21.767326 / 0.102801]
  0   1   79 0.260394 [21.864014 / 0.103862]
  0   1  119 0.257444 [21.917841 / 0.103171]
  0   1  159 0.254594 [21.953645 / 0.102951]
  0   1  199 0.252149 [21.964187 / 0.101356]
  0   1  239 0.251675 [22.002038 / 0.101657]
  0   1  279 0.249494 [22.026841 / 0.106731]
  0   1  319 0.247205 [22.006600 / 0.102935]
  0   1  359 0.246772 [22.029789 / 0.101161]
  0   1  399 0.249830 [22.068502 / 0.099427]
  0   1  439 0.244739 [22.055661 / 0.105794]
  0   2   39 0.245561 [22.131088 / 0.108253]
  0   2   79 0.244620 [22.130655 / 0.103214]
  0   2  119 0.244698 [22.096989 / 0.105034]
  0   2  159 0.241636 [22.078870 / 0.104624]
  0   2  199 0.243379 [22.138580 / 0.112116]
  0   2  239 0.242268 [22.118708 / 0.103802]
  0   2  279 0.241647 [22.132246 / 0.105172]
  0   2  319 0.239854 [22.106891 / 0.103420]
  0   2  359 0.241871 [22.142470 / 0.102355]
  0   2  399 0.240537 [22.121611 / 0.106540]
  0   2  439 0.238040 [22.097979 / 0.106898]
  0   3   39 0.240421 [22.152796 / 0.107537]
  0   3   79 0.238713 [22.164101 / 0.105363]
  0   3  119 0.239542 [22.165475 / 0.106927]
  0   3  159 0.238013 [22.147109 / 0.105772]
  0   3  199 0.237373 [22.148454 / 0.109241]
  0   3  239 0.237995 [22.143099 / 0.105453]
  0   3  279 0.235372 [22.114969 / 0.105976]
  0   3  319 0.233368 [22.126397 / 0.106625]
  0   3  359 0.237019 [22.122028 / 0.111467]
  0   3  399 0.234981 [22.141999 / 0.105456]
  0   3  439 0.235302 [22.124528 / 0.108520]
  0   4   39 0.234106 [22.181336 / 0.109449]
  0   4   79 0.233509 [22.155839 / 0.109935]
  0   4  119 0.234359 [22.132929 / 0.114409]
  0   4  159 0.234610 [22.149058 / 0.111351]
  0   4  199 0.234790 [22.172451 / 0.113772]
  0   4  239 0.233246 [22.173290 / 0.108291]
  0   4  279 0.232484 [22.149509 / 0.116485]
  0   4  319 0.232814 [22.168843 / 0.113821]
  0   4  359 0.231785 [22.155822 / 0.107439]
  0   4  399 0.233508 [22.174836 / 0.112834]
  0   4  439 0.232019 [22.210601 / 0.112720]
  1   0   39 0.230962 [22.201365 / 0.055350]
  1   0   79 0.231081 [22.186908 / 0.053685]
  1   0  119 0.230705 [22.172874 / 0.054653]
  1   0  159 0.232363 [22.198494 / 0.055382]
  1   0  199 0.232029 [22.190678 / 0.055038]
  1   0  239 0.230282 [22.194839 / 0.057566]
  1   0  279 0.229055 [22.195356 / 0.056835]
  1   0  319 0.232844 [22.219790 / 0.056953]
  1   0  359 0.227901 [22.181075 / 0.057182]
  1   0  399 0.229667 [22.170291 / 0.056693]
  1   0  439 0.228644 [22.167584 / 0.056658]
  1   1   39 0.227638 [22.168228 / 0.057589]
  1   1   79 0.229607 [22.158617 / 0.060875]
  1   1  119 0.229847 [22.183237 / 0.056684]
  1   1  159 0.229796 [22.191541 / 0.057696]
  1   1  199 0.232157 [22.199578 / 0.060950]
  1   1  239 0.230787 [22.221238 / 0.060396]
  1   1  279 0.229743 [22.224354 / 0.061608]
  1   1  319 0.228938 [22.224240 / 0.061355]
  1   1  359 0.226881 [22.194616 / 0.058935]
  1   1  399 0.230163 [22.208917 / 0.060367]
  1   1  439 0.230540 [22.217397 / 0.060973]
  1   2   39 0.228209 [22.224413 / 0.059394]
  1   2   79 0.231104 [22.230150 / 0.058773]
  1   2  119 0.228022 [22.221982 / 0.060558]
  1   2  159 0.228423 [22.212989 / 0.061084]
  1   2  199 0.227902 [22.197759 / 0.060962]
  1   2  239 0.228782 [22.207710 / 0.059706]
  1   2  279 0.228295 [22.218367 / 0.061814]
  1   2  319 0.228872 [22.204715 / 0.060365]
  1   2  359 0.229521 [22.228498 / 0.063835]
  1   2  399 0.229439 [22.232815 / 0.062741]
  1   2  439 0.228931 [22.225585 / 0.063111]
  1   3   39 0.228642 [22.232762 / 0.062913]
  1   3   79 0.228505 [22.249180 / 0.063049]
  1   3  119 0.227554 [22.243268 / 0.062581]
  1   3  159 0.227172 [22.217773 / 0.063722]
  1   3  199 0.227108 [22.201336 / 0.064662]
  1   3  239 0.227297 [22.208012 / 0.063600]
  1   3  279 0.228476 [22.218209 / 0.063038]
  1   3  319 0.228110 [22.226909 / 0.065449]
  1   3  359 0.229530 [22.226958 / 0.064493]
  1   3  399 0.227798 [22.219308 / 0.063406]
  1   3  439 0.227736 [22.220557 / 0.064203]
  1   4   39 0.227555 [22.241209 / 0.065225]
  1   4   79 0.228391 [22.229665 / 0.064285]
  1   4  119 0.227028 [22.243653 / 0.068009]
  1   4  159 0.225705 [22.212352 / 0.065686]
  1   4  199 0.226896 [22.228570 / 0.065491]
  1   4  239 0.226567 [22.217460 / 0.067614]
  1   4  279 0.228522 [22.228890 / 0.065228]
  1   4  319 0.229940 [22.262641 / 0.066715]
  1   4  359 0.225193 [22.258549 / 0.064031]
  1   4  399 0.227176 [22.245510 / 0.066028]
  1   4  439 0.228583 [22.248110 / 0.067827]
  2   0   39 0.227407 [22.237217 / 0.033348]
  2   0   79 0.222326 [22.227624 / 0.032416]
  2   0  119 0.229352 [22.227055 / 0.033046]
  2   0  159 0.227851 [22.235345 / 0.033104]
  2   0  199 0.228362 [22.245275 / 0.034894]
  2   0  239 0.226061 [22.245644 / 0.034306]
  2   0  279 0.226480 [22.250744 / 0.034005]
  2   0  319 0.227174 [22.249796 / 0.034322]
  2   0  359 0.225396 [22.246764 / 0.034433]
  2   0  399 0.226537 [22.242856 / 0.032480]
  2   0  439 0.224630 [22.230201 / 0.033455]
  2   1   39 0.225809 [22.235365 / 0.035020]
  2   1   79 0.228412 [22.238573 / 0.034378]
  2   1  119 0.226781 [22.244520 / 0.034307]
  2   1  159 0.226959 [22.246831 / 0.035750]
  2   1  199 0.224731 [22.243899 / 0.033314]
  2   1  239 0.223605 [22.242937 / 0.033440]
  2   1  279 0.226683 [22.243339 / 0.035587]
  2   1  319 0.222716 [22.224675 / 0.035808]
  2   1  359 0.227713 [22.232308 / 0.034742]
  2   1  399 0.227846 [22.246665 / 0.035378]
  2   1  439 0.227627 [22.240323 / 0.037002]
  2   2   39 0.226787 [22.251855 / 0.036056]
  2   2   79 0.225149 [22.245673 / 0.036020]
  2   2  119 0.227237 [22.250049 / 0.035545]
  2   2  159 0.227731 [22.247818 / 0.035769]
  2   2  199 0.225691 [22.250498 / 0.034380]
  2   2  239 0.224539 [22.246610 / 0.039796]
  2   2  279 0.227018 [22.251250 / 0.035526]
  2   2  319 0.225534 [22.242001 / 0.035698]
  2   2  359 0.224924 [22.244103 / 0.037334]
  2   2  399 0.226727 [22.255512 / 0.035678]
  2   2  439 0.225474 [22.255509 / 0.038310]
  2   3   39 0.225943 [22.251243 / 0.035493]
  2   3   79 0.225966 [22.253543 / 0.035587]
  2   3  119 0.224652 [22.241596 / 0.037673]
  2   3  159 0.227900 [22.248278 / 0.036484]
  2   3  199 0.224387 [22.247097 / 0.036073]
  2   3  239 0.227026 [22.248254 / 0.036931]
  2   3  279 0.226315 [22.259720 / 0.036607]
  2   3  319 0.225851 [22.254041 / 0.038686]
  2   3  359 0.223508 [22.243343 / 0.035954]
  2   3  399 0.224202 [22.239729 / 0.035685]
  2   3  439 0.226448 [22.246084 / 0.037534]
  2   4   39 0.225445 [22.267652 / 0.036053]
  2   4   79 0.224528 [22.259226 / 0.037297]
  2   4  119 0.226251 [22.254592 / 0.036624]
  2   4  159 0.226737 [22.263073 / 0.036524]
  2   4  199 0.226007 [22.255727 / 0.038316]
  2   4  239 0.224258 [22.251718 / 0.037001]
  2   4  279 0.225068 [22.253769 / 0.037739]
  2   4  319 0.225406 [22.256373 / 0.037748]
  2   4  359 0.223871 [22.240130 / 0.037182]
  2   4  399 0.225492 [22.237685 / 0.036340]
  2   4  439 0.224513 [22.233386 / 0.038059]
  3   0   39 0.222899 [22.252427 / 0.018328]
  3   0   79 0.226540 [22.255124 / 0.017752]
  3   0  119 0.226054 [22.261978 / 0.018654]
  3   0  159 0.224658 [22.254013 / 0.018599]
  3   0  199 0.224335 [22.255337 / 0.019410]
  3   0  239 0.226748 [22.253037 / 0.018939]
  3   0  279 0.226005 [22.257104 / 0.018778]
  3   0  319 0.224971 [22.260887 / 0.019421]
  3   0  359 0.224590 [22.260796 / 0.018613]
  3   0  399 0.224888 [22.257298 / 0.018578]
  3   0  439 0.225012 [22.257157 / 0.020685]
  3   1   39 0.224266 [22.249163 / 0.018605]
  3   1   79 0.226040 [22.249334 / 0.019376]
  3   1  119 0.225193 [22.254189 / 0.018585]
  3   1  159 0.227301 [22.263139 / 0.020277]
  3   1  199 0.224967 [22.264968 / 0.019403]
  3   1  239 0.224740 [22.263230 / 0.018888]
  3   1  279 0.223991 [22.258070 / 0.018517]
  3   1  319 0.224237 [22.251010 / 0.019454]
  3   1  359 0.225591 [22.251791 / 0.018625]
  3   1  399 0.225212 [22.256380 / 0.018639]
  3   1  439 0.223858 [22.251967 / 0.020676]
  3   2   39 0.224277 [22.255726 / 0.019107]
  3   2   79 0.224127 [22.251574 / 0.019416]
  3   2  119 0.224593 [22.251527 / 0.018599]
  3   2  159 0.225258 [22.250526 / 0.020154]
  3   2  199 0.225338 [22.254442 / 0.021325]
  3   2  239 0.225049 [22.262695 / 0.019137]
  3   2  279 0.222611 [22.253364 / 0.018472]
  3   2  319 0.225280 [22.246719 / 0.019579]
  3   2  359 0.227146 [22.255535 / 0.019484]
  3   2  399 0.227608 [22.263575 / 0.021573]
  3   2  439 0.222752 [22.256338 / 0.019097]
  3   3   39 0.226708 [22.266616 / 0.019440]
  3   3   79 0.224376 [22.268364 / 0.019579]
  3   3  119 0.223168 [22.263795 / 0.019963]
  3   3  159 0.222705 [22.250197 / 0.019883]
  3   3  199 0.224722 [22.247572 / 0.019867]
  3   3  239 0.226216 [22.250349 / 0.019663]
  3   3  279 0.225680 [22.262347 / 0.019287]
  3   3  319 0.225768 [22.266240 / 0.020619]
  3   3  359 0.223793 [22.262706 / 0.020132]
  3   3  399 0.224408 [22.255516 / 0.019718]
  3   3  439 0.224469 [22.257566 / 0.019560]
  3   4   39 0.222331 [22.255725 / 0.019146]
  3   4   79 0.227099 [22.265929 / 0.020525]
  3   4  119 0.224711 [22.268940 / 0.020887]
  3   4  159 0.224643 [22.268971 / 0.019164]
  3   4  199 0.224093 [22.266898 / 0.019463]
  3   4  239 0.224950 [22.258221 / 0.019577]
  3   4  279 0.223731 [22.260766 / 0.019662]
  3   4  319 0.225094 [22.258871 / 0.019645]
  3   4  359 0.223369 [22.254232 / 0.019580]
  3   4  399 0.225054 [22.255091 / 0.019931]
  3   4  439 0.226401 [22.257692 / 0.021126]
  4   0   39 0.223658 [22.257124 / 0.009523]
  4   0   79 0.224408 [22.258486 / 0.009693]
  4   0  119 0.225982 [22.256883 / 0.009657]
  4   0  159 0.223741 [22.256706 / 0.009563]
  4   0  199 0.225352 [22.258334 / 0.010436]
  4   0  239 0.224849 [22.257755 / 0.009871]
  4   0  279 0.224118 [22.260525 / 0.009772]
  4   0  319 0.224696 [22.262108 / 0.009467]
  4   0  359 0.226126 [22.263159 / 0.010084]
  4   0  399 0.222999 [22.259305 / 0.010011]
  4   0  439 0.224083 [22.260577 / 0.010172]
  4   1   39 0.223033 [22.257054 / 0.009301]
  4   1   79 0.226383 [22.259710 / 0.009983]
  4   1  119 0.223205 [22.258745 / 0.010152]
  4   1  159 0.225411 [22.258631 / 0.009599]
  4   1  199 0.223712 [22.262239 / 0.009777]
  4   1  239 0.227432 [22.265041 / 0.009945]
  4   1  279 0.224037 [22.266157 / 0.009815]
  4   1  319 0.225116 [22.268108 / 0.010295]
  4   1  359 0.224542 [22.267308 / 0.009930]
  4   1  399 0.223618 [22.268649 / 0.009489]
  4   1  439 0.225706 [22.269967 / 0.009446]
  4   2   39 0.224659 [22.261611 / 0.009884]
  4   2   79 0.223791 [22.262543 / 0.009684]
  4   2  119 0.222523 [22.262063 / 0.009913]
  4   2  159 0.225049 [22.261490 / 0.009759]
  4   2  199 0.223936 [22.260785 / 0.009807]
  4   2  239 0.223508 [22.260971 / 0.010400]
  4   2  279 0.224998 [22.262797 / 0.009777]
  4   2  319 0.226341 [22.263484 / 0.010326]
  4   2  359 0.224735 [22.263190 / 0.010151]
  4   2  399 0.223187 [22.261543 / 0.010019]
  4   2  439 0.224782 [22.259339 / 0.010808]
  4   3   39 0.225947 [22.261920 / 0.010424]
  4   3   79 0.224997 [22.265024 / 0.010281]
  4   3  119 0.225814 [22.267399 / 0.010702]
  4   3  159 0.222335 [22.265046 / 0.010135]
  4   3  199 0.221194 [22.260801 / 0.010077]
  4   3  239 0.224235 [22.259927 / 0.009918]
  4   3  279 0.223931 [22.259951 / 0.009591]
  4   3  319 0.223511 [22.258940 / 0.011203]
  4   3  359 0.227181 [22.258470 / 0.010015]
  4   3  399 0.223290 [22.257775 / 0.010481]
  4   3  439 0.225448 [22.260132 / 0.009829]
  4   4   39 0.225054 [22.264901 / 0.010599]
  4   4   79 0.223846 [22.265299 / 0.010089]
  4   4  119 0.225176 [22.264624 / 0.011185]
  4   4  159 0.224683 [22.264562 / 0.010637]
  4   4  199 0.222862 [22.261506 / 0.010205]
  4   4  239 0.223343 [22.262973 / 0.010683]
  4   4  279 0.223225 [22.260951 / 0.010066]
  4   4  319 0.226067 [22.264197 / 0.010094]
  4   4  359 0.224786 [22.265546 / 0.010115]
  4   4  399 0.223821 [22.261019 / 0.010367]
  4   4  439 0.223711 [22.264007 / 0.009723]
Sequential (
  (0): Linear (784 -> 360)
  (1): CatFactor (factors=40, categories=9, nonclass=True, output_sum=False)
  (2): Linear (360 -> 784)
)
