  0   0   39 0.812007 [14.472767 / 0.149768]
  0   0   79 0.526897 [12.677517 / 0.125356]
  0   0  119 0.382621 [11.672775 / 0.091549]
  0   0  159 0.314367 [11.096859 / 0.069858]
  0   0  199 0.272215 [10.782396 / 0.075764]
  0   0  239 0.235530 [10.656867 / 0.071215]
  0   0  279 0.212919 [10.640282 / 0.063767]
  0   0  319 0.195768 [10.624291 / 0.061831]
  0   0  359 0.179030 [10.747823 / 0.062280]
  0   0  399 0.165397 [10.860815 / 0.063642]
  0   0  439 0.154224 [10.976613 / 0.065341]
  0   1   39 0.139205 [11.141242 / 0.049959]
  0   1   79 0.133231 [11.182137 / 0.041146]
  0   1  119 0.129584 [11.170682 / 0.038272]
  0   1  159 0.127440 [11.206426 / 0.074716]
  0   1  199 0.122269 [11.417937 / 0.073829]
  0   1  239 0.116203 [11.637678 / 0.069057]
  0   1  279 0.109988 [11.752714 / 0.050025]
  0   1  319 0.108229 [11.808913 / 0.057088]
  0   1  359 0.105406 [11.916394 / 0.057585]
  0   1  399 0.103113 [12.011583 / 0.055423]
  0   1  439 0.101045 [12.066960 / 0.053126]
  0   2   39 0.096324 [12.248633 / 0.057035]
  0   2   79 0.094232 [12.289917 / 0.050075]
  0   2  119 0.094163 [12.304360 / 0.048851]
  0   2  159 0.092746 [12.336831 / 0.050333]
  0   2  199 0.092230 [12.393388 / 0.048042]
  0   2  239 0.090212 [12.420748 / 0.046507]
  0   2  279 0.090227 [12.427381 / 0.043561]
  0   2  319 0.089815 [12.420293 / 0.042820]
  0   2  359 0.090958 [12.422235 / 0.041381]
  0   2  399 0.088970 [12.411221 / 0.041388]
  0   2  439 0.090065 [12.420772 / 0.039625]
  0   3   39 0.088882 [12.406355 / 0.038171]
  0   3   79 0.089297 [12.411399 / 0.039440]
  0   3  119 0.088511 [12.400993 / 0.040190]
  0   3  159 0.089487 [12.393972 / 0.037227]
  0   3  199 0.089004 [12.395043 / 0.040755]
  0   3  239 0.088904 [12.388366 / 0.038677]
  0   3  279 0.088350 [12.384159 / 0.037219]
  0   3  319 0.088749 [12.385089 / 0.038572]
  0   3  359 0.088625 [12.383074 / 0.039025]
  0   3  399 0.089271 [12.390942 / 0.040048]
  0   3  439 0.089475 [12.384393 / 0.039928]
  0   4   39 0.088250 [12.375139 / 0.039509]
  0   4   79 0.088279 [12.382706 / 0.039791]
  0   4  119 0.088761 [12.370955 / 0.039741]
  0   4  159 0.088797 [12.371489 / 0.039504]
  0   4  199 0.088992 [12.369844 / 0.037529]
  0   4  239 0.088701 [12.366772 / 0.039586]
  0   4  279 0.088299 [12.358929 / 0.039721]
  0   4  319 0.087891 [12.364188 / 0.040108]
  0   4  359 0.089046 [12.359523 / 0.038440]
  0   4  399 0.088961 [12.353093 / 0.040223]
  0   4  439 0.088735 [12.354787 / 0.038598]
  1   0   39 0.087656 [12.381633 / 0.019018]
  1   0   79 0.086745 [12.379090 / 0.020107]
  1   0  119 0.086357 [12.376698 / 0.019409]
  1   0  159 0.086558 [12.371821 / 0.019291]
  1   0  199 0.087072 [12.380377 / 0.023025]
  1   0  239 0.085868 [12.379693 / 0.025765]
  1   0  279 0.086844 [12.402851 / 0.025410]
  1   0  319 0.087226 [12.421599 / 0.025456]
  1   0  359 0.086141 [12.425783 / 0.021541]
  1   0  399 0.086702 [12.427718 / 0.021738]
  1   0  439 0.085825 [12.422428 / 0.021654]
  1   1   39 0.086041 [12.425653 / 0.021914]
  1   1   79 0.085719 [12.423187 / 0.021846]
  1   1  119 0.085835 [12.424105 / 0.020783]
  1   1  159 0.084961 [12.425900 / 0.021429]
  1   1  199 0.086367 [12.423601 / 0.021306]
  1   1  239 0.087571 [12.429639 / 0.022327]
  1   1  279 0.085577 [12.421704 / 0.022882]
  1   1  319 0.085803 [12.425382 / 0.021117]
  1   1  359 0.086213 [12.421291 / 0.023107]
  1   1  399 0.085541 [12.412941 / 0.021871]
  1   1  439 0.086019 [12.412963 / 0.021767]
  1   2   39 0.085023 [12.406864 / 0.021161]
  1   2   79 0.085994 [12.418529 / 0.022072]
  1   2  119 0.085460 [12.412996 / 0.021938]
  1   2  159 0.086431 [12.416302 / 0.023741]
  1   2  199 0.085875 [12.411942 / 0.021980]
  1   2  239 0.087059 [12.411576 / 0.023198]
  1   2  279 0.085706 [12.410473 / 0.022542]
  1   2  319 0.086730 [12.412667 / 0.023180]
  1   2  359 0.086865 [12.417883 / 0.022912]
  1   2  399 0.085543 [12.407140 / 0.022438]
  1   2  439 0.086090 [12.411940 / 0.022166]
  1   3   39 0.085588 [12.399021 / 0.022725]
  1   3   79 0.086919 [12.413820 / 0.023119]
  1   3  119 0.086958 [12.415097 / 0.022471]
  1   3  159 0.085337 [12.411071 / 0.021139]
  1   3  199 0.086098 [12.407395 / 0.023781]
  1   3  239 0.085945 [12.405817 / 0.022640]
  1   3  279 0.085800 [12.413119 / 0.022959]
  1   3  319 0.086111 [12.414590 / 0.023692]
  1   3  359 0.085914 [12.405298 / 0.024293]
  1   3  399 0.085519 [12.395143 / 0.023859]
  1   3  439 0.085141 [12.400507 / 0.024158]
  1   4   39 0.086017 [12.408879 / 0.024486]
  1   4   79 0.086426 [12.404589 / 0.024217]
  1   4  119 0.085481 [12.400835 / 0.023262]
  1   4  159 0.085165 [12.399865 / 0.023683]
  1   4  199 0.086437 [12.400935 / 0.022142]
  1   4  239 0.085995 [12.407357 / 0.023911]
  1   4  279 0.086759 [12.405541 / 0.023664]
  1   4  319 0.086492 [12.405407 / 0.023795]
  1   4  359 0.084947 [12.390747 / 0.025484]
  1   4  399 0.085919 [12.398254 / 0.022507]
  1   4  439 0.085910 [12.406102 / 0.023680]
  2   0   39 0.085724 [12.413409 / 0.011877]
  2   0   79 0.084820 [12.412200 / 0.011450]
  2   0  119 0.084701 [12.413682 / 0.011823]
  2   0  159 0.085306 [12.415490 / 0.011401]
  2   0  199 0.085019 [12.411604 / 0.011363]
  2   0  239 0.086063 [12.417593 / 0.012794]
  2   0  279 0.085729 [12.416162 / 0.011949]
  2   0  319 0.084386 [12.410133 / 0.011856]
  2   0  359 0.083799 [12.409575 / 0.012213]
  2   0  399 0.084746 [12.412836 / 0.012245]
  2   0  439 0.084918 [12.414335 / 0.012441]
  2   1   39 0.084101 [12.410274 / 0.012963]
  2   1   79 0.085444 [12.413320 / 0.012128]
  2   1  119 0.085376 [12.411952 / 0.012530]
  2   1  159 0.084460 [12.410699 / 0.012011]
  2   1  199 0.085375 [12.411713 / 0.012497]
  2   1  239 0.085208 [12.412888 / 0.013339]
  2   1  279 0.085817 [12.411836 / 0.013284]
  2   1  319 0.084745 [12.411632 / 0.012610]
  2   1  359 0.084551 [12.409932 / 0.012828]
  2   1  399 0.086014 [12.411324 / 0.013209]
  2   1  439 0.084666 [12.405685 / 0.012947]
  2   2   39 0.084315 [12.406896 / 0.013347]
  2   2   79 0.085056 [12.407114 / 0.012837]
  2   2  119 0.085976 [12.409172 / 0.013623]
  2   2  159 0.084258 [12.406569 / 0.013226]
  2   2  199 0.085514 [12.410241 / 0.013076]
  2   2  239 0.085261 [12.408052 / 0.012937]
  2   2  279 0.085126 [12.406910 / 0.012733]
  2   2  319 0.084462 [12.401021 / 0.013102]
  2   2  359 0.085870 [12.407696 / 0.012971]
  2   2  399 0.084757 [12.406834 / 0.012935]
  2   2  439 0.085051 [12.405147 / 0.013088]
  2   3   39 0.085132 [12.409013 / 0.013631]
  2   3   79 0.085074 [12.408882 / 0.013087]
  2   3  119 0.085179 [12.405737 / 0.013428]
  2   3  159 0.084813 [12.402252 / 0.013699]
  2   3  199 0.084532 [12.402820 / 0.013806]
  2   3  239 0.085732 [12.402405 / 0.013974]
  2   3  279 0.084359 [12.402965 / 0.012774]
  2   3  319 0.084711 [12.402987 / 0.012981]
  2   3  359 0.085322 [12.405897 / 0.013381]
  2   3  399 0.085607 [12.404014 / 0.013228]
  2   3  439 0.085238 [12.401580 / 0.013937]
  2   4   39 0.084231 [12.399029 / 0.012819]
  2   4   79 0.085126 [12.403198 / 0.013345]
  2   4  119 0.085420 [12.400504 / 0.012902]
  2   4  159 0.085159 [12.404529 / 0.013069]
  2   4  199 0.084300 [12.398316 / 0.013240]
  2   4  239 0.086036 [12.403543 / 0.013135]
  2   4  279 0.085608 [12.402921 / 0.014021]
  2   4  319 0.085033 [12.403484 / 0.013230]
  2   4  359 0.084534 [12.401237 / 0.014645]
  2   4  399 0.084922 [12.398587 / 0.014214]
  2   4  439 0.085299 [12.401570 / 0.013628]
  3   0   39 0.084339 [12.403669 / 0.006693]
  3   0   79 0.084096 [12.405971 / 0.006958]
  3   0  119 0.084447 [12.409880 / 0.007019]
  3   0  159 0.084677 [12.410226 / 0.006654]
  3   0  199 0.084739 [12.410501 / 0.006778]
  3   0  239 0.084355 [12.410684 / 0.006873]
  3   0  279 0.085133 [12.410864 / 0.006613]
  3   0  319 0.084238 [12.408792 / 0.006754]
  3   0  359 0.084413 [12.408994 / 0.006955]
  3   0  399 0.085041 [12.411283 / 0.007261]
  3   0  439 0.084303 [12.410263 / 0.006876]
  3   1   39 0.084082 [12.410281 / 0.006931]
  3   1   79 0.084146 [12.408405 / 0.006957]
  3   1  119 0.084728 [12.410018 / 0.007105]
  3   1  159 0.084949 [12.411603 / 0.007414]
  3   1  199 0.083922 [12.406478 / 0.007205]
  3   1  239 0.084774 [12.409243 / 0.006844]
  3   1  279 0.085507 [12.413061 / 0.007022]
  3   1  319 0.083897 [12.408583 / 0.006986]
  3   1  359 0.084926 [12.408459 / 0.007390]
  3   1  399 0.084958 [12.408089 / 0.007045]
  3   1  439 0.084904 [12.408458 / 0.006953]
  3   2   39 0.084505 [12.410414 / 0.006998]
  3   2   79 0.084924 [12.411138 / 0.007031]
  3   2  119 0.085137 [12.411601 / 0.007260]
  3   2  159 0.084812 [12.410639 / 0.006857]
  3   2  199 0.084595 [12.409477 / 0.007563]
  3   2  239 0.084458 [12.408977 / 0.007256]
  3   2  279 0.084556 [12.408636 / 0.007631]
  3   2  319 0.084168 [12.404347 / 0.007230]
  3   2  359 0.084657 [12.404272 / 0.007751]
  3   2  399 0.084491 [12.404997 / 0.007274]
  3   2  439 0.084381 [12.404196 / 0.007408]
  3   3   39 0.084660 [12.402894 / 0.007628]
  3   3   79 0.085287 [12.406952 / 0.007457]
  3   3  119 0.083712 [12.402193 / 0.007700]
  3   3  159 0.083946 [12.403885 / 0.007536]
  3   3  199 0.085231 [12.408797 / 0.007400]
  3   3  239 0.085111 [12.408111 / 0.007604]
  3   3  279 0.084797 [12.406689 / 0.007301]
  3   3  319 0.084794 [12.405766 / 0.007629]
  3   3  359 0.084199 [12.404396 / 0.007619]
  3   3  399 0.084728 [12.403830 / 0.007613]
  3   3  439 0.084036 [12.404130 / 0.007693]
  3   4   39 0.083782 [12.403240 / 0.007409]
  3   4   79 0.084677 [12.403905 / 0.007668]
  3   4  119 0.084389 [12.404817 / 0.007216]
  3   4  159 0.084429 [12.405334 / 0.007456]
  3   4  199 0.084306 [12.402799 / 0.007592]
  3   4  239 0.085978 [12.406774 / 0.007625]
  3   4  279 0.084444 [12.407928 / 0.007517]
  3   4  319 0.084580 [12.404162 / 0.007464]
  3   4  359 0.084483 [12.403535 / 0.008081]
  3   4  399 0.084931 [12.404145 / 0.007576]
  3   4  439 0.084232 [12.402551 / 0.007123]
  4   0   39 0.085139 [12.408910 / 0.003959]
  4   0   79 0.084758 [12.410585 / 0.003774]
  4   0  119 0.083599 [12.410646 / 0.003759]
  4   0  159 0.084637 [12.410132 / 0.003997]
  4   0  199 0.083718 [12.409818 / 0.003888]
  4   0  239 0.084212 [12.409793 / 0.003745]
  4   0  279 0.084318 [12.408346 / 0.003725]
  4   0  319 0.083912 [12.407615 / 0.004037]
  4   0  359 0.083797 [12.407052 / 0.003888]
  4   0  399 0.084545 [12.407613 / 0.003965]
  4   0  439 0.084407 [12.407894 / 0.003769]
  4   1   39 0.084752 [12.411466 / 0.004032]
  4   1   79 0.083306 [12.409488 / 0.003838]
  4   1  119 0.084380 [12.411066 / 0.003983]
  4   1  159 0.084329 [12.409865 / 0.003955]
  4   1  199 0.083871 [12.408945 / 0.004263]
  4   1  239 0.084377 [12.407580 / 0.003965]
  4   1  279 0.084664 [12.408770 / 0.003968]
  4   1  319 0.084511 [12.409939 / 0.004045]
  4   1  359 0.084424 [12.410072 / 0.003956]
  4   1  399 0.084375 [12.409434 / 0.004170]
  4   1  439 0.084130 [12.409255 / 0.004033]
  4   2   39 0.083928 [12.408737 / 0.003838]
  4   2   79 0.084197 [12.409670 / 0.004398]
  4   2  119 0.085312 [12.412595 / 0.004082]
  4   2  159 0.084208 [12.410935 / 0.004074]
  4   2  199 0.084215 [12.409839 / 0.003961]
  4   2  239 0.084293 [12.409848 / 0.004033]
  4   2  279 0.084366 [12.410306 / 0.003973]
  4   2  319 0.084300 [12.410407 / 0.004010]
  4   2  359 0.084215 [12.408386 / 0.004168]
  4   2  399 0.083689 [12.407083 / 0.004406]
  4   2  439 0.084446 [12.407239 / 0.004189]
  4   3   39 0.083875 [12.405867 / 0.004046]
  4   3   79 0.084531 [12.408937 / 0.004080]
  4   3  119 0.085078 [12.410175 / 0.004435]
  4   3  159 0.084278 [12.410295 / 0.004297]
  4   3  199 0.085051 [12.410368 / 0.004271]
  4   3  239 0.083641 [12.408126 / 0.003984]
  4   3  279 0.084373 [12.408684 / 0.003963]
  4   3  319 0.084676 [12.409589 / 0.004032]
  4   3  359 0.083590 [12.406615 / 0.004144]
  4   3  399 0.084207 [12.405632 / 0.004208]
  4   3  439 0.083428 [12.405227 / 0.004381]
  4   4   39 0.084205 [12.406844 / 0.003969]
  4   4   79 0.083648 [12.405275 / 0.004153]
  4   4  119 0.084386 [12.406340 / 0.004049]
  4   4  159 0.084092 [12.405988 / 0.004014]
  4   4  199 0.084533 [12.406856 / 0.004024]
  4   4  239 0.083819 [12.408050 / 0.004292]
  4   4  279 0.085066 [12.409282 / 0.004212]
  4   4  319 0.084722 [12.408633 / 0.004245]
  4   4  359 0.083541 [12.408763 / 0.004089]
  4   4  399 0.084366 [12.408523 / 0.003877]
  4   4  439 0.084386 [12.407989 / 0.004220]
Sequential (
  (0): Linear (784 -> 80)
  (1): ReLU ()
  (2): Linear (80 -> 784)
)
