Sequential (
  (0): Linear (784 -> 100)
  (1): ReLU ()
  (2): Linear (100 -> 784)
)
Namespace(batch_size=128, cnnc=10, cnnf=40, force_name=True, mode='mlpae_simple', name='mlpae_simple8', nc=10, nf=100, optimizer='Adam', weight_decay=0.0001)
{'lr': 0.001, 'wd': 0.0001}
  0   0   39 0.742141 [16.543479 / 0.136419]
  0   0   79 0.478801 [15.716351 / 0.113460]
  0   0  119 0.347720 [15.110497 / 0.096160]
  0   0  159 0.278493 [14.707794 / 0.087153]
  0   0  199 0.230573 [14.496769 / 0.087367]
  0   0  239 0.197113 [14.349270 / 0.061841]
  0   0  279 0.180665 [14.181582 / 0.052903]
  0   0  319 0.166213 [14.027486 / 0.047811]
  0   0  359 0.157515 [13.911830 / 0.061982]
  0   0  399 0.147568 [13.867911 / 0.051848]
  0   0  439 0.141400 [13.803568 / 0.049475]
  0   1   39 0.131032 [13.770094 / 0.061053]
  0   1   79 0.125716 [13.768691 / 0.048974]
  0   1  119 0.122488 [13.751535 / 0.047629]
  0   1  159 0.118502 [13.807196 / 0.075641]
  0   1  199 0.112943 [13.939747 / 0.065098]
  0   1  239 0.109105 [13.954543 / 0.043459]
  0   1  279 0.106089 [13.950626 / 0.045850]
  0   1  319 0.103942 [13.969244 / 0.074866]
  0   1  359 0.100453 [14.076923 / 0.061257]
  0   1  399 0.098069 [14.157747 / 0.048382]
  0   1  439 0.095341 [14.149022 / 0.057006]
  0   2   39 0.092270 [14.261914 / 0.056974]
  0   2   79 0.089863 [14.310933 / 0.050636]
  0   2  119 0.088150 [14.358047 / 0.085115]
  0   2  159 0.085340 [14.546579 / 0.066107]
  0   2  199 0.084352 [14.598652 / 0.047651]
  0   2  239 0.082225 [14.587343 / 0.042203]
  0   2  279 0.081392 [14.589737 / 0.041855]
  0   2  319 0.081760 [14.572342 / 0.039902]
  0   2  359 0.080856 [14.566753 / 0.041139]
  0   2  399 0.080086 [14.587532 / 0.041646]
  0   2  439 0.078582 [14.596962 / 0.038509]
  0   3   39 0.078663 [14.585417 / 0.036998]
  0   3   79 0.078131 [14.571070 / 0.035430]
  0   3  119 0.079195 [14.562994 / 0.042548]
  0   3  159 0.077404 [14.600284 / 0.054814]
  0   3  199 0.077134 [14.657793 / 0.053746]
  0   3  239 0.076325 [14.681065 / 0.048926]
  0   3  279 0.074912 [14.712548 / 0.043121]
  0   3  319 0.074188 [14.700407 / 0.041736]
  0   3  359 0.074878 [14.703780 / 0.045305]
  0   3  399 0.074291 [14.724027 / 0.050328]
  0   3  439 0.073180 [14.762185 / 0.048847]
  0   4   39 0.072365 [14.792491 / 0.037488]
  0   4   79 0.072995 [14.782325 / 0.044176]
  0   4  119 0.072336 [14.767435 / 0.041094]
  0   4  159 0.072594 [14.780748 / 0.048881]
  0   4  199 0.071763 [14.822458 / 0.056300]
  0   4  239 0.070955 [14.878807 / 0.055430]
  0   4  279 0.070713 [14.911909 / 0.052647]
  0   4  319 0.069293 [14.947685 / 0.052889]
  0   4  359 0.069811 [14.979184 / 0.043437]
  0   4  399 0.067708 [14.976729 / 0.041709]
  0   4  439 0.069428 [14.964861 / 0.041822]
  0   5   39 0.069115 [14.946653 / 0.039474]
  0   5   79 0.068794 [14.947831 / 0.038702]
  0   5  119 0.068735 [14.933711 / 0.038659]
  0   5  159 0.068298 [14.930693 / 0.044716]
  0   5  199 0.067927 [14.940508 / 0.049086]
  0   5  239 0.068261 [14.960935 / 0.043319]
  0   5  279 0.067970 [14.971589 / 0.040766]
  0   5  319 0.067468 [14.954881 / 0.037115]
  0   5  359 0.068090 [14.958494 / 0.037325]
  0   5  399 0.067960 [14.945505 / 0.039689]
  0   5  439 0.068396 [14.946022 / 0.039997]
  0   6   39 0.067674 [14.923577 / 0.041376]
  0   6   79 0.067800 [14.919842 / 0.038678]
  0   6  119 0.067234 [14.919238 / 0.036311]
  0   6  159 0.067689 [14.903605 / 0.036882]
  0   6  199 0.066873 [14.896731 / 0.038247]
  0   6  239 0.067536 [14.895480 / 0.040638]
  0   6  279 0.067330 [14.887713 / 0.042541]
  0   6  319 0.068418 [14.891003 / 0.037972]
  0   6  359 0.067755 [14.875524 / 0.038464]
  0   6  399 0.067591 [14.872188 / 0.037066]
  0   6  439 0.067361 [14.864207 / 0.038272]
  0   7   39 0.067324 [14.904145 / 0.046813]
  0   7   79 0.066682 [14.914188 / 0.043176]
  0   7  119 0.067002 [14.917893 / 0.041544]
  0   7  159 0.066419 [14.909331 / 0.037198]
  0   7  199 0.066630 [14.899881 / 0.040134]
  0   7  239 0.066950 [14.898515 / 0.040392]
  0   7  279 0.067114 [14.891255 / 0.038713]
  0   7  319 0.066742 [14.888559 / 0.036594]
  0   7  359 0.066576 [14.883163 / 0.038847]
  0   7  399 0.066690 [14.881175 / 0.039291]
  0   7  439 0.067144 [14.873113 / 0.038693]
  0   8   39 0.066245 [14.862984 / 0.036220]
  0   8   79 0.066996 [14.859740 / 0.038152]
  0   8  119 0.067042 [14.862253 / 0.038090]
  0   8  159 0.067449 [14.856879 / 0.038777]
  0   8  199 0.066715 [14.853090 / 0.038224]
  0   8  239 0.066438 [14.844804 / 0.043601]
  0   8  279 0.067260 [14.848592 / 0.041147]
  0   8  319 0.066213 [14.835349 / 0.037848]
  0   8  359 0.066895 [14.837453 / 0.038172]
  0   8  399 0.067148 [14.832243 / 0.040393]
  0   8  439 0.066257 [14.829606 / 0.037909]
  0   9   39 0.066144 [14.829981 / 0.039361]
  0   9   79 0.066287 [14.823164 / 0.038832]
  0   9  119 0.066331 [14.814646 / 0.037125]
  0   9  159 0.067264 [14.817190 / 0.042355]
  0   9  199 0.066728 [14.803924 / 0.044245]
  0   9  239 0.066864 [14.813748 / 0.036549]
  0   9  279 0.066963 [14.804215 / 0.036179]
  0   9  319 0.066413 [14.796772 / 0.037792]
  0   9  359 0.066965 [14.791649 / 0.043798]
  0   9  399 0.067003 [14.794062 / 0.037610]
  0   9  439 0.066572 [14.790244 / 0.043618]
  0  10   39 0.066478 [14.797366 / 0.038159]
  0  10   79 0.066150 [14.787196 / 0.037887]
  0  10  119 0.066562 [14.778933 / 0.042196]
  0  10  159 0.066612 [14.784040 / 0.041624]
  0  10  199 0.067010 [14.779237 / 0.038916]
  0  10  239 0.066327 [14.775262 / 0.040760]
  0  10  279 0.066692 [14.774055 / 0.038247]
  0  10  319 0.066030 [14.768413 / 0.038712]
  0  10  359 0.067050 [14.771764 / 0.039567]
  0  10  399 0.067077 [14.767132 / 0.038150]
  0  10  439 0.067280 [14.765528 / 0.039962]
  0  11   39 0.066328 [14.758556 / 0.039385]
  0  11   79 0.066599 [14.757159 / 0.039171]
  0  11  119 0.066630 [14.748114 / 0.036340]
  0  11  159 0.066640 [14.755723 / 0.038156]
  0  11  199 0.066367 [14.754421 / 0.038851]
  0  11  239 0.066129 [14.746906 / 0.037754]
  0  11  279 0.067124 [14.750846 / 0.042120]
  0  11  319 0.067004 [14.741283 / 0.046288]
  0  11  359 0.067157 [14.744964 / 0.038221]
  0  11  399 0.066542 [14.743275 / 0.039984]
  0  11  439 0.067069 [14.741520 / 0.036992]
  0  12   39 0.066235 [14.733586 / 0.038879]
  0  12   79 0.066448 [14.735631 / 0.038148]
  0  12  119 0.066823 [14.742488 / 0.037320]
  0  12  159 0.066460 [14.729241 / 0.040362]
  0  12  199 0.066948 [14.727802 / 0.039845]
  0  12  239 0.066911 [14.732074 / 0.040142]
  0  12  279 0.066944 [14.718481 / 0.044732]
  0  12  319 0.066758 [14.729020 / 0.041384]
  0  12  359 0.066863 [14.724698 / 0.038806]
  0  12  399 0.066364 [14.725931 / 0.038370]
  0  12  439 0.066415 [14.716277 / 0.037669]
  0  13   39 0.066079 [14.722218 / 0.040671]
  0  13   79 0.067044 [14.713864 / 0.039623]
  0  13  119 0.066717 [14.717798 / 0.041086]
  0  13  159 0.066598 [14.707125 / 0.039305]
  0  13  199 0.066446 [14.711612 / 0.038239]
  0  13  239 0.066139 [14.713091 / 0.038407]
  0  13  279 0.066944 [14.703317 / 0.037720]
  0  13  319 0.066852 [14.703018 / 0.041012]
  0  13  359 0.066750 [14.709287 / 0.036960]
  0  13  399 0.067056 [14.708887 / 0.039171]
  0  13  439 0.066942 [14.703669 / 0.037202]
  0  14   39 0.065680 [14.695964 / 0.039303]
  0  14   79 0.066434 [14.703786 / 0.040394]
  0  14  119 0.066471 [14.702103 / 0.040332]
  0  14  159 0.066823 [14.700067 / 0.041652]
  0  14  199 0.066555 [14.691721 / 0.038158]
  0  14  239 0.066037 [14.694936 / 0.034890]
  0  14  279 0.066794 [14.696721 / 0.043480]
  0  14  319 0.066643 [14.686330 / 0.038970]
  0  14  359 0.067134 [14.697551 / 0.038995]
  0  14  399 0.067234 [14.691433 / 0.037361]
  0  14  439 0.066906 [14.689164 / 0.040489]
  0  15   39 0.066794 [14.684554 / 0.041217]
  0  15   79 0.066073 [14.686443 / 0.037930]
  0  15  119 0.066417 [14.680623 / 0.039512]
  0  15  159 0.067175 [14.680251 / 0.042058]
  0  15  199 0.065812 [14.680425 / 0.037925]
  0  15  239 0.067096 [14.676530 / 0.038296]
  0  15  279 0.067231 [14.682310 / 0.040720]
  0  15  319 0.066478 [14.677173 / 0.037559]
  0  15  359 0.067002 [14.686566 / 0.037313]
  0  15  399 0.066595 [14.677975 / 0.038252]
  0  15  439 0.066325 [14.674948 / 0.038181]
  0  16   39 0.066340 [14.671448 / 0.037074]
  0  16   79 0.066366 [14.671321 / 0.036431]
  0  16  119 0.066452 [14.668068 / 0.041367]
  0  16  159 0.066530 [14.671478 / 0.037336]
  0  16  199 0.066647 [14.674818 / 0.040566]
  0  16  239 0.066140 [14.676835 / 0.039627]
  0  16  279 0.066415 [14.668560 / 0.038741]
  0  16  319 0.066722 [14.658852 / 0.037765]
  0  16  359 0.066967 [14.673356 / 0.037833]
  0  16  399 0.066987 [14.663893 / 0.043587]
  0  16  439 0.067289 [14.662247 / 0.037851]
  0  17   39 0.065554 [14.665402 / 0.038943]
  0  17   79 0.066782 [14.664107 / 0.037875]
  0  17  119 0.066138 [14.663469 / 0.039585]
  0  17  159 0.066963 [14.660701 / 0.035047]
  0  17  199 0.066901 [14.651462 / 0.040071]
  0  17  239 0.067232 [14.658190 / 0.039432]
  0  17  279 0.066368 [14.660421 / 0.037400]
  0  17  319 0.066979 [14.660845 / 0.040220]
  0  17  359 0.066621 [14.658227 / 0.039435]
  0  17  399 0.066825 [14.655625 / 0.038712]
  0  17  439 0.066517 [14.664501 / 0.037845]
  0  18   39 0.066212 [14.662115 / 0.037614]
  0  18   79 0.067113 [14.653313 / 0.039472]
  0  18  119 0.066088 [14.659022 / 0.038266]
  0  18  159 0.066560 [14.660091 / 0.038425]
  0  18  199 0.066590 [14.651698 / 0.039089]
  0  18  239 0.066815 [14.651070 / 0.040728]
  0  18  279 0.066409 [14.656731 / 0.041575]
  0  18  319 0.066822 [14.650592 / 0.039133]
  0  18  359 0.067317 [14.647783 / 0.048668]
  0  18  399 0.066570 [14.649313 / 0.037846]
  0  18  439 0.066467 [14.647896 / 0.037843]
  0  19   39 0.066549 [14.652186 / 0.043522]
  0  19   79 0.067095 [14.645135 / 0.040978]
  0  19  119 0.066965 [14.649940 / 0.039013]
  0  19  159 0.066314 [14.651934 / 0.038576]
  0  19  199 0.067174 [14.647528 / 0.038671]
  0  19  239 0.066234 [14.638201 / 0.039551]
  0  19  279 0.066578 [14.648310 / 0.039841]
  0  19  319 0.066596 [14.648950 / 0.040263]
  0  19  359 0.066041 [14.651602 / 0.038559]
  0  19  399 0.066640 [14.655206 / 0.038365]
  0  19  439 0.066685 [14.634718 / 0.039037]
Sequential (
  (0): Linear (784 -> 100)
  (1): ReLU ()
  (2): Linear (100 -> 784)
)
Namespace(batch_size=128, cnnc=10, cnnf=40, force_name=True, mode='mlpae_simple', name='mlpae_simple8', nc=10, nf=100, optimizer='Adam', weight_decay=0.0001)
{'lr': 0.001, 'wd': 0.0001}
