Sequential (
  (0): Linear (784 -> 800)
  (1): BatchNorm1d(800, eps=1e-05, momentum=0.1, affine=True)
  (2): CatFactor (factors=80, categories=10, nonclass=True, stochastic=True)
  (3): Linear (800 -> 784)
)
Namespace(batch_size=128, mode='mlpae_bns', name='mlpae_bns2', nc=10, nf=80, optimizer='Adam')
{'lr': 0.001, 'wd': 0.0001}
  0   0   39 1.004797 [22.015960 / 0.353270]
  0   0   79 0.923662 [24.074441 / 0.282330]
  0   0  119 0.836347 [26.470540 / 0.280251]
  0   0  159 0.763596 [28.599897 / 0.271653]
  0   0  199 0.682688 [30.758500 / 0.257647]
  0   0  239 0.628579 [32.312126 / 0.244663]
  0   0  279 0.586209 [33.354322 / 0.231024]
  0   0  319 0.557610 [34.004513 / 0.229194]
  0   0  359 0.549764 [34.525310 / 0.217105]
  0   0  399 0.531178 [34.877587 / 0.216181]
  0   0  439 0.512735 [35.081989 / 0.208531]
  0   1   39 0.496147 [35.193219 / 0.202123]
  0   1   79 0.496887 [35.254788 / 0.202209]
  0   1  119 0.485804 [35.352023 / 0.195073]
  0   1  159 0.485529 [35.316655 / 0.193735]
  0   1  199 0.483200 [35.334461 / 0.200075]
  0   1  239 0.475386 [35.243554 / 0.187709]
  0   1  279 0.473252 [35.256736 / 0.190562]
  0   1  319 0.465910 [35.239314 / 0.182621]
  0   1  359 0.461549 [35.204056 / 0.179507]
  0   1  399 0.459177 [35.122116 / 0.177046]
  0   1  439 0.456439 [35.093807 / 0.171840]
  0   2   39 0.446470 [35.061765 / 0.171139]
  0   2   79 0.440256 [35.040956 / 0.177565]
  0   2  119 0.446784 [35.015147 / 0.171420]
  0   2  159 0.433605 [34.912807 / 0.172223]
  0   2  199 0.434263 [34.796024 / 0.167458]
  0   2  239 0.435153 [34.832182 / 0.170395]
  0   2  279 0.437218 [34.867690 / 0.165487]
  0   2  319 0.428554 [34.817853 / 0.173967]
  0   2  359 0.431265 [34.791935 / 0.166829]
  0   2  399 0.424721 [34.730854 / 0.161412]
  0   2  439 0.424868 [34.723303 / 0.170768]
  0   3   39 0.425153 [34.693077 / 0.165195]
  0   3   79 0.423216 [34.624880 / 0.164650]
  0   3  119 0.419338 [34.638062 / 0.165435]
  0   3  159 0.415614 [34.562449 / 0.160865]
  0   3  199 0.420744 [34.544890 / 0.161934]
  0   3  239 0.418338 [34.511513 / 0.161870]
  0   3  279 0.415024 [34.543571 / 0.160578]
  0   3  319 0.414016 [34.445340 / 0.156401]
  0   3  359 0.410970 [34.433596 / 0.159171]
  0   3  399 0.413918 [34.432717 / 0.157317]
  0   3  439 0.410135 [34.415048 / 0.163099]
  0   4   39 0.406159 [34.450322 / 0.155983]
  0   4   79 0.403601 [34.389328 / 0.160307]
  0   4  119 0.413331 [34.366385 / 0.157724]
  0   4  159 0.402846 [34.316899 / 0.152508]
  0   4  199 0.408527 [34.328432 / 0.164426]
  0   4  239 0.405998 [34.348355 / 0.158412]
  0   4  279 0.407906 [34.351483 / 0.154711]
  0   4  319 0.408212 [34.328724 / 0.159552]
  0   4  359 0.405087 [34.328826 / 0.156350]
  0   4  399 0.399933 [34.235316 / 0.157607]
  0   4  439 0.400286 [34.238348 / 0.151839]
  1   0   39 0.397560 [34.169270 / 0.076753]
  1   0   79 0.400084 [34.127895 / 0.079112]
  1   0  119 0.392821 [34.081091 / 0.076526]
  1   0  159 0.392416 [34.039903 / 0.076327]
  1   0  199 0.393022 [34.021240 / 0.079384]
  1   0  239 0.391985 [34.003461 / 0.077703]
  1   0  279 0.387951 [33.956675 / 0.078679]
  1   0  319 0.395121 [33.958734 / 0.079611]
  1   0  359 0.386666 [33.937008 / 0.079866]
  1   0  399 0.389087 [33.908544 / 0.078205]
  1   0  439 0.388748 [33.899078 / 0.080948]
  1   1   39 0.391380 [33.887774 / 0.080237]
  1   1   79 0.388599 [33.866191 / 0.080453]
  1   1  119 0.385130 [33.825492 / 0.077593]
  1   1  159 0.387411 [33.815551 / 0.079530]
  1   1  199 0.390088 [33.789622 / 0.076313]
  1   1  239 0.385972 [33.783599 / 0.079647]
  1   1  279 0.382930 [33.755515 / 0.081718]
  1   1  319 0.392964 [33.770538 / 0.083324]
  1   1  359 0.388468 [33.763393 / 0.080392]
  1   1  399 0.388860 [33.767544 / 0.081233]
  1   1  439 0.389616 [33.780515 / 0.081743]
  1   2   39 0.387436 [33.771361 / 0.081588]
  1   2   79 0.382646 [33.789388 / 0.084387]
  1   2  119 0.388427 [33.739446 / 0.082668]
  1   2  159 0.382888 [33.749179 / 0.081215]
  1   2  199 0.381678 [33.704412 / 0.079143]
  1   2  239 0.386271 [33.710414 / 0.077346]
  1   2  279 0.383747 [33.702486 / 0.080176]
  1   2  319 0.381219 [33.692130 / 0.078786]
  1   2  359 0.383616 [33.673979 / 0.079391]
  1   2  399 0.387024 [33.683186 / 0.081418]
  1   2  439 0.382718 [33.674889 / 0.082302]
  1   3   39 0.381451 [33.707339 / 0.077759]
  1   3   79 0.380502 [33.692996 / 0.078844]
  1   3  119 0.378629 [33.695718 / 0.083767]
  1   3  159 0.384594 [33.668482 / 0.080678]
  1   3  199 0.381364 [33.665204 / 0.078979]
  1   3  239 0.382004 [33.648919 / 0.075216]
  1   3  279 0.380538 [33.656554 / 0.082328]
  1   3  319 0.378638 [33.643771 / 0.077915]
  1   3  359 0.382636 [33.631498 / 0.078769]
  1   3  399 0.379840 [33.618978 / 0.080407]
  1   3  439 0.381227 [33.601234 / 0.078339]
  1   4   39 0.373478 [33.577548 / 0.079082]
  1   4   79 0.377534 [33.576622 / 0.079806]
  1   4  119 0.382211 [33.578103 / 0.080664]
  1   4  159 0.379138 [33.563595 / 0.077079]
  1   4  199 0.378123 [33.567039 / 0.078774]
  1   4  239 0.383699 [33.580329 / 0.077111]
  1   4  279 0.381964 [33.583229 / 0.079743]
  1   4  319 0.377410 [33.568766 / 0.079431]
  1   4  359 0.376298 [33.577588 / 0.075258]
  1   4  399 0.378632 [33.569067 / 0.081303]
  1   4  439 0.375462 [33.567656 / 0.077934]
  2   0   39 0.378815 [33.548693 / 0.041066]
  2   0   79 0.374372 [33.534783 / 0.039991]
  2   0  119 0.375533 [33.510417 / 0.038713]
  2   0  159 0.378177 [33.492803 / 0.039029]
  2   0  199 0.376590 [33.471588 / 0.040093]
  2   0  239 0.376172 [33.462860 / 0.039219]
  2   0  279 0.371312 [33.429287 / 0.039078]
  2   0  319 0.373240 [33.423185 / 0.038215]
  2   0  359 0.374855 [33.412468 / 0.039116]
  2   0  399 0.367302 [33.382661 / 0.040319]
  2   0  439 0.369198 [33.378130 / 0.038063]
  2   1   39 0.371106 [33.378484 / 0.038417]
  2   1   79 0.368939 [33.365445 / 0.039623]
  2   1  119 0.370067 [33.337165 / 0.038491]
  2   1  159 0.377849 [33.353997 / 0.038927]
  2   1  199 0.371929 [33.350355 / 0.040320]
  2   1  239 0.372356 [33.345908 / 0.039067]
  2   1  279 0.369383 [33.339688 / 0.038219]
  2   1  319 0.369130 [33.330354 / 0.041774]
  2   1  359 0.368004 [33.309000 / 0.039233]
  2   1  399 0.370258 [33.311493 / 0.038342]
  2   1  439 0.371451 [33.315330 / 0.039553]
  2   2   39 0.372904 [33.275353 / 0.040712]
  2   2   79 0.371060 [33.278657 / 0.039989]
  2   2  119 0.372138 [33.284916 / 0.039748]
  2   2  159 0.366895 [33.266987 / 0.039467]
  2   2  199 0.371027 [33.246747 / 0.040433]
  2   2  239 0.371535 [33.250029 / 0.039341]
  2   2  279 0.371898 [33.266900 / 0.039966]
  2   2  319 0.367056 [33.271426 / 0.038864]
  2   2  359 0.369898 [33.268985 / 0.040226]
  2   2  399 0.368032 [33.265300 / 0.039542]
  2   2  439 0.372547 [33.268426 / 0.040316]
  2   3   39 0.366882 [33.243939 / 0.038925]
  2   3   79 0.370349 [33.245879 / 0.039193]
  2   3  119 0.370494 [33.244185 / 0.039140]
  2   3  159 0.366638 [33.255966 / 0.039421]
  2   3  199 0.365961 [33.239246 / 0.038105]
  2   3  239 0.367488 [33.235747 / 0.038145]
  2   3  279 0.369347 [33.228450 / 0.038546]
  2   3  319 0.367270 [33.219935 / 0.038774]
  2   3  359 0.369421 [33.223978 / 0.038457]
  2   3  399 0.372385 [33.223767 / 0.038730]
  2   3  439 0.372900 [33.225312 / 0.040148]
  2   4   39 0.369186 [33.212847 / 0.037378]
  2   4   79 0.364441 [33.196699 / 0.037553]
  2   4  119 0.369097 [33.203414 / 0.037723]
  2   4  159 0.366955 [33.194855 / 0.038967]
  2   4  199 0.370673 [33.195322 / 0.038690]
  2   4  239 0.367189 [33.184622 / 0.039814]
  2   4  279 0.372276 [33.185715 / 0.040579]
  2   4  319 0.368759 [33.189569 / 0.039516]
  2   4  359 0.372332 [33.207371 / 0.037296]
  2   4  399 0.368273 [33.216392 / 0.038626]
  2   4  439 0.366289 [33.198944 / 0.038144]
  3   0   39 0.367739 [33.167757 / 0.019428]
  3   0   79 0.369052 [33.159418 / 0.020138]
  3   0  119 0.366435 [33.158905 / 0.018810]
  3   0  159 0.365683 [33.154367 / 0.019618]
  3   0  199 0.360444 [33.140828 / 0.020243]
  3   0  239 0.363137 [33.125416 / 0.019576]
  3   0  279 0.363556 [33.121607 / 0.019504]
  3   0  319 0.365964 [33.117935 / 0.018740]
  3   0  359 0.364671 [33.120470 / 0.018909]
  3   0  399 0.368639 [33.118021 / 0.020101]
  3   0  439 0.365928 [33.121090 / 0.019149]
  3   1   39 0.363488 [33.119779 / 0.019906]
  3   1   79 0.363239 [33.113094 / 0.018816]
  3   1  119 0.360015 [33.101454 / 0.019775]
  3   1  159 0.362936 [33.092139 / 0.019471]
  3   1  199 0.364506 [33.095526 / 0.018923]
  3   1  239 0.361657 [33.089163 / 0.019093]
  3   1  279 0.366554 [33.083953 / 0.018818]
  3   1  319 0.360663 [33.079786 / 0.019272]
  3   1  359 0.363257 [33.068960 / 0.020076]
  3   1  399 0.363810 [33.058967 / 0.019613]
  3   1  439 0.364994 [33.058898 / 0.019469]
  3   2   39 0.362899 [33.050528 / 0.019107]
  3   2   79 0.367338 [33.051149 / 0.019693]
  3   2  119 0.359301 [33.041675 / 0.019477]
  3   2  159 0.365243 [33.044054 / 0.019405]
  3   2  199 0.364306 [33.042481 / 0.019679]
  3   2  239 0.362880 [33.043244 / 0.019251]
  3   2  279 0.364655 [33.041792 / 0.019773]
  3   2  319 0.367048 [33.041716 / 0.018946]
  3   2  359 0.361593 [33.034806 / 0.019427]
  3   2  399 0.359516 [33.034400 / 0.018874]
  3   2  439 0.356477 [33.017652 / 0.018780]
  3   3   39 0.362249 [33.015655 / 0.019484]
  3   3   79 0.363245 [33.012752 / 0.019023]
  3   3  119 0.363039 [33.008799 / 0.019837]
  3   3  159 0.364556 [33.008736 / 0.019660]
  3   3  199 0.362188 [33.006152 / 0.019190]
  3   3  239 0.361845 [33.002439 / 0.019203]
  3   3  279 0.369083 [33.010081 / 0.018371]
  3   3  319 0.362216 [33.010300 / 0.020245]
  3   3  359 0.362861 [33.002710 / 0.019481]
  3   3  399 0.357012 [32.991487 / 0.018970]
  3   3  439 0.364661 [32.994327 / 0.019442]
  3   4   39 0.358335 [32.992839 / 0.019459]
  3   4   79 0.360203 [32.983846 / 0.018921]
  3   4  119 0.363431 [32.976329 / 0.019906]
  3   4  159 0.359492 [32.975144 / 0.019841]
  3   4  199 0.365651 [32.975646 / 0.019609]
  3   4  239 0.362697 [32.986227 / 0.018860]
  3   4  279 0.361033 [32.983560 / 0.019706]
  3   4  319 0.362449 [32.984393 / 0.018889]
  3   4  359 0.361385 [32.983972 / 0.018634]
  3   4  399 0.363674 [32.985714 / 0.019016]
  3   4  439 0.360659 [32.974364 / 0.018389]
  4   0   39 0.363179 [32.974396 / 0.009588]
  4   0   79 0.361291 [32.965468 / 0.009936]
  4   0  119 0.359812 [32.961549 / 0.009416]
  4   0  159 0.356364 [32.957546 / 0.009316]
  4   0  199 0.361667 [32.956696 / 0.009702]
  4   0  239 0.358839 [32.952319 / 0.009551]
  4   0  279 0.360830 [32.953200 / 0.009750]
  4   0  319 0.357255 [32.949573 / 0.009556]
  4   0  359 0.365089 [32.949858 / 0.009565]
  4   0  399 0.361035 [32.946033 / 0.009849]
  4   0  439 0.362083 [32.946150 / 0.009658]
  4   1   39 0.359637 [32.937421 / 0.009094]
  4   1   79 0.356065 [32.935486 / 0.009417]
  4   1  119 0.360762 [32.933052 / 0.009320]
  4   1  159 0.360038 [32.936726 / 0.009513]
  4   1  199 0.362867 [32.936417 / 0.009827]
  4   1  239 0.364513 [32.936192 / 0.009674]
  4   1  279 0.355741 [32.930142 / 0.009611]
  4   1  319 0.359764 [32.927124 / 0.009397]
  4   1  359 0.363712 [32.925977 / 0.009763]
  4   1  399 0.359829 [32.923969 / 0.009843]
  4   1  439 0.361546 [32.925442 / 0.009554]
  4   2   39 0.356937 [32.918347 / 0.009870]
  4   2   79 0.361313 [32.917696 / 0.009252]
  4   2  119 0.357862 [32.913106 / 0.009270]
  4   2  159 0.363917 [32.910109 / 0.009935]
  4   2  199 0.360079 [32.910009 / 0.009656]
  4   2  239 0.358271 [32.905783 / 0.009770]
  4   2  279 0.361006 [32.903653 / 0.009574]
  4   2  319 0.365364 [32.899548 / 0.009727]
  4   2  359 0.361886 [32.900736 / 0.009171]
  4   2  399 0.359291 [32.897652 / 0.009924]
  4   2  439 0.357819 [32.894362 / 0.009586]
  4   3   39 0.358546 [32.895496 / 0.009521]
  4   3   79 0.356150 [32.891075 / 0.009802]
  4   3  119 0.355816 [32.887825 / 0.009683]
  4   3  159 0.357105 [32.889318 / 0.010071]
  4   3  199 0.357427 [32.887073 / 0.009853]
  4   3  239 0.359224 [32.892143 / 0.009292]
  4   3  279 0.362513 [32.893664 / 0.010006]
  4   3  319 0.357656 [32.892769 / 0.009351]
  4   3  359 0.363147 [32.891876 / 0.009519]
  4   3  399 0.357627 [32.883926 / 0.009510]
  4   3  439 0.361414 [32.883715 / 0.009958]
  4   4   39 0.357675 [32.879378 / 0.008957]
  4   4   79 0.356562 [32.875157 / 0.009619]
  4   4  119 0.356602 [32.872363 / 0.009432]
  4   4  159 0.356623 [32.874118 / 0.009790]
  4   4  199 0.357980 [32.872841 / 0.009766]
  4   4  239 0.359922 [32.873765 / 0.009450]
  4   4  279 0.359835 [32.869279 / 0.009591]
  4   4  319 0.360542 [32.866374 / 0.009413]
  4   4  359 0.362003 [32.874911 / 0.009725]
  4   4  399 0.357887 [32.874552 / 0.009787]
  4   4  439 0.358197 [32.872172 / 0.009437]
Sequential (
  (0): Linear (784 -> 800)
  (1): BatchNorm1d(800, eps=1e-05, momentum=0.1, affine=True)
  (2): CatFactor (factors=80, categories=10, nonclass=True, stochastic=True)
  (3): Linear (800 -> 784)
)
Namespace(batch_size=128, mode='mlpae_bns', name='mlpae_bns2', nc=10, nf=80, optimizer='Adam')
{'lr': 0.001, 'wd': 0.0001}
