  0   0   39 0.975882 [15.671820 / 0.112588]
  0   0   79 0.713968 [14.758294 / 0.072161]
  0   0  119 0.618518 [13.914246 / 0.079890]
  0   0  159 0.538652 [13.147638 / 0.066981]
  0   0  199 0.472986 [12.419442 / 0.057267]
  0   0  239 0.431024 [11.767486 / 0.051791]
  0   0  279 0.399733 [11.203944 / 0.046608]
  0   0  319 0.376727 [10.704156 / 0.043657]
  0   0  359 0.357147 [10.279458 / 0.041248]
  0   0  399 0.339408 [9.915364 / 0.039278]
  0   0  439 0.322100 [9.596932 / 0.036470]
  0   1   39 0.302429 [9.139411 / 0.034311]
  0   1   79 0.294633 [8.907876 / 0.031736]
  0   1  119 0.286897 [8.683962 / 0.030035]
  0   1  159 0.280785 [8.478594 / 0.028074]
  0   1  199 0.279548 [8.283098 / 0.029603]
  0   1  239 0.278342 [8.102366 / 0.030054]
  0   1  279 0.274613 [7.933965 / 0.028150]
  0   1  319 0.273342 [7.787561 / 0.028521]
  0   1  359 0.273418 [7.651504 / 0.028407]
  0   1  399 0.274834 [7.533804 / 0.029923]
  0   1  439 0.273871 [7.424773 / 0.029963]
  0   2   39 0.273448 [7.270942 / 0.030886]
  0   2   79 0.271844 [7.198496 / 0.028574]
  0   2  119 0.270365 [7.132168 / 0.030080]
  0   2  159 0.272513 [7.073111 / 0.029448]
  0   2  199 0.270183 [7.024520 / 0.030253]
  0   2  239 0.273551 [6.987591 / 0.030617]
  0   2  279 0.272453 [6.952277 / 0.029231]
  0   2  319 0.268521 [6.916961 / 0.029546]
  0   2  359 0.270730 [6.896032 / 0.029747]
  0   2  399 0.269559 [6.876536 / 0.030399]
  0   2  439 0.272647 [6.862078 / 0.028807]
  0   3   39 0.269479 [6.842870 / 0.031526]
  0   3   79 0.273428 [6.837226 / 0.030702]
  0   3  119 0.269521 [6.830589 / 0.030303]
  0   3  159 0.269126 [6.816673 / 0.030374]
  0   3  199 0.272388 [6.816693 / 0.031372]
  0   3  239 0.271336 [6.815826 / 0.030846]
  0   3  279 0.269429 [6.816177 / 0.029920]
  0   3  319 0.269757 [6.812687 / 0.030367]
  0   3  359 0.268252 [6.815368 / 0.030605]
  0   3  399 0.266787 [6.811626 / 0.030220]
  0   3  439 0.267799 [6.803387 / 0.029278]
  0   4   39 0.267332 [6.799260 / 0.029857]
  0   4   79 0.269116 [6.802337 / 0.029447]
  0   4  119 0.269554 [6.796728 / 0.029314]
  0   4  159 0.268716 [6.797508 / 0.030310]
  0   4  199 0.271024 [6.788800 / 0.030255]
  0   4  239 0.269594 [6.788966 / 0.030436]
  0   4  279 0.268121 [6.788280 / 0.027698]
  0   4  319 0.271600 [6.788911 / 0.028345]
  0   4  359 0.270001 [6.788681 / 0.028314]
  0   4  399 0.269549 [6.788839 / 0.032839]
  0   4  439 0.268001 [6.786196 / 0.029492]
  1   0   39 0.268260 [6.785741 / 0.016256]
  1   0   79 0.266968 [6.784589 / 0.014024]
  1   0  119 0.267616 [6.781501 / 0.013813]
  1   0  159 0.268974 [6.777342 / 0.014759]
  1   0  199 0.268704 [6.773075 / 0.014593]
  1   0  239 0.267355 [6.770352 / 0.014277]
  1   0  279 0.268708 [6.767265 / 0.015604]
  1   0  319 0.266319 [6.764311 / 0.014018]
  1   0  359 0.268791 [6.763884 / 0.015612]
  1   0  399 0.268732 [6.757286 / 0.014396]
  1   0  439 0.269535 [6.757533 / 0.015001]
  1   1   39 0.267700 [6.751920 / 0.015477]
  1   1   79 0.266843 [6.744382 / 0.017596]
  1   1  119 0.267385 [6.745973 / 0.014781]
  1   1  159 0.268379 [6.745830 / 0.015143]
  1   1  199 0.266457 [6.743646 / 0.015909]
  1   1  239 0.270244 [6.745286 / 0.014909]
  1   1  279 0.268318 [6.744204 / 0.017252]
  1   1  319 0.268996 [6.743318 / 0.017448]
  1   1  359 0.269251 [6.742265 / 0.014913]
  1   1  399 0.268287 [6.739655 / 0.014611]
  1   1  439 0.265995 [6.738977 / 0.014668]
  1   2   39 0.266648 [6.731067 / 0.014917]
  1   2   79 0.270762 [6.736059 / 0.014105]
  1   2  119 0.269697 [6.737061 / 0.014864]
  1   2  159 0.267388 [6.736006 / 0.015684]
  1   2  199 0.268664 [6.734263 / 0.015271]
  1   2  239 0.268448 [6.729650 / 0.014189]
  1   2  279 0.269746 [6.729208 / 0.015620]
  1   2  319 0.267419 [6.731467 / 0.016596]
  1   2  359 0.265156 [6.728978 / 0.014945]
  1   2  399 0.266547 [6.727362 / 0.014156]
  1   2  439 0.268262 [6.724780 / 0.014095]
  1   3   39 0.268186 [6.729956 / 0.014977]
  1   3   79 0.266460 [6.725119 / 0.014362]
  1   3  119 0.267541 [6.723807 / 0.015186]
  1   3  159 0.267659 [6.722322 / 0.015606]
  1   3  199 0.269454 [6.721693 / 0.015189]
  1   3  239 0.270465 [6.721492 / 0.014830]
  1   3  279 0.267079 [6.718596 / 0.014342]
  1   3  319 0.270958 [6.721980 / 0.014887]
  1   3  359 0.268025 [6.721248 / 0.014749]
  1   3  399 0.265659 [6.718765 / 0.016833]
  1   3  439 0.268067 [6.721090 / 0.016369]
  1   4   39 0.268618 [6.725859 / 0.014893]
  1   4   79 0.269046 [6.727940 / 0.015181]
  1   4  119 0.269057 [6.725785 / 0.015347]
  1   4  159 0.267301 [6.717639 / 0.015314]
  1   4  199 0.268694 [6.715954 / 0.017089]
  1   4  239 0.267713 [6.713853 / 0.016245]
  1   4  279 0.266617 [6.717834 / 0.014676]
  1   4  319 0.269239 [6.718893 / 0.015172]
  1   4  359 0.267828 [6.718284 / 0.014960]
  1   4  399 0.268664 [6.717933 / 0.015230]
  1   4  439 0.268941 [6.717134 / 0.014493]
  2   0   39 0.266729 [6.720347 / 0.008062]
  2   0   79 0.268941 [6.717485 / 0.008067]
  2   0  119 0.267095 [6.718411 / 0.007379]
  2   0  159 0.268193 [6.716297 / 0.007440]
  2   0  199 0.267903 [6.717428 / 0.007318]
  2   0  239 0.268880 [6.717490 / 0.007910]
  2   0  279 0.268451 [6.715748 / 0.007255]
  2   0  319 0.266211 [6.715132 / 0.007843]
  2   0  359 0.266284 [6.713750 / 0.007612]
  2   0  399 0.267986 [6.712325 / 0.007153]
  2   0  439 0.267066 [6.711839 / 0.007941]
  2   1   39 0.267044 [6.709219 / 0.007479]
  2   1   79 0.268405 [6.708319 / 0.007880]
  2   1  119 0.267181 [6.706342 / 0.007192]
  2   1  159 0.268223 [6.706192 / 0.007864]
  2   1  199 0.269832 [6.708147 / 0.007869]
  2   1  239 0.267582 [6.705320 / 0.008804]
  2   1  279 0.268525 [6.705006 / 0.008853]
  2   1  319 0.268451 [6.705976 / 0.008054]
  2   1  359 0.267437 [6.708486 / 0.007806]
  2   1  399 0.267036 [6.706370 / 0.008069]
  2   1  439 0.264245 [6.705360 / 0.007259]
  2   2   39 0.266839 [6.707456 / 0.007517]
  2   2   79 0.268392 [6.707581 / 0.007608]
  2   2  119 0.267128 [6.706648 / 0.009362]
  2   2  159 0.268586 [6.707109 / 0.007451]
  2   2  199 0.268086 [6.707905 / 0.008465]
  2   2  239 0.267691 [6.707610 / 0.007453]
  2   2  279 0.266340 [6.706432 / 0.008276]
  2   2  319 0.268148 [6.703004 / 0.007569]
  2   2  359 0.267158 [6.702693 / 0.007594]
  2   2  399 0.267954 [6.704422 / 0.008075]
  2   2  439 0.268049 [6.704409 / 0.009121]
  2   3   39 0.268568 [6.700507 / 0.008160]
  2   3   79 0.266553 [6.702812 / 0.008047]
  2   3  119 0.267854 [6.699943 / 0.008132]
  2   3  159 0.268861 [6.700876 / 0.007993]
  2   3  199 0.267614 [6.700983 / 0.007638]
  2   3  239 0.266535 [6.702243 / 0.007781]
  2   3  279 0.267023 [6.698276 / 0.008221]
  2   3  319 0.267478 [6.699774 / 0.007800]
  2   3  359 0.267669 [6.699112 / 0.007975]
  2   3  399 0.271078 [6.701329 / 0.008773]
  2   3  439 0.266508 [6.700783 / 0.009096]
  2   4   39 0.265866 [6.697789 / 0.009117]
  2   4   79 0.271102 [6.702541 / 0.008664]
  2   4  119 0.269333 [6.699096 / 0.007941]
  2   4  159 0.267166 [6.700006 / 0.008507]
  2   4  199 0.268084 [6.698710 / 0.008345]
  2   4  239 0.268404 [6.697118 / 0.008511]
  2   4  279 0.266339 [6.698400 / 0.008275]
  2   4  319 0.265877 [6.696951 / 0.008320]
  2   4  359 0.267792 [6.698001 / 0.008708]
  2   4  399 0.268021 [6.699729 / 0.008186]
  2   4  439 0.266045 [6.697814 / 0.010981]
  3   0   39 0.267442 [6.698620 / 0.004038]
  3   0   79 0.266423 [6.697686 / 0.003850]
  3   0  119 0.266411 [6.699928 / 0.004280]
  3   0  159 0.267334 [6.698223 / 0.004667]
  3   0  199 0.267656 [6.699064 / 0.004187]
  3   0  239 0.270190 [6.699571 / 0.004068]
  3   0  279 0.266064 [6.696960 / 0.004447]
  3   0  319 0.266820 [6.696909 / 0.004186]
  3   0  359 0.269046 [6.698618 / 0.004414]
  3   0  399 0.266211 [6.696662 / 0.004042]
  3   0  439 0.266953 [6.696371 / 0.004255]
  3   1   39 0.267890 [6.699026 / 0.004022]
  3   1   79 0.267787 [6.697925 / 0.004737]
  3   1  119 0.266336 [6.696663 / 0.004108]
  3   1  159 0.266972 [6.696783 / 0.003913]
  3   1  199 0.264971 [6.695843 / 0.004008]
  3   1  239 0.267130 [6.695930 / 0.004043]
  3   1  279 0.268841 [6.696929 / 0.003989]
  3   1  319 0.267341 [6.696730 / 0.004377]
  3   1  359 0.268035 [6.699086 / 0.004866]
  3   1  399 0.268943 [6.696139 / 0.004208]
  3   1  439 0.268566 [6.697055 / 0.004678]
  3   2   39 0.266734 [6.694676 / 0.003922]
  3   2   79 0.266877 [6.693937 / 0.004338]
  3   2  119 0.267452 [6.693837 / 0.005442]
  3   2  159 0.268008 [6.691476 / 0.004394]
  3   2  199 0.267220 [6.691296 / 0.004529]
  3   2  239 0.266233 [6.690394 / 0.004243]
  3   2  279 0.268318 [6.690314 / 0.004368]
  3   2  319 0.269491 [6.690619 / 0.004710]
  3   2  359 0.268961 [6.692206 / 0.004505]
  3   2  399 0.264928 [6.692331 / 0.004631]
  3   2  439 0.268294 [6.695902 / 0.004939]
  3   3   39 0.270174 [6.696640 / 0.004630]
  3   3   79 0.268785 [6.696429 / 0.004491]
  3   3  119 0.265219 [6.695764 / 0.004372]
  3   3  159 0.266980 [6.693552 / 0.004337]
  3   3  199 0.263460 [6.693561 / 0.004053]
  3   3  239 0.266493 [6.692301 / 0.004627]
  3   3  279 0.269505 [6.693236 / 0.004986]
  3   3  319 0.268231 [6.693005 / 0.004560]
  3   3  359 0.267523 [6.693109 / 0.004175]
  3   3  399 0.267837 [6.692823 / 0.004171]
  3   3  439 0.267078 [6.693179 / 0.004116]
  3   4   39 0.266985 [6.693260 / 0.004183]
  3   4   79 0.267821 [6.695127 / 0.004620]
  3   4  119 0.264879 [6.693144 / 0.004742]
  3   4  159 0.269181 [6.696686 / 0.004474]
  3   4  199 0.267132 [6.696678 / 0.004572]
  3   4  239 0.268612 [6.693946 / 0.004942]
  3   4  279 0.267247 [6.692699 / 0.004260]
  3   4  319 0.266202 [6.693337 / 0.004211]
  3   4  359 0.269001 [6.692984 / 0.004549]
  3   4  399 0.268192 [6.690885 / 0.004731]
  3   4  439 0.266915 [6.693435 / 0.004400]
  4   0   39 0.268342 [6.690875 / 0.002422]
  4   0   79 0.268164 [6.690601 / 0.002436]
  4   0  119 0.268285 [6.690758 / 0.002520]
  4   0  159 0.268378 [6.689916 / 0.002238]
  4   0  199 0.266558 [6.690333 / 0.002311]
  4   0  239 0.267183 [6.689857 / 0.002137]
  4   0  279 0.267588 [6.690394 / 0.002513]
  4   0  319 0.267176 [6.690967 / 0.002265]
  4   0  359 0.265863 [6.689271 / 0.002171]
  4   0  399 0.264735 [6.690799 / 0.002011]
  4   0  439 0.267631 [6.690570 / 0.002274]
  4   1   39 0.268232 [6.691189 / 0.002142]
  4   1   79 0.267513 [6.690828 / 0.002188]
  4   1  119 0.267847 [6.689831 / 0.002266]
  4   1  159 0.268591 [6.690886 / 0.002208]
  4   1  199 0.266619 [6.690979 / 0.002158]
  4   1  239 0.269943 [6.690890 / 0.002277]
  4   1  279 0.266465 [6.691141 / 0.002175]
  4   1  319 0.265938 [6.690716 / 0.002197]
  4   1  359 0.266077 [6.690219 / 0.002247]
  4   1  399 0.267714 [6.692314 / 0.002750]
  4   1  439 0.265387 [6.690260 / 0.002306]
  4   2   39 0.267321 [6.690065 / 0.002450]
  4   2   79 0.267816 [6.689058 / 0.002530]
  4   2  119 0.264713 [6.689999 / 0.002264]
  4   2  159 0.266850 [6.689457 / 0.002280]
  4   2  199 0.268562 [6.689322 / 0.002359]
  4   2  239 0.267970 [6.689970 / 0.002179]
  4   2  279 0.268038 [6.690684 / 0.002327]
  4   2  319 0.267155 [6.690310 / 0.002193]
  4   2  359 0.269413 [6.690069 / 0.002318]
  4   2  399 0.268456 [6.691483 / 0.002230]
  4   2  439 0.266043 [6.690197 / 0.002149]
  4   3   39 0.268030 [6.689325 / 0.002281]
  4   3   79 0.268248 [6.689144 / 0.002465]
  4   3  119 0.266280 [6.689060 / 0.002154]
  4   3  159 0.266610 [6.690433 / 0.002484]
  4   3  199 0.266147 [6.690162 / 0.002340]
  4   3  239 0.267490 [6.689644 / 0.002718]
  4   3  279 0.267400 [6.688949 / 0.002307]
  4   3  319 0.266299 [6.688048 / 0.002238]
  4   3  359 0.265257 [6.688557 / 0.002210]
  4   3  399 0.270008 [6.689578 / 0.002209]
  4   3  439 0.265952 [6.687965 / 0.002410]
  4   4   39 0.265751 [6.688723 / 0.002378]
  4   4   79 0.264418 [6.689217 / 0.002442]
  4   4  119 0.267822 [6.689815 / 0.002390]
  4   4  159 0.268937 [6.690322 / 0.002195]
  4   4  199 0.268190 [6.689879 / 0.002126]
  4   4  239 0.266982 [6.689331 / 0.002270]
  4   4  279 0.268308 [6.689076 / 0.002507]
  4   4  319 0.266554 [6.687203 / 0.002278]
  4   4  359 0.268440 [6.689023 / 0.002731]
  4   4  399 0.266465 [6.689001 / 0.002208]
  4   4  439 0.267038 [6.689096 / 0.002333]
Sequential (
  (0): Linear (784 -> 20)
  (1): Linear (20 -> 784)
)
