Sequential (
  (0): Linear (784 -> 100)
  (1): ReLU ()
  (2): Linear (100 -> 784)
)
Namespace(batch_size=128, cnnc=10, cnnf=40, force_name=False, mode='mlpae_simple', name='mlpae_simple9', nc=10, nf=100, optimizer='Adam', weight_decay=0.001)
{'lr': 0.001, 'wd': 0.001}
  0   0   39 0.745989 [13.970134 / 0.174670]
  0   0   79 0.445178 [12.035206 / 0.125494]
  0   0  119 0.312347 [11.160566 / 0.103565]
  0   0  159 0.246138 [10.832659 / 0.079521]
  0   0  199 0.204985 [10.681948 / 0.071574]
  0   0  239 0.181400 [10.663777 / 0.060970]
  0   0  279 0.162522 [10.656233 / 0.059224]
  0   0  319 0.150635 [10.730461 / 0.059873]
  0   0  359 0.139210 [10.825011 / 0.059815]
  0   0  399 0.131614 [10.922397 / 0.052866]
  0   0  439 0.124385 [10.982921 / 0.054744]
  0   1   39 0.116456 [11.150697 / 0.055751]
  0   1   79 0.113236 [11.271535 / 0.061077]
  0   1  119 0.108571 [11.376399 / 0.057354]
  0   1  159 0.104745 [11.467486 / 0.057196]
  0   1  199 0.103545 [11.545448 / 0.054500]
  0   1  239 0.100939 [11.610141 / 0.052926]
  0   1  279 0.099345 [11.675194 / 0.049218]
  0   1  319 0.097459 [11.721551 / 0.052892]
  0   1  359 0.096339 [11.761926 / 0.053616]
  0   1  399 0.095502 [11.807463 / 0.054028]
  0   1  439 0.093612 [11.831644 / 0.050632]
  0   2   39 0.092513 [11.898327 / 0.048909]
  0   2   79 0.092140 [11.940084 / 0.050074]
  0   2  119 0.090608 [11.969302 / 0.053474]
  0   2  159 0.091192 [12.001905 / 0.050928]
  0   2  199 0.089304 [12.011208 / 0.052086]
  0   2  239 0.088678 [12.034097 / 0.049031]
  0   2  279 0.088723 [12.046043 / 0.053864]
  0   2  319 0.088398 [12.072132 / 0.051522]
  0   2  359 0.088273 [12.103062 / 0.059106]
  0   2  399 0.088158 [12.134072 / 0.055579]
  0   2  439 0.086941 [12.143498 / 0.053294]
  0   3   39 0.086185 [12.175312 / 0.054959]
  0   3   79 0.085678 [12.183471 / 0.051779]
  0   3  119 0.086151 [12.205229 / 0.052882]
  0   3  159 0.085559 [12.219012 / 0.050844]
  0   3  199 0.085128 [12.210442 / 0.052724]
  0   3  239 0.085422 [12.232525 / 0.051940]
  0   3  279 0.085256 [12.247621 / 0.052692]
  0   3  319 0.085621 [12.248830 / 0.051779]
  0   3  359 0.084446 [12.246543 / 0.049133]
  0   3  399 0.084965 [12.278022 / 0.052135]
  0   3  439 0.084061 [12.277253 / 0.049358]
  0   4   39 0.084037 [12.288339 / 0.049951]
  0   4   79 0.083977 [12.309320 / 0.053282]
  0   4  119 0.083535 [12.311161 / 0.056255]
  0   4  159 0.082901 [12.311122 / 0.050091]
  0   4  199 0.083179 [12.313050 / 0.049505]
  0   4  239 0.084149 [12.328811 / 0.051991]
  0   4  279 0.083780 [12.331291 / 0.053679]
  0   4  319 0.082939 [12.329130 / 0.051011]
  0   4  359 0.082955 [12.335843 / 0.053030]
  0   4  399 0.083896 [12.356458 / 0.049372]
  0   4  439 0.082558 [12.340849 / 0.052089]
  0   5   39 0.082703 [12.347825 / 0.049444]
  0   5   79 0.082653 [12.342697 / 0.048468]
  0   5  119 0.083344 [12.348836 / 0.051878]
  0   5  159 0.083658 [12.358238 / 0.050577]
  0   5  199 0.082362 [12.345803 / 0.051699]
  0   5  239 0.082940 [12.342353 / 0.049429]
  0   5  279 0.082263 [12.342014 / 0.050458]
  0   5  319 0.082495 [12.353824 / 0.054567]
  0   5  359 0.083338 [12.369973 / 0.050751]
  0   5  399 0.082722 [12.356126 / 0.050026]
  0   5  439 0.083341 [12.367818 / 0.049757]
  0   6   39 0.081964 [12.346737 / 0.050359]
  0   6   79 0.082887 [12.360567 / 0.049751]
  0   6  119 0.082215 [12.362054 / 0.048924]
  0   6  159 0.082392 [12.358128 / 0.050071]
  0   6  199 0.082128 [12.354692 / 0.049751]
  0   6  239 0.082682 [12.361866 / 0.050075]
  0   6  279 0.082055 [12.349133 / 0.050929]
  0   6  319 0.082737 [12.361368 / 0.048020]
  0   6  359 0.082615 [12.359240 / 0.053384]
  0   6  399 0.083187 [12.370133 / 0.050929]
  0   6  439 0.082108 [12.367249 / 0.052069]
  0   7   39 0.082127 [12.364818 / 0.048817]
  0   7   79 0.082694 [12.381187 / 0.048575]
  0   7  119 0.081698 [12.362535 / 0.049360]
  0   7  159 0.082683 [12.373051 / 0.048529]
  0   7  199 0.081517 [12.352062 / 0.047091]
  0   7  239 0.082232 [12.360617 / 0.051846]
  0   7  279 0.082761 [12.365991 / 0.051037]
  0   7  319 0.081945 [12.363444 / 0.050476]
  0   7  359 0.082795 [12.370428 / 0.048863]
  0   7  399 0.082257 [12.370298 / 0.051709]
  0   7  439 0.082156 [12.361799 / 0.051326]
  0   8   39 0.082122 [12.364844 / 0.050819]
  0   8   79 0.082436 [12.364012 / 0.051298]
  0   8  119 0.082313 [12.367731 / 0.052132]
  0   8  159 0.082239 [12.360783 / 0.050434]
  0   8  199 0.081552 [12.359457 / 0.050501]
  0   8  239 0.082042 [12.357156 / 0.047787]
  0   8  279 0.081308 [12.353168 / 0.051129]
  0   8  319 0.082432 [12.356612 / 0.049754]
  0   8  359 0.082031 [12.359727 / 0.048401]
  0   8  399 0.082284 [12.361554 / 0.054478]
  0   8  439 0.082876 [12.364081 / 0.051352]
  0   9   39 0.081900 [12.367807 / 0.049317]
  0   9   79 0.081347 [12.353961 / 0.049271]
  0   9  119 0.082538 [12.364571 / 0.051831]
  0   9  159 0.082185 [12.364024 / 0.051614]
  0   9  199 0.081237 [12.354516 / 0.049857]
  0   9  239 0.082777 [12.369155 / 0.048429]
  0   9  279 0.081778 [12.362897 / 0.053786]
  0   9  319 0.082480 [12.360990 / 0.050680]
  0   9  359 0.082376 [12.371642 / 0.056050]
  0   9  399 0.082668 [12.367884 / 0.052814]
  0   9  439 0.081443 [12.363097 / 0.052217]
  0  10   39 0.081606 [12.357837 / 0.050309]
  0  10   79 0.081554 [12.368205 / 0.050685]
  0  10  119 0.082181 [12.367422 / 0.049524]
  0  10  159 0.082622 [12.374249 / 0.051341]
  0  10  199 0.082462 [12.371839 / 0.049269]
  0  10  239 0.081847 [12.363368 / 0.051593]
  0  10  279 0.081946 [12.356722 / 0.051565]
  0  10  319 0.081770 [12.353845 / 0.049340]
  0  10  359 0.082388 [12.365883 / 0.050729]
  0  10  399 0.081698 [12.354764 / 0.053613]
  0  10  439 0.081779 [12.343773 / 0.052595]
  0  11   39 0.081549 [12.350737 / 0.047655]
  0  11   79 0.081974 [12.361494 / 0.048885]
  0  11  119 0.081888 [12.360208 / 0.048348]
  0  11  159 0.081750 [12.353571 / 0.049107]
  0  11  199 0.081565 [12.354553 / 0.052001]
  0  11  239 0.082314 [12.354487 / 0.054269]
  0  11  279 0.081666 [12.345152 / 0.048841]
  0  11  319 0.082386 [12.362980 / 0.050437]
  0  11  359 0.082125 [12.366436 / 0.049875]
  0  11  399 0.081885 [12.358172 / 0.049863]
  0  11  439 0.082073 [12.354004 / 0.052479]
  0  12   39 0.081465 [12.359341 / 0.048841]
  0  12   79 0.081402 [12.344029 / 0.051526]
  0  12  119 0.082038 [12.351593 / 0.053493]
  0  12  159 0.082432 [12.362859 / 0.049426]
  0  12  199 0.081878 [12.353212 / 0.051799]
  0  12  239 0.082028 [12.360342 / 0.049781]
  0  12  279 0.082033 [12.357217 / 0.050534]
  0  12  319 0.081967 [12.354877 / 0.051853]
  0  12  359 0.081497 [12.350059 / 0.051430]
  0  12  399 0.081985 [12.362185 / 0.051719]
  0  12  439 0.081866 [12.352189 / 0.048993]
  0  13   39 0.081820 [12.351131 / 0.050356]
  0  13   79 0.081560 [12.348199 / 0.049555]
  0  13  119 0.081635 [12.353698 / 0.050774]
  0  13  159 0.082723 [12.365971 / 0.049402]
  0  13  199 0.081900 [12.356682 / 0.051892]
  0  13  239 0.082216 [12.362384 / 0.049833]
  0  13  279 0.081914 [12.352991 / 0.050180]
  0  13  319 0.081488 [12.350730 / 0.053607]
  0  13  359 0.081606 [12.339588 / 0.050110]
  0  13  399 0.082014 [12.350066 / 0.050271]
  0  13  439 0.081294 [12.354450 / 0.051457]
  0  14   39 0.081727 [12.362374 / 0.051019]
  0  14   79 0.081999 [12.365202 / 0.051967]
  0  14  119 0.081918 [12.351213 / 0.051802]
  0  14  159 0.081986 [12.355405 / 0.049531]
  0  14  199 0.081478 [12.347392 / 0.048452]
  0  14  239 0.082517 [12.363607 / 0.052920]
  0  14  279 0.081368 [12.348495 / 0.052914]
  0  14  319 0.081264 [12.342815 / 0.049398]
  0  14  359 0.082403 [12.348767 / 0.051250]
  0  14  399 0.081290 [12.337527 / 0.051552]
  0  14  439 0.082245 [12.360875 / 0.048742]
  0  15   39 0.081892 [12.352986 / 0.050653]
  0  15   79 0.081936 [12.350886 / 0.052216]
  0  15  119 0.081666 [12.348316 / 0.054029]
  0  15  159 0.082775 [12.366310 / 0.049805]
  0  15  199 0.081308 [12.343794 / 0.049695]
  0  15  239 0.081586 [12.339308 / 0.049526]
  0  15  279 0.081541 [12.350659 / 0.051644]
  0  15  319 0.081993 [12.344961 / 0.053364]
  0  15  359 0.081805 [12.341673 / 0.049074]
  0  15  399 0.082010 [12.343498 / 0.052164]
  0  15  439 0.082487 [12.363180 / 0.049615]
  0  16   39 0.080977 [12.332789 / 0.051037]
  0  16   79 0.081775 [12.342593 / 0.055025]
  0  16  119 0.082590 [12.354222 / 0.054254]
  0  16  159 0.081850 [12.356356 / 0.051286]
  0  16  199 0.081928 [12.359521 / 0.049530]
  0  16  239 0.081771 [12.349407 / 0.051622]
  0  16  279 0.081671 [12.334732 / 0.052432]
  0  16  319 0.082112 [12.346949 / 0.053333]
  0  16  359 0.081453 [12.341393 / 0.048671]
  0  16  399 0.082208 [12.349030 / 0.049984]
  0  16  439 0.081538 [12.337823 / 0.049541]
  0  17   39 0.081493 [12.341988 / 0.050225]
  0  17   79 0.081417 [12.340870 / 0.049995]
  0  17  119 0.080722 [12.333808 / 0.051001]
  0  17  159 0.082150 [12.347348 / 0.050819]
  0  17  199 0.081743 [12.348436 / 0.048687]
  0  17  239 0.082144 [12.352684 / 0.049694]
  0  17  279 0.081640 [12.344362 / 0.048989]
  0  17  319 0.082009 [12.340713 / 0.050084]
  0  17  359 0.082116 [12.343572 / 0.049208]
  0  17  399 0.081550 [12.350065 / 0.052142]
  0  17  439 0.081529 [12.346519 / 0.050394]
  0  18   39 0.081636 [12.336497 / 0.048421]
  0  18   79 0.082346 [12.351062 / 0.049974]
  0  18  119 0.081300 [12.349894 / 0.052545]
  0  18  159 0.081738 [12.342715 / 0.051488]
  0  18  199 0.082913 [12.359307 / 0.052466]
  0  18  239 0.081444 [12.341335 / 0.050325]
  0  18  279 0.081238 [12.335052 / 0.051048]
  0  18  319 0.081693 [12.341173 / 0.052879]
  0  18  359 0.082074 [12.341584 / 0.050864]
  0  18  399 0.081761 [12.343617 / 0.049050]
  0  18  439 0.081238 [12.338477 / 0.051205]
  0  19   39 0.081720 [12.347476 / 0.049967]
  0  19   79 0.081408 [12.340083 / 0.050645]
  0  19  119 0.081509 [12.324344 / 0.054064]
  0  19  159 0.081916 [12.338569 / 0.052494]
  0  19  199 0.081528 [12.340499 / 0.054243]
  0  19  239 0.080840 [12.329861 / 0.049104]
  0  19  279 0.081904 [12.346585 / 0.050871]
  0  19  319 0.082004 [12.353466 / 0.052104]
  0  19  359 0.081924 [12.345296 / 0.052270]
  0  19  399 0.082299 [12.348616 / 0.052186]
  0  19  439 0.081618 [12.335883 / 0.049342]
Sequential (
  (0): Linear (784 -> 100)
  (1): ReLU ()
  (2): Linear (100 -> 784)
)
Namespace(batch_size=128, cnnc=10, cnnf=40, force_name=False, mode='mlpae_simple', name='mlpae_simple9', nc=10, nf=100, optimizer='Adam', weight_decay=0.001)
{'lr': 0.001, 'wd': 0.001}
