  0   0   39 0.713050 [21.294751 / 0.263194]
  0   0   79 0.480553 [21.686643 / 0.206915]
  0   0  119 0.377135 [22.761322 / 0.172263]
  0   0  159 0.326153 [24.181867 / 0.152016]
  0   0  199 0.289650 [25.593165 / 0.140470]
  0   0  239 0.262183 [26.917639 / 0.134637]
  0   0  279 0.242352 [28.087094 / 0.131012]
  0   0  319 0.226144 [29.117916 / 0.125743]
  0   0  359 0.211777 [29.987556 / 0.123064]
  0   0  399 0.206170 [30.790524 / 0.125439]
  0   0  439 0.197206 [31.497874 / 0.121685]
  0   1   39 0.185364 [32.519925 / 0.111326]
  0   1   79 0.183127 [33.038382 / 0.116457]
  0   1  119 0.179469 [33.506048 / 0.117276]
  0   1  159 0.175078 [33.897932 / 0.113627]
  0   1  199 0.172535 [34.259733 / 0.111054]
  0   1  239 0.169988 [34.588699 / 0.110374]
  0   1  279 0.166549 [34.872793 / 0.110062]
  0   1  319 0.164508 [35.131505 / 0.109619]
  0   1  359 0.162398 [35.368317 / 0.110388]
  0   1  399 0.162114 [35.617046 / 0.105919]
  0   1  439 0.159189 [35.787533 / 0.108923]
  0   2   39 0.155517 [36.072110 / 0.105934]
  0   2   79 0.154471 [36.217952 / 0.104898]
  0   2  119 0.154938 [36.359147 / 0.108211]
  0   2  159 0.153307 [36.482579 / 0.106068]
  0   2  199 0.152134 [36.607638 / 0.107511]
  0   2  239 0.151936 [36.709625 / 0.105518]
  0   2  279 0.151327 [36.824997 / 0.103155]
  0   2  319 0.150729 [36.923621 / 0.104654]
  0   2  359 0.147489 [36.958136 / 0.104166]
  0   2  399 0.149219 [37.017219 / 0.104994]
  0   2  439 0.148120 [37.097741 / 0.104440]
  0   3   39 0.145981 [37.220770 / 0.110743]
  0   3   79 0.145521 [37.269435 / 0.106493]
  0   3  119 0.146471 [37.327387 / 0.108983]
  0   3  159 0.144743 [37.376905 / 0.107420]
  0   3  199 0.145531 [37.416192 / 0.109916]
  0   3  239 0.143192 [37.447788 / 0.103720]
  0   3  279 0.145372 [37.503676 / 0.104217]
  0   3  319 0.144159 [37.547127 / 0.107369]
  0   3  359 0.143132 [37.571184 / 0.106179]
  0   3  399 0.142659 [37.595741 / 0.108294]
  0   3  439 0.142215 [37.612921 / 0.108597]
  0   4   39 0.142333 [37.700612 / 0.107099]
  0   4   79 0.141102 [37.712507 / 0.105590]
  0   4  119 0.140380 [37.714392 / 0.108267]
  0   4  159 0.141811 [37.739745 / 0.106802]
  0   4  199 0.139793 [37.753772 / 0.110496]
  0   4  239 0.141980 [37.797467 / 0.111050]
  0   4  279 0.140771 [37.829053 / 0.109794]
  0   4  319 0.139960 [37.834197 / 0.108878]
  0   4  359 0.138734 [37.828246 / 0.107439]
  0   4  399 0.139367 [37.823759 / 0.109193]
  0   4  439 0.138975 [37.848148 / 0.109647]
  1   0   39 0.139227 [37.870407 / 0.053949]
  1   0   79 0.137499 [37.875611 / 0.053620]
  1   0  119 0.137553 [37.889775 / 0.054226]
  1   0  159 0.136729 [37.899535 / 0.053936]
  1   0  199 0.137018 [37.915025 / 0.054151]
  1   0  239 0.135501 [37.906368 / 0.054373]
  1   0  279 0.136665 [37.910906 / 0.055882]
  1   0  319 0.137738 [37.920716 / 0.055620]
  1   0  359 0.138369 [37.941799 / 0.056038]
  1   0  399 0.135640 [37.942232 / 0.057169]
  1   0  439 0.134931 [37.934269 / 0.056781]
  1   1   39 0.135784 [37.956551 / 0.056400]
  1   1   79 0.136247 [37.973133 / 0.057668]
  1   1  119 0.136186 [37.994843 / 0.056099]
  1   1  159 0.135874 [38.003607 / 0.056268]
  1   1  199 0.134434 [37.996071 / 0.056493]
  1   1  239 0.135967 [38.004897 / 0.057027]
  1   1  279 0.134626 [37.995103 / 0.057702]
  1   1  319 0.135179 [37.985889 / 0.057048]
  1   1  359 0.135010 [37.987916 / 0.058421]
  1   1  399 0.135119 [37.992557 / 0.059172]
  1   1  439 0.136476 [38.006879 / 0.058970]
  1   2   39 0.134838 [38.033389 / 0.058884]
  1   2   79 0.133916 [38.034228 / 0.059427]
  1   2  119 0.133406 [38.034292 / 0.058802]
  1   2  159 0.135198 [38.037287 / 0.058570]
  1   2  199 0.134918 [38.045795 / 0.059970]
  1   2  239 0.133373 [38.041224 / 0.057397]
  1   2  279 0.134385 [38.044953 / 0.059452]
  1   2  319 0.135031 [38.055907 / 0.062580]
  1   2  359 0.133725 [38.056649 / 0.061918]
  1   2  399 0.134454 [38.068430 / 0.060220]
  1   2  439 0.133299 [38.065059 / 0.061146]
  1   3   39 0.132316 [38.086963 / 0.060622]
  1   3   79 0.132568 [38.073034 / 0.061859]
  1   3  119 0.132454 [38.056176 / 0.058804]
  1   3  159 0.132872 [38.063213 / 0.060413]
  1   3  199 0.134174 [38.085850 / 0.059928]
  1   3  239 0.133709 [38.088770 / 0.062703]
  1   3  279 0.132679 [38.088887 / 0.061234]
  1   3  319 0.132617 [38.074560 / 0.062348]
  1   3  359 0.134155 [38.090223 / 0.064651]
  1   3  399 0.134975 [38.112634 / 0.061695]
  1   3  439 0.133215 [38.111347 / 0.062188]
  1   4   39 0.132731 [38.125998 / 0.063971]
  1   4   79 0.132342 [38.126843 / 0.060144]
  1   4  119 0.132117 [38.114471 / 0.062333]
  1   4  159 0.131246 [38.105102 / 0.063037]
  1   4  199 0.132433 [38.109527 / 0.062605]
  1   4  239 0.132482 [38.116100 / 0.062673]
  1   4  279 0.131113 [38.113561 / 0.062464]
  1   4  319 0.133033 [38.114920 / 0.062892]
  1   4  359 0.131784 [38.111030 / 0.062509]
  1   4  399 0.131520 [38.119320 / 0.063509]
  1   4  439 0.132362 [38.114105 / 0.066928]
  2   0   39 0.128829 [38.111293 / 0.030906]
  2   0   79 0.131244 [38.113842 / 0.030288]
  2   0  119 0.132035 [38.131789 / 0.033308]
  2   0  159 0.130921 [38.131593 / 0.031951]
  2   0  199 0.132466 [38.144161 / 0.031747]
  2   0  239 0.131084 [38.138856 / 0.032343]
  2   0  279 0.129749 [38.132310 / 0.031522]
  2   0  319 0.132012 [38.129606 / 0.033215]
  2   0  359 0.131982 [38.136110 / 0.033499]
  2   0  399 0.129853 [38.131920 / 0.032593]
  2   0  439 0.129886 [38.129903 / 0.031903]
  2   1   39 0.129561 [38.127972 / 0.032243]
  2   1   79 0.130196 [38.129636 / 0.032591]
  2   1  119 0.131262 [38.135555 / 0.032608]
  2   1  159 0.130144 [38.138513 / 0.033480]
  2   1  199 0.130492 [38.140667 / 0.032303]
  2   1  239 0.129263 [38.136393 / 0.032815]
  2   1  279 0.130903 [38.144684 / 0.032830]
  2   1  319 0.129946 [38.141375 / 0.033264]
  2   1  359 0.131578 [38.154119 / 0.032551]
  2   1  399 0.131738 [38.152912 / 0.035025]
  2   1  439 0.129901 [38.152828 / 0.033082]
  2   2   39 0.129870 [38.146318 / 0.033223]
  2   2   79 0.128646 [38.142499 / 0.032050]
  2   2  119 0.129355 [38.135142 / 0.034880]
  2   2  159 0.129156 [38.137801 / 0.032886]
  2   2  199 0.130487 [38.143511 / 0.036316]
  2   2  239 0.130879 [38.159183 / 0.035089]
  2   2  279 0.130863 [38.161052 / 0.034907]
  2   2  319 0.130591 [38.167498 / 0.035618]
  2   2  359 0.129845 [38.159346 / 0.034964]
  2   2  399 0.129292 [38.160121 / 0.032940]
  2   2  439 0.130186 [38.163232 / 0.034439]
  2   3   39 0.131992 [38.172135 / 0.034430]
  2   3   79 0.129141 [38.168557 / 0.035050]
  2   3  119 0.129001 [38.173622 / 0.034490]
  2   3  159 0.129166 [38.167000 / 0.035854]
  2   3  199 0.128150 [38.160523 / 0.035596]
  2   3  239 0.128749 [38.153280 / 0.036271]
  2   3  279 0.129049 [38.149421 / 0.035172]
  2   3  319 0.129975 [38.153432 / 0.035990]
  2   3  359 0.129434 [38.153254 / 0.035169]
  2   3  399 0.129987 [38.164536 / 0.033848]
  2   3  439 0.128318 [38.159814 / 0.036046]
  2   4   39 0.128331 [38.157589 / 0.036268]
  2   4   79 0.128781 [38.161049 / 0.036322]
  2   4  119 0.128635 [38.159925 / 0.035121]
  2   4  159 0.129662 [38.161217 / 0.035511]
  2   4  199 0.127232 [38.156029 / 0.034322]
  2   4  239 0.130249 [38.159247 / 0.034304]
  2   4  279 0.128678 [38.158974 / 0.034706]
  2   4  319 0.128739 [38.157488 / 0.035686]
  2   4  359 0.128861 [38.153387 / 0.036486]
  2   4  399 0.129450 [38.157856 / 0.037529]
  2   4  439 0.130168 [38.169234 / 0.038824]
  3   0   39 0.128125 [38.169445 / 0.018588]
  3   0   79 0.127932 [38.173163 / 0.017610]
  3   0  119 0.128075 [38.171094 / 0.017443]
  3   0  159 0.128270 [38.168421 / 0.018096]
  3   0  199 0.127041 [38.161142 / 0.018670]
  3   0  239 0.129206 [38.164289 / 0.018044]
  3   0  279 0.127841 [38.163029 / 0.017691]
  3   0  319 0.128779 [38.164729 / 0.017903]
  3   0  359 0.128986 [38.167121 / 0.018093]
  3   0  399 0.128317 [38.168169 / 0.018715]
  3   0  439 0.129143 [38.169025 / 0.019003]
  3   1   39 0.128795 [38.175195 / 0.017633]
  3   1   79 0.127933 [38.174975 / 0.017987]
  3   1  119 0.128430 [38.178373 / 0.018305]
  3   1  159 0.127826 [38.177218 / 0.019005]
  3   1  199 0.129276 [38.180558 / 0.018447]
  3   1  239 0.127212 [38.177780 / 0.018302]
  3   1  279 0.127568 [38.172020 / 0.019148]
  3   1  319 0.127540 [38.171442 / 0.018214]
  3   1  359 0.130188 [38.176890 / 0.019003]
  3   1  399 0.127586 [38.175970 / 0.018430]
  3   1  439 0.126812 [38.173052 / 0.018617]
  3   2   39 0.128785 [38.174315 / 0.018473]
  3   2   79 0.129185 [38.176543 / 0.018602]
  3   2  119 0.127055 [38.171915 / 0.018566]
  3   2  159 0.127652 [38.172245 / 0.018448]
  3   2  199 0.126814 [38.171282 / 0.019630]
  3   2  239 0.127806 [38.175858 / 0.019480]
  3   2  279 0.127252 [38.172275 / 0.020106]
  3   2  319 0.128470 [38.172481 / 0.019046]
  3   2  359 0.127473 [38.173174 / 0.019226]
  3   2  399 0.128613 [38.173870 / 0.019699]
  3   2  439 0.128747 [38.177650 / 0.018352]
  3   3   39 0.127226 [38.176076 / 0.018821]
  3   3   79 0.127792 [38.179526 / 0.018503]
  3   3  119 0.128562 [38.182153 / 0.018728]
  3   3  159 0.128143 [38.183236 / 0.019467]
  3   3  199 0.128813 [38.186529 / 0.020029]
  3   3  239 0.128287 [38.191522 / 0.018819]
  3   3  279 0.127958 [38.188130 / 0.020101]
  3   3  319 0.126811 [38.182182 / 0.019206]
  3   3  359 0.127573 [38.182339 / 0.019426]
  3   3  399 0.128071 [38.182822 / 0.019527]
  3   3  439 0.126105 [38.176397 / 0.020043]
  3   4   39 0.128737 [38.180824 / 0.018753]
  3   4   79 0.127190 [38.176751 / 0.019136]
  3   4  119 0.126845 [38.174115 / 0.019083]
  3   4  159 0.128446 [38.176077 / 0.019279]
  3   4  199 0.129280 [38.183924 / 0.018953]
  3   4  239 0.126357 [38.184247 / 0.019284]
  3   4  279 0.127322 [38.183076 / 0.019356]
  3   4  319 0.126337 [38.182200 / 0.019060]
  3   4  359 0.128292 [38.180279 / 0.019583]
  3   4  399 0.126813 [38.176541 / 0.019857]
  3   4  439 0.127011 [38.177660 / 0.019578]
  4   0   39 0.126647 [38.176047 / 0.010335]
  4   0   79 0.128316 [38.177728 / 0.009682]
  4   0  119 0.128286 [38.180711 / 0.010087]
  4   0  159 0.126259 [38.182152 / 0.009370]
  4   0  199 0.127554 [38.181522 / 0.009405]
  4   0  239 0.126120 [38.181202 / 0.009515]
  4   0  279 0.127327 [38.181927 / 0.009976]
  4   0  319 0.127668 [38.181230 / 0.010169]
  4   0  359 0.128488 [38.182563 / 0.009324]
  4   0  399 0.127389 [38.183192 / 0.010121]
  4   0  439 0.125940 [38.180442 / 0.009737]
  4   1   39 0.126688 [38.181843 / 0.010195]
  4   1   79 0.126365 [38.180255 / 0.009227]
  4   1  119 0.126393 [38.177903 / 0.009990]
  4   1  159 0.126731 [38.176639 / 0.010121]
  4   1  199 0.126717 [38.176539 / 0.010061]
  4   1  239 0.127963 [38.176978 / 0.009933]
  4   1  279 0.128276 [38.179117 / 0.009864]
  4   1  319 0.126454 [38.178168 / 0.009703]
  4   1  359 0.127691 [38.181994 / 0.009939]
  4   1  399 0.126828 [38.181303 / 0.009818]
  4   1  439 0.128083 [38.183213 / 0.009839]
  4   2   39 0.126501 [38.184402 / 0.009718]
  4   2   79 0.126404 [38.182885 / 0.009920]
  4   2  119 0.125718 [38.182330 / 0.010310]
  4   2  159 0.127314 [38.180945 / 0.009668]
  4   2  199 0.125849 [38.178873 / 0.009457]
  4   2  239 0.127761 [38.181188 / 0.009777]
  4   2  279 0.128198 [38.184369 / 0.009499]
  4   2  319 0.126937 [38.183687 / 0.009761]
  4   2  359 0.128338 [38.185408 / 0.009986]
  4   2  399 0.127681 [38.185731 / 0.010245]
  4   2  439 0.127162 [38.186877 / 0.010485]
  4   3   39 0.126805 [38.184622 / 0.009606]
  4   3   79 0.126871 [38.183696 / 0.010601]
  4   3  119 0.126799 [38.184882 / 0.009782]
  4   3  159 0.128889 [38.188988 / 0.009928]
  4   3  199 0.126491 [38.187257 / 0.010200]
  4   3  239 0.126089 [38.185551 / 0.010186]
  4   3  279 0.128688 [38.187442 / 0.009814]
  4   3  319 0.127546 [38.189038 / 0.009789]
  4   3  359 0.126124 [38.187039 / 0.010570]
  4   3  399 0.126010 [38.185287 / 0.009717]
  4   3  439 0.126870 [38.184860 / 0.009522]
  4   4   39 0.126650 [38.185686 / 0.009640]
  4   4   79 0.127642 [38.187837 / 0.009953]
  4   4  119 0.126379 [38.188907 / 0.009978]
  4   4  159 0.126933 [38.188528 / 0.009591]
  4   4  199 0.126506 [38.189081 / 0.010292]
  4   4  239 0.127047 [38.188325 / 0.009803]
  4   4  279 0.126645 [38.187951 / 0.010037]
  4   4  319 0.126955 [38.187504 / 0.009952]
  4   4  359 0.125579 [38.184950 / 0.010194]
  4   4  399 0.127493 [38.183254 / 0.009940]
  4   4  439 0.126867 [38.183871 / 0.009639]
Sequential (
  (0): Linear (784 -> 360)
  (1): CatFactor (factors=40, categories=9, nonclass=True, output_sum=False)
  (2): Linear (360 -> 784)
)
