  0   0   39 0.639487 [19.026457 / 0.388314]
  0   0   79 0.391299 [18.812492 / 0.224387]
  0   0  119 0.308820 [19.828985 / 0.168724]
  0   0  159 0.267735 [20.698244 / 0.149863]
  0   0  199 0.245586 [21.306117 / 0.144669]
  0   0  239 0.229783 [21.696434 / 0.142487]
  0   0  279 0.222675 [21.978479 / 0.143664]
  0   0  319 0.213936 [22.135695 / 0.144992]
  0   0  359 0.209562 [22.271673 / 0.140511]
  0   0  399 0.206957 [22.358934 / 0.143433]
  0   0  439 0.201921 [22.389131 / 0.140936]
  0   1   39 0.198895 [22.425720 / 0.139563]
  0   1   79 0.197387 [22.416977 / 0.142671]
  0   1  119 0.197193 [22.458107 / 0.140695]
  0   1  159 0.193952 [22.438145 / 0.140029]
  0   1  199 0.195272 [22.448189 / 0.143533]
  0   1  239 0.190642 [22.414429 / 0.140405]
  0   1  279 0.191877 [22.369297 / 0.142741]
  0   1  319 0.190396 [22.369225 / 0.141733]
  0   1  359 0.191739 [22.396338 / 0.143031]
  0   1  399 0.190239 [22.399998 / 0.141896]
  0   1  439 0.187762 [22.325071 / 0.142576]
  0   2   39 0.188123 [22.320177 / 0.144692]
  0   2   79 0.186267 [22.274353 / 0.139224]
  0   2  119 0.185649 [22.240575 / 0.146009]
  0   2  159 0.186273 [22.235517 / 0.149023]
  0   2  199 0.186513 [22.258469 / 0.145177]
  0   2  239 0.185232 [22.212844 / 0.136898]
  0   2  279 0.184974 [22.208885 / 0.143864]
  0   2  319 0.183536 [22.212727 / 0.146165]
  0   2  359 0.182342 [22.136828 / 0.141950]
  0   2  399 0.182154 [22.118363 / 0.149767]
  0   2  439 0.184259 [22.155606 / 0.146461]
  0   3   39 0.181644 [22.125743 / 0.150088]
  0   3   79 0.181994 [22.112901 / 0.146617]
  0   3  119 0.181151 [22.096028 / 0.145844]
  0   3  159 0.179290 [22.055126 / 0.148245]
  0   3  199 0.182258 [22.067885 / 0.149171]
  0   3  239 0.180497 [22.088485 / 0.149799]
  0   3  279 0.179617 [22.043675 / 0.142689]
  0   3  319 0.181320 [22.101220 / 0.150728]
  0   3  359 0.178625 [22.055515 / 0.152554]
  0   3  399 0.178464 [22.021957 / 0.144964]
  0   3  439 0.178411 [22.038902 / 0.142356]
  0   4   39 0.179563 [22.048354 / 0.149471]
  0   4   79 0.176547 [21.990602 / 0.145723]
  0   4  119 0.176001 [22.006679 / 0.152964]
  0   4  159 0.176281 [21.994667 / 0.148979]
  0   4  199 0.176413 [21.999521 / 0.155080]
  0   4  239 0.177416 [22.005713 / 0.153536]
  0   4  279 0.177765 [22.027801 / 0.154112]
  0   4  319 0.176366 [22.030251 / 0.150924]
  0   4  359 0.174759 [21.974533 / 0.152574]
  0   4  399 0.176789 [22.009655 / 0.153670]
  0   4  439 0.176092 [22.024097 / 0.154105]
  1   0   39 0.173828 [21.959142 / 0.075637]
  1   0   79 0.173519 [21.964500 / 0.072416]
  1   0  119 0.174467 [21.965538 / 0.081713]
  1   0  159 0.173621 [21.962500 / 0.075909]
  1   0  199 0.171909 [21.939764 / 0.076206]
  1   0  239 0.174212 [21.961881 / 0.077596]
  1   0  279 0.173686 [21.975968 / 0.077455]
  1   0  319 0.172761 [21.975625 / 0.077836]
  1   0  359 0.172841 [21.964494 / 0.078669]
  1   0  399 0.173658 [21.985679 / 0.078095]
  1   0  439 0.172881 [21.964458 / 0.078006]
  1   1   39 0.172733 [21.983988 / 0.076803]
  1   1   79 0.172396 [21.966970 / 0.082285]
  1   1  119 0.172114 [21.957572 / 0.077177]
  1   1  159 0.171767 [21.944255 / 0.081124]
  1   1  199 0.172851 [21.970898 / 0.079571]
  1   1  239 0.173673 [21.972208 / 0.080097]
  1   1  279 0.171301 [21.956696 / 0.080288]
  1   1  319 0.172679 [21.969981 / 0.081795]
  1   1  359 0.171572 [21.961183 / 0.082013]
  1   1  399 0.172241 [21.977593 / 0.082086]
  1   1  439 0.172228 [21.988082 / 0.084173]
  1   2   39 0.171905 [21.951620 / 0.087808]
  1   2   79 0.171516 [21.964939 / 0.082601]
  1   2  119 0.172225 [21.980106 / 0.086394]
  1   2  159 0.170639 [21.966258 / 0.081796]
  1   2  199 0.171754 [21.952553 / 0.082138]
  1   2  239 0.172826 [21.986740 / 0.085643]
  1   2  279 0.171801 [21.976118 / 0.087206]
  1   2  319 0.171253 [21.986129 / 0.085778]
  1   2  359 0.169012 [21.965799 / 0.084469]
  1   2  399 0.170810 [21.956996 / 0.084097]
  1   2  439 0.171166 [21.949303 / 0.088147]
  1   3   39 0.169666 [21.961122 / 0.087905]
  1   3   79 0.171134 [21.972393 / 0.086991]
  1   3  119 0.171515 [21.984061 / 0.085287]
  1   3  159 0.170494 [21.966231 / 0.086925]
  1   3  199 0.170312 [21.962789 / 0.084591]
  1   3  239 0.170780 [21.969427 / 0.087917]
  1   3  279 0.170768 [21.972901 / 0.086065]
  1   3  319 0.170925 [21.965586 / 0.087965]
  1   3  359 0.169040 [21.921224 / 0.087826]
  1   3  399 0.170434 [21.938061 / 0.089686]
  1   3  439 0.170996 [21.962471 / 0.088623]
  1   4   39 0.169811 [21.969864 / 0.087874]
  1   4   79 0.170131 [21.954372 / 0.088512]
  1   4  119 0.170434 [21.959804 / 0.089104]
  1   4  159 0.169639 [21.952698 / 0.087742]
  1   4  199 0.168863 [21.924116 / 0.090321]
  1   4  239 0.169195 [21.931986 / 0.090067]
  1   4  279 0.170214 [21.951118 / 0.088355]
  1   4  319 0.170847 [21.969825 / 0.087539]
  1   4  359 0.170960 [21.969346 / 0.088978]
  1   4  399 0.170359 [21.977815 / 0.088679]
  1   4  439 0.167572 [21.951000 / 0.090086]
  2   0   39 0.167265 [21.943805 / 0.045545]
  2   0   79 0.169429 [21.945959 / 0.043963]
  2   0  119 0.168968 [21.949993 / 0.044764]
  2   0  159 0.169512 [21.947784 / 0.044799]
  2   0  199 0.169172 [21.958658 / 0.044749]
  2   0  239 0.168673 [21.946979 / 0.045937]
  2   0  279 0.168786 [21.947970 / 0.046760]
  2   0  319 0.169840 [21.951647 / 0.046841]
  2   0  359 0.168609 [21.947007 / 0.046126]
  2   0  399 0.167963 [21.947153 / 0.044863]
  2   0  439 0.168793 [21.935103 / 0.046428]
  2   1   39 0.167682 [21.935679 / 0.044300]
  2   1   79 0.170672 [21.961341 / 0.046204]
  2   1  119 0.167543 [21.948918 / 0.048305]
  2   1  159 0.169488 [21.969129 / 0.047447]
  2   1  199 0.167718 [21.969975 / 0.046717]
  2   1  239 0.168691 [21.955750 / 0.046954]
  2   1  279 0.168632 [21.952202 / 0.046190]
  2   1  319 0.168725 [21.961348 / 0.046253]
  2   1  359 0.168673 [21.951461 / 0.047646]
  2   1  399 0.168650 [21.951133 / 0.048597]
  2   1  439 0.167226 [21.941193 / 0.049712]
  2   2   39 0.167436 [21.915903 / 0.052599]
  2   2   79 0.167936 [21.917733 / 0.050767]
  2   2  119 0.171052 [21.950631 / 0.049148]
  2   2  159 0.167116 [21.950976 / 0.047031]
  2   2  199 0.167606 [21.932152 / 0.049492]
  2   2  239 0.168108 [21.940407 / 0.049353]
  2   2  279 0.167063 [21.926062 / 0.051698]
  2   2  319 0.166991 [21.922434 / 0.049725]
  2   2  359 0.168523 [21.930125 / 0.050236]
  2   2  399 0.170398 [21.963563 / 0.049794]
  2   2  439 0.168521 [21.964484 / 0.049371]
  2   3   39 0.168542 [21.967309 / 0.050116]
  2   3   79 0.167109 [21.959611 / 0.049796]
  2   3  119 0.167722 [21.948439 / 0.050346]
  2   3  159 0.169183 [21.956487 / 0.049962]
  2   3  199 0.167494 [21.947655 / 0.050875]
  2   3  239 0.167456 [21.935484 / 0.052081]
  2   3  279 0.167290 [21.943618 / 0.048367]
  2   3  319 0.168135 [21.954001 / 0.050434]
  2   3  359 0.168345 [21.942502 / 0.051042]
  2   3  399 0.167379 [21.952039 / 0.050684]
  2   3  439 0.167712 [21.951534 / 0.052541]
  2   4   39 0.166033 [21.954664 / 0.047693]
  2   4   79 0.169647 [21.957958 / 0.049397]
  2   4  119 0.166771 [21.949908 / 0.050892]
  2   4  159 0.168536 [21.946895 / 0.053028]
  2   4  199 0.168442 [21.957428 / 0.053740]
  2   4  239 0.168419 [21.966484 / 0.052057]
  2   4  279 0.167070 [21.960616 / 0.055390]
  2   4  319 0.166114 [21.953274 / 0.049629]
  2   4  359 0.168735 [21.957663 / 0.051128]
  2   4  399 0.166665 [21.959294 / 0.048153]
  2   4  439 0.169371 [21.962683 / 0.051876]
  3   0   39 0.168105 [21.957486 / 0.025515]
  3   0   79 0.165813 [21.942656 / 0.026346]
  3   0  119 0.167277 [21.943567 / 0.025115]
  3   0  159 0.166679 [21.945638 / 0.025532]
  3   0  199 0.167980 [21.950956 / 0.025382]
  3   0  239 0.166288 [21.943350 / 0.025216]
  3   0  279 0.168168 [21.954542 / 0.024536]
  3   0  319 0.167489 [21.949721 / 0.026608]
  3   0  359 0.167949 [21.952574 / 0.025037]
  3   0  399 0.167126 [21.953507 / 0.025403]
  3   0  439 0.166654 [21.948381 / 0.026176]
  3   1   39 0.167657 [21.953616 / 0.027179]
  3   1   79 0.167487 [21.951663 / 0.025138]
  3   1  119 0.167239 [21.955491 / 0.024818]
  3   1  159 0.168121 [21.957393 / 0.026311]
  3   1  199 0.166873 [21.958006 / 0.025923]
  3   1  239 0.168191 [21.962770 / 0.025217]
  3   1  279 0.165806 [21.952723 / 0.026319]
  3   1  319 0.165315 [21.941792 / 0.025898]
  3   1  359 0.168612 [21.953600 / 0.026125]
  3   1  399 0.167145 [21.952505 / 0.026127]
  3   1  439 0.166739 [21.954641 / 0.026191]
  3   2   39 0.165038 [21.938822 / 0.026227]
  3   2   79 0.166981 [21.942762 / 0.026989]
  3   2  119 0.167972 [21.950523 / 0.027776]
  3   2  159 0.167050 [21.948905 / 0.026373]
  3   2  199 0.167902 [21.950200 / 0.026952]
  3   2  239 0.167021 [21.955246 / 0.026217]
  3   2  279 0.166510 [21.955196 / 0.027437]
  3   2  319 0.167939 [21.953942 / 0.026916]
  3   2  359 0.166302 [21.947903 / 0.026218]
  3   2  399 0.167410 [21.948622 / 0.026288]
  3   2  439 0.167636 [21.951272 / 0.027014]
  3   3   39 0.166067 [21.946202 / 0.026997]
  3   3   79 0.167774 [21.950691 / 0.027417]
  3   3  119 0.165954 [21.947791 / 0.026473]
  3   3  159 0.168763 [21.951228 / 0.027049]
  3   3  199 0.166756 [21.952592 / 0.027815]
  3   3  239 0.165076 [21.945323 / 0.027415]
  3   3  279 0.168015 [21.948712 / 0.027489]
  3   3  319 0.167824 [21.953405 / 0.028333]
  3   3  359 0.165491 [21.945015 / 0.027163]
  3   3  399 0.166748 [21.941734 / 0.026737]
  3   3  439 0.169206 [21.950620 / 0.027787]
  3   4   39 0.166061 [21.950117 / 0.027840]
  3   4   79 0.166415 [21.951295 / 0.030118]
  3   4  119 0.167895 [21.956780 / 0.027859]
  3   4  159 0.164803 [21.943740 / 0.026761]
  3   4  199 0.167336 [21.943291 / 0.027324]
  3   4  239 0.167981 [21.951745 / 0.026650]
  3   4  279 0.167408 [21.952393 / 0.026565]
  3   4  319 0.166206 [21.957280 / 0.026912]
  3   4  359 0.167330 [21.957329 / 0.027560]
  3   4  399 0.165836 [21.951414 / 0.027631]
  3   4  439 0.168461 [21.959961 / 0.027317]
  4   0   39 0.166795 [21.956103 / 0.013572]
  4   0   79 0.166887 [21.955458 / 0.014110]
  4   0  119 0.166473 [21.953004 / 0.013220]
  4   0  159 0.165495 [21.953029 / 0.014421]
  4   0  199 0.166127 [21.950825 / 0.013772]
  4   0  239 0.168205 [21.954521 / 0.015627]
  4   0  279 0.165718 [21.950629 / 0.014677]
  4   0  319 0.166498 [21.949755 / 0.013960]
  4   0  359 0.168036 [21.952027 / 0.013939]
  4   0  399 0.167322 [21.952960 / 0.014069]
  4   0  439 0.166606 [21.955623 / 0.014246]
  4   1   39 0.166467 [21.948257 / 0.013321]
  4   1   79 0.167862 [21.954161 / 0.014158]
  4   1  119 0.164506 [21.948000 / 0.014158]
  4   1  159 0.166619 [21.946415 / 0.014189]
  4   1  199 0.164892 [21.941062 / 0.013257]
  4   1  239 0.167726 [21.944837 / 0.013718]
  4   1  279 0.166949 [21.944286 / 0.013594]
  4   1  319 0.166453 [21.946724 / 0.014326]
  4   1  359 0.167599 [21.955663 / 0.013494]
  4   1  399 0.168512 [21.957701 / 0.013971]
  4   1  439 0.166195 [21.955786 / 0.014024]
  4   2   39 0.166461 [21.953994 / 0.013757]
  4   2   79 0.166161 [21.951984 / 0.013331]
  4   2  119 0.168391 [21.954748 / 0.014561]
  4   2  159 0.166117 [21.952977 / 0.013906]
  4   2  199 0.165361 [21.949627 / 0.015142]
  4   2  239 0.167607 [21.952906 / 0.014217]
  4   2  279 0.165946 [21.952030 / 0.013822]
  4   2  319 0.166091 [21.951365 / 0.013828]
  4   2  359 0.165909 [21.949983 / 0.014126]
  4   2  399 0.166078 [21.947593 / 0.014474]
  4   2  439 0.166595 [21.946410 / 0.014025]
  4   3   39 0.167377 [21.954448 / 0.014018]
  4   3   79 0.164540 [21.945756 / 0.013700]
  4   3  119 0.167153 [21.950371 / 0.013694]
  4   3  159 0.166479 [21.948998 / 0.014401]
  4   3  199 0.166265 [21.948572 / 0.014718]
  4   3  239 0.167358 [21.950891 / 0.013822]
  4   3  279 0.165756 [21.948707 / 0.013283]
  4   3  319 0.167230 [21.951634 / 0.014519]
  4   3  359 0.166109 [21.951099 / 0.013892]
  4   3  399 0.166755 [21.952388 / 0.014132]
  4   3  439 0.166056 [21.947511 / 0.014801]
  4   4   39 0.167071 [21.946401 / 0.013894]
  4   4   79 0.165304 [21.944897 / 0.014226]
  4   4  119 0.168879 [21.946925 / 0.015079]
  4   4  159 0.167011 [21.952168 / 0.013984]
  4   4  199 0.165750 [21.951946 / 0.014615]
  4   4  239 0.166896 [21.952952 / 0.014226]
  4   4  279 0.165728 [21.957301 / 0.013781]
  4   4  319 0.165978 [21.951662 / 0.014287]
  4   4  359 0.166897 [21.951651 / 0.016137]
  4   4  399 0.165755 [21.950252 / 0.013758]
  4   4  439 0.166341 [21.946887 / 0.013870]
Sequential (
  (0): Linear (784 -> 720)
  (1): CatFactor (factors=80, categories=9, nonclass=True)
  (2): Linear (720 -> 784)
)
