  0   0   39 0.925637 [31.531916 / 0.525412]
  0   0   79 0.775499 [36.968432 / 0.368682]
  0   0  119 0.683680 [41.214309 / 0.324307]
  0   0  159 0.610243 [44.173403 / 0.304078]
  0   0  199 0.558009 [46.442933 / 0.290222]
  0   0  239 0.516565 [48.524966 / 0.293030]
  0   0  279 0.469758 [49.932791 / 0.270828]
  0   0  319 0.439791 [51.112888 / 0.267718]
  0   0  359 0.415366 [52.329986 / 0.279091]
  0   0  399 0.387233 [53.243171 / 0.275820]
  0   0  439 0.368370 [53.967243 / 0.265115]
  0   1   39 0.336455 [54.979415 / 0.248937]
  0   1   79 0.317276 [55.506928 / 0.254174]
  0   1  119 0.305449 [56.169313 / 0.243820]
  0   1  159 0.287849 [56.556627 / 0.257008]
  0   1  199 0.278319 [57.074428 / 0.252769]
  0   1  239 0.266556 [57.651196 / 0.259239]
  0   1  279 0.255670 [58.091104 / 0.254210]
  0   1  319 0.240735 [58.414319 / 0.241975]
  0   1  359 0.233964 [58.860562 / 0.245809]
  0   1  399 0.222883 [59.219597 / 0.235447]
  0   1  439 0.215868 [59.492297 / 0.239258]
  0   2   39 0.200188 [59.922987 / 0.229923]
  0   2   79 0.198378 [60.139671 / 0.241378]
  0   2  119 0.192800 [60.443639 / 0.231473]
  0   2  159 0.185154 [60.614448 / 0.215462]
  0   2  199 0.180879 [60.728411 / 0.232928]
  0   2  239 0.176862 [60.890739 / 0.233729]
  0   2  279 0.173818 [61.033656 / 0.235508]
  0   2  319 0.170019 [61.189348 / 0.224308]
  0   2  359 0.169522 [61.385342 / 0.227576]
  0   2  399 0.162883 [61.436193 / 0.221591]
  0   2  439 0.160461 [61.501512 / 0.216403]
  0   3   39 0.154849 [61.675230 / 0.215149]
  0   3   79 0.153603 [61.771760 / 0.208417]
  0   3  119 0.149730 [61.738181 / 0.208926]
  0   3  159 0.151462 [61.867985 / 0.216734]
  0   3  199 0.147956 [61.896262 / 0.224130]
  0   3  239 0.147359 [61.964309 / 0.212093]
  0   3  279 0.145676 [62.006679 / 0.216822]
  0   3  319 0.145126 [62.075517 / 0.234216]
  0   3  359 0.144592 [62.169124 / 0.219109]
  0   3  399 0.139600 [62.090568 / 0.202255]
  0   3  439 0.138600 [62.100157 / 0.203059]
  0   4   39 0.138886 [62.237951 / 0.201081]
  0   4   79 0.137286 [62.224234 / 0.203372]
  0   4  119 0.135740 [62.228773 / 0.214365]
  0   4  159 0.134863 [62.240743 / 0.202363]
  0   4  199 0.134498 [62.198630 / 0.211244]
  0   4  239 0.135001 [62.245469 / 0.222936]
  0   4  279 0.133889 [62.240457 / 0.210177]
  0   4  319 0.132472 [62.239677 / 0.195746]
  0   4  359 0.132989 [62.249005 / 0.197010]
  0   4  399 0.131876 [62.215938 / 0.198853]
  0   4  439 0.130887 [62.219262 / 0.192332]
  1   0   39 0.129476 [62.192667 / 0.100837]
  1   0   79 0.128911 [62.167906 / 0.100919]
  1   0  119 0.126847 [62.133509 / 0.101854]
  1   0  159 0.128043 [62.128064 / 0.101681]
  1   0  199 0.127178 [62.091208 / 0.102687]
  1   0  239 0.126354 [62.063332 / 0.101169]
  1   0  279 0.126459 [62.061059 / 0.094314]
  1   0  319 0.125803 [62.020482 / 0.112342]
  1   0  359 0.126916 [62.042357 / 0.097314]
  1   0  399 0.125435 [62.020047 / 0.102616]
  1   0  439 0.127530 [62.020736 / 0.105571]
  1   1   39 0.125046 [61.991910 / 0.107234]
  1   1   79 0.124082 [61.973595 / 0.102696]
  1   1  119 0.126085 [61.985741 / 0.109907]
  1   1  159 0.124504 [61.961429 / 0.105740]
  1   1  199 0.124310 [61.949403 / 0.103792]
  1   1  239 0.124923 [61.924159 / 0.104750]
  1   1  279 0.125076 [61.894732 / 0.111285]
  1   1  319 0.125472 [61.896812 / 0.106362]
  1   1  359 0.126066 [61.898377 / 0.104868]
  1   1  399 0.123621 [61.856451 / 0.108044]
  1   1  439 0.125651 [61.847368 / 0.103042]
  1   2   39 0.123114 [61.839896 / 0.106494]
  1   2   79 0.122512 [61.818919 / 0.099137]
  1   2  119 0.124331 [61.810772 / 0.108014]
  1   2  159 0.124067 [61.799680 / 0.103743]
  1   2  199 0.124588 [61.805161 / 0.103670]
  1   2  239 0.123806 [61.786782 / 0.101045]
  1   2  279 0.123502 [61.774579 / 0.103939]
  1   2  319 0.123407 [61.762966 / 0.106270]
  1   2  359 0.124731 [61.758881 / 0.101534]
  1   2  399 0.122792 [61.741555 / 0.105917]
  1   2  439 0.122881 [61.692477 / 0.102235]
  1   3   39 0.122714 [61.651908 / 0.109036]
  1   3   79 0.123578 [61.651898 / 0.103142]
  1   3  119 0.122871 [61.658488 / 0.101375]
  1   3  159 0.122236 [61.634423 / 0.101525]
  1   3  199 0.122657 [61.616402 / 0.099142]
  1   3  239 0.120946 [61.565112 / 0.102462]
  1   3  279 0.121093 [61.551068 / 0.103015]
  1   3  319 0.120854 [61.510549 / 0.104744]
  1   3  359 0.122166 [61.496592 / 0.101185]
  1   3  399 0.123821 [61.516819 / 0.101544]
  1   3  439 0.121062 [61.494533 / 0.101852]
  1   4   39 0.122855 [61.527511 / 0.104145]
  1   4   79 0.121059 [61.527862 / 0.099957]
  1   4  119 0.120873 [61.461484 / 0.098816]
  1   4  159 0.120645 [61.428941 / 0.102343]
  1   4  199 0.119872 [61.379995 / 0.102348]
  1   4  239 0.121712 [61.374482 / 0.104286]
  1   4  279 0.120348 [61.355392 / 0.098806]
  1   4  319 0.123257 [61.358382 / 0.107363]
  1   4  359 0.121983 [61.346199 / 0.100917]
  1   4  399 0.121048 [61.330664 / 0.103955]
  1   4  439 0.121273 [61.290546 / 0.106624]
  2   0   39 0.118301 [61.253243 / 0.048548]
  2   0   79 0.118016 [61.232820 / 0.051299]
  2   0  119 0.119406 [61.215958 / 0.050141]
  2   0  159 0.120747 [61.217491 / 0.050942]
  2   0  199 0.120646 [61.198575 / 0.053584]
  2   0  239 0.119380 [61.203534 / 0.049065]
  2   0  279 0.120067 [61.201843 / 0.054225]
  2   0  319 0.117516 [61.170375 / 0.051857]
  2   0  359 0.119740 [61.141634 / 0.053884]
  2   0  399 0.120079 [61.141461 / 0.055665]
  2   0  439 0.120095 [61.141471 / 0.055224]
  2   1   39 0.119604 [61.142784 / 0.054359]
  2   1   79 0.121223 [61.136439 / 0.055136]
  2   1  119 0.119185 [61.127593 / 0.056865]
  2   1  159 0.119722 [61.122481 / 0.052192]
  2   1  199 0.118095 [61.090904 / 0.053014]
  2   1  239 0.119485 [61.081005 / 0.058262]
  2   1  279 0.120193 [61.087381 / 0.055235]
  2   1  319 0.119171 [61.074287 / 0.052570]
  2   1  359 0.117134 [61.052033 / 0.054997]
  2   1  399 0.117127 [61.012284 / 0.053779]
  2   1  439 0.119253 [60.995062 / 0.054368]
  2   2   39 0.117770 [60.961472 / 0.055504]
  2   2   79 0.118863 [60.963180 / 0.057833]
  2   2  119 0.116639 [60.956273 / 0.050189]
  2   2  159 0.119950 [60.954867 / 0.053536]
  2   2  199 0.120898 [60.966531 / 0.056061]
  2   2  239 0.118748 [60.952646 / 0.055987]
  2   2  279 0.118703 [60.936963 / 0.053134]
  2   2  319 0.118593 [60.927886 / 0.054369]
  2   2  359 0.118274 [60.904533 / 0.052337]
  2   2  399 0.119949 [60.905650 / 0.055492]
  2   2  439 0.119846 [60.900199 / 0.056009]
  2   3   39 0.119748 [60.884734 / 0.057849]
  2   3   79 0.118309 [60.882741 / 0.053848]
  2   3  119 0.116050 [60.858211 / 0.054069]
  2   3  159 0.119569 [60.854019 / 0.053001]
  2   3  199 0.117856 [60.834073 / 0.055337]
  2   3  239 0.119506 [60.825528 / 0.054122]
  2   3  279 0.119213 [60.822494 / 0.055840]
  2   3  319 0.119473 [60.812658 / 0.056209]
  2   3  359 0.117480 [60.797133 / 0.049308]
  2   3  399 0.119634 [60.801452 / 0.053220]
  2   3  439 0.119233 [60.795262 / 0.055558]
  2   4   39 0.118936 [60.772028 / 0.055761]
  2   4   79 0.118785 [60.771486 / 0.058384]
  2   4  119 0.118261 [60.753064 / 0.055347]
  2   4  159 0.119152 [60.752860 / 0.054885]
  2   4  199 0.118366 [60.734256 / 0.052430]
  2   4  239 0.117418 [60.733221 / 0.058237]
  2   4  279 0.118081 [60.718575 / 0.051481]
  2   4  319 0.117337 [60.701826 / 0.056062]
  2   4  359 0.119363 [60.691463 / 0.054241]
  2   4  399 0.118808 [60.681318 / 0.055891]
  2   4  439 0.118645 [60.687426 / 0.058020]
  3   0   39 0.117019 [60.664964 / 0.027703]
  3   0   79 0.116466 [60.655913 / 0.027298]
  3   0  119 0.116819 [60.652142 / 0.031456]
  3   0  159 0.117949 [60.642593 / 0.027474]
  3   0  199 0.117355 [60.633883 / 0.027710]
  3   0  239 0.117195 [60.628921 / 0.027868]
  3   0  279 0.117376 [60.621919 / 0.027543]
  3   0  319 0.117323 [60.626550 / 0.030550]
  3   0  359 0.119127 [60.625827 / 0.028343]
  3   0  399 0.117657 [60.619092 / 0.027991]
  3   0  439 0.116946 [60.609395 / 0.028043]
  3   1   39 0.117357 [60.593653 / 0.026875]
  3   1   79 0.116999 [60.589009 / 0.028654]
  3   1  119 0.116660 [60.583106 / 0.031292]
  3   1  159 0.117214 [60.582464 / 0.027512]
  3   1  199 0.118473 [60.584472 / 0.027718]
  3   1  239 0.117289 [60.575365 / 0.028303]
  3   1  279 0.117228 [60.570010 / 0.028537]
  3   1  319 0.118422 [60.575060 / 0.027552]
  3   1  359 0.116634 [60.564785 / 0.028746]
  3   1  399 0.116724 [60.548988 / 0.029908]
  3   1  439 0.116362 [60.538625 / 0.030330]
  3   2   39 0.116985 [60.535168 / 0.027431]
  3   2   79 0.116875 [60.527266 / 0.026541]
  3   2  119 0.115099 [60.512500 / 0.027225]
  3   2  159 0.117881 [60.507938 / 0.028114]
  3   2  199 0.116715 [60.506738 / 0.027039]
  3   2  239 0.117054 [60.500550 / 0.027281]
  3   2  279 0.116312 [60.494602 / 0.028251]
  3   2  319 0.116722 [60.486228 / 0.029174]
  3   2  359 0.118019 [60.483673 / 0.028643]
  3   2  399 0.117131 [60.480647 / 0.027394]
  3   2  439 0.118276 [60.476589 / 0.030790]
  3   3   39 0.116779 [60.478950 / 0.027608]
  3   3   79 0.116757 [60.471581 / 0.027859]
  3   3  119 0.117095 [60.469424 / 0.028024]
  3   3  159 0.118452 [60.469891 / 0.028457]
  3   3  199 0.116289 [60.470688 / 0.029835]
  3   3  239 0.116308 [60.461182 / 0.027040]
  3   3  279 0.118068 [60.457255 / 0.027352]
  3   3  319 0.115316 [60.445994 / 0.028045]
  3   3  359 0.117774 [60.441082 / 0.029533]
  3   3  399 0.116790 [60.430938 / 0.029806]
  3   3  439 0.117607 [60.422711 / 0.028763]
  3   4   39 0.116115 [60.413795 / 0.025512]
  3   4   79 0.116865 [60.409666 / 0.027737]
  3   4  119 0.115760 [60.399944 / 0.028228]
  3   4  159 0.115190 [60.390187 / 0.028872]
  3   4  199 0.116576 [60.377949 / 0.031168]
  3   4  239 0.118344 [60.383833 / 0.028386]
  3   4  279 0.118369 [60.385660 / 0.028177]
  3   4  319 0.117760 [60.382664 / 0.030561]
  3   4  359 0.117094 [60.386657 / 0.030715]
  3   4  399 0.117476 [60.385365 / 0.027755]
  3   4  439 0.117278 [60.378230 / 0.029845]
  4   0   39 0.118059 [60.377916 / 0.013760]
  4   0   79 0.118139 [60.376843 / 0.013995]
  4   0  119 0.116176 [60.371493 / 0.015553]
  4   0  159 0.117672 [60.371478 / 0.015095]
  4   0  199 0.113329 [60.363973 / 0.014786]
  4   0  239 0.117277 [60.358173 / 0.015698]
  4   0  279 0.116244 [60.354120 / 0.014620]
  4   0  319 0.115824 [60.350382 / 0.015455]
  4   0  359 0.115379 [60.348789 / 0.014122]
  4   0  399 0.116164 [60.347044 / 0.014500]
  4   0  439 0.116376 [60.346647 / 0.013963]
  4   1   39 0.115502 [60.338702 / 0.014792]
  4   1   79 0.116013 [60.333848 / 0.013880]
  4   1  119 0.115912 [60.328748 / 0.014020]
  4   1  159 0.114749 [60.322031 / 0.013824]
  4   1  199 0.117223 [60.320463 / 0.015225]
  4   1  239 0.116490 [60.316429 / 0.014505]
  4   1  279 0.117075 [60.318546 / 0.014676]
  4   1  319 0.116246 [60.318080 / 0.014182]
  4   1  359 0.116072 [60.314702 / 0.015036]
  4   1  399 0.115860 [60.315374 / 0.015594]
  4   1  439 0.117802 [60.313521 / 0.014233]
  4   2   39 0.116086 [60.310954 / 0.015172]
  4   2   79 0.118303 [60.313409 / 0.014497]
  4   2  119 0.116897 [60.312103 / 0.016097]
  4   2  159 0.116220 [60.309498 / 0.013972]
  4   2  199 0.116428 [60.307447 / 0.014613]
  4   2  239 0.114180 [60.298992 / 0.014077]
  4   2  279 0.116846 [60.294167 / 0.014449]
  4   2  319 0.117449 [60.295466 / 0.015327]
  4   2  359 0.116025 [60.294191 / 0.014939]
  4   2  399 0.116439 [60.291808 / 0.014600]
  4   2  439 0.115880 [60.289211 / 0.015250]
  4   3   39 0.115085 [60.280462 / 0.014741]
  4   3   79 0.115173 [60.277320 / 0.016092]
  4   3  119 0.117358 [60.276074 / 0.015057]
  4   3  159 0.116731 [60.272625 / 0.015169]
  4   3  199 0.115831 [60.267019 / 0.014974]
  4   3  239 0.117385 [60.265567 / 0.014202]
  4   3  279 0.115907 [60.264616 / 0.014204]
  4   3  319 0.116265 [60.263292 / 0.014479]
  4   3  359 0.117030 [60.260350 / 0.013477]
  4   3  399 0.114618 [60.256043 / 0.013920]
  4   3  439 0.115602 [60.254213 / 0.014366]
  4   4   39 0.116167 [60.256833 / 0.014814]
  4   4   79 0.114854 [60.249723 / 0.015698]
  4   4  119 0.117345 [60.250016 / 0.014854]
  4   4  159 0.114541 [60.248228 / 0.013840]
  4   4  199 0.115049 [60.243223 / 0.014551]
  4   4  239 0.116509 [60.239149 / 0.014576]
  4   4  279 0.116288 [60.238993 / 0.015221]
  4   4  319 0.116329 [60.236829 / 0.014699]
  4   4  359 0.117446 [60.238783 / 0.014886]
  4   4  399 0.116730 [60.237308 / 0.014767]
  4   4  439 0.116222 [60.233868 / 0.014322]
Sequential (
  (0): Linear (784 -> 800)
  (1): BatchNorm1d(800, eps=1e-05, momentum=0.1, affine=True)
  (2): CatFactor (factors=80, categories=10, nonclass=True, output_sum=False)
  (3): Linear (800 -> 784)
)
