  0   0   39 0.797388 [15.298577 / 0.255679]
  0   0   79 0.588647 [14.234190 / 0.161164]
  0   0  119 0.499912 [14.904576 / 0.118753]
  0   0  159 0.453387 [15.931556 / 0.105394]
  0   0  199 0.424059 [16.921492 / 0.093993]
  0   0  239 0.400227 [17.768265 / 0.084363]
  0   0  279 0.384212 [18.437402 / 0.081396]
  0   0  319 0.371918 [18.982986 / 0.078309]
  0   0  359 0.362494 [19.412738 / 0.081523]
  0   0  399 0.357997 [19.811977 / 0.077082]
  0   0  439 0.347875 [20.061976 / 0.073265]
  0   1   39 0.342664 [20.476317 / 0.082673]
  0   1   79 0.335912 [20.617210 / 0.078507]
  0   1  119 0.336078 [20.760125 / 0.076044]
  0   1  159 0.332325 [20.862311 / 0.079143]
  0   1  199 0.331926 [20.948597 / 0.075597]
  0   1  239 0.328391 [21.037246 / 0.074172]
  0   1  279 0.328779 [21.120996 / 0.080169]
  0   1  319 0.325515 [21.197473 / 0.074800]
  0   1  359 0.323745 [21.211686 / 0.073594]
  0   1  399 0.324995 [21.303755 / 0.081714]
  0   1  439 0.324355 [21.346191 / 0.074162]
  0   2   39 0.321239 [21.406421 / 0.073763]
  0   2   79 0.321954 [21.463214 / 0.075851]
  0   2  119 0.319992 [21.472569 / 0.077626]
  0   2  159 0.318127 [21.531430 / 0.075130]
  0   2  199 0.320870 [21.553192 / 0.076562]
  0   2  239 0.318571 [21.576555 / 0.077256]
  0   2  279 0.315159 [21.592331 / 0.076690]
  0   2  319 0.318203 [21.629860 / 0.076811]
  0   2  359 0.316013 [21.626421 / 0.077271]
  0   2  399 0.316298 [21.647043 / 0.076007]
  0   2  439 0.315001 [21.634034 / 0.079575]
  0   3   39 0.315339 [21.657229 / 0.076098]
  0   3   79 0.315961 [21.719103 / 0.078412]
  0   3  119 0.315702 [21.761462 / 0.077621]
  0   3  159 0.310955 [21.729361 / 0.077070]
  0   3  199 0.314060 [21.759250 / 0.078266]
  0   3  239 0.314296 [21.748981 / 0.077635]
  0   3  279 0.312101 [21.729234 / 0.078153]
  0   3  319 0.313658 [21.755622 / 0.078454]
  0   3  359 0.309878 [21.756206 / 0.079771]
  0   3  399 0.310837 [21.765389 / 0.079047]
  0   3  439 0.311410 [21.791532 / 0.081300]
  0   4   39 0.311468 [21.814871 / 0.076922]
  0   4   79 0.309772 [21.794541 / 0.078317]
  0   4  119 0.312393 [21.839319 / 0.078085]
  0   4  159 0.307701 [21.814337 / 0.080156]
  0   4  199 0.308703 [21.827184 / 0.077508]
  0   4  239 0.311815 [21.831250 / 0.079778]
  0   4  279 0.310642 [21.865879 / 0.079197]
  0   4  319 0.308682 [21.876547 / 0.083981]
  0   4  359 0.306403 [21.858074 / 0.079064]
  0   4  399 0.309358 [21.876613 / 0.082756]
  0   4  439 0.311886 [21.925951 / 0.083435]
  1   0   39 0.308532 [21.904305 / 0.040290]
  1   0   79 0.308274 [21.910710 / 0.039315]
  1   0  119 0.306825 [21.904881 / 0.040142]
  1   0  159 0.307532 [21.893784 / 0.040768]
  1   0  199 0.308823 [21.908192 / 0.042403]
  1   0  239 0.306465 [21.903945 / 0.041301]
  1   0  279 0.307704 [21.902303 / 0.042505]
  1   0  319 0.308227 [21.905729 / 0.042641]
  1   0  359 0.305096 [21.903012 / 0.041267]
  1   0  399 0.306411 [21.908627 / 0.042085]
  1   0  439 0.307410 [21.916161 / 0.042949]
  1   1   39 0.308376 [21.920980 / 0.041157]
  1   1   79 0.303777 [21.912993 / 0.042851]
  1   1  119 0.307440 [21.899158 / 0.042893]
  1   1  159 0.305127 [21.901237 / 0.041870]
  1   1  199 0.307057 [21.932545 / 0.043325]
  1   1  239 0.307207 [21.959812 / 0.044117]
  1   1  279 0.304962 [21.966114 / 0.042898]
  1   1  319 0.307412 [21.955821 / 0.046046]
  1   1  359 0.304478 [21.949185 / 0.043280]
  1   1  399 0.305553 [21.951936 / 0.044097]
  1   1  439 0.308008 [21.950099 / 0.042750]
  1   2   39 0.304343 [21.980733 / 0.044171]
  1   2   79 0.304744 [21.969401 / 0.045715]
  1   2  119 0.306080 [21.967253 / 0.044583]
  1   2  159 0.308520 [21.987700 / 0.044595]
  1   2  199 0.306175 [21.998043 / 0.044682]
  1   2  239 0.308280 [22.009606 / 0.045797]
  1   2  279 0.304508 [21.983474 / 0.045533]
  1   2  319 0.305318 [21.976760 / 0.047659]
  1   2  359 0.300754 [21.960874 / 0.043757]
  1   2  399 0.304156 [21.947022 / 0.046001]
  1   2  439 0.306669 [21.990054 / 0.046488]
  1   3   39 0.305857 [22.022135 / 0.046375]
  1   3   79 0.304945 [22.036503 / 0.045330]
  1   3  119 0.303613 [22.007785 / 0.046938]
  1   3  159 0.303497 [21.993221 / 0.046947]
  1   3  199 0.307014 [22.001778 / 0.048096]
  1   3  239 0.305308 [21.997367 / 0.044727]
  1   3  279 0.304678 [21.993207 / 0.047845]
  1   3  319 0.302435 [21.998500 / 0.048514]
  1   3  359 0.302129 [21.994053 / 0.046166]
  1   3  399 0.304052 [21.998816 / 0.048981]
  1   3  439 0.305345 [22.020178 / 0.050288]
  1   4   39 0.304692 [22.018101 / 0.049026]
  1   4   79 0.302296 [22.020212 / 0.048821]
  1   4  119 0.302784 [21.993373 / 0.047693]
  1   4  159 0.305293 [22.017894 / 0.049429]
  1   4  199 0.301804 [21.994452 / 0.049219]
  1   4  239 0.306072 [22.025052 / 0.049556]
  1   4  279 0.303369 [22.047812 / 0.047466]
  1   4  319 0.302113 [22.029486 / 0.049860]
  1   4  359 0.307146 [22.033832 / 0.048053]
  1   4  399 0.305064 [22.049154 / 0.050962]
  1   4  439 0.302330 [22.040293 / 0.048774]
  2   0   39 0.305462 [22.031216 / 0.024007]
  2   0   79 0.304378 [22.034472 / 0.024210]
  2   0  119 0.301263 [22.035892 / 0.024687]
  2   0  159 0.303534 [22.026909 / 0.025459]
  2   0  199 0.302096 [22.028121 / 0.024033]
  2   0  239 0.302659 [22.026882 / 0.025481]
  2   0  279 0.303059 [22.034112 / 0.023552]
  2   0  319 0.301500 [22.026833 / 0.024119]
  2   0  359 0.303905 [22.025584 / 0.024289]
  2   0  399 0.303047 [22.035360 / 0.027173]
  2   0  439 0.301711 [22.037876 / 0.025082]
  2   1   39 0.303331 [22.036725 / 0.024922]
  2   1   79 0.300057 [22.040674 / 0.025262]
  2   1  119 0.302930 [22.042163 / 0.026762]
  2   1  159 0.302330 [22.048013 / 0.025193]
  2   1  199 0.301111 [22.052634 / 0.026223]
  2   1  239 0.303373 [22.043873 / 0.025973]
  2   1  279 0.303173 [22.045148 / 0.026632]
  2   1  319 0.301053 [22.028660 / 0.024118]
  2   1  359 0.302021 [22.031965 / 0.025255]
  2   1  399 0.303285 [22.035647 / 0.025877]
  2   1  439 0.305619 [22.045402 / 0.025569]
  2   2   39 0.300399 [22.052222 / 0.025366]
  2   2   79 0.302198 [22.044184 / 0.027010]
  2   2  119 0.299624 [22.036354 / 0.027892]
  2   2  159 0.304107 [22.046666 / 0.024936]
  2   2  199 0.301880 [22.046951 / 0.026020]
  2   2  239 0.302272 [22.039126 / 0.026827]
  2   2  279 0.302827 [22.041527 / 0.026782]
  2   2  319 0.302143 [22.039196 / 0.025934]
  2   2  359 0.302894 [22.043886 / 0.026474]
  2   2  399 0.303684 [22.050390 / 0.028676]
  2   2  439 0.306026 [22.067209 / 0.026241]
  2   3   39 0.297532 [22.057835 / 0.026792]
  2   3   79 0.303831 [22.047688 / 0.027078]
  2   3  119 0.302335 [22.054174 / 0.026891]
  2   3  159 0.302504 [22.057253 / 0.025859]
  2   3  199 0.303802 [22.057444 / 0.027497]
  2   3  239 0.303024 [22.054134 / 0.026347]
  2   3  279 0.304285 [22.060185 / 0.026975]
  2   3  319 0.301601 [22.057776 / 0.027590]
  2   3  359 0.300172 [22.063986 / 0.027790]
  2   3  399 0.300877 [22.066229 / 0.027079]
  2   3  439 0.301921 [22.075843 / 0.026013]
  2   4   39 0.300811 [22.071242 / 0.026777]
  2   4   79 0.302415 [22.071226 / 0.028213]
  2   4  119 0.301657 [22.073545 / 0.029072]
  2   4  159 0.302081 [22.067074 / 0.027899]
  2   4  199 0.300950 [22.058635 / 0.029962]
  2   4  239 0.302782 [22.051043 / 0.028970]
  2   4  279 0.303751 [22.063809 / 0.027488]
  2   4  319 0.297361 [22.067919 / 0.027856]
  2   4  359 0.303639 [22.060166 / 0.027350]
  2   4  399 0.302556 [22.062507 / 0.028544]
  2   4  439 0.304201 [22.073733 / 0.028870]
  3   0   39 0.299456 [22.076719 / 0.013910]
  3   0   79 0.299845 [22.067429 / 0.015512]
  3   0  119 0.302154 [22.067915 / 0.013690]
  3   0  159 0.303540 [22.071243 / 0.014063]
  3   0  199 0.303367 [22.072391 / 0.012840]
  3   0  239 0.303388 [22.083351 / 0.013707]
  3   0  279 0.299440 [22.080626 / 0.013640]
  3   0  319 0.299974 [22.078196 / 0.013759]
  3   0  359 0.301492 [22.073131 / 0.013675]
  3   0  399 0.302126 [22.067590 / 0.014880]
  3   0  439 0.299985 [22.066072 / 0.013598]
  3   1   39 0.299983 [22.071191 / 0.014192]
  3   1   79 0.299977 [22.070733 / 0.013997]
  3   1  119 0.299336 [22.064986 / 0.014042]
  3   1  159 0.303853 [22.063881 / 0.013934]
  3   1  199 0.303155 [22.068510 / 0.014239]
  3   1  239 0.302942 [22.073036 / 0.014159]
  3   1  279 0.301314 [22.072790 / 0.015115]
  3   1  319 0.301165 [22.074380 / 0.014097]
  3   1  359 0.299291 [22.071289 / 0.013560]
  3   1  399 0.301922 [22.068488 / 0.015253]
  3   1  439 0.302469 [22.070944 / 0.013690]
  3   2   39 0.302166 [22.075490 / 0.014294]
  3   2   79 0.300667 [22.072508 / 0.014487]
  3   2  119 0.302026 [22.078757 / 0.014391]
  3   2  159 0.298171 [22.073646 / 0.013825]
  3   2  199 0.302966 [22.073455 / 0.014430]
  3   2  239 0.300638 [22.079184 / 0.014692]
  3   2  279 0.300632 [22.076230 / 0.013780]
  3   2  319 0.301273 [22.076054 / 0.014453]
  3   2  359 0.301211 [22.070492 / 0.014243]
  3   2  399 0.302794 [22.069257 / 0.014396]
  3   2  439 0.303380 [22.073268 / 0.014533]
  3   3   39 0.301615 [22.069069 / 0.013713]
  3   3   79 0.300475 [22.069864 / 0.013767]
  3   3  119 0.300306 [22.070824 / 0.014310]
  3   3  159 0.301045 [22.071969 / 0.016118]
  3   3  199 0.304148 [22.074837 / 0.014758]
  3   3  239 0.300428 [22.075295 / 0.014604]
  3   3  279 0.301522 [22.074874 / 0.014690]
  3   3  319 0.300707 [22.073410 / 0.015686]
  3   3  359 0.301934 [22.072364 / 0.015042]
  3   3  399 0.299322 [22.070995 / 0.014694]
  3   3  439 0.301403 [22.074840 / 0.014862]
  3   4   39 0.302638 [22.083230 / 0.015630]
  3   4   79 0.298670 [22.077246 / 0.014051]
  3   4  119 0.302711 [22.079505 / 0.015745]
  3   4  159 0.300117 [22.081090 / 0.014991]
  3   4  199 0.302189 [22.079821 / 0.014865]
  3   4  239 0.300838 [22.081265 / 0.014936]
  3   4  279 0.301600 [22.085695 / 0.014698]
  3   4  319 0.299870 [22.080660 / 0.014618]
  3   4  359 0.301970 [22.081814 / 0.014235]
  3   4  399 0.301628 [22.083188 / 0.014157]
  3   4  439 0.300573 [22.077327 / 0.015082]
  4   0   39 0.298428 [22.079241 / 0.007375]
  4   0   79 0.303359 [22.079568 / 0.007899]
  4   0  119 0.299911 [22.079571 / 0.007173]
  4   0  159 0.299551 [22.080667 / 0.007491]
  4   0  199 0.301923 [22.080050 / 0.007217]
  4   0  239 0.299417 [22.077050 / 0.007405]
  4   0  279 0.302117 [22.079506 / 0.007752]
  4   0  319 0.299937 [22.078285 / 0.007454]
  4   0  359 0.301227 [22.076834 / 0.007971]
  4   0  399 0.301015 [22.080589 / 0.007313]
  4   0  439 0.302440 [22.077251 / 0.007348]
  4   1   39 0.301689 [22.079277 / 0.007336]
  4   1   79 0.300179 [22.079141 / 0.007111]
  4   1  119 0.304266 [22.079875 / 0.007701]
  4   1  159 0.300185 [22.077932 / 0.007645]
  4   1  199 0.304032 [22.081813 / 0.007726]
  4   1  239 0.299307 [22.082756 / 0.007194]
  4   1  279 0.298068 [22.081850 / 0.007507]
  4   1  319 0.300108 [22.079807 / 0.007359]
  4   1  359 0.299415 [22.077684 / 0.007600]
  4   1  399 0.300154 [22.078704 / 0.007654]
  4   1  439 0.300361 [22.076191 / 0.007427]
  4   2   39 0.302332 [22.082617 / 0.007130]
  4   2   79 0.298302 [22.079339 / 0.007418]
  4   2  119 0.301701 [22.082334 / 0.007465]
  4   2  159 0.299914 [22.080696 / 0.007793]
  4   2  199 0.303741 [22.084300 / 0.007120]
  4   2  239 0.301678 [22.082598 / 0.007469]
  4   2  279 0.299092 [22.083691 / 0.007582]
  4   2  319 0.303416 [22.084148 / 0.007226]
  4   2  359 0.300521 [22.082263 / 0.008336]
  4   2  399 0.299582 [22.082770 / 0.007267]
  4   2  439 0.301322 [22.084630 / 0.007421]
  4   3   39 0.300203 [22.081014 / 0.007641]
  4   3   79 0.302579 [22.079370 / 0.007677]
  4   3  119 0.300772 [22.083076 / 0.007545]
  4   3  159 0.302933 [22.085760 / 0.007426]
  4   3  199 0.301434 [22.088227 / 0.007893]
  4   3  239 0.299795 [22.085349 / 0.007527]
  4   3  279 0.300236 [22.086394 / 0.007407]
  4   3  319 0.298217 [22.085101 / 0.007027]
  4   3  359 0.298658 [22.081657 / 0.007051]
  4   3  399 0.301333 [22.081202 / 0.007692]
  4   3  439 0.302356 [22.083364 / 0.007866]
  4   4   39 0.300312 [22.079717 / 0.007109]
  4   4   79 0.300131 [22.081359 / 0.007232]
  4   4  119 0.300418 [22.082830 / 0.007893]
  4   4  159 0.302248 [22.086153 / 0.007451]
  4   4  199 0.301118 [22.085059 / 0.007434]
  4   4  239 0.301837 [22.084039 / 0.007552]
  4   4  279 0.299346 [22.084309 / 0.007187]
  4   4  319 0.301983 [22.087470 / 0.007409]
  4   4  359 0.299305 [22.085568 / 0.008098]
  4   4  399 0.302157 [22.084042 / 0.008012]
  4   4  439 0.300866 [22.085758 / 0.007063]
Sequential (
  (0): Linear (784 -> 200)
  (1): CatFactor (factors=20, categories=10)
  (2): Linear (200 -> 784)
)
