  0   0   39 0.679540 [24.110082 / 0.424138]
  0   0   79 0.376461 [26.108896 / 0.306208]
  0   0  119 0.270939 [28.183446 / 0.245383]
  0   0  159 0.220709 [29.918303 / 0.216236]
  0   0  199 0.189420 [31.254654 / 0.198125]
  0   0  239 0.171253 [32.346856 / 0.194382]
  0   0  279 0.158311 [33.258265 / 0.186128]
  0   0  319 0.147621 [33.947215 / 0.183354]
  0   0  359 0.140402 [34.527573 / 0.179775]
  0   0  399 0.135032 [34.998536 / 0.184258]
  0   0  439 0.129905 [35.387129 / 0.176787]
  0   1   39 0.123361 [35.869124 / 0.171307]
  0   1   79 0.120506 [36.110699 / 0.174729]
  0   1  119 0.118889 [36.330278 / 0.177229]
  0   1  159 0.117037 [36.538439 / 0.169245]
  0   1  199 0.116109 [36.698838 / 0.175328]
  0   1  239 0.113907 [36.852068 / 0.180338]
  0   1  279 0.111856 [36.939391 / 0.171360]
  0   1  319 0.111054 [37.028139 / 0.169681]
  0   1  359 0.109491 [37.089984 / 0.175968]
  0   1  399 0.107469 [37.122170 / 0.170167]
  0   1  439 0.106149 [37.158987 / 0.169313]
  0   2   39 0.105945 [37.327721 / 0.171777]
  0   2   79 0.104653 [37.369019 / 0.169623]
  0   2  119 0.104320 [37.415969 / 0.183179]
  0   2  159 0.103183 [37.421721 / 0.172503]
  0   2  199 0.104154 [37.493083 / 0.177955]
  0   2  239 0.102455 [37.505326 / 0.174317]
  0   2  279 0.101726 [37.493013 / 0.168624]
  0   2  319 0.102954 [37.552981 / 0.172529]
  0   2  359 0.102066 [37.578937 / 0.172793]
  0   2  399 0.100906 [37.611782 / 0.173685]
  0   2  439 0.100553 [37.615292 / 0.173628]
  0   3   39 0.098178 [37.616418 / 0.168864]
  0   3   79 0.099299 [37.648202 / 0.172230]
  0   3  119 0.099618 [37.699417 / 0.171670]
  0   3  159 0.099356 [37.720688 / 0.177138]
  0   3  199 0.098369 [37.717345 / 0.178111]
  0   3  239 0.098882 [37.748295 / 0.175182]
  0   3  279 0.098205 [37.748906 / 0.173526]
  0   3  319 0.096695 [37.717529 / 0.178825]
  0   3  359 0.097384 [37.706608 / 0.169227]
  0   3  399 0.097377 [37.716235 / 0.169789]
  0   3  439 0.096800 [37.715364 / 0.172963]
  0   4   39 0.095386 [37.696900 / 0.173017]
  0   4   79 0.097414 [37.773762 / 0.170809]
  0   4  119 0.096045 [37.770991 / 0.170933]
  0   4  159 0.095018 [37.753237 / 0.170968]
  0   4  199 0.095488 [37.727107 / 0.174151]
  0   4  239 0.094668 [37.695218 / 0.167808]
  0   4  279 0.094911 [37.699716 / 0.174409]
  0   4  319 0.094790 [37.695192 / 0.173442]
  0   4  359 0.094512 [37.711751 / 0.171249]
  0   4  399 0.094023 [37.675755 / 0.174623]
  0   4  439 0.094823 [37.696041 / 0.179169]
  1   0   39 0.092309 [37.655149 / 0.081257]
  1   0   79 0.092026 [37.647683 / 0.082484]
  1   0  119 0.091582 [37.642351 / 0.083261]
  1   0  159 0.092535 [37.654159 / 0.085799]
  1   0  199 0.091590 [37.654382 / 0.086662]
  1   0  239 0.091867 [37.662084 / 0.083975]
  1   0  279 0.091908 [37.661335 / 0.085681]
  1   0  319 0.091127 [37.649964 / 0.088588]
  1   0  359 0.092532 [37.673795 / 0.089261]
  1   0  399 0.092548 [37.688396 / 0.085642]
  1   0  439 0.091022 [37.665560 / 0.087189]
  1   1   39 0.090877 [37.683342 / 0.085078]
  1   1   79 0.090547 [37.665429 / 0.086816]
  1   1  119 0.089787 [37.631889 / 0.085862]
  1   1  159 0.091564 [37.632857 / 0.087718]
  1   1  199 0.091776 [37.668704 / 0.091655]
  1   1  239 0.090593 [37.671264 / 0.090031]
  1   1  279 0.090252 [37.644729 / 0.088684]
  1   1  319 0.090953 [37.658901 / 0.086914]
  1   1  359 0.090119 [37.647246 / 0.089318]
  1   1  399 0.090562 [37.650404 / 0.090493]
  1   1  439 0.090795 [37.649579 / 0.094351]
  1   2   39 0.088834 [37.638717 / 0.089391]
  1   2   79 0.090156 [37.632694 / 0.090066]
  1   2  119 0.089459 [37.635349 / 0.089620]
  1   2  159 0.090116 [37.631574 / 0.092291]
  1   2  199 0.090358 [37.637396 / 0.091078]
  1   2  239 0.090070 [37.653051 / 0.090111]
  1   2  279 0.089786 [37.641576 / 0.088618]
  1   2  319 0.089400 [37.623107 / 0.091638]
  1   2  359 0.089664 [37.630779 / 0.093852]
  1   2  399 0.090285 [37.635158 / 0.093485]
  1   2  439 0.089206 [37.625212 / 0.090532]
  1   3   39 0.089167 [37.639502 / 0.090804]
  1   3   79 0.088734 [37.627833 / 0.092294]
  1   3  119 0.088304 [37.611311 / 0.093611]
  1   3  159 0.088495 [37.591433 / 0.090606]
  1   3  199 0.089350 [37.605741 / 0.095025]
  1   3  239 0.088952 [37.593584 / 0.096164]
  1   3  279 0.089220 [37.596993 / 0.093358]
  1   3  319 0.088651 [37.592958 / 0.090924]
  1   3  359 0.089255 [37.605640 / 0.094952]
  1   3  399 0.089161 [37.613376 / 0.096154]
  1   3  439 0.087620 [37.588263 / 0.095027]
  1   4   39 0.087654 [37.590730 / 0.090008]
  1   4   79 0.087553 [37.575787 / 0.094724]
  1   4  119 0.089108 [37.586668 / 0.096939]
  1   4  159 0.087715 [37.585472 / 0.093096]
  1   4  199 0.088493 [37.572411 / 0.097298]
  1   4  239 0.087284 [37.553700 / 0.094124]
  1   4  279 0.086766 [37.520068 / 0.092566]
  1   4  319 0.087889 [37.535633 / 0.094657]
  1   4  359 0.089441 [37.564083 / 0.095986]
  1   4  399 0.088444 [37.582348 / 0.096333]
  1   4  439 0.088003 [37.573005 / 0.094023]
  2   0   39 0.087116 [37.566364 / 0.046881]
  2   0   79 0.086334 [37.561008 / 0.045478]
  2   0  119 0.087008 [37.558192 / 0.047680]
  2   0  159 0.086364 [37.547902 / 0.048243]
  2   0  199 0.086491 [37.547170 / 0.047686]
  2   0  239 0.085793 [37.535577 / 0.047185]
  2   0  279 0.086998 [37.542647 / 0.047335]
  2   0  319 0.086616 [37.544921 / 0.047778]
  2   0  359 0.086836 [37.544739 / 0.047359]
  2   0  399 0.085660 [37.527538 / 0.047277]
  2   0  439 0.086962 [37.529139 / 0.047656]
  2   1   39 0.086584 [37.547126 / 0.047978]
  2   1   79 0.086164 [37.538898 / 0.049269]
  2   1  119 0.087116 [37.550827 / 0.048858]
  2   1  159 0.086213 [37.551042 / 0.052079]
  2   1  199 0.085329 [37.536557 / 0.048636]
  2   1  239 0.086310 [37.534298 / 0.049564]
  2   1  279 0.086625 [37.534554 / 0.049861]
  2   1  319 0.086342 [37.531926 / 0.049854]
  2   1  359 0.085414 [37.524653 / 0.047985]
  2   1  399 0.086324 [37.524447 / 0.049599]
  2   1  439 0.086608 [37.524528 / 0.049449]
  2   2   39 0.086566 [37.528833 / 0.049374]
  2   2   79 0.086312 [37.531485 / 0.048510]
  2   2  119 0.086129 [37.531687 / 0.052909]
  2   2  159 0.085558 [37.531484 / 0.049102]
  2   2  199 0.085431 [37.522285 / 0.050298]
  2   2  239 0.086242 [37.520882 / 0.048789]
  2   2  279 0.085898 [37.521797 / 0.048993]
  2   2  319 0.085367 [37.519219 / 0.050930]
  2   2  359 0.085779 [37.517672 / 0.052338]
  2   2  399 0.085830 [37.528844 / 0.049867]
  2   2  439 0.086091 [37.529365 / 0.051939]
  2   3   39 0.086145 [37.522982 / 0.049249]
  2   3   79 0.085967 [37.528517 / 0.052616]
  2   3  119 0.085464 [37.527039 / 0.050872]
  2   3  159 0.085388 [37.525247 / 0.050927]
  2   3  199 0.085294 [37.516384 / 0.050348]
  2   3  239 0.085263 [37.513979 / 0.050834]
  2   3  279 0.086128 [37.518907 / 0.050234]
  2   3  319 0.085045 [37.515859 / 0.052631]
  2   3  359 0.085121 [37.505396 / 0.050644]
  2   3  399 0.085443 [37.500753 / 0.051965]
  2   3  439 0.085598 [37.498344 / 0.051748]
  2   4   39 0.085179 [37.499881 / 0.052510]
  2   4   79 0.085480 [37.497771 / 0.052784]
  2   4  119 0.086293 [37.508110 / 0.051392]
  2   4  159 0.085339 [37.503889 / 0.051685]
  2   4  199 0.083958 [37.489159 / 0.052470]
  2   4  239 0.085735 [37.504814 / 0.052031]
  2   4  279 0.083504 [37.489367 / 0.051525]
  2   4  319 0.085389 [37.489317 / 0.053068]
  2   4  359 0.085387 [37.493960 / 0.053689]
  2   4  399 0.085424 [37.504598 / 0.052887]
  2   4  439 0.085852 [37.510980 / 0.052121]
  3   0   39 0.083936 [37.491533 / 0.025437]
  3   0   79 0.084342 [37.488728 / 0.026352]
  3   0  119 0.084927 [37.490925 / 0.026932]
  3   0  159 0.085520 [37.497382 / 0.025637]
  3   0  199 0.083983 [37.490402 / 0.024905]
  3   0  239 0.084269 [37.489550 / 0.026172]
  3   0  279 0.084692 [37.486463 / 0.026708]
  3   0  319 0.084628 [37.488014 / 0.026895]
  3   0  359 0.085353 [37.492695 / 0.025841]
  3   0  399 0.084064 [37.488108 / 0.026484]
  3   0  439 0.085432 [37.492133 / 0.026513]
  3   1   39 0.083545 [37.482018 / 0.026930]
  3   1   79 0.083665 [37.482728 / 0.026361]
  3   1  119 0.084586 [37.482480 / 0.027154]
  3   1  159 0.084511 [37.485220 / 0.028261]
  3   1  199 0.083658 [37.480705 / 0.026632]
  3   1  239 0.084656 [37.479931 / 0.026655]
  3   1  279 0.084524 [37.481671 / 0.027560]
  3   1  319 0.084768 [37.484032 / 0.027432]
  3   1  359 0.084381 [37.478842 / 0.027100]
  3   1  399 0.085002 [37.484790 / 0.027994]
  3   1  439 0.084994 [37.489420 / 0.027807]
  3   2   39 0.083981 [37.483572 / 0.026380]
  3   2   79 0.084071 [37.484490 / 0.026962]
  3   2  119 0.084689 [37.485963 / 0.027683]
  3   2  159 0.084067 [37.486288 / 0.027705]
  3   2  199 0.085112 [37.491902 / 0.027730]
  3   2  239 0.083863 [37.488782 / 0.028488]
  3   2  279 0.084263 [37.489617 / 0.027756]
  3   2  319 0.084324 [37.486480 / 0.027742]
  3   2  359 0.083976 [37.482123 / 0.028530]
  3   2  399 0.083794 [37.479858 / 0.028548]
  3   2  439 0.084015 [37.475692 / 0.029391]
  3   3   39 0.084172 [37.483962 / 0.027445]
  3   3   79 0.083904 [37.486331 / 0.028296]
  3   3  119 0.084021 [37.485956 / 0.027425]
  3   3  159 0.084534 [37.485619 / 0.027418]
  3   3  199 0.083774 [37.485496 / 0.027664]
  3   3  239 0.083980 [37.484911 / 0.027879]
  3   3  279 0.083714 [37.469751 / 0.027705]
  3   3  319 0.084356 [37.472712 / 0.027598]
  3   3  359 0.084050 [37.475577 / 0.027968]
  3   3  399 0.084236 [37.474547 / 0.027962]
  3   3  439 0.084092 [37.472449 / 0.029401]
  3   4   39 0.084180 [37.474928 / 0.027040]
  3   4   79 0.083511 [37.474405 / 0.027593]
  3   4  119 0.084936 [37.480001 / 0.029379]
  3   4  159 0.084827 [37.489313 / 0.029115]
  3   4  199 0.083147 [37.483562 / 0.027426]
  3   4  239 0.083160 [37.477441 / 0.026956]
  3   4  279 0.083089 [37.467262 / 0.027080]
  3   4  319 0.085094 [37.478184 / 0.028814]
  3   4  359 0.083310 [37.471520 / 0.028163]
  3   4  399 0.083750 [37.470363 / 0.027578]
  3   4  439 0.083958 [37.469122 / 0.028517]
  4   0   39 0.083627 [37.469508 / 0.013960]
  4   0   79 0.083626 [37.470872 / 0.013864]
  4   0  119 0.083573 [37.467947 / 0.014359]
  4   0  159 0.082873 [37.468159 / 0.013837]
  4   0  199 0.083944 [37.467560 / 0.014038]
  4   0  239 0.084038 [37.468212 / 0.014626]
  4   0  279 0.083708 [37.466910 / 0.014071]
  4   0  319 0.083728 [37.466338 / 0.014375]
  4   0  359 0.083500 [37.467059 / 0.014349]
  4   0  399 0.083608 [37.468198 / 0.014037]
  4   0  439 0.083103 [37.462988 / 0.014630]
  4   1   39 0.083544 [37.464321 / 0.014511]
  4   1   79 0.084047 [37.465238 / 0.014534]
  4   1  119 0.082700 [37.464316 / 0.014517]
  4   1  159 0.084358 [37.466948 / 0.014656]
  4   1  199 0.082238 [37.464831 / 0.014159]
  4   1  239 0.082554 [37.461007 / 0.014352]
  4   1  279 0.083960 [37.461615 / 0.014485]
  4   1  319 0.084744 [37.465035 / 0.014639]
  4   1  359 0.083119 [37.465193 / 0.014171]
  4   1  399 0.084102 [37.465485 / 0.014498]
  4   1  439 0.083830 [37.466369 / 0.014542]
  4   2   39 0.082336 [37.462044 / 0.013437]
  4   2   79 0.083992 [37.461889 / 0.014758]
  4   2  119 0.084364 [37.468131 / 0.014402]
  4   2  159 0.082346 [37.464260 / 0.015092]
  4   2  199 0.082899 [37.462348 / 0.014358]
  4   2  239 0.083378 [37.460054 / 0.014774]
  4   2  279 0.084748 [37.463388 / 0.014751]
  4   2  319 0.083881 [37.463567 / 0.014809]
  4   2  359 0.083898 [37.467495 / 0.014758]
  4   2  399 0.082955 [37.465803 / 0.014713]
  4   2  439 0.082843 [37.464688 / 0.014922]
  4   3   39 0.083859 [37.468124 / 0.015002]
  4   3   79 0.082952 [37.465169 / 0.014278]
  4   3  119 0.083333 [37.465090 / 0.014671]
  4   3  159 0.084140 [37.468136 / 0.014486]
  4   3  199 0.083409 [37.467676 / 0.015208]
  4   3  239 0.083548 [37.466228 / 0.015006]
  4   3  279 0.083540 [37.467705 / 0.014659]
  4   3  319 0.083144 [37.466705 / 0.014769]
  4   3  359 0.083716 [37.463902 / 0.014950]
  4   3  399 0.082852 [37.465866 / 0.015156]
  4   3  439 0.082918 [37.465762 / 0.015705]
  4   4   39 0.082798 [37.464420 / 0.014548]
  4   4   79 0.083218 [37.464927 / 0.014218]
  4   4  119 0.083697 [37.463275 / 0.014749]
  4   4  159 0.083989 [37.465297 / 0.014534]
  4   4  199 0.082907 [37.465956 / 0.014666]
  4   4  239 0.083006 [37.462750 / 0.014658]
  4   4  279 0.083036 [37.461347 / 0.014881]
  4   4  319 0.083015 [37.461655 / 0.014992]
  4   4  359 0.083805 [37.462837 / 0.015331]
  4   4  399 0.083488 [37.462997 / 0.015070]
  4   4  439 0.083685 [37.464121 / 0.014906]
Sequential (
  (0): Linear (784 -> 800)
  (1): MatrixD (factors=80, categories=10, std=1)
  (2): CatFactor (factors=80, categories=10, nonclass=True, output_sum=False)
  (3): Linear (800 -> 784)
)
