Sequential (
  (0): Linear (784 -> 800)
  (1): MatrixD (factors=80, categories=10, std=1)
  (2): BatchNorm1d(800, eps=1e-05, momentum=0.1, affine=True)
  (3): CatFactor (factors=80, categories=10, nonclass=True, stochastic=True)
  (4): Linear (800 -> 784)
)
Namespace(batch_size=128, mode='mlpae_ds', name='mlpae_ds1', nc=10, nf=80, optimizer='Adam')
{'lr': 0.001, 'wd': 0.0001}
  0   0   39 1.005927 [22.854512 / 0.357882]
  0   0   79 0.923193 [24.869394 / 0.291113]
  0   0  119 0.828598 [27.199266 / 0.276175]
  0   0  159 0.749213 [29.311763 / 0.274254]
  0   0  199 0.677524 [31.216757 / 0.253082]
  0   0  239 0.629952 [32.833118 / 0.259290]
  0   0  279 0.586234 [33.884191 / 0.243098]
  0   0  319 0.558592 [34.791696 / 0.228596]
  0   0  359 0.537759 [35.224237 / 0.225055]
  0   0  399 0.527855 [35.581353 / 0.221139]
  0   0  439 0.513489 [35.838948 / 0.214257]
  0   1   39 0.498003 [36.142653 / 0.205016]
  0   1   79 0.484723 [36.168403 / 0.198798]
  0   1  119 0.487455 [36.263176 / 0.209403]
  0   1  159 0.477725 [36.246852 / 0.203503]
  0   1  199 0.473870 [36.306623 / 0.199842]
  0   1  239 0.463502 [36.339762 / 0.198475]
  0   1  279 0.463016 [36.378319 / 0.205057]
  0   1  319 0.460081 [36.389700 / 0.193550]
  0   1  359 0.452459 [36.404990 / 0.193638]
  0   1  399 0.450233 [36.425213 / 0.192052]
  0   1  439 0.445539 [36.385360 / 0.196387]
  0   2   39 0.444640 [36.328780 / 0.191511]
  0   2   79 0.440249 [36.327506 / 0.192332]
  0   2  119 0.437361 [36.232986 / 0.195640]
  0   2  159 0.430489 [36.245875 / 0.183838]
  0   2  199 0.430194 [36.214792 / 0.190735]
  0   2  239 0.430212 [36.205496 / 0.189715]
  0   2  279 0.426388 [36.216584 / 0.202794]
  0   2  319 0.427260 [36.266181 / 0.188091]
  0   2  359 0.426741 [36.229237 / 0.190260]
  0   2  399 0.424821 [36.248652 / 0.188482]
  0   2  439 0.417616 [36.184155 / 0.187663]
  0   3   39 0.420843 [36.194304 / 0.190232]
  0   3   79 0.418433 [36.081335 / 0.184710]
  0   3  119 0.414128 [36.123782 / 0.191977]
  0   3  159 0.412201 [36.129139 / 0.187382]
  0   3  199 0.409164 [36.088560 / 0.192266]
  0   3  239 0.412237 [36.084685 / 0.180479]
  0   3  279 0.408119 [36.038569 / 0.187294]
  0   3  319 0.408580 [36.055067 / 0.186913]
  0   3  359 0.408510 [36.071749 / 0.196331]
  0   3  399 0.404330 [36.054746 / 0.184719]
  0   3  439 0.401370 [36.041796 / 0.183557]
  0   4   39 0.407399 [36.001408 / 0.188351]
  0   4   79 0.405829 [36.004583 / 0.184340]
  0   4  119 0.398969 [35.955181 / 0.186050]
  0   4  159 0.401483 [35.935394 / 0.184912]
  0   4  199 0.394395 [35.961873 / 0.186168]
  0   4  239 0.398263 [35.954343 / 0.182250]
  0   4  279 0.400639 [35.982805 / 0.184195]
  0   4  319 0.400721 [35.976887 / 0.184820]
  0   4  359 0.400925 [35.919302 / 0.188958]
  0   4  399 0.397474 [35.902660 / 0.194413]
  0   4  439 0.397203 [35.913970 / 0.176367]
  1   0   39 0.395583 [35.869496 / 0.098364]
  1   0   79 0.392047 [35.807061 / 0.093363]
  1   0  119 0.385315 [35.739348 / 0.093357]
  1   0  159 0.385888 [35.684989 / 0.093497]
  1   0  199 0.386166 [35.636683 / 0.094895]
  1   0  239 0.388559 [35.645901 / 0.098174]
  1   0  279 0.383049 [35.595978 / 0.093747]
  1   0  319 0.382047 [35.587325 / 0.100105]
  1   0  359 0.384185 [35.548108 / 0.099610]
  1   0  399 0.385043 [35.540474 / 0.096174]
  1   0  439 0.383490 [35.526806 / 0.099478]
  1   1   39 0.386664 [35.528756 / 0.097941]
  1   1   79 0.384781 [35.525851 / 0.099104]
  1   1  119 0.384524 [35.543142 / 0.101576]
  1   1  159 0.381081 [35.540980 / 0.095891]
  1   1  199 0.383442 [35.527505 / 0.100196]
  1   1  239 0.380415 [35.509120 / 0.097953]
  1   1  279 0.384462 [35.503744 / 0.101760]
  1   1  319 0.379303 [35.502342 / 0.100077]
  1   1  359 0.380601 [35.461090 / 0.103341]
  1   1  399 0.382143 [35.449654 / 0.101403]
  1   1  439 0.376797 [35.427039 / 0.098593]
  1   2   39 0.377134 [35.426153 / 0.098685]
  1   2   79 0.380094 [35.421021 / 0.098639]
  1   2  119 0.379376 [35.439016 / 0.101180]
  1   2  159 0.375304 [35.413319 / 0.101253]
  1   2  199 0.375174 [35.390046 / 0.101328]
  1   2  239 0.380480 [35.385909 / 0.095637]
  1   2  279 0.378038 [35.397902 / 0.100252]
  1   2  319 0.378769 [35.370408 / 0.100167]
  1   2  359 0.372571 [35.368652 / 0.099056]
  1   2  399 0.382219 [35.374297 / 0.098538]
  1   2  439 0.374122 [35.370733 / 0.097382]
  1   3   39 0.377264 [35.364949 / 0.102626]
  1   3   79 0.373546 [35.381975 / 0.098070]
  1   3  119 0.369128 [35.346486 / 0.095872]
  1   3  159 0.378774 [35.342218 / 0.102934]
  1   3  199 0.377219 [35.332658 / 0.097509]
  1   3  239 0.376376 [35.366782 / 0.097675]
  1   3  279 0.371096 [35.356147 / 0.097936]
  1   3  319 0.376488 [35.345024 / 0.097320]
  1   3  359 0.371157 [35.344507 / 0.098263]
  1   3  399 0.377084 [35.341049 / 0.101965]
  1   3  439 0.379185 [35.360092 / 0.095966]
  1   4   39 0.369964 [35.341894 / 0.095340]
  1   4   79 0.375190 [35.335881 / 0.096535]
  1   4  119 0.371996 [35.333110 / 0.097771]
  1   4  159 0.374610 [35.335111 / 0.098900]
  1   4  199 0.368166 [35.324931 / 0.095840]
  1   4  239 0.374616 [35.329199 / 0.097138]
  1   4  279 0.373289 [35.333050 / 0.098047]
  1   4  319 0.371214 [35.311138 / 0.097096]
  1   4  359 0.371328 [35.305240 / 0.097889]
  1   4  399 0.375426 [35.324642 / 0.092192]
  1   4  439 0.372422 [35.308968 / 0.092179]
  2   0   39 0.374723 [35.299012 / 0.048565]
  2   0   79 0.368737 [35.282333 / 0.048960]
  2   0  119 0.364763 [35.248048 / 0.047625]
  2   0  159 0.368780 [35.237237 / 0.047580]
  2   0  199 0.368994 [35.219764 / 0.048870]
  2   0  239 0.365064 [35.192773 / 0.049664]
  2   0  279 0.366336 [35.165206 / 0.048678]
  2   0  319 0.365698 [35.178196 / 0.050084]
  2   0  359 0.362845 [35.161660 / 0.048255]
  2   0  399 0.364198 [35.144211 / 0.047795]
  2   0  439 0.371137 [35.145602 / 0.047493]
  2   1   39 0.368146 [35.138577 / 0.051894]
  2   1   79 0.363090 [35.124305 / 0.049351]
  2   1  119 0.366647 [35.111455 / 0.051020]
  2   1  159 0.369428 [35.110282 / 0.050913]
  2   1  199 0.369682 [35.117474 / 0.049453]
  2   1  239 0.367928 [35.098875 / 0.049277]
  2   1  279 0.367478 [35.095399 / 0.049853]
  2   1  319 0.362810 [35.085411 / 0.048031]
  2   1  359 0.361548 [35.085461 / 0.048073]
  2   1  399 0.366047 [35.096621 / 0.047536]
  2   1  439 0.360239 [35.069432 / 0.049954]
  2   2   39 0.365364 [35.063664 / 0.049186]
  2   2   79 0.367354 [35.071502 / 0.050002]
  2   2  119 0.368356 [35.074460 / 0.050238]
  2   2  159 0.360535 [35.042377 / 0.049155]
  2   2  199 0.360992 [35.011701 / 0.050463]
  2   2  239 0.362895 [35.039394 / 0.048098]
  2   2  279 0.362527 [35.029066 / 0.048008]
  2   2  319 0.362393 [35.029393 / 0.048823]
  2   2  359 0.363451 [35.020478 / 0.050399]
  2   2  399 0.360733 [35.005487 / 0.048052]
  2   2  439 0.370443 [35.013500 / 0.052978]
  2   3   39 0.360077 [35.001356 / 0.050924]
  2   3   79 0.361682 [34.996304 / 0.048506]
  2   3  119 0.360798 [34.989627 / 0.049306]
  2   3  159 0.369563 [34.997079 / 0.052154]
  2   3  199 0.363380 [34.994047 / 0.051950]
  2   3  239 0.364956 [35.003934 / 0.049950]
  2   3  279 0.357866 [34.986886 / 0.049759]
  2   3  319 0.363091 [34.979551 / 0.050423]
  2   3  359 0.364511 [34.990520 / 0.051157]
  2   3  399 0.361869 [34.984340 / 0.047046]
  2   3  439 0.367626 [34.992795 / 0.049224]
  2   4   39 0.362157 [34.980871 / 0.049229]
  2   4   79 0.366207 [34.990721 / 0.048831]
  2   4  119 0.361324 [34.976307 / 0.048655]
  2   4  159 0.355002 [34.963668 / 0.048415]
  2   4  199 0.363315 [34.945854 / 0.049548]
  2   4  239 0.366887 [34.960622 / 0.050152]
  2   4  279 0.361127 [34.958344 / 0.047573]
  2   4  319 0.359156 [34.947711 / 0.049407]
  2   4  359 0.359532 [34.935255 / 0.048868]
  2   4  399 0.365165 [34.936429 / 0.050641]
  2   4  439 0.363470 [34.937146 / 0.051707]
  3   0   39 0.361134 [34.924044 / 0.024521]
  3   0   79 0.357805 [34.917082 / 0.023757]
  3   0  119 0.359566 [34.910754 / 0.024716]
  3   0  159 0.359755 [34.896107 / 0.023625]
  3   0  199 0.360021 [34.892552 / 0.023946]
  3   0  239 0.358896 [34.882254 / 0.024153]
  3   0  279 0.361747 [34.881904 / 0.024178]
  3   0  319 0.361802 [34.885577 / 0.024085]
  3   0  359 0.359733 [34.883598 / 0.024605]
  3   0  399 0.356583 [34.872883 / 0.024689]
  3   0  439 0.360864 [34.865374 / 0.023844]
  3   1   39 0.357030 [34.862676 / 0.023878]
  3   1   79 0.360361 [34.858180 / 0.024925]
  3   1  119 0.362403 [34.852040 / 0.024749]
  3   1  159 0.360096 [34.850564 / 0.024950]
  3   1  199 0.362381 [34.855154 / 0.026773]
  3   1  239 0.355663 [34.850767 / 0.024198]
  3   1  279 0.359104 [34.856685 / 0.025125]
  3   1  319 0.360132 [34.851266 / 0.025469]
  3   1  359 0.355157 [34.842265 / 0.024487]
  3   1  399 0.357560 [34.838964 / 0.024360]
  3   1  439 0.355254 [34.840867 / 0.025109]
  3   2   39 0.353528 [34.835889 / 0.024352]
  3   2   79 0.358350 [34.829912 / 0.023670]
  3   2  119 0.355403 [34.824455 / 0.025672]
  3   2  159 0.364281 [34.827290 / 0.024630]
  3   2  199 0.359887 [34.832500 / 0.024199]
  3   2  239 0.356300 [34.819991 / 0.025735]
  3   2  279 0.352909 [34.808188 / 0.023816]
  3   2  319 0.358736 [34.808609 / 0.024463]
  3   2  359 0.358757 [34.805689 / 0.024356]
  3   2  399 0.358924 [34.805481 / 0.026262]
  3   2  439 0.359936 [34.801595 / 0.024944]
  3   3   39 0.359177 [34.809083 / 0.024336]
  3   3   79 0.353734 [34.797467 / 0.027166]
  3   3  119 0.358612 [34.793591 / 0.024476]
  3   3  159 0.356542 [34.787278 / 0.023875]
  3   3  199 0.359570 [34.792948 / 0.024598]
  3   3  239 0.359536 [34.794107 / 0.024828]
  3   3  279 0.361686 [34.798949 / 0.024770]
  3   3  319 0.356357 [34.790190 / 0.025029]
  3   3  359 0.358863 [34.786708 / 0.025418]
  3   3  399 0.357301 [34.788649 / 0.024956]
  3   3  439 0.358014 [34.779511 / 0.024837]
  3   4   39 0.354761 [34.768631 / 0.024595]
  3   4   79 0.353185 [34.764552 / 0.023815]
  3   4  119 0.356323 [34.760630 / 0.023889]
  3   4  159 0.359537 [34.766678 / 0.025127]
  3   4  199 0.351440 [34.755538 / 0.023885]
  3   4  239 0.356032 [34.757848 / 0.024617]
  3   4  279 0.356743 [34.757796 / 0.024230]
  3   4  319 0.356963 [34.750901 / 0.024409]
  3   4  359 0.358246 [34.754844 / 0.024880]
  3   4  399 0.360534 [34.762137 / 0.025196]
  3   4  439 0.357599 [34.762458 / 0.024401]
  4   0   39 0.357662 [34.752451 / 0.012471]
  4   0   79 0.351912 [34.744014 / 0.011835]
  4   0  119 0.358218 [34.747772 / 0.012698]
  4   0  159 0.353274 [34.743145 / 0.012298]
  4   0  199 0.355700 [34.741459 / 0.012107]
  4   0  239 0.356073 [34.740015 / 0.011945]
  4   0  279 0.358060 [34.742696 / 0.012497]
  4   0  319 0.354383 [34.736469 / 0.012325]
  4   0  359 0.355245 [34.732158 / 0.012352]
  4   0  399 0.355079 [34.729890 / 0.012099]
  4   0  439 0.355534 [34.731545 / 0.012151]
  4   1   39 0.351989 [34.728150 / 0.011890]
  4   1   79 0.357898 [34.728227 / 0.012152]
  4   1  119 0.354198 [34.723844 / 0.012549]
  4   1  159 0.353494 [34.721513 / 0.012133]
  4   1  199 0.354285 [34.717928 / 0.012211]
  4   1  239 0.355243 [34.717739 / 0.012394]
  4   1  279 0.350069 [34.711616 / 0.012339]
  4   1  319 0.354316 [34.710027 / 0.012485]
  4   1  359 0.354863 [34.713135 / 0.011871]
  4   1  399 0.352497 [34.712961 / 0.012081]
  4   1  439 0.356791 [34.708493 / 0.012580]
  4   2   39 0.353370 [34.708443 / 0.012128]
  4   2   79 0.351718 [34.706843 / 0.012354]
  4   2  119 0.358283 [34.707985 / 0.012274]
  4   2  159 0.355119 [34.706459 / 0.012586]
  4   2  199 0.351647 [34.697910 / 0.012241]
  4   2  239 0.355066 [34.697878 / 0.012476]
  4   2  279 0.352465 [34.699086 / 0.012238]
  4   2  319 0.350654 [34.698776 / 0.012340]
  4   2  359 0.357425 [34.696761 / 0.012606]
  4   2  399 0.353530 [34.693871 / 0.012604]
  4   2  439 0.352659 [34.692954 / 0.012371]
  4   3   39 0.350715 [34.686976 / 0.012135]
  4   3   79 0.354647 [34.686754 / 0.012825]
  4   3  119 0.355213 [34.685469 / 0.011996]
  4   3  159 0.352277 [34.682456 / 0.012217]
  4   3  199 0.352828 [34.678002 / 0.011407]
  4   3  239 0.362035 [34.681596 / 0.012123]
  4   3  279 0.352035 [34.681580 / 0.011654]
  4   3  319 0.355120 [34.682972 / 0.012392]
  4   3  359 0.350199 [34.680331 / 0.012739]
  4   3  399 0.354622 [34.681105 / 0.012450]
  4   3  439 0.353504 [34.680879 / 0.012256]
  4   4   39 0.354366 [34.680699 / 0.012306]
  4   4   79 0.354636 [34.678280 / 0.012387]
  4   4  119 0.357249 [34.683987 / 0.012082]
  4   4  159 0.354386 [34.685900 / 0.012156]
  4   4  199 0.354448 [34.684861 / 0.012174]
  4   4  239 0.354345 [34.682372 / 0.012018]
  4   4  279 0.355769 [34.678830 / 0.012118]
  4   4  319 0.350618 [34.681396 / 0.012105]
  4   4  359 0.354079 [34.680112 / 0.012237]
  4   4  399 0.356073 [34.677330 / 0.012125]
  4   4  439 0.354346 [34.675720 / 0.011869]
Sequential (
  (0): Linear (784 -> 800)
  (1): MatrixD (factors=80, categories=10, std=1)
  (2): BatchNorm1d(800, eps=1e-05, momentum=0.1, affine=True)
  (3): CatFactor (factors=80, categories=10, nonclass=True, stochastic=True)
  (4): Linear (800 -> 784)
)
Namespace(batch_size=128, mode='mlpae_ds', name='mlpae_ds1', nc=10, nf=80, optimizer='Adam')
{'lr': 0.001, 'wd': 0.0001}
