  0   0   39 0.701583 [16.778992 / 0.196954]
  0   0   79 0.492282 [16.323789 / 0.142709]
  0   0  119 0.394966 [16.406535 / 0.113782]
  0   0  159 0.344679 [16.799940 / 0.100762]
  0   0  199 0.308233 [17.261957 / 0.090306]
  0   0  239 0.286326 [17.700221 / 0.092340]
  0   0  279 0.271717 [18.113762 / 0.090590]
  0   0  319 0.258527 [18.491639 / 0.087108]
  0   0  359 0.247172 [18.771682 / 0.083551]
  0   0  399 0.242923 [19.047868 / 0.080936]
  0   0  439 0.237320 [19.284312 / 0.086146]
  0   1   39 0.230349 [19.586151 / 0.081686]
  0   1   79 0.225364 [19.721543 / 0.077233]
  0   1  119 0.222844 [19.837159 / 0.080124]
  0   1  159 0.220630 [19.918277 / 0.079256]
  0   1  199 0.218887 [20.017326 / 0.080244]
  0   1  239 0.219535 [20.109816 / 0.082421]
  0   1  279 0.217634 [20.180657 / 0.082488]
  0   1  319 0.214684 [20.226693 / 0.078695]
  0   1  359 0.213573 [20.275296 / 0.076806]
  0   1  399 0.216537 [20.355285 / 0.078462]
  0   1  439 0.213572 [20.391607 / 0.075600]
  0   2   39 0.212264 [20.439119 / 0.077807]
  0   2   79 0.209571 [20.481392 / 0.082034]
  0   2  119 0.210578 [20.492106 / 0.077852]
  0   2  159 0.210679 [20.517400 / 0.077291]
  0   2  199 0.210981 [20.553101 / 0.085228]
  0   2  239 0.209922 [20.572271 / 0.077321]
  0   2  279 0.209794 [20.597661 / 0.080117]
  0   2  319 0.210018 [20.620440 / 0.083159]
  0   2  359 0.207197 [20.633433 / 0.078570]
  0   2  399 0.206422 [20.638791 / 0.081766]
  0   2  439 0.206918 [20.632634 / 0.078269]
  0   3   39 0.207969 [20.653453 / 0.078839]
  0   3   79 0.204984 [20.639817 / 0.078630]
  0   3  119 0.208352 [20.703436 / 0.085171]
  0   3  159 0.205034 [20.680246 / 0.076025]
  0   3  199 0.206375 [20.685753 / 0.078197]
  0   3  239 0.206253 [20.708298 / 0.078536]
  0   3  279 0.206354 [20.708379 / 0.078865]
  0   3  319 0.205239 [20.706427 / 0.080543]
  0   3  359 0.206968 [20.725429 / 0.083430]
  0   3  399 0.204923 [20.737248 / 0.077869]
  0   3  439 0.205653 [20.745639 / 0.079269]
  0   4   39 0.203585 [20.741695 / 0.077568]
  0   4   79 0.203028 [20.752129 / 0.079055]
  0   4  119 0.204048 [20.746928 / 0.081091]
  0   4  159 0.204019 [20.732527 / 0.078448]
  0   4  199 0.204852 [20.780709 / 0.078823]
  0   4  239 0.204357 [20.763995 / 0.077735]
  0   4  279 0.202679 [20.757265 / 0.083866]
  0   4  319 0.203221 [20.758732 / 0.075687]
  0   4  359 0.205734 [20.795836 / 0.079780]
  0   4  399 0.202986 [20.793974 / 0.077696]
  0   4  439 0.203378 [20.791722 / 0.079333]
  1   0   39 0.202825 [20.786472 / 0.040226]
  1   0   79 0.200927 [20.793134 / 0.040756]
  1   0  119 0.202398 [20.800928 / 0.038831]
  1   0  159 0.199676 [20.797781 / 0.040300]
  1   0  199 0.202428 [20.802395 / 0.041702]
  1   0  239 0.200647 [20.811673 / 0.040777]
  1   0  279 0.198171 [20.795957 / 0.039299]
  1   0  319 0.201910 [20.789655 / 0.041942]
  1   0  359 0.201640 [20.793037 / 0.040748]
  1   0  399 0.201049 [20.799051 / 0.039759]
  1   0  439 0.201776 [20.798016 / 0.039297]
  1   1   39 0.198990 [20.811966 / 0.039570]
  1   1   79 0.201137 [20.811024 / 0.042944]
  1   1  119 0.200345 [20.824256 / 0.039937]
  1   1  159 0.199910 [20.814972 / 0.041333]
  1   1  199 0.200364 [20.809027 / 0.042880]
  1   1  239 0.200085 [20.803127 / 0.042965]
  1   1  279 0.200126 [20.809790 / 0.042249]
  1   1  319 0.202091 [20.831927 / 0.041818]
  1   1  359 0.200608 [20.836720 / 0.042607]
  1   1  399 0.199519 [20.836463 / 0.041467]
  1   1  439 0.198990 [20.830660 / 0.042292]
  1   2   39 0.202018 [20.841844 / 0.042850]
  1   2   79 0.200717 [20.854177 / 0.042181]
  1   2  119 0.198760 [20.859580 / 0.043558]
  1   2  159 0.199401 [20.861298 / 0.042334]
  1   2  199 0.200451 [20.856342 / 0.044813]
  1   2  239 0.199061 [20.853588 / 0.042829]
  1   2  279 0.200346 [20.854078 / 0.045632]
  1   2  319 0.198235 [20.833320 / 0.043949]
  1   2  359 0.197703 [20.839271 / 0.043589]
  1   2  399 0.197432 [20.825552 / 0.041362]
  1   2  439 0.198329 [20.824290 / 0.043196]
  1   3   39 0.198351 [20.841764 / 0.042847]
  1   3   79 0.199418 [20.853626 / 0.044551]
  1   3  119 0.198773 [20.856087 / 0.041216]
  1   3  159 0.197216 [20.847545 / 0.042601]
  1   3  199 0.200816 [20.874089 / 0.043433]
  1   3  239 0.200687 [20.881002 / 0.050409]
  1   3  279 0.197989 [20.865525 / 0.044124]
  1   3  319 0.196890 [20.849411 / 0.042690]
  1   3  359 0.198330 [20.861568 / 0.043833]
  1   3  399 0.198009 [20.857489 / 0.042248]
  1   3  439 0.197668 [20.852288 / 0.046148]
  1   4   39 0.198443 [20.854089 / 0.043513]
  1   4   79 0.198626 [20.872313 / 0.042184]
  1   4  119 0.196338 [20.870137 / 0.045604]
  1   4  159 0.198972 [20.883275 / 0.045485]
  1   4  199 0.196268 [20.878237 / 0.043185]
  1   4  239 0.198306 [20.880681 / 0.044856]
  1   4  279 0.196856 [20.867820 / 0.045554]
  1   4  319 0.196692 [20.858749 / 0.045722]
  1   4  359 0.198276 [20.874524 / 0.044255]
  1   4  399 0.196402 [20.865893 / 0.043898]
  1   4  439 0.197112 [20.879346 / 0.044689]
  2   0   39 0.198023 [20.885896 / 0.022309]
  2   0   79 0.197249 [20.889577 / 0.023060]
  2   0  119 0.196972 [20.880586 / 0.021623]
  2   0  159 0.197638 [20.886709 / 0.022967]
  2   0  199 0.196204 [20.889815 / 0.022149]
  2   0  239 0.199320 [20.902084 / 0.022518]
  2   0  279 0.196218 [20.901804 / 0.023022]
  2   0  319 0.193539 [20.899371 / 0.022598]
  2   0  359 0.195416 [20.889755 / 0.023097]
  2   0  399 0.194799 [20.888248 / 0.022836]
  2   0  439 0.194026 [20.888493 / 0.022365]
  2   1   39 0.194903 [20.876133 / 0.022543]
  2   1   79 0.197007 [20.887310 / 0.022490]
  2   1  119 0.193888 [20.884765 / 0.023442]
  2   1  159 0.197291 [20.889004 / 0.023010]
  2   1  199 0.196576 [20.898627 / 0.024155]
  2   1  239 0.195621 [20.894188 / 0.023315]
  2   1  279 0.195754 [20.896090 / 0.023066]
  2   1  319 0.194962 [20.889387 / 0.023442]
  2   1  359 0.197563 [20.894303 / 0.022206]
  2   1  399 0.196995 [20.905499 / 0.023347]
  2   1  439 0.195736 [20.912620 / 0.022344]
  2   2   39 0.194561 [20.908905 / 0.023281]
  2   2   79 0.194675 [20.899477 / 0.023403]
  2   2  119 0.197254 [20.897029 / 0.023375]
  2   2  159 0.196140 [20.906665 / 0.023844]
  2   2  199 0.196697 [20.911226 / 0.023318]
  2   2  239 0.193718 [20.918808 / 0.023030]
  2   2  279 0.195823 [20.914671 / 0.023368]
  2   2  319 0.195308 [20.913522 / 0.024367]
  2   2  359 0.195790 [20.912732 / 0.023136]
  2   2  399 0.194495 [20.916545 / 0.023321]
  2   2  439 0.196122 [20.919331 / 0.023025]
  2   3   39 0.195392 [20.915983 / 0.022663]
  2   3   79 0.194474 [20.914429 / 0.024354]
  2   3  119 0.197767 [20.923266 / 0.024299]
  2   3  159 0.194037 [20.920093 / 0.023457]
  2   3  199 0.196583 [20.926881 / 0.025308]
  2   3  239 0.195676 [20.931676 / 0.023476]
  2   3  279 0.194162 [20.924837 / 0.024935]
  2   3  319 0.193417 [20.917119 / 0.023056]
  2   3  359 0.194172 [20.913194 / 0.023909]
  2   3  399 0.195461 [20.914137 / 0.024231]
  2   3  439 0.195691 [20.920187 / 0.024622]
  2   4   39 0.194300 [20.922087 / 0.023835]
  2   4   79 0.196804 [20.931098 / 0.025478]
  2   4  119 0.193183 [20.924639 / 0.024222]
  2   4  159 0.193936 [20.911872 / 0.023212]
  2   4  199 0.196096 [20.911747 / 0.024264]
  2   4  239 0.196765 [20.918335 / 0.025002]
  2   4  279 0.193805 [20.926177 / 0.024352]
  2   4  319 0.195104 [20.922028 / 0.025306]
  2   4  359 0.193302 [20.923323 / 0.023857]
  2   4  399 0.194081 [20.919959 / 0.024710]
  2   4  439 0.194765 [20.929064 / 0.024510]
  3   0   39 0.196064 [20.930184 / 0.012212]
  3   0   79 0.192951 [20.933275 / 0.012004]
  3   0  119 0.192659 [20.928208 / 0.011791]
  3   0  159 0.195353 [20.926280 / 0.011660]
  3   0  199 0.193767 [20.924064 / 0.012403]
  3   0  239 0.194854 [20.923998 / 0.011835]
  3   0  279 0.193776 [20.924124 / 0.012727]
  3   0  319 0.195290 [20.928577 / 0.012637]
  3   0  359 0.195298 [20.931985 / 0.012756]
  3   0  399 0.193147 [20.933456 / 0.012640]
  3   0  439 0.194067 [20.932986 / 0.012393]
  3   1   39 0.195647 [20.934401 / 0.011837]
  3   1   79 0.192408 [20.938153 / 0.012101]
  3   1  119 0.192289 [20.931959 / 0.011677]
  3   1  159 0.193816 [20.930827 / 0.012924]
  3   1  199 0.194075 [20.933358 / 0.012977]
  3   1  239 0.195110 [20.936118 / 0.012188]
  3   1  279 0.194450 [20.934576 / 0.012550]
  3   1  319 0.194329 [20.935627 / 0.012593]
  3   1  359 0.192995 [20.932786 / 0.012295]
  3   1  399 0.193963 [20.930453 / 0.012653]
  3   1  439 0.194214 [20.931068 / 0.013607]
  3   2   39 0.193384 [20.933160 / 0.012049]
  3   2   79 0.193632 [20.937042 / 0.012301]
  3   2  119 0.193953 [20.937727 / 0.012884]
  3   2  159 0.194625 [20.935941 / 0.012504]
  3   2  199 0.192508 [20.930671 / 0.013144]
  3   2  239 0.193291 [20.929135 / 0.013846]
  3   2  279 0.193865 [20.927716 / 0.013334]
  3   2  319 0.194816 [20.928732 / 0.012728]
  3   2  359 0.193866 [20.931240 / 0.012474]
  3   2  399 0.193209 [20.932493 / 0.013193]
  3   2  439 0.193621 [20.935970 / 0.012570]
  3   3   39 0.192846 [20.942967 / 0.012355]
  3   3   79 0.193827 [20.936768 / 0.012039]
  3   3  119 0.194279 [20.941411 / 0.012453]
  3   3  159 0.191883 [20.941714 / 0.012623]
  3   3  199 0.195646 [20.940264 / 0.013235]
  3   3  239 0.193075 [20.942050 / 0.012902]
  3   3  279 0.193312 [20.947022 / 0.012776]
  3   3  319 0.195667 [20.945923 / 0.013210]
  3   3  359 0.194488 [20.946860 / 0.013186]
  3   3  399 0.193438 [20.947367 / 0.013310]
  3   3  439 0.193289 [20.945587 / 0.013661]
  3   4   39 0.193077 [20.940382 / 0.012425]
  3   4   79 0.194883 [20.940652 / 0.012309]
  3   4  119 0.191652 [20.937283 / 0.013012]
  3   4  159 0.193126 [20.937901 / 0.012866]
  3   4  199 0.193548 [20.940020 / 0.012518]
  3   4  239 0.194440 [20.944656 / 0.013304]
  3   4  279 0.193299 [20.944836 / 0.012933]
  3   4  319 0.194428 [20.946006 / 0.012881]
  3   4  359 0.192702 [20.947499 / 0.013057]
  3   4  399 0.194273 [20.946473 / 0.013108]
  3   4  439 0.193813 [20.947808 / 0.012560]
  4   0   39 0.192346 [20.943317 / 0.006571]
  4   0   79 0.192735 [20.941942 / 0.006311]
  4   0  119 0.193062 [20.943119 / 0.006309]
  4   0  159 0.192950 [20.944917 / 0.006605]
  4   0  199 0.195200 [20.948161 / 0.006736]
  4   0  239 0.192064 [20.946465 / 0.006350]
  4   0  279 0.194315 [20.947193 / 0.006548]
  4   0  319 0.191740 [20.946672 / 0.006542]
  4   0  359 0.192778 [20.942319 / 0.006640]
  4   0  399 0.193458 [20.944173 / 0.006433]
  4   0  439 0.194164 [20.943887 / 0.006703]
  4   1   39 0.194631 [20.948220 / 0.006522]
  4   1   79 0.194826 [20.948405 / 0.006701]
  4   1  119 0.192769 [20.946294 / 0.006344]
  4   1  159 0.190801 [20.944337 / 0.006157]
  4   1  199 0.192242 [20.945288 / 0.006758]
  4   1  239 0.192479 [20.943663 / 0.006604]
  4   1  279 0.192330 [20.942615 / 0.006861]
  4   1  319 0.194311 [20.945250 / 0.006639]
  4   1  359 0.191563 [20.944084 / 0.006536]
  4   1  399 0.192441 [20.944249 / 0.006694]
  4   1  439 0.196191 [20.945937 / 0.006707]
  4   2   39 0.193155 [20.948677 / 0.006328]
  4   2   79 0.194062 [20.949239 / 0.006783]
  4   2  119 0.193806 [20.949536 / 0.006748]
  4   2  159 0.192768 [20.950212 / 0.006667]
  4   2  199 0.191289 [20.948065 / 0.006566]
  4   2  239 0.192287 [20.948051 / 0.006744]
  4   2  279 0.192927 [20.946907 / 0.006865]
  4   2  319 0.191278 [20.947649 / 0.006584]
  4   2  359 0.192822 [20.946007 / 0.006683]
  4   2  399 0.194953 [20.946970 / 0.006845]
  4   2  439 0.193073 [20.947061 / 0.006908]
  4   3   39 0.190358 [20.946650 / 0.006892]
  4   3   79 0.195149 [20.949698 / 0.007150]
  4   3  119 0.192600 [20.950391 / 0.006504]
  4   3  159 0.193329 [20.947641 / 0.006566]
  4   3  199 0.194564 [20.950832 / 0.006522]
  4   3  239 0.194413 [20.951553 / 0.006821]
  4   3  279 0.192827 [20.952843 / 0.006256]
  4   3  319 0.192158 [20.952893 / 0.006707]
  4   3  359 0.190819 [20.952552 / 0.006764]
  4   3  399 0.191197 [20.948832 / 0.006730]
  4   3  439 0.194650 [20.950183 / 0.006781]
  4   4   39 0.193718 [20.952277 / 0.006711]
  4   4   79 0.192289 [20.951571 / 0.006911]
  4   4  119 0.193629 [20.952301 / 0.006853]
  4   4  159 0.194202 [20.955388 / 0.006617]
  4   4  199 0.193826 [20.956786 / 0.006661]
  4   4  239 0.191460 [20.953986 / 0.006873]
  4   4  279 0.193014 [20.956402 / 0.006799]
  4   4  319 0.190979 [20.953709 / 0.006931]
  4   4  359 0.194014 [20.953558 / 0.007074]
  4   4  399 0.191953 [20.950171 / 0.007037]
  4   4  439 0.194227 [20.951250 / 0.006708]
Sequential (
  (0): Linear (784 -> 160)
  (1): CatFactor (factors=80, categories=2, nonclass=True)
  (2): Linear (160 -> 784)
)
