  0   0   39 0.643813 [18.908203 / 0.409112]
  0   0   79 0.389830 [18.822068 / 0.233279]
  0   0  119 0.305175 [19.943639 / 0.168714]
  0   0  159 0.262753 [20.769423 / 0.156733]
  0   0  199 0.242515 [21.322004 / 0.147516]
  0   0  239 0.229349 [21.698526 / 0.145247]
  0   0  279 0.222855 [21.976119 / 0.144263]
  0   0  319 0.211541 [22.079255 / 0.145628]
  0   0  359 0.209099 [22.161449 / 0.144053]
  0   0  399 0.208236 [22.247824 / 0.145666]
  0   0  439 0.202575 [22.257024 / 0.147088]
  0   1   39 0.199515 [22.271110 / 0.148336]
  0   1   79 0.198262 [22.279794 / 0.139438]
  0   1  119 0.195915 [22.243983 / 0.144753]
  0   1  159 0.194154 [22.245766 / 0.143427]
  0   1  199 0.193864 [22.253741 / 0.144333]
  0   1  239 0.190272 [22.176764 / 0.140884]
  0   1  279 0.191636 [22.174538 / 0.150805]
  0   1  319 0.190039 [22.142628 / 0.148286]
  0   1  359 0.190829 [22.130493 / 0.154186]
  0   1  399 0.187738 [22.075433 / 0.145256]
  0   1  439 0.189891 [22.098541 / 0.152577]
  0   2   39 0.186279 [22.046687 / 0.149674]
  0   2   79 0.187215 [22.050152 / 0.148822]
  0   2  119 0.187091 [22.051680 / 0.151281]
  0   2  159 0.185293 [22.042921 / 0.143665]
  0   2  199 0.184515 [22.009142 / 0.149680]
  0   2  239 0.185147 [22.008476 / 0.154936]
  0   2  279 0.185527 [22.024646 / 0.146653]
  0   2  319 0.183553 [22.013591 / 0.148839]
  0   2  359 0.183651 [22.036883 / 0.150087]
  0   2  399 0.181554 [21.957783 / 0.150284]
  0   2  439 0.183853 [21.978579 / 0.155471]
  0   3   39 0.181724 [21.969997 / 0.157438]
  0   3   79 0.181145 [21.996261 / 0.147578]
  0   3  119 0.179488 [21.969056 / 0.154960]
  0   3  159 0.181619 [22.003262 / 0.154280]
  0   3  199 0.181497 [22.016931 / 0.151675]
  0   3  239 0.181512 [22.000385 / 0.161575]
  0   3  279 0.177792 [21.971055 / 0.152462]
  0   3  319 0.180406 [22.007538 / 0.153760]
  0   3  359 0.178910 [21.987603 / 0.157593]
  0   3  399 0.179837 [22.000801 / 0.159543]
  0   3  439 0.178776 [21.999995 / 0.150446]
  0   4   39 0.178191 [22.002307 / 0.155047]
  0   4   79 0.177507 [21.968574 / 0.154860]
  0   4  119 0.177514 [21.999717 / 0.159026]
  0   4  159 0.178062 [22.003891 / 0.158811]
  0   4  199 0.177410 [22.028860 / 0.158351]
  0   4  239 0.176169 [21.990402 / 0.155538]
  0   4  279 0.176608 [22.006700 / 0.156008]
  0   4  319 0.176005 [21.977969 / 0.160314]
  0   4  359 0.177272 [22.012010 / 0.169466]
  0   4  399 0.176045 [22.023105 / 0.161978]
  0   4  439 0.174835 [21.999807 / 0.158249]
  1   0   39 0.173527 [21.974484 / 0.079477]
  1   0   79 0.173206 [21.952224 / 0.079106]
  1   0  119 0.174275 [21.973422 / 0.077204]
  1   0  159 0.173628 [21.969123 / 0.077427]
  1   0  199 0.175015 [21.969978 / 0.079247]
  1   0  239 0.175246 [22.008191 / 0.079130]
  1   0  279 0.173432 [21.989401 / 0.079499]
  1   0  319 0.174317 [22.021332 / 0.080712]
  1   0  359 0.172994 [21.985061 / 0.078408]
  1   0  399 0.172757 [21.986149 / 0.080291]
  1   0  439 0.173756 [22.001465 / 0.080004]
  1   1   39 0.172749 [21.993276 / 0.081464]
  1   1   79 0.173714 [22.006084 / 0.083172]
  1   1  119 0.170623 [21.983971 / 0.082311]
  1   1  159 0.172998 [21.973089 / 0.082763]
  1   1  199 0.172273 [21.981814 / 0.081068]
  1   1  239 0.173735 [21.987404 / 0.084013]
  1   1  279 0.172687 [22.007530 / 0.082425]
  1   1  319 0.173251 [22.007929 / 0.085172]
  1   1  359 0.172242 [22.006073 / 0.085206]
  1   1  399 0.172325 [22.002243 / 0.090105]
  1   1  439 0.173252 [22.018897 / 0.084808]
  1   2   39 0.172172 [22.003431 / 0.084593]
  1   2   79 0.172502 [22.004226 / 0.087191]
  1   2  119 0.172976 [22.019460 / 0.088078]
  1   2  159 0.171208 [22.028511 / 0.086899]
  1   2  199 0.171522 [22.008427 / 0.085908]
  1   2  239 0.172520 [22.024149 / 0.091129]
  1   2  279 0.170706 [22.000841 / 0.090703]
  1   2  319 0.171555 [21.994602 / 0.090277]
  1   2  359 0.172084 [22.001857 / 0.090720]
  1   2  399 0.170891 [21.993707 / 0.088066]
  1   2  439 0.171258 [22.013378 / 0.091942]
  1   3   39 0.170790 [22.005398 / 0.088189]
  1   3   79 0.170652 [21.988267 / 0.090897]
  1   3  119 0.169566 [21.968983 / 0.091715]
  1   3  159 0.172294 [21.999504 / 0.089959]
  1   3  199 0.171922 [21.999052 / 0.092130]
  1   3  239 0.173608 [22.042718 / 0.090155]
  1   3  279 0.171447 [22.038960 / 0.093670]
  1   3  319 0.171075 [22.019942 / 0.094613]
  1   3  359 0.170247 [22.010347 / 0.093336]
  1   3  399 0.169175 [21.983656 / 0.096405]
  1   3  439 0.171662 [22.006504 / 0.091377]
  1   4   39 0.170010 [21.979352 / 0.094784]
  1   4   79 0.170617 [21.998288 / 0.089214]
  1   4  119 0.171655 [22.002361 / 0.093213]
  1   4  159 0.170257 [22.009444 / 0.094022]
  1   4  199 0.170225 [21.969800 / 0.097593]
  1   4  239 0.170574 [21.973441 / 0.092939]
  1   4  279 0.173536 [22.005474 / 0.092042]
  1   4  319 0.170248 [21.998746 / 0.101417]
  1   4  359 0.169515 [22.000512 / 0.099864]
  1   4  399 0.168588 [21.962929 / 0.093507]
  1   4  439 0.171847 [22.005394 / 0.093065]
  2   0   39 0.168254 [21.977213 / 0.045772]
  2   0   79 0.169485 [21.975399 / 0.047400]
  2   0  119 0.167588 [21.962351 / 0.048460]
  2   0  159 0.171149 [21.983562 / 0.045445]
  2   0  199 0.169363 [21.986106 / 0.047010]
  2   0  239 0.170420 [21.981825 / 0.047437]
  2   0  279 0.169748 [21.975713 / 0.044577]
  2   0  319 0.169351 [21.967714 / 0.046805]
  2   0  359 0.169954 [21.956787 / 0.048475]
  2   0  399 0.170666 [21.986490 / 0.047217]
  2   0  439 0.170983 [21.991061 / 0.051383]
  2   1   39 0.169153 [21.973597 / 0.049330]
  2   1   79 0.170568 [21.978066 / 0.045813]
  2   1  119 0.170773 [21.995880 / 0.047388]
  2   1  159 0.167755 [21.994709 / 0.051337]
  2   1  199 0.168666 [21.974063 / 0.049027]
  2   1  239 0.168960 [21.969035 / 0.049402]
  2   1  279 0.168107 [21.968178 / 0.049511]
  2   1  319 0.170831 [21.968158 / 0.052935]
  2   1  359 0.168591 [21.967168 / 0.046865]
  2   1  399 0.169584 [21.966446 / 0.049841]
  2   1  439 0.169807 [21.978569 / 0.051926]
  2   2   39 0.167437 [21.977595 / 0.048754]
  2   2   79 0.168751 [21.968386 / 0.049670]
  2   2  119 0.170137 [21.977460 / 0.051558]
  2   2  159 0.169580 [21.985395 / 0.049533]
  2   2  199 0.169258 [21.982552 / 0.049827]
  2   2  239 0.169440 [21.975254 / 0.052429]
  2   2  279 0.167741 [21.961209 / 0.051113]
  2   2  319 0.169800 [21.966087 / 0.049850]
  2   2  359 0.169737 [21.978029 / 0.052293]
  2   2  399 0.171133 [22.009248 / 0.050914]
  2   2  439 0.168230 [21.981472 / 0.051663]
  2   3   39 0.166914 [21.961787 / 0.049997]
  2   3   79 0.168949 [21.967352 / 0.054054]
  2   3  119 0.169879 [21.970758 / 0.051898]
  2   3  159 0.169314 [21.974044 / 0.052678]
  2   3  199 0.169938 [21.978310 / 0.052899]
  2   3  239 0.168082 [21.973036 / 0.056332]
  2   3  279 0.169151 [21.971800 / 0.054941]
  2   3  319 0.168686 [21.971728 / 0.051021]
  2   3  359 0.168251 [21.954630 / 0.050203]
  2   3  399 0.170413 [21.968961 / 0.052765]
  2   3  439 0.169840 [21.981137 / 0.055305]
  2   4   39 0.169839 [21.979864 / 0.053827]
  2   4   79 0.169452 [22.000471 / 0.049825]
  2   4  119 0.167253 [21.981529 / 0.052410]
  2   4  159 0.169094 [21.979340 / 0.053666]
  2   4  199 0.169071 [21.973579 / 0.050758]
  2   4  239 0.168247 [21.973627 / 0.051353]
  2   4  279 0.168809 [21.977147 / 0.052676]
  2   4  319 0.169693 [21.985337 / 0.053717]
  2   4  359 0.169174 [21.994346 / 0.058135]
  2   4  399 0.168617 [21.987442 / 0.052879]
  2   4  439 0.166999 [21.968261 / 0.052476]
  3   0   39 0.167188 [21.953593 / 0.026854]
  3   0   79 0.166878 [21.948454 / 0.026936]
  3   0  119 0.168406 [21.947276 / 0.029135]
  3   0  159 0.169221 [21.957368 / 0.026299]
  3   0  199 0.167267 [21.953885 / 0.026172]
  3   0  239 0.169172 [21.956925 / 0.026029]
  3   0  279 0.169500 [21.957720 / 0.027660]
  3   0  319 0.170571 [21.970668 / 0.027198]
  3   0  359 0.169199 [21.972275 / 0.027198]
  3   0  399 0.167047 [21.965763 / 0.025306]
  3   0  439 0.167979 [21.964388 / 0.026444]
  3   1   39 0.167442 [21.961639 / 0.027493]
  3   1   79 0.168204 [21.963859 / 0.026871]
  3   1  119 0.168070 [21.964143 / 0.027880]
  3   1  159 0.170061 [21.965353 / 0.028253]
  3   1  199 0.167311 [21.960824 / 0.027972]
  3   1  239 0.167816 [21.962081 / 0.029036]
  3   1  279 0.167139 [21.957279 / 0.026866]
  3   1  319 0.169186 [21.965707 / 0.026850]
  3   1  359 0.167373 [21.967653 / 0.029288]
  3   1  399 0.167629 [21.965808 / 0.027838]
  3   1  439 0.168386 [21.965506 / 0.027476]
  3   2   39 0.167197 [21.971139 / 0.028493]
  3   2   79 0.167395 [21.968512 / 0.027006]
  3   2  119 0.169557 [21.966326 / 0.027838]
  3   2  159 0.168818 [21.973815 / 0.026652]
  3   2  199 0.167279 [21.966105 / 0.028291]
  3   2  239 0.167477 [21.959208 / 0.029374]
  3   2  279 0.169527 [21.964943 / 0.029735]
  3   2  319 0.167756 [21.968987 / 0.027929]
  3   2  359 0.167451 [21.963975 / 0.028071]
  3   2  399 0.168083 [21.964809 / 0.027812]
  3   2  439 0.168007 [21.964198 / 0.029197]
  3   3   39 0.168921 [21.969063 / 0.027635]
  3   3   79 0.168499 [21.976862 / 0.030618]
  3   3  119 0.168379 [21.972504 / 0.029333]
  3   3  159 0.167703 [21.966694 / 0.030845]
  3   3  199 0.168313 [21.974225 / 0.029401]
  3   3  239 0.170142 [21.974947 / 0.028952]
  3   3  279 0.169217 [21.984574 / 0.027910]
  3   3  319 0.166331 [21.975775 / 0.030337]
  3   3  359 0.167383 [21.969638 / 0.028906]
  3   3  399 0.165790 [21.964191 / 0.028599]
  3   3  439 0.166227 [21.955906 / 0.026289]
  3   4   39 0.169363 [21.968747 / 0.032758]
  3   4   79 0.166038 [21.969818 / 0.029001]
  3   4  119 0.168204 [21.969694 / 0.029933]
  3   4  159 0.169628 [21.975205 / 0.030672]
  3   4  199 0.167158 [21.970608 / 0.027154]
  3   4  239 0.168293 [21.973209 / 0.027437]
  3   4  279 0.166896 [21.967642 / 0.029349]
  3   4  319 0.166590 [21.962076 / 0.028555]
  3   4  359 0.168159 [21.959244 / 0.030120]
  3   4  399 0.169483 [21.968118 / 0.030072]
  3   4  439 0.167585 [21.965678 / 0.029617]
  4   0   39 0.166165 [21.957751 / 0.013727]
  4   0   79 0.169103 [21.960439 / 0.013895]
  4   0  119 0.166213 [21.957763 / 0.014347]
  4   0  159 0.167027 [21.960226 / 0.013811]
  4   0  199 0.168616 [21.963461 / 0.014288]
  4   0  239 0.168031 [21.964918 / 0.014514]
  4   0  279 0.168083 [21.966039 / 0.014228]
  4   0  319 0.166877 [21.961398 / 0.014135]
  4   0  359 0.167207 [21.959207 / 0.014847]
  4   0  399 0.168510 [21.962583 / 0.015030]
  4   0  439 0.168376 [21.964513 / 0.014938]
  4   1   39 0.166629 [21.960664 / 0.014556]
  4   1   79 0.170033 [21.964756 / 0.014101]
  4   1  119 0.167759 [21.970890 / 0.015535]
  4   1  159 0.167809 [21.969601 / 0.013952]
  4   1  199 0.164970 [21.964761 / 0.015388]
  4   1  239 0.167467 [21.961067 / 0.014550]
  4   1  279 0.167197 [21.957171 / 0.015498]
  4   1  319 0.167792 [21.960710 / 0.014559]
  4   1  359 0.167306 [21.959557 / 0.014322]
  4   1  399 0.167841 [21.960784 / 0.015043]
  4   1  439 0.168249 [21.961313 / 0.013448]
  4   2   39 0.166038 [21.960802 / 0.014734]
  4   2   79 0.166678 [21.956183 / 0.014870]
  4   2  119 0.169249 [21.960468 / 0.015083]
  4   2  159 0.165520 [21.955451 / 0.013986]
  4   2  199 0.168373 [21.959512 / 0.015231]
  4   2  239 0.167203 [21.962080 / 0.015517]
  4   2  279 0.168944 [21.963673 / 0.014703]
  4   2  319 0.166749 [21.963513 / 0.015137]
  4   2  359 0.167240 [21.964062 / 0.014889]
  4   2  399 0.168332 [21.964860 / 0.014441]
  4   2  439 0.167521 [21.967831 / 0.014227]
  4   3   39 0.165173 [21.962345 / 0.014464]
  4   3   79 0.167542 [21.964006 / 0.015145]
  4   3  119 0.167157 [21.961641 / 0.013560]
  4   3  159 0.168884 [21.963665 / 0.015146]
  4   3  199 0.168090 [21.966278 / 0.014231]
  4   3  239 0.168523 [21.965146 / 0.015195]
  4   3  279 0.166543 [21.963881 / 0.015263]
  4   3  319 0.167612 [21.962538 / 0.015000]
  4   3  359 0.167754 [21.964854 / 0.016566]
  4   3  399 0.168593 [21.966800 / 0.014373]
  4   3  439 0.166385 [21.965877 / 0.015105]
  4   4   39 0.168395 [21.962362 / 0.014864]
  4   4   79 0.165789 [21.959701 / 0.014452]
  4   4  119 0.166222 [21.954807 / 0.014594]
  4   4  159 0.168606 [21.959413 / 0.014376]
  4   4  199 0.168056 [21.958007 / 0.014797]
  4   4  239 0.167502 [21.958727 / 0.015052]
  4   4  279 0.167209 [21.956233 / 0.014491]
  4   4  319 0.168646 [21.964886 / 0.015308]
  4   4  359 0.166435 [21.963015 / 0.015153]
  4   4  399 0.167762 [21.961547 / 0.014847]
  4   4  439 0.165559 [21.962471 / 0.015116]
Sequential (
  (0): Linear (784 -> 800)
  (1): CatFactor (factors=80, categories=10, nonclass=True, output_sum=False)
  (2): Linear (800 -> 784)
)
