Sequential (
  (0): Linear (784 -> 800)
  (1): BatchNorm1d(800, eps=1e-05, momentum=0.1, affine=True)
  (2): CatFactor (factors=80, categories=10, nonclass=True, stochastic=True)
  (3): Linear (800 -> 784)
)
Namespace(batch_size=128, mode='mlpae_bns', name='mlpae_bns1', nc=10, nf=80, optimizer='Adam')
{'lr': 0.001, 'wd': 0.0005}
  0   0   39 1.007778 [17.670162 / 0.314589]
  0   0   79 0.951324 [17.830909 / 0.224164]
  0   0  119 0.889123 [18.294266 / 0.207720]
  0   0  159 0.843878 [18.725974 / 0.191589]
  0   0  199 0.809805 [19.198478 / 0.177576]
  0   0  239 0.767269 [19.593551 / 0.173868]
  0   0  279 0.741748 [19.818590 / 0.157479]
  0   0  319 0.717721 [20.079041 / 0.145012]
  0   0  359 0.690720 [20.223373 / 0.142906]
  0   0  399 0.675713 [20.355699 / 0.130378]
  0   0  439 0.655387 [20.385206 / 0.125775]
  0   1   39 0.621656 [20.421149 / 0.114518]
  0   1   79 0.613195 [20.405398 / 0.113285]
  0   1  119 0.604730 [20.352165 / 0.104284]
  0   1  159 0.594276 [20.340072 / 0.106226]
  0   1  199 0.580452 [20.296864 / 0.101702]
  0   1  239 0.577046 [20.272313 / 0.097686]
  0   1  279 0.572854 [20.239706 / 0.096899]
  0   1  319 0.551770 [20.135103 / 0.093938]
  0   1  359 0.552540 [20.038921 / 0.093636]
  0   1  399 0.544225 [20.011213 / 0.086681]
  0   1  439 0.539147 [19.928869 / 0.089255]
  0   2   39 0.534014 [19.830617 / 0.084394]
  0   2   79 0.533707 [19.797995 / 0.082384]
  0   2  119 0.516351 [19.696514 / 0.080738]
  0   2  159 0.520233 [19.655160 / 0.082346]
  0   2  199 0.514834 [19.603742 / 0.083721]
  0   2  239 0.515224 [19.549960 / 0.078888]
  0   2  279 0.509701 [19.485081 / 0.078161]
  0   2  319 0.502226 [19.427267 / 0.077356]
  0   2  359 0.509625 [19.365773 / 0.078462]
  0   2  399 0.508794 [19.346030 / 0.078722]
  0   2  439 0.501666 [19.296866 / 0.078017]
  0   3   39 0.499520 [19.242264 / 0.074125]
  0   3   79 0.495916 [19.209490 / 0.069721]
  0   3  119 0.500206 [19.208712 / 0.077657]
  0   3  159 0.496494 [19.197448 / 0.073329]
  0   3  199 0.499638 [19.149905 / 0.073484]
  0   3  239 0.492858 [19.136363 / 0.072020]
  0   3  279 0.492915 [19.152299 / 0.071292]
  0   3  319 0.492581 [19.108799 / 0.072678]
  0   3  359 0.492767 [19.095820 / 0.068775]
  0   3  399 0.490485 [19.079044 / 0.070759]
  0   3  439 0.491358 [19.062543 / 0.073145]
  0   4   39 0.479456 [19.007392 / 0.067955]
  0   4   79 0.485919 [19.007697 / 0.069021]
  0   4  119 0.487571 [19.004340 / 0.068047]
  0   4  159 0.479606 [18.979294 / 0.068819]
  0   4  199 0.482116 [18.988843 / 0.068678]
  0   4  239 0.484737 [18.950924 / 0.068229]
  0   4  279 0.478881 [18.961910 / 0.065717]
  0   4  319 0.480815 [18.960281 / 0.068114]
  0   4  359 0.485115 [18.959439 / 0.066612]
  0   4  399 0.482041 [18.947814 / 0.068140]
  0   4  439 0.478231 [18.931124 / 0.064342]
  1   0   39 0.484083 [18.873523 / 0.033288]
  1   0   79 0.475408 [18.855782 / 0.033408]
  1   0  119 0.476462 [18.847535 / 0.033664]
  1   0  159 0.485172 [18.857669 / 0.032711]
  1   0  199 0.475949 [18.857233 / 0.033456]
  1   0  239 0.470215 [18.835733 / 0.031497]
  1   0  279 0.477453 [18.808661 / 0.034447]
  1   0  319 0.473480 [18.809992 / 0.032509]
  1   0  359 0.472512 [18.805197 / 0.032897]
  1   0  399 0.474191 [18.809076 / 0.033690]
  1   0  439 0.470364 [18.806006 / 0.037799]
  1   1   39 0.471652 [18.784057 / 0.033920]
  1   1   79 0.475067 [18.773011 / 0.034033]
  1   1  119 0.470279 [18.774890 / 0.034466]
  1   1  159 0.474260 [18.780492 / 0.033985]
  1   1  199 0.474948 [18.773056 / 0.033137]
  1   1  239 0.476292 [18.806825 / 0.034304]
  1   1  279 0.468852 [18.785702 / 0.032834]
  1   1  319 0.470848 [18.773230 / 0.033256]
  1   1  359 0.471794 [18.763322 / 0.033150]
  1   1  399 0.472944 [18.752449 / 0.032427]
  1   1  439 0.472701 [18.738464 / 0.030897]
  1   2   39 0.479228 [18.758244 / 0.034330]
  1   2   79 0.472782 [18.743274 / 0.033358]
  1   2  119 0.470643 [18.741723 / 0.033620]
  1   2  159 0.473094 [18.741641 / 0.030794]
  1   2  199 0.472878 [18.735075 / 0.033098]
  1   2  239 0.468410 [18.738552 / 0.032565]
  1   2  279 0.471280 [18.752446 / 0.032217]
  1   2  319 0.469845 [18.733579 / 0.032666]
  1   2  359 0.468477 [18.728609 / 0.030631]
  1   2  399 0.470973 [18.726923 / 0.032352]
  1   2  439 0.469653 [18.713849 / 0.032800]
  1   3   39 0.472759 [18.699111 / 0.031761]
  1   3   79 0.472742 [18.724876 / 0.032184]
  1   3  119 0.471743 [18.723951 / 0.031704]
  1   3  159 0.471250 [18.717974 / 0.035365]
  1   3  199 0.469802 [18.701311 / 0.032458]
  1   3  239 0.467838 [18.712367 / 0.031111]
  1   3  279 0.467585 [18.721415 / 0.031591]
  1   3  319 0.469497 [18.718580 / 0.031402]
  1   3  359 0.470292 [18.723666 / 0.031354]
  1   3  399 0.472683 [18.722629 / 0.031833]
  1   3  439 0.465072 [18.697570 / 0.033392]
  1   4   39 0.465149 [18.685620 / 0.032661]
  1   4   79 0.466946 [18.681673 / 0.030244]
  1   4  119 0.469662 [18.693770 / 0.031380]
  1   4  159 0.470795 [18.709704 / 0.032199]
  1   4  199 0.470109 [18.705598 / 0.031376]
  1   4  239 0.469297 [18.703700 / 0.032358]
  1   4  279 0.470064 [18.690921 / 0.031467]
  1   4  319 0.470392 [18.696036 / 0.031180]
  1   4  359 0.468547 [18.695322 / 0.031065]
  1   4  399 0.472756 [18.705199 / 0.030463]
  1   4  439 0.463221 [18.698070 / 0.031165]
  2   0   39 0.465404 [18.693284 / 0.016158]
  2   0   79 0.464724 [18.684381 / 0.016168]
  2   0  119 0.461955 [18.673848 / 0.015703]
  2   0  159 0.462567 [18.668726 / 0.015126]
  2   0  199 0.465138 [18.664282 / 0.015683]
  2   0  239 0.466762 [18.668253 / 0.016120]
  2   0  279 0.469016 [18.671611 / 0.016575]
  2   0  319 0.469263 [18.664216 / 0.015448]
  2   0  359 0.466246 [18.668006 / 0.015791]
  2   0  399 0.468955 [18.661909 / 0.017055]
  2   0  439 0.466201 [18.668646 / 0.016923]
  2   1   39 0.467491 [18.657869 / 0.015957]
  2   1   79 0.464890 [18.656259 / 0.015726]
  2   1  119 0.469474 [18.654301 / 0.017161]
  2   1  159 0.462350 [18.644852 / 0.015487]
  2   1  199 0.466239 [18.628560 / 0.015889]
  2   1  239 0.468971 [18.639380 / 0.015902]
  2   1  279 0.467351 [18.640244 / 0.016228]
  2   1  319 0.460059 [18.630728 / 0.016151]
  2   1  359 0.464926 [18.637783 / 0.015816]
  2   1  399 0.466174 [18.647908 / 0.016196]
  2   1  439 0.461860 [18.645951 / 0.016993]
  2   2   39 0.463175 [18.638167 / 0.015722]
  2   2   79 0.462744 [18.634426 / 0.015056]
  2   2  119 0.466962 [18.642033 / 0.015454]
  2   2  159 0.465345 [18.629446 / 0.015199]
  2   2  199 0.469145 [18.630510 / 0.015535]
  2   2  239 0.460796 [18.628958 / 0.016013]
  2   2  279 0.466294 [18.621655 / 0.015466]
  2   2  319 0.464451 [18.619363 / 0.015608]
  2   2  359 0.466734 [18.622423 / 0.016072]
  2   2  399 0.463409 [18.621413 / 0.016800]
  2   2  439 0.465829 [18.609509 / 0.017467]
  2   3   39 0.465376 [18.617074 / 0.016042]
  2   3   79 0.464094 [18.611882 / 0.015577]
  2   3  119 0.470207 [18.615081 / 0.015555]
  2   3  159 0.465871 [18.620478 / 0.015941]
  2   3  199 0.462881 [18.614867 / 0.016112]
  2   3  239 0.466907 [18.620477 / 0.015425]
  2   3  279 0.464674 [18.618496 / 0.016292]
  2   3  319 0.464589 [18.613809 / 0.016374]
  2   3  359 0.467486 [18.624336 / 0.015920]
  2   3  399 0.466733 [18.617238 / 0.015982]
  2   3  439 0.464526 [18.612653 / 0.016169]
  2   4   39 0.466079 [18.616654 / 0.015656]
  2   4   79 0.463907 [18.618307 / 0.017064]
  2   4  119 0.469226 [18.617943 / 0.016195]
  2   4  159 0.465665 [18.612990 / 0.015504]
  2   4  199 0.464485 [18.608353 / 0.016403]
  2   4  239 0.466131 [18.608818 / 0.016286]
  2   4  279 0.463341 [18.610475 / 0.016343]
  2   4  319 0.464749 [18.611805 / 0.014979]
  2   4  359 0.467513 [18.603695 / 0.015577]
  2   4  399 0.465922 [18.609378 / 0.015527]
  2   4  439 0.461036 [18.607258 / 0.015782]
  3   0   39 0.463319 [18.604541 / 0.007953]
  3   0   79 0.467341 [18.598525 / 0.007653]
  3   0  119 0.461774 [18.592780 / 0.008035]
  3   0  159 0.463512 [18.596498 / 0.007581]
  3   0  199 0.459237 [18.584453 / 0.008010]
  3   0  239 0.463815 [18.585486 / 0.007552]
  3   0  279 0.461395 [18.592124 / 0.008113]
  3   0  319 0.467956 [18.593082 / 0.008085]
  3   0  359 0.466243 [18.594077 / 0.007925]
  3   0  399 0.460948 [18.587647 / 0.008031]
  3   0  439 0.469415 [18.593137 / 0.007387]
  3   1   39 0.469312 [18.590558 / 0.008338]
  3   1   79 0.464205 [18.589226 / 0.007920]
  3   1  119 0.460534 [18.588015 / 0.007798]
  3   1  159 0.470009 [18.592818 / 0.007731]
  3   1  199 0.457274 [18.582718 / 0.008092]
  3   1  239 0.464227 [18.582538 / 0.008040]
  3   1  279 0.462819 [18.587836 / 0.007673]
  3   1  319 0.469757 [18.586580 / 0.008149]
  3   1  359 0.459953 [18.581021 / 0.007785]
  3   1  399 0.460137 [18.576798 / 0.007857]
  3   1  439 0.462210 [18.577495 / 0.008194]
  3   2   39 0.459862 [18.575925 / 0.008005]
  3   2   79 0.464013 [18.568114 / 0.007470]
  3   2  119 0.460759 [18.567568 / 0.008106]
  3   2  159 0.467397 [18.565804 / 0.008126]
  3   2  199 0.459594 [18.559362 / 0.007699]
  3   2  239 0.456768 [18.553983 / 0.007921]
  3   2  279 0.466631 [18.557408 / 0.008067]
  3   2  319 0.462176 [18.555950 / 0.007523]
  3   2  359 0.464828 [18.562490 / 0.007746]
  3   2  399 0.460435 [18.558437 / 0.007977]
  3   2  439 0.463614 [18.563394 / 0.007855]
  3   3   39 0.467060 [18.561248 / 0.007871]
  3   3   79 0.460849 [18.562555 / 0.008352]
  3   3  119 0.455340 [18.559590 / 0.007448]
  3   3  159 0.466816 [18.554865 / 0.007822]
  3   3  199 0.464957 [18.558044 / 0.007763]
  3   3  239 0.459012 [18.550750 / 0.008544]
  3   3  279 0.461610 [18.553913 / 0.007695]
  3   3  319 0.460258 [18.548917 / 0.007927]
  3   3  359 0.468443 [18.550639 / 0.007828]
  3   3  399 0.460465 [18.553496 / 0.008132]
  3   3  439 0.466390 [18.552162 / 0.007880]
  3   4   39 0.466025 [18.547647 / 0.007587]
  3   4   79 0.463793 [18.553117 / 0.007794]
  3   4  119 0.460762 [18.545209 / 0.007935]
  3   4  159 0.466350 [18.560028 / 0.007728]
  3   4  199 0.465191 [18.556828 / 0.008095]
  3   4  239 0.467961 [18.560534 / 0.009150]
  3   4  279 0.456460 [18.553084 / 0.008161]
  3   4  319 0.463751 [18.556588 / 0.007747]
  3   4  359 0.457724 [18.549164 / 0.007880]
  3   4  399 0.461499 [18.544672 / 0.008204]
  3   4  439 0.464398 [18.546423 / 0.008277]
  4   0   39 0.462069 [18.544327 / 0.003769]
  4   0   79 0.457380 [18.544771 / 0.003933]
  4   0  119 0.465615 [18.545926 / 0.003966]
  4   0  159 0.463211 [18.543796 / 0.003802]
  4   0  199 0.462276 [18.542932 / 0.003918]
  4   0  239 0.457493 [18.543427 / 0.003847]
  4   0  279 0.462851 [18.542824 / 0.003863]
  4   0  319 0.460367 [18.542515 / 0.003869]
  4   0  359 0.463681 [18.542612 / 0.003874]
  4   0  399 0.468773 [18.543842 / 0.003896]
  4   0  439 0.457551 [18.544635 / 0.004264]
  4   1   39 0.462076 [18.542946 / 0.003976]
  4   1   79 0.466702 [18.545432 / 0.003898]
  4   1  119 0.461464 [18.541134 / 0.004044]
  4   1  159 0.456345 [18.539955 / 0.004075]
  4   1  199 0.462298 [18.542813 / 0.003709]
  4   1  239 0.457071 [18.539754 / 0.003866]
  4   1  279 0.462618 [18.539208 / 0.004021]
  4   1  319 0.463697 [18.533971 / 0.004149]
  4   1  359 0.464429 [18.534802 / 0.003954]
  4   1  399 0.463599 [18.534323 / 0.003706]
  4   1  439 0.454727 [18.534296 / 0.004034]
  4   2   39 0.464091 [18.532172 / 0.004077]
  4   2   79 0.465584 [18.536090 / 0.003809]
  4   2  119 0.462411 [18.535066 / 0.003867]
  4   2  159 0.459805 [18.533986 / 0.003922]
  4   2  199 0.457712 [18.529533 / 0.003750]
  4   2  239 0.461560 [18.530225 / 0.004065]
  4   2  279 0.467960 [18.532119 / 0.003794]
  4   2  319 0.460678 [18.531548 / 0.003864]
  4   2  359 0.461896 [18.531416 / 0.004045]
  4   2  399 0.462402 [18.531439 / 0.003726]
  4   2  439 0.459631 [18.529537 / 0.004279]
  4   3   39 0.460990 [18.530630 / 0.003788]
  4   3   79 0.459214 [18.527240 / 0.003863]
  4   3  119 0.463901 [18.531316 / 0.003717]
  4   3  159 0.460594 [18.527773 / 0.003895]
  4   3  199 0.460910 [18.529639 / 0.004034]
  4   3  239 0.462837 [18.529317 / 0.003873]
  4   3  279 0.461008 [18.525276 / 0.003645]
  4   3  319 0.466353 [18.524128 / 0.004072]
  4   3  359 0.459465 [18.521551 / 0.003849]
  4   3  399 0.464262 [18.522605 / 0.003932]
  4   3  439 0.460998 [18.522672 / 0.003792]
  4   4   39 0.464437 [18.525614 / 0.003837]
  4   4   79 0.462472 [18.524732 / 0.003970]
  4   4  119 0.460554 [18.523532 / 0.004099]
  4   4  159 0.463005 [18.525377 / 0.003806]
  4   4  199 0.467052 [18.523899 / 0.003697]
  4   4  239 0.458837 [18.521434 / 0.003857]
  4   4  279 0.460535 [18.522774 / 0.003715]
  4   4  319 0.459065 [18.524531 / 0.003888]
  4   4  359 0.458028 [18.523943 / 0.003916]
  4   4  399 0.466483 [18.526408 / 0.003748]
  4   4  439 0.462061 [18.524743 / 0.004021]
Sequential (
  (0): Linear (784 -> 800)
  (1): BatchNorm1d(800, eps=1e-05, momentum=0.1, affine=True)
  (2): CatFactor (factors=80, categories=10, nonclass=True, stochastic=True)
  (3): Linear (800 -> 784)
)
Namespace(batch_size=128, mode='mlpae_bns', name='mlpae_bns1', nc=10, nf=80, optimizer='Adam')
{'lr': 0.001, 'wd': 0.0005}
