  0   0   39 0.999674 [14.252391 / 0.108277]
  0   0   79 0.827771 [12.095241 / 0.088489]
  0   0  119 0.717091 [10.411581 / 0.075901]
  0   0  159 0.655027 [9.283899 / 0.061055]
  0   0  199 0.599590 [8.546859 / 0.072122]
  0   0  239 0.545779 [8.050714 / 0.044039]
  0   0  279 0.520133 [7.675467 / 0.037868]
  0   0  319 0.496680 [7.466328 / 0.063467]
  0   0  359 0.465346 [7.303440 / 0.034608]
  0   0  399 0.454112 [7.122625 / 0.029337]
  0   0  439 0.440858 [7.077557 / 0.073408]
  0   1   39 0.399031 [7.072419 / 0.036137]
  0   1   79 0.393056 [6.973565 / 0.040156]
  0   1  119 0.377977 [7.055745 / 0.038428]
  0   1  159 0.371581 [6.930640 / 0.029619]
  0   1  199 0.368554 [6.854441 / 0.027714]
  0   1  239 0.367056 [6.777513 / 0.023666]
  0   1  279 0.361389 [6.868407 / 0.053668]
  0   1  319 0.343330 [7.098614 / 0.077402]
  0   1  359 0.321939 [7.219302 / 0.049582]
  0   1  399 0.310325 [7.318074 / 0.053138]
  0   1  439 0.300483 [7.370542 / 0.066506]
  0   2   39 0.292186 [7.374157 / 0.030537]
  0   2   79 0.291080 [7.332293 / 0.027895]
  0   2  119 0.291016 [7.308533 / 0.029754]
  0   2  159 0.287956 [7.277385 / 0.027035]
  0   2  199 0.289524 [7.297543 / 0.075816]
  0   2  239 0.283021 [7.351515 / 0.034113]
  0   2  279 0.281637 [7.293775 / 0.032299]
  0   2  319 0.284011 [7.256368 / 0.026913]
  0   2  359 0.279564 [7.222476 / 0.023670]
  0   2  399 0.279303 [7.193122 / 0.025703]
  0   2  439 0.283691 [7.174533 / 0.024208]
  0   3   39 0.281710 [7.142731 / 0.027768]
  0   3   79 0.279747 [7.140476 / 0.023656]
  0   3  119 0.278607 [7.124850 / 0.028815]
  0   3  159 0.279696 [7.112219 / 0.030890]
  0   3  199 0.282655 [7.092799 / 0.023316]
  0   3  239 0.278523 [7.089117 / 0.022218]
  0   3  279 0.280168 [7.079158 / 0.026438]
  0   3  319 0.279118 [7.227964 / 0.052772]
  0   3  359 0.273109 [7.210939 / 0.030390]
  0   3  399 0.269611 [7.197272 / 0.028232]
  0   3  439 0.274694 [7.193709 / 0.028027]
  0   4   39 0.269748 [7.176388 / 0.026519]
  0   4   79 0.272865 [7.173344 / 0.025305]
  0   4  119 0.268704 [7.160219 / 0.022821]
  0   4  159 0.271504 [7.159642 / 0.026188]
  0   4  199 0.272659 [7.152919 / 0.023526]
  0   4  239 0.272256 [7.147281 / 0.023645]
  0   4  279 0.270220 [7.146096 / 0.023934]
  0   4  319 0.270138 [7.136963 / 0.023232]
  0   4  359 0.270301 [7.127696 / 0.026995]
  0   4  399 0.271043 [7.121695 / 0.026142]
  0   4  439 0.271003 [7.112633 / 0.024129]
  1   0   39 0.269406 [7.123936 / 0.011453]
  1   0   79 0.270837 [7.128520 / 0.012928]
  1   0  119 0.266987 [7.128202 / 0.012800]
  1   0  159 0.270924 [7.124770 / 0.011417]
  1   0  199 0.270994 [7.121845 / 0.013663]
  1   0  239 0.268961 [7.115653 / 0.013510]
  1   0  279 0.271424 [7.111186 / 0.012467]
  1   0  319 0.268651 [7.110933 / 0.011198]
  1   0  359 0.269209 [7.109910 / 0.012609]
  1   0  399 0.268215 [7.109662 / 0.011756]
  1   0  439 0.269258 [7.102959 / 0.012803]
  1   1   39 0.269373 [7.101291 / 0.012723]
  1   1   79 0.269967 [7.103772 / 0.012213]
  1   1  119 0.268057 [7.097955 / 0.011909]
  1   1  159 0.270221 [7.090546 / 0.014133]
  1   1  199 0.268852 [7.089520 / 0.011768]
  1   1  239 0.269313 [7.082460 / 0.012241]
  1   1  279 0.269201 [7.084872 / 0.012319]
  1   1  319 0.270348 [7.080050 / 0.012005]
  1   1  359 0.269490 [7.083947 / 0.013863]
  1   1  399 0.268471 [7.072342 / 0.012597]
  1   1  439 0.270775 [7.072083 / 0.013666]
  1   2   39 0.270626 [7.065526 / 0.011238]
  1   2   79 0.269272 [7.066599 / 0.011479]
  1   2  119 0.265586 [7.057882 / 0.012231]
  1   2  159 0.270432 [7.057569 / 0.013328]
  1   2  199 0.268945 [7.054294 / 0.012714]
  1   2  239 0.270520 [7.057529 / 0.013047]
  1   2  279 0.268102 [7.052501 / 0.013720]
  1   2  319 0.269496 [7.051592 / 0.012278]
  1   2  359 0.268271 [7.053181 / 0.013841]
  1   2  399 0.269140 [7.048895 / 0.012835]
  1   2  439 0.270099 [7.049614 / 0.014048]
  1   3   39 0.269514 [7.042863 / 0.011398]
  1   3   79 0.270320 [7.043396 / 0.011642]
  1   3  119 0.268643 [7.039261 / 0.013814]
  1   3  159 0.269528 [7.038846 / 0.013987]
  1   3  199 0.270002 [7.031709 / 0.014193]
  1   3  239 0.268809 [7.026291 / 0.013623]
  1   3  279 0.268362 [7.032007 / 0.013136]
  1   3  319 0.270268 [7.022902 / 0.012866]
  1   3  359 0.270347 [7.028452 / 0.012492]
  1   3  399 0.269131 [7.029773 / 0.011313]
  1   3  439 0.266282 [7.029830 / 0.012011]
  1   4   39 0.270812 [7.023622 / 0.014356]
  1   4   79 0.270092 [7.020436 / 0.016078]
  1   4  119 0.267607 [7.017445 / 0.013178]
  1   4  159 0.268255 [7.018247 / 0.014598]
  1   4  199 0.268950 [7.013680 / 0.014734]
  1   4  239 0.269787 [7.018962 / 0.012152]
  1   4  279 0.268515 [7.020295 / 0.012452]
  1   4  319 0.268166 [7.015000 / 0.011728]
  1   4  359 0.271128 [7.015726 / 0.014274]
  1   4  399 0.268239 [7.005504 / 0.013195]
  1   4  439 0.271423 [7.010332 / 0.015138]
  2   0   39 0.269596 [7.010620 / 0.006625]
  2   0   79 0.268654 [7.015098 / 0.006904]
  2   0  119 0.271418 [7.020592 / 0.006806]
  2   0  159 0.271137 [7.023871 / 0.007116]
  2   0  199 0.265098 [7.017464 / 0.006556]
  2   0  239 0.268152 [7.022023 / 0.009225]
  2   0  279 0.267781 [7.021371 / 0.007550]
  2   0  319 0.268980 [7.023310 / 0.006396]
  2   0  359 0.270634 [7.023407 / 0.007284]
  2   0  399 0.265164 [7.020087 / 0.007484]
  2   0  439 0.267291 [7.017193 / 0.006183]
  2   1   39 0.267490 [7.018491 / 0.006784]
  2   1   79 0.267023 [7.014073 / 0.006543]
  2   1  119 0.269110 [7.011511 / 0.006563]
  2   1  159 0.267812 [7.016344 / 0.007360]
  2   1  199 0.267369 [7.017964 / 0.007731]
  2   1  239 0.269545 [7.016385 / 0.007321]
  2   1  279 0.267666 [7.015349 / 0.006963]
  2   1  319 0.269075 [7.015015 / 0.007948]
  2   1  359 0.269058 [7.013001 / 0.007404]
  2   1  399 0.269721 [7.017848 / 0.007143]
  2   1  439 0.267767 [7.013338 / 0.007948]
  2   2   39 0.267807 [7.013777 / 0.006969]
  2   2   79 0.266799 [7.007723 / 0.007202]
  2   2  119 0.269416 [7.012975 / 0.008256]
  2   2  159 0.269978 [7.009196 / 0.006758]
  2   2  199 0.268395 [7.009691 / 0.008774]
  2   2  239 0.268454 [7.006045 / 0.006926]
  2   2  279 0.267698 [7.003638 / 0.008363]
  2   2  319 0.270448 [7.007787 / 0.006536]
  2   2  359 0.268377 [7.007259 / 0.006611]
  2   2  399 0.267706 [7.005438 / 0.008106]
  2   2  439 0.269813 [7.008559 / 0.006867]
  2   3   39 0.268419 [7.004080 / 0.007816]
  2   3   79 0.267456 [7.002165 / 0.007403]
  2   3  119 0.269944 [7.004397 / 0.007643]
  2   3  159 0.268840 [7.003736 / 0.007415]
  2   3  199 0.265766 [7.002901 / 0.007761]
  2   3  239 0.268430 [7.005314 / 0.007632]
  2   3  279 0.268859 [6.999325 / 0.007817]
  2   3  319 0.268710 [6.996728 / 0.006584]
  2   3  359 0.269131 [6.998061 / 0.007396]
  2   3  399 0.269674 [6.996186 / 0.008204]
  2   3  439 0.268945 [6.997315 / 0.007780]
  2   4   39 0.269342 [6.996249 / 0.008369]
  2   4   79 0.268091 [6.996395 / 0.008518]
  2   4  119 0.266392 [6.996534 / 0.008667]
  2   4  159 0.269578 [6.996967 / 0.007477]
  2   4  199 0.266673 [6.996746 / 0.007657]
  2   4  239 0.268304 [6.997349 / 0.006747]
  2   4  279 0.268603 [6.994734 / 0.006968]
  2   4  319 0.268846 [7.000890 / 0.008666]
  2   4  359 0.268954 [6.995893 / 0.006609]
  2   4  399 0.270140 [6.989939 / 0.007576]
  2   4  439 0.267944 [6.990118 / 0.007619]
  3   0   39 0.267409 [6.991696 / 0.003821]
  3   0   79 0.268019 [6.995797 / 0.003947]
  3   0  119 0.268553 [6.997693 / 0.003580]
  3   0  159 0.269047 [6.997216 / 0.003729]
  3   0  199 0.270547 [6.999012 / 0.003862]
  3   0  239 0.267402 [7.002415 / 0.003578]
  3   0  279 0.267881 [7.001010 / 0.004193]
  3   0  319 0.267710 [6.999369 / 0.003846]
  3   0  359 0.266870 [7.001371 / 0.004541]
  3   0  399 0.267287 [7.000803 / 0.004935]
  3   0  439 0.268217 [6.999873 / 0.003492]
  3   1   39 0.268444 [7.002327 / 0.003877]
  3   1   79 0.266208 [7.004464 / 0.003886]
  3   1  119 0.267320 [7.004022 / 0.004024]
  3   1  159 0.267763 [7.002017 / 0.004072]
  3   1  199 0.268623 [7.002529 / 0.003962]
  3   1  239 0.269216 [7.002935 / 0.004264]
  3   1  279 0.270540 [7.001323 / 0.004025]
  3   1  319 0.269191 [7.002147 / 0.003555]
  3   1  359 0.267944 [7.004062 / 0.004648]
  3   1  399 0.267371 [7.002112 / 0.004862]
  3   1  439 0.266981 [7.000871 / 0.004224]
  3   2   39 0.267781 [6.997782 / 0.004271]
  3   2   79 0.268114 [6.998800 / 0.003969]
  3   2  119 0.269908 [7.001748 / 0.003865]
  3   2  159 0.268290 [6.998020 / 0.004048]
  3   2  199 0.268233 [6.997729 / 0.004076]
  3   2  239 0.266981 [7.000799 / 0.003629]
  3   2  279 0.267328 [6.998832 / 0.004130]
  3   2  319 0.269493 [6.998493 / 0.004369]
  3   2  359 0.268872 [7.002030 / 0.003685]
  3   2  399 0.269937 [7.000962 / 0.004051]
  3   2  439 0.265022 [6.997089 / 0.004530]
  3   3   39 0.268129 [6.997198 / 0.003872]
  3   3   79 0.266264 [6.997070 / 0.004066]
  3   3  119 0.268774 [6.993422 / 0.004510]
  3   3  159 0.267528 [6.993149 / 0.004408]
  3   3  199 0.269408 [6.993243 / 0.004551]
  3   3  239 0.267203 [6.997018 / 0.004526]
  3   3  279 0.268070 [6.997312 / 0.004061]
  3   3  319 0.268161 [6.995191 / 0.005641]
  3   3  359 0.267704 [6.995218 / 0.003826]
  3   3  399 0.267959 [6.995679 / 0.004188]
  3   3  439 0.269124 [6.992706 / 0.004590]
  3   4   39 0.266958 [6.995125 / 0.003846]
  3   4   79 0.268977 [6.997306 / 0.004151]
  3   4  119 0.268831 [6.996935 / 0.005128]
  3   4  159 0.270508 [6.999801 / 0.003698]
  3   4  199 0.267231 [6.996370 / 0.003963]
  3   4  239 0.267269 [6.995674 / 0.003366]
  3   4  279 0.265781 [6.995314 / 0.003872]
  3   4  319 0.268225 [6.995808 / 0.004019]
  3   4  359 0.266418 [6.991866 / 0.003729]
  3   4  399 0.268136 [6.994360 / 0.005245]
  3   4  439 0.269025 [6.992214 / 0.004412]
  4   0   39 0.268366 [6.992826 / 0.002070]
  4   0   79 0.267671 [6.993777 / 0.003024]
  4   0  119 0.267669 [6.993359 / 0.001931]
  4   0  159 0.267951 [6.993170 / 0.002089]
  4   0  199 0.268702 [6.993159 / 0.002107]
  4   0  239 0.268245 [6.995157 / 0.002384]
  4   0  279 0.266994 [6.995033 / 0.002046]
  4   0  319 0.267029 [6.997075 / 0.002241]
  4   0  359 0.270226 [6.999348 / 0.002082]
  4   0  399 0.269354 [6.999123 / 0.002051]
  4   0  439 0.264407 [6.998687 / 0.002043]
  4   1   39 0.266597 [6.998693 / 0.001846]
  4   1   79 0.266942 [6.997938 / 0.001926]
  4   1  119 0.264979 [6.997011 / 0.002142]
  4   1  159 0.268365 [6.995931 / 0.002285]
  4   1  199 0.270086 [6.995023 / 0.002660]
  4   1  239 0.268124 [6.999227 / 0.002416]
  4   1  279 0.267156 [6.998151 / 0.001972]
  4   1  319 0.266101 [6.997929 / 0.002965]
  4   1  359 0.268551 [6.998325 / 0.002907]
  4   1  399 0.268985 [7.000744 / 0.002684]
  4   1  439 0.269495 [7.001657 / 0.002577]
  4   2   39 0.267307 [7.000133 / 0.003002]
  4   2   79 0.269697 [7.001711 / 0.002160]
  4   2  119 0.267435 [6.999231 / 0.002233]
  4   2  159 0.269361 [7.001206 / 0.002086]
  4   2  199 0.267634 [7.000911 / 0.002349]
  4   2  239 0.268583 [7.001010 / 0.002365]
  4   2  279 0.266984 [6.998606 / 0.002864]
  4   2  319 0.267559 [6.998700 / 0.002236]
  4   2  359 0.266296 [6.997312 / 0.001992]
  4   2  399 0.267127 [6.997597 / 0.002074]
  4   2  439 0.268385 [6.998077 / 0.002082]
  4   3   39 0.264826 [6.996000 / 0.002289]
  4   3   79 0.268176 [6.994019 / 0.002148]
  4   3  119 0.269188 [6.998369 / 0.002506]
  4   3  159 0.266860 [6.997450 / 0.002248]
  4   3  199 0.268085 [6.998864 / 0.002461]
  4   3  239 0.270186 [6.997985 / 0.001975]
  4   3  279 0.265766 [6.997453 / 0.002662]
  4   3  319 0.269715 [6.995375 / 0.002369]
  4   3  359 0.266443 [6.995869 / 0.002125]
  4   3  399 0.268239 [6.994637 / 0.002205]
  4   3  439 0.269587 [6.996220 / 0.002954]
  4   4   39 0.266028 [6.998474 / 0.002683]
  4   4   79 0.269157 [6.999637 / 0.002980]
  4   4  119 0.267881 [6.998761 / 0.002030]
  4   4  159 0.268152 [6.997389 / 0.002741]
  4   4  199 0.271128 [6.996903 / 0.002261]
  4   4  239 0.266486 [6.993918 / 0.002156]
  4   4  279 0.266426 [6.997261 / 0.002159]
  4   4  319 0.267023 [6.998312 / 0.002173]
  4   4  359 0.267276 [6.996519 / 0.002339]
  4   4  399 0.268790 [6.995552 / 0.002031]
  4   4  439 0.268249 [6.997037 / 0.002536]
Sequential (
  (0): Linear (784 -> 20)
  (1): ReLU ()
  (2): Linear (20 -> 784)
)
