Sequential (
  (0): Linear (784 -> 100)
  (1): ReLU ()
  (2): Linear (100 -> 784)
)
Namespace(batch_size=128, cnnc=10, cnnf=40, force_name=False, mode='mlpae_simple', name='mlpae_simple10', nc=10, nf=100, optimizer='Adam', weight_decay=0.01)
{'lr': 0.001, 'wd': 0.01}
  0   0   39 0.782575 [9.723941 / 0.203800]
  0   0   79 0.470688 [6.536295 / 0.118062]
  0   0  119 0.355998 [5.706245 / 0.071092]
  0   0  159 0.321250 [5.581241 / 0.061738]
  0   0  199 0.303864 [5.565824 / 0.052449]
  0   0  239 0.297459 [5.600266 / 0.048428]
  0   0  279 0.292306 [5.602203 / 0.053583]
  0   0  319 0.292416 [5.610448 / 0.053493]
  0   0  359 0.288257 [5.622253 / 0.052488]
  0   0  399 0.287821 [5.635029 / 0.053066]
  0   0  439 0.289112 [5.629501 / 0.054348]
  0   1   39 0.289281 [5.653227 / 0.055403]
  0   1   79 0.287724 [5.645073 / 0.051263]
  0   1  119 0.288135 [5.651914 / 0.055973]
  0   1  159 0.287565 [5.654519 / 0.056263]
  0   1  199 0.286773 [5.656724 / 0.052273]
  0   1  239 0.287369 [5.664143 / 0.056073]
  0   1  279 0.285215 [5.664539 / 0.051056]
  0   1  319 0.285114 [5.650043 / 0.053173]
  0   1  359 0.285328 [5.653480 / 0.054649]
  0   1  399 0.286121 [5.660621 / 0.053280]
  0   1  439 0.286680 [5.673009 / 0.057183]
  0   2   39 0.285061 [5.667484 / 0.053505]
  0   2   79 0.282008 [5.670481 / 0.048967]
  0   2  119 0.286696 [5.677790 / 0.068181]
  0   2  159 0.285051 [5.679498 / 0.057048]
  0   2  199 0.283443 [5.668721 / 0.058583]
  0   2  239 0.287144 [5.685185 / 0.054226]
  0   2  279 0.285512 [5.674503 / 0.052446]
  0   2  319 0.284564 [5.681402 / 0.050609]
  0   2  359 0.282830 [5.673937 / 0.053999]
  0   2  399 0.283916 [5.676590 / 0.056104]
  0   2  439 0.284758 [5.676435 / 0.054682]
  0   3   39 0.283132 [5.668636 / 0.062767]
  0   3   79 0.284250 [5.675920 / 0.056139]
  0   3  119 0.282589 [5.676066 / 0.057215]
  0   3  159 0.285347 [5.678289 / 0.054099]
  0   3  199 0.283354 [5.676023 / 0.050783]
  0   3  239 0.285360 [5.683551 / 0.063894]
  0   3  279 0.284560 [5.676578 / 0.056255]
  0   3  319 0.282969 [5.679706 / 0.049328]
  0   3  359 0.281986 [5.677063 / 0.054093]
  0   3  399 0.282142 [5.669915 / 0.055596]
  0   3  439 0.285219 [5.696093 / 0.055877]
  0   4   39 0.284472 [5.680136 / 0.063897]
  0   4   79 0.283974 [5.680181 / 0.049326]
  0   4  119 0.281043 [5.677733 / 0.053112]
  0   4  159 0.282660 [5.693224 / 0.052605]
  0   4  199 0.285644 [5.696045 / 0.055686]
  0   4  239 0.281210 [5.681386 / 0.049634]
  0   4  279 0.284107 [5.692413 / 0.059550]
  0   4  319 0.284267 [5.692902 / 0.061195]
  0   4  359 0.284078 [5.695272 / 0.056238]
  0   4  399 0.281207 [5.663405 / 0.058770]
  0   4  439 0.282990 [5.681969 / 0.055723]
  0   5   39 0.283821 [5.687955 / 0.051801]
  0   5   79 0.283354 [5.688792 / 0.054170]
  0   5  119 0.282856 [5.681743 / 0.054303]
  0   5  159 0.282960 [5.680312 / 0.047718]
  0   5  199 0.279980 [5.678373 / 0.053118]
  0   5  239 0.281637 [5.674881 / 0.053402]
  0   5  279 0.284709 [5.684592 / 0.051314]
  0   5  319 0.280713 [5.676868 / 0.053856]
  0   5  359 0.284664 [5.682661 / 0.057319]
  0   5  399 0.283227 [5.672041 / 0.056664]
  0   5  439 0.283674 [5.692486 / 0.048238]
  0   6   39 0.280605 [5.673219 / 0.053799]
  0   6   79 0.282375 [5.682427 / 0.050872]
  0   6  119 0.284770 [5.695088 / 0.051369]
  0   6  159 0.282188 [5.684623 / 0.055809]
  0   6  199 0.280739 [5.687149 / 0.053234]
  0   6  239 0.285026 [5.679271 / 0.050111]
  0   6  279 0.282235 [5.683502 / 0.052092]
  0   6  319 0.281826 [5.688318 / 0.054881]
  0   6  359 0.285086 [5.680176 / 0.058052]
  0   6  399 0.284671 [5.699041 / 0.052826]
  0   6  439 0.281912 [5.690086 / 0.053177]
  0   7   39 0.282732 [5.686218 / 0.051376]
  0   7   79 0.282439 [5.675725 / 0.051959]
  0   7  119 0.282896 [5.694236 / 0.053654]
  0   7  159 0.280432 [5.687069 / 0.053525]
  0   7  199 0.283626 [5.683541 / 0.051709]
  0   7  239 0.281050 [5.680308 / 0.051159]
  0   7  279 0.283442 [5.683086 / 0.052539]
  0   7  319 0.282234 [5.690102 / 0.051240]
  0   7  359 0.280861 [5.680274 / 0.057769]
  0   7  399 0.283307 [5.691917 / 0.055701]
  0   7  439 0.283196 [5.686033 / 0.051750]
  0   8   39 0.281511 [5.698787 / 0.053623]
  0   8   79 0.282073 [5.692723 / 0.051997]
  0   8  119 0.280641 [5.673499 / 0.053078]
  0   8  159 0.282484 [5.680639 / 0.052285]
  0   8  199 0.281641 [5.674673 / 0.048323]
  0   8  239 0.282916 [5.685342 / 0.055453]
  0   8  279 0.283246 [5.691335 / 0.052187]
  0   8  319 0.283844 [5.703543 / 0.054820]
  0   8  359 0.282654 [5.692449 / 0.050261]
  0   8  399 0.280864 [5.692785 / 0.048247]
  0   8  439 0.284117 [5.686335 / 0.049775]
  0   9   39 0.281647 [5.689738 / 0.054573]
  0   9   79 0.282524 [5.688385 / 0.049108]
  0   9  119 0.281395 [5.687669 / 0.052523]
  0   9  159 0.282331 [5.692495 / 0.053244]
  0   9  199 0.280717 [5.670968 / 0.053011]
  0   9  239 0.281870 [5.688540 / 0.048233]
  0   9  279 0.281873 [5.686521 / 0.050818]
  0   9  319 0.286185 [5.692242 / 0.055905]
  0   9  359 0.281891 [5.695874 / 0.053361]
  0   9  399 0.283979 [5.696121 / 0.052983]
  0   9  439 0.280113 [5.681412 / 0.049802]
  0  10   39 0.282959 [5.684591 / 0.050952]
  0  10   79 0.282926 [5.700660 / 0.051486]
  0  10  119 0.281006 [5.686465 / 0.046601]
  0  10  159 0.283330 [5.701830 / 0.063270]
  0  10  199 0.282888 [5.703627 / 0.052419]
  0  10  239 0.281697 [5.697513 / 0.057637]
  0  10  279 0.279671 [5.669407 / 0.070584]
  0  10  319 0.283197 [5.686930 / 0.054608]
  0  10  359 0.281659 [5.680149 / 0.078029]
  0  10  399 0.281123 [5.687225 / 0.059488]
  0  10  439 0.283121 [5.689037 / 0.052084]
  0  11   39 0.283734 [5.698584 / 0.052288]
  0  11   79 0.281178 [5.682510 / 0.052744]
  0  11  119 0.284193 [5.689089 / 0.050601]
  0  11  159 0.282430 [5.694612 / 0.050964]
  0  11  199 0.284010 [5.693286 / 0.053943]
  0  11  239 0.281068 [5.693353 / 0.050189]
  0  11  279 0.281037 [5.688624 / 0.055796]
  0  11  319 0.283048 [5.698129 / 0.053086]
  0  11  359 0.282516 [5.693567 / 0.049821]
  0  11  399 0.280155 [5.685129 / 0.060879]
  0  11  439 0.279229 [5.671009 / 0.058082]
  0  12   39 0.284067 [5.681996 / 0.062339]
  0  12   79 0.282241 [5.680301 / 0.055232]
  0  12  119 0.284274 [5.707435 / 0.069924]
  0  12  159 0.282402 [5.703341 / 0.059016]
  0  12  199 0.282167 [5.685608 / 0.058296]
  0  12  239 0.282186 [5.705851 / 0.051833]
  0  12  279 0.279492 [5.700652 / 0.053779]
  0  12  319 0.280989 [5.696072 / 0.059811]
  0  12  359 0.282479 [5.683398 / 0.053977]
  0  12  399 0.279999 [5.669150 / 0.049206]
  0  12  439 0.281723 [5.682955 / 0.055526]
  0  13   39 0.284273 [5.694074 / 0.053616]
  0  13   79 0.281869 [5.681757 / 0.050858]
  0  13  119 0.280734 [5.686105 / 0.052591]
  0  13  159 0.281793 [5.677070 / 0.057765]
  0  13  199 0.283149 [5.691389 / 0.063290]
  0  13  239 0.282356 [5.690314 / 0.061577]
  0  13  279 0.278721 [5.694306 / 0.054523]
  0  13  319 0.281783 [5.687873 / 0.056726]
  0  13  359 0.283063 [5.702077 / 0.063217]
  0  13  399 0.281091 [5.689584 / 0.063900]
  0  13  439 0.282477 [5.695446 / 0.060371]
  0  14   39 0.280388 [5.675976 / 0.056397]
  0  14   79 0.282846 [5.690389 / 0.072962]
  0  14  119 0.281256 [5.683540 / 0.051373]
  0  14  159 0.282745 [5.691835 / 0.056664]
  0  14  199 0.282363 [5.682445 / 0.080117]
  0  14  239 0.281376 [5.691500 / 0.058329]
  0  14  279 0.283032 [5.698654 / 0.075447]
  0  14  319 0.281786 [5.706344 / 0.060869]
  0  14  359 0.279851 [5.699367 / 0.067979]
  0  14  399 0.281037 [5.708253 / 0.113037]
  0  14  439 0.282032 [5.712489 / 0.070934]
  0  15   39 0.282898 [5.697070 / 0.080203]
  0  15   79 0.281966 [5.696290 / 0.060284]
  0  15  119 0.281795 [5.697351 / 0.061814]
  0  15  159 0.279448 [5.678796 / 0.051455]
  0  15  199 0.282232 [5.691065 / 0.060684]
  0  15  239 0.280641 [5.687975 / 0.051834]
  0  15  279 0.280984 [5.690224 / 0.060399]
  0  15  319 0.282808 [5.694809 / 0.061345]
  0  15  359 0.279641 [5.678001 / 0.071531]
  0  15  399 0.280831 [5.692954 / 0.062025]
  0  15  439 0.284260 [5.698365 / 0.067258]
  0  16   39 0.281448 [5.692236 / 0.066051]
  0  16   79 0.281999 [5.701526 / 0.073104]
  0  16  119 0.280298 [5.690944 / 0.060399]
  0  16  159 0.281660 [5.692205 / 0.066104]
  0  16  199 0.281347 [5.689226 / 0.064743]
  0  16  239 0.282333 [5.695877 / 0.123793]
  0  16  279 0.282850 [5.688515 / 0.067777]
  0  16  319 0.282590 [5.698677 / 0.090171]
  0  16  359 0.281504 [5.684254 / 0.064891]
  0  16  399 0.279117 [5.701064 / 0.064004]
  0  16  439 0.281177 [5.683587 / 0.060962]
  0  17   39 0.280253 [5.693962 / 0.063675]
  0  17   79 0.280315 [5.691068 / 0.090120]
  0  17  119 0.282223 [5.686545 / 0.064982]
  0  17  159 0.281826 [5.703321 / 0.058126]
  0  17  199 0.280103 [5.689191 / 0.072155]
  0  17  239 0.284375 [5.705063 / 0.075820]
  0  17  279 0.279464 [5.684850 / 0.070615]
  0  17  319 0.281618 [5.693371 / 0.068622]
  0  17  359 0.281909 [5.695359 / 0.074875]
  0  17  399 0.283126 [5.689865 / 0.075463]
  0  17  439 0.282223 [5.696667 / 0.067016]
  0  18   39 0.280182 [5.693669 / 0.074008]
  0  18   79 0.282175 [5.693442 / 0.063582]
  0  18  119 0.282463 [5.696717 / 0.066518]
  0  18  159 0.282469 [5.696628 / 0.065814]
  0  18  199 0.283683 [5.699486 / 0.054608]
  0  18  239 0.280885 [5.691741 / 0.056017]
  0  18  279 0.278856 [5.675692 / 0.055868]
  0  18  319 0.282871 [5.687070 / 0.050381]
  0  18  359 0.280800 [5.685368 / 0.057621]
  0  18  399 0.281697 [5.697915 / 0.069924]
  0  18  439 0.278821 [5.692992 / 0.075508]
  0  19   39 0.281544 [5.686711 / 0.088089]
  0  19   79 0.280391 [5.694905 / 0.064981]
  0  19  119 0.280459 [5.685728 / 0.055632]
  0  19  159 0.281373 [5.691295 / 0.057269]
  0  19  199 0.280964 [5.702421 / 0.064913]
  0  19  239 0.282202 [5.698434 / 0.065243]
  0  19  279 0.282058 [5.705470 / 0.079233]
  0  19  319 0.280711 [5.698356 / 0.070422]
  0  19  359 0.282867 [5.694241 / 0.057585]
  0  19  399 0.280789 [5.686384 / 0.069077]
  0  19  439 0.281475 [5.689681 / 0.080933]
Sequential (
  (0): Linear (784 -> 100)
  (1): ReLU ()
  (2): Linear (100 -> 784)
)
Namespace(batch_size=128, cnnc=10, cnnf=40, force_name=False, mode='mlpae_simple', name='mlpae_simple10', nc=10, nf=100, optimizer='Adam', weight_decay=0.01)
{'lr': 0.001, 'wd': 0.01}
