  0   0   39 0.638702 [16.764225 / 0.400282]
  0   0   79 0.391663 [16.766743 / 0.234952]
  0   0  119 0.307467 [18.148972 / 0.173049]
  0   0  159 0.264039 [19.195130 / 0.159425]
  0   0  199 0.244123 [19.921738 / 0.151244]
  0   0  239 0.229832 [20.433648 / 0.147616]
  0   0  279 0.221191 [20.795590 / 0.149241]
  0   0  319 0.214748 [21.046934 / 0.146129]
  0   0  359 0.209787 [21.241122 / 0.143869]
  0   0  399 0.205470 [21.368428 / 0.145513]
  0   0  439 0.203998 [21.493937 / 0.151121]
  0   1   39 0.198082 [21.583391 / 0.145613]
  0   1   79 0.198762 [21.681311 / 0.143442]
  0   1  119 0.197311 [21.763056 / 0.146068]
  0   1  159 0.193885 [21.767495 / 0.144733]
  0   1  199 0.192914 [21.764090 / 0.147122]
  0   1  239 0.192628 [21.806853 / 0.147749]
  0   1  279 0.190904 [21.815535 / 0.145198]
  0   1  319 0.191115 [21.830681 / 0.147213]
  0   1  359 0.189686 [21.821448 / 0.153838]
  0   1  399 0.190937 [21.882820 / 0.144234]
  0   1  439 0.189633 [21.893468 / 0.148210]
  0   2   39 0.188312 [21.892607 / 0.149092]
  0   2   79 0.187073 [21.893202 / 0.147898]
  0   2  119 0.186550 [21.918703 / 0.147740]
  0   2  159 0.183920 [21.908490 / 0.145170]
  0   2  199 0.183957 [21.886320 / 0.144139]
  0   2  239 0.185949 [21.897432 / 0.147739]
  0   2  279 0.184629 [21.907993 / 0.153385]
  0   2  319 0.183915 [21.895756 / 0.143341]
  0   2  359 0.184257 [21.931028 / 0.151396]
  0   2  399 0.184464 [21.959400 / 0.148049]
  0   2  439 0.181718 [21.948109 / 0.141544]
  0   3   39 0.180596 [21.928156 / 0.152715]
  0   3   79 0.182179 [21.952811 / 0.154566]
  0   3  119 0.181459 [21.938358 / 0.148483]
  0   3  159 0.181112 [21.909361 / 0.156374]
  0   3  199 0.179893 [21.902319 / 0.154645]
  0   3  239 0.181105 [21.951252 / 0.153650]
  0   3  279 0.179798 [21.924363 / 0.153930]
  0   3  319 0.178414 [21.920828 / 0.152426]
  0   3  359 0.180504 [21.965316 / 0.148907]
  0   3  399 0.178889 [21.931316 / 0.158048]
  0   3  439 0.177944 [21.930102 / 0.148342]
  0   4   39 0.177631 [21.943147 / 0.151760]
  0   4   79 0.176928 [21.947626 / 0.152844]
  0   4  119 0.179454 [21.984662 / 0.153419]
  0   4  159 0.176564 [21.960724 / 0.150977]
  0   4  199 0.176620 [21.946416 / 0.154196]
  0   4  239 0.175620 [21.949681 / 0.148013]
  0   4  279 0.176083 [21.952452 / 0.151068]
  0   4  319 0.175897 [21.922130 / 0.157303]
  0   4  359 0.176811 [21.921069 / 0.148966]
  0   4  399 0.176861 [21.975102 / 0.157470]
  0   4  439 0.177079 [21.976230 / 0.158986]
  1   0   39 0.173676 [21.932158 / 0.077926]
  1   0   79 0.174191 [21.931003 / 0.077058]
  1   0  119 0.174686 [21.946971 / 0.076389]
  1   0  159 0.173388 [21.937487 / 0.074345]
  1   0  199 0.174296 [21.943095 / 0.076568]
  1   0  239 0.173328 [21.939000 / 0.078405]
  1   0  279 0.174228 [21.962479 / 0.079136]
  1   0  319 0.172426 [21.932688 / 0.079520]
  1   0  359 0.173029 [21.922011 / 0.080082]
  1   0  399 0.175191 [21.952387 / 0.082775]
  1   0  439 0.174060 [21.953996 / 0.078750]
  1   1   39 0.172732 [21.949458 / 0.080007]
  1   1   79 0.171557 [21.940750 / 0.080352]
  1   1  119 0.173129 [21.954025 / 0.078981]
  1   1  159 0.172307 [21.947392 / 0.082858]
  1   1  199 0.171673 [21.938753 / 0.078667]
  1   1  239 0.173317 [21.962554 / 0.077217]
  1   1  279 0.173592 [21.956069 / 0.084541]
  1   1  319 0.173156 [21.963252 / 0.086251]
  1   1  359 0.173090 [21.973901 / 0.084358]
  1   1  399 0.172836 [21.967166 / 0.084156]
  1   1  439 0.171772 [21.969710 / 0.088500]
  1   2   39 0.172941 [21.981892 / 0.085624]
  1   2   79 0.172746 [21.985799 / 0.086098]
  1   2  119 0.173350 [21.985878 / 0.088346]
  1   2  159 0.171250 [21.981254 / 0.084818]
  1   2  199 0.171927 [21.990190 / 0.084391]
  1   2  239 0.171646 [21.995285 / 0.087241]
  1   2  279 0.171243 [21.996209 / 0.089608]
  1   2  319 0.170504 [21.976287 / 0.083856]
  1   2  359 0.170662 [21.949729 / 0.086425]
  1   2  399 0.172892 [21.974112 / 0.088787]
  1   2  439 0.169594 [21.948407 / 0.087219]
  1   3   39 0.170916 [21.956009 / 0.086064]
  1   3   79 0.171411 [21.980660 / 0.086969]
  1   3  119 0.171939 [21.990911 / 0.094777]
  1   3  159 0.172481 [22.011130 / 0.085067]
  1   3  199 0.169384 [21.983485 / 0.088214]
  1   3  239 0.169889 [21.959111 / 0.091594]
  1   3  279 0.170481 [21.937730 / 0.086131]
  1   3  319 0.171716 [21.962154 / 0.092506]
  1   3  359 0.172453 [22.010101 / 0.089633]
  1   3  399 0.170673 [21.991501 / 0.089803]
  1   3  439 0.170545 [21.973627 / 0.090208]
  1   4   39 0.171236 [22.011226 / 0.089174]
  1   4   79 0.170242 [22.001254 / 0.089329]
  1   4  119 0.169995 [21.988962 / 0.096931]
  1   4  159 0.170386 [21.992051 / 0.095641]
  1   4  199 0.169565 [21.969337 / 0.092369]
  1   4  239 0.170862 [21.982883 / 0.091392]
  1   4  279 0.169535 [21.978612 / 0.095924]
  1   4  319 0.170001 [21.992381 / 0.093849]
  1   4  359 0.170346 [21.990653 / 0.093293]
  1   4  399 0.170112 [22.001344 / 0.091627]
  1   4  439 0.171057 [22.003697 / 0.095331]
  2   0   39 0.169902 [21.983873 / 0.047106]
  2   0   79 0.169508 [21.983364 / 0.046434]
  2   0  119 0.168564 [21.976869 / 0.044978]
  2   0  159 0.168775 [21.976136 / 0.045950]
  2   0  199 0.169181 [21.974487 / 0.051558]
  2   0  239 0.169184 [21.973665 / 0.045274]
  2   0  279 0.169174 [21.972383 / 0.050361]
  2   0  319 0.169511 [21.982844 / 0.045534]
  2   0  359 0.170748 [21.989473 / 0.048693]
  2   0  399 0.170875 [22.002571 / 0.046812]
  2   0  439 0.167335 [21.980534 / 0.046499]
  2   1   39 0.169225 [21.975175 / 0.051663]
  2   1   79 0.168086 [21.977837 / 0.051998]
  2   1  119 0.170638 [21.988625 / 0.048391]
  2   1  159 0.167980 [21.986800 / 0.047898]
  2   1  199 0.169788 [21.986133 / 0.047984]
  2   1  239 0.168552 [21.978456 / 0.049865]
  2   1  279 0.169548 [21.977856 / 0.050401]
  2   1  319 0.169164 [21.987720 / 0.047954]
  2   1  359 0.169689 [21.986791 / 0.053455]
  2   1  399 0.167927 [21.979188 / 0.050158]
  2   1  439 0.169247 [21.971522 / 0.046991]
  2   2   39 0.167435 [21.978366 / 0.049938]
  2   2   79 0.170150 [21.992767 / 0.048142]
  2   2  119 0.167985 [21.975677 / 0.049867]
  2   2  159 0.169681 [21.982845 / 0.050245]
  2   2  199 0.169015 [21.979908 / 0.051516]
  2   2  239 0.169682 [21.984348 / 0.051371]
  2   2  279 0.168689 [21.982851 / 0.051836]
  2   2  319 0.169281 [21.984399 / 0.057645]
  2   2  359 0.169071 [21.983590 / 0.051556]
  2   2  399 0.168725 [21.988319 / 0.051979]
  2   2  439 0.168171 [21.982301 / 0.050549]
  2   3   39 0.167981 [21.984154 / 0.056296]
  2   3   79 0.169498 [21.983615 / 0.051934]
  2   3  119 0.169394 [21.986095 / 0.054541]
  2   3  159 0.168363 [21.982377 / 0.052887]
  2   3  199 0.166240 [21.960037 / 0.056892]
  2   3  239 0.169949 [21.975450 / 0.053925]
  2   3  279 0.166937 [21.964412 / 0.052732]
  2   3  319 0.168644 [21.975275 / 0.051397]
  2   3  359 0.168632 [21.972811 / 0.051632]
  2   3  399 0.169529 [21.970749 / 0.052096]
  2   3  439 0.168950 [21.992776 / 0.052119]
  2   4   39 0.167084 [21.985310 / 0.051185]
  2   4   79 0.169743 [21.996050 / 0.055275]
  2   4  119 0.169099 [22.003717 / 0.053087]
  2   4  159 0.167877 [21.993608 / 0.052789]
  2   4  199 0.169294 [21.994270 / 0.053611]
  2   4  239 0.168936 [22.004971 / 0.052553]
  2   4  279 0.166279 [21.982848 / 0.051478]
  2   4  319 0.169457 [21.987396 / 0.053205]
  2   4  359 0.167664 [21.973518 / 0.053541]
  2   4  399 0.168515 [21.974632 / 0.051849]
  2   4  439 0.166681 [21.966937 / 0.054656]
  3   0   39 0.167152 [21.974325 / 0.026066]
  3   0   79 0.167458 [21.963531 / 0.025337]
  3   0  119 0.167032 [21.960742 / 0.028337]
  3   0  159 0.168304 [21.966427 / 0.027297]
  3   0  199 0.167697 [21.972397 / 0.027494]
  3   0  239 0.168530 [21.973292 / 0.025913]
  3   0  279 0.168816 [21.982853 / 0.026042]
  3   0  319 0.168055 [21.975241 / 0.031334]
  3   0  359 0.167457 [21.970912 / 0.026435]
  3   0  399 0.167222 [21.977143 / 0.026243]
  3   0  439 0.168575 [21.983007 / 0.026881]
  3   1   39 0.166662 [21.974411 / 0.026081]
  3   1   79 0.168211 [21.977287 / 0.027018]
  3   1  119 0.169393 [21.985880 / 0.026537]
  3   1  159 0.166323 [21.970487 / 0.027272]
  3   1  199 0.169234 [21.976920 / 0.026734]
  3   1  239 0.167759 [21.979172 / 0.026844]
  3   1  279 0.168248 [21.976780 / 0.026802]
  3   1  319 0.167658 [21.979944 / 0.032420]
  3   1  359 0.167689 [21.982105 / 0.026538]
  3   1  399 0.167033 [21.986480 / 0.026328]
  3   1  439 0.166803 [21.981071 / 0.027701]
  3   2   39 0.168042 [21.979877 / 0.027623]
  3   2   79 0.166830 [21.980963 / 0.026855]
  3   2  119 0.168531 [21.979887 / 0.028330]
  3   2  159 0.168511 [21.982752 / 0.027328]
  3   2  199 0.167821 [21.979398 / 0.028715]
  3   2  239 0.166576 [21.976732 / 0.027311]
  3   2  279 0.166237 [21.968595 / 0.028820]
  3   2  319 0.167901 [21.969550 / 0.028002]
  3   2  359 0.168717 [21.968875 / 0.028402]
  3   2  399 0.167648 [21.975100 / 0.028667]
  3   2  439 0.168356 [21.973893 / 0.027734]
  3   3   39 0.167754 [21.977029 / 0.030137]
  3   3   79 0.168376 [21.984203 / 0.029941]
  3   3  119 0.168720 [21.984190 / 0.030544]
  3   3  159 0.165999 [21.978276 / 0.027611]
  3   3  199 0.167753 [21.975181 / 0.028153]
  3   3  239 0.168295 [21.982011 / 0.029482]
  3   3  279 0.166040 [21.968167 / 0.030263]
  3   3  319 0.168799 [21.974328 / 0.029248]
  3   3  359 0.167062 [21.972983 / 0.028815]
  3   3  399 0.167837 [21.975521 / 0.027014]
  3   3  439 0.167934 [21.981728 / 0.027747]
  3   4   39 0.166204 [21.968793 / 0.029176]
  3   4   79 0.168543 [21.983073 / 0.029105]
  3   4  119 0.167251 [21.979286 / 0.027900]
  3   4  159 0.166303 [21.978309 / 0.026945]
  3   4  199 0.168247 [21.977418 / 0.029088]
  3   4  239 0.166179 [21.978827 / 0.028589]
  3   4  279 0.168618 [21.978161 / 0.028727]
  3   4  319 0.166574 [21.970799 / 0.028861]
  3   4  359 0.167134 [21.972680 / 0.028483]
  3   4  399 0.166679 [21.967576 / 0.027542]
  3   4  439 0.169225 [21.966336 / 0.029838]
  4   0   39 0.168087 [21.981983 / 0.015810]
  4   0   79 0.167296 [21.982054 / 0.014364]
  4   0  119 0.167789 [21.980748 / 0.014080]
  4   0  159 0.165255 [21.978211 / 0.014309]
  4   0  199 0.167479 [21.973991 / 0.014387]
  4   0  239 0.168583 [21.978174 / 0.014388]
  4   0  279 0.167987 [21.975118 / 0.015141]
  4   0  319 0.167057 [21.980783 / 0.014726]
  4   0  359 0.168552 [21.981055 / 0.015599]
  4   0  399 0.167189 [21.982336 / 0.014155]
  4   0  439 0.165629 [21.975088 / 0.013570]
  4   1   39 0.167372 [21.971157 / 0.014247]
  4   1   79 0.167172 [21.974139 / 0.014560]
  4   1  119 0.167638 [21.972760 / 0.014904]
  4   1  159 0.166792 [21.972133 / 0.014671]
  4   1  199 0.167362 [21.970630 / 0.014878]
  4   1  239 0.166965 [21.975297 / 0.014262]
  4   1  279 0.166888 [21.971809 / 0.014149]
  4   1  319 0.166083 [21.969130 / 0.014057]
  4   1  359 0.168036 [21.970302 / 0.014477]
  4   1  399 0.167865 [21.970078 / 0.013789]
  4   1  439 0.166370 [21.967731 / 0.014127]
  4   2   39 0.169450 [21.977159 / 0.014280]
  4   2   79 0.165815 [21.975492 / 0.014659]
  4   2  119 0.167070 [21.976306 / 0.014565]
  4   2  159 0.167713 [21.976368 / 0.015816]
  4   2  199 0.166648 [21.977278 / 0.014398]
  4   2  239 0.168100 [21.979177 / 0.015053]
  4   2  279 0.166125 [21.975324 / 0.015002]
  4   2  319 0.167523 [21.972364 / 0.014468]
  4   2  359 0.168218 [21.979561 / 0.014322]
  4   2  399 0.166583 [21.979099 / 0.014496]
  4   2  439 0.166574 [21.973983 / 0.014252]
  4   3   39 0.165748 [21.970863 / 0.014405]
  4   3   79 0.166630 [21.967761 / 0.015543]
  4   3  119 0.166959 [21.971656 / 0.015409]
  4   3  159 0.167388 [21.969869 / 0.014362]
  4   3  199 0.167957 [21.970834 / 0.014317]
  4   3  239 0.165851 [21.969941 / 0.014745]
  4   3  279 0.165269 [21.968727 / 0.014698]
  4   3  319 0.169176 [21.972064 / 0.014211]
  4   3  359 0.167770 [21.975547 / 0.015715]
  4   3  399 0.167637 [21.974337 / 0.014686]
  4   3  439 0.168322 [21.977198 / 0.015476]
  4   4   39 0.167270 [21.974895 / 0.015848]
  4   4   79 0.167787 [21.976247 / 0.014146]
  4   4  119 0.166702 [21.974541 / 0.014852]
  4   4  159 0.167458 [21.973316 / 0.015788]
  4   4  199 0.165823 [21.972675 / 0.016079]
  4   4  239 0.167805 [21.976275 / 0.017619]
  4   4  279 0.166081 [21.971721 / 0.015371]
  4   4  319 0.169617 [21.978132 / 0.014673]
  4   4  359 0.167582 [21.981985 / 0.014952]
  4   4  399 0.166428 [21.980310 / 0.015791]
  4   4  439 0.165659 [21.974855 / 0.014620]
Sequential (
  (0): Linear (784 -> 800)
  (1): CatFactor (factors=80, categories=10, nonclass=True)
  (2): Linear (800 -> 784)
)
