  3   0   39 1.024066 [17.756652 / 0.018183]
  3   0   79 0.901622 [17.743627 / 0.014853]
  3   0  119 0.814234 [17.742687 / 0.011689]
  3   0  159 0.760208 [17.740767 / 0.008247]
  3   0  199 0.725292 [17.731781 / 0.006800]
  3   0  239 0.714844 [17.716717 / 0.006119]
  3   0  279 0.713774 [17.698458 / 0.005600]
  3   0  319 0.701479 [17.677705 / 0.005413]
  3   0  359 0.692923 [17.655975 / 0.005522]
  3   0  399 0.688927 [17.634668 / 0.005085]
  3   0  439 0.683311 [17.615305 / 0.005705]
  3   1   39 0.673702 [17.584964 / 0.005635]
  3   1   79 0.666203 [17.569386 / 0.005757]
  3   1  119 0.660212 [17.555459 / 0.005929]
  3   1  159 0.653581 [17.543420 / 0.006298]
  3   1  199 0.641620 [17.532776 / 0.005760]
  3   1  239 0.639006 [17.523950 / 0.005519]
  3   1  279 0.628418 [17.516097 / 0.005486]
  3   1  319 0.626951 [17.509999 / 0.005511]
  3   1  359 0.617459 [17.504445 / 0.005486]
  3   1  399 0.612870 [17.500535 / 0.005725]
  3   1  439 0.602054 [17.497356 / 0.005582]
  3   2   39 0.593348 [17.492867 / 0.005852]
  3   2   79 0.582459 [17.491468 / 0.005194]
  3   2  119 0.581261 [17.490350 / 0.005464]
  3   2  159 0.573887 [17.489990 / 0.004954]
  3   2  199 0.565036 [17.488990 / 0.005061]
  3   2  239 0.562280 [17.489434 / 0.004954]
  3   2  279 0.554496 [17.490065 / 0.005194]
  3   2  319 0.550091 [17.490283 / 0.005145]
  3   2  359 0.544776 [17.490658 / 0.005317]
  3   2  399 0.541796 [17.491328 / 0.004916]
  3   2  439 0.535456 [17.492704 / 0.004938]
  3   3   39 0.531080 [17.494825 / 0.004856]
  3   3   79 0.524978 [17.495902 / 0.004724]
  3   3  119 0.521328 [17.498235 / 0.004413]
  3   3  159 0.514967 [17.499648 / 0.004710]
  3   3  199 0.509640 [17.501175 / 0.004359]
  3   3  239 0.513866 [17.502857 / 0.004775]
  3   3  279 0.503159 [17.504540 / 0.004903]
  3   3  319 0.500787 [17.506143 / 0.004488]
  3   3  359 0.496603 [17.508009 / 0.004671]
  3   3  399 0.494935 [17.510563 / 0.004184]
  3   3  439 0.492761 [17.511985 / 0.004697]
  3   4   39 0.484701 [17.516229 / 0.004724]
  3   4   79 0.482978 [17.517532 / 0.004289]
  3   4  119 0.481217 [17.520045 / 0.004178]
  3   4  159 0.477069 [17.521844 / 0.004857]
  3   4  199 0.473713 [17.524339 / 0.004160]
  3   4  239 0.477168 [17.526473 / 0.004250]
  3   4  279 0.469697 [17.528935 / 0.004215]
  3   4  319 0.467885 [17.530758 / 0.004132]
  3   4  359 0.463734 [17.533098 / 0.004219]
  3   4  399 0.461140 [17.535812 / 0.004250]
  3   4  439 0.463364 [17.538396 / 0.004038]
  3   5   39 0.457431 [17.542880 / 0.004031]
  3   5   79 0.455081 [17.545612 / 0.004313]
  3   5  119 0.451641 [17.548465 / 0.004014]
  3   5  159 0.452087 [17.551382 / 0.004254]
  3   5  199 0.447157 [17.554299 / 0.004541]
  3   5  239 0.447114 [17.556267 / 0.004231]
  3   5  279 0.440309 [17.558934 / 0.004095]
  3   5  319 0.441291 [17.561408 / 0.003921]
  3   5  359 0.437404 [17.564195 / 0.003767]
  3   5  399 0.439431 [17.567781 / 0.004035]
  3   5  439 0.433023 [17.570006 / 0.003971]
  3   6   39 0.434716 [17.575239 / 0.003915]
  3   6   79 0.431446 [17.578213 / 0.003785]
  3   6  119 0.428526 [17.581111 / 0.003992]
  3   6  159 0.424683 [17.583830 / 0.004329]
  3   6  199 0.422163 [17.586696 / 0.003975]
  3   6  239 0.423413 [17.590053 / 0.003750]
  3   6  279 0.423960 [17.593370 / 0.003975]
  3   6  319 0.416735 [17.596330 / 0.003597]
  3   6  359 0.419941 [17.599495 / 0.003701]
  3   6  399 0.415991 [17.603268 / 0.004189]
  3   6  439 0.414482 [17.605948 / 0.003789]
  3   7   39 0.414802 [17.612066 / 0.004175]
  3   7   79 0.412412 [17.615303 / 0.003949]
  3   7  119 0.408060 [17.618964 / 0.003756]
  3   7  159 0.408390 [17.622285 / 0.003803]
  3   7  199 0.403958 [17.625359 / 0.003594]
  3   7  239 0.405350 [17.628807 / 0.003645]
  3   7  279 0.402700 [17.632476 / 0.003682]
  3   7  319 0.404370 [17.636484 / 0.003621]
  3   7  359 0.399242 [17.639742 / 0.003815]
  3   7  399 0.396855 [17.643824 / 0.003726]
  3   7  439 0.395110 [17.647344 / 0.003678]
  3   8   39 0.394223 [17.654298 / 0.003596]
  3   8   79 0.395253 [17.658090 / 0.003810]
  3   8  119 0.392975 [17.661828 / 0.004116]
  3   8  159 0.386604 [17.665115 / 0.003487]
  3   8  199 0.388973 [17.669043 / 0.003630]
  3   8  239 0.391895 [17.673258 / 0.003578]
  3   8  279 0.387737 [17.677275 / 0.003663]
  3   8  319 0.390048 [17.680370 / 0.003695]
  3   8  359 0.381181 [17.684255 / 0.003467]
  3   8  399 0.385120 [17.687909 / 0.003726]
  3   8  439 0.382899 [17.691869 / 0.003539]
  3   9   39 0.383638 [17.698960 / 0.003576]
  3   9   79 0.380705 [17.703574 / 0.003566]
  3   9  119 0.375622 [17.707590 / 0.003424]
  3   9  159 0.375025 [17.711479 / 0.003486]
  3   9  199 0.379427 [17.715504 / 0.003691]
  3   9  239 0.372581 [17.719159 / 0.003699]
  3   9  279 0.374785 [17.723007 / 0.003521]
  3   9  319 0.370792 [17.726979 / 0.003482]
  3   9  359 0.369335 [17.730268 / 0.003523]
  3   9  399 0.372411 [17.734498 / 0.003474]
  3   9  439 0.370204 [17.738147 / 0.003508]
  3  10   39 0.366910 [17.745110 / 0.003343]
  3  10   79 0.364312 [17.748645 / 0.003301]
  3  10  119 0.366183 [17.752876 / 0.003464]
  3  10  159 0.364603 [17.756963 / 0.003479]
  3  10  199 0.364502 [17.760744 / 0.003696]
  3  10  239 0.362656 [17.765094 / 0.003437]
  3  10  279 0.362292 [17.768840 / 0.003553]
  3  10  319 0.361211 [17.772343 / 0.003376]
  3  10  359 0.361478 [17.776283 / 0.003482]
  3  10  399 0.359654 [17.780408 / 0.003500]
  3  10  439 0.358384 [17.784443 / 0.003388]
  3  11   39 0.357893 [17.791693 / 0.003369]
  3  11   79 0.356694 [17.794692 / 0.003472]
  3  11  119 0.356335 [17.798829 / 0.003509]
  3  11  159 0.355803 [17.802536 / 0.003552]
  3  11  199 0.349839 [17.806291 / 0.003479]
  3  11  239 0.351817 [17.810195 / 0.003689]
  3  11  279 0.352560 [17.814667 / 0.003448]
  3  11  319 0.346621 [17.818085 / 0.003316]
  3  11  359 0.348562 [17.822508 / 0.003514]
  3  11  399 0.349799 [17.826825 / 0.003477]
  3  11  439 0.349029 [17.830622 / 0.003611]
  3  12   39 0.346819 [17.837370 / 0.003329]
  3  12   79 0.348561 [17.841369 / 0.003405]
  3  12  119 0.346008 [17.845520 / 0.003575]
  3  12  159 0.344735 [17.848848 / 0.003382]
  3  12  199 0.347737 [17.852868 / 0.003348]
  3  12  239 0.341143 [17.856698 / 0.003193]
  3  12  279 0.339310 [17.860249 / 0.003517]
  3  12  319 0.340835 [17.864029 / 0.003343]
  3  12  359 0.340496 [17.867739 / 0.003350]
  3  12  399 0.339007 [17.872131 / 0.003384]
  3  12  439 0.335993 [17.875759 / 0.003168]
  3  13   39 0.338068 [17.881314 / 0.003249]
  3  13   79 0.337526 [17.885445 / 0.003408]
  3  13  119 0.335832 [17.889102 / 0.003339]
  3  13  159 0.337759 [17.893083 / 0.003156]
  3  13  199 0.336934 [17.896936 / 0.003289]
  3  13  239 0.333488 [17.900555 / 0.003266]
  3  13  279 0.336119 [17.904461 / 0.003268]
  3  13  319 0.331890 [17.908621 / 0.003125]
  3  13  359 0.331964 [17.912094 / 0.003489]
  3  13  399 0.331695 [17.915342 / 0.003259]
  3  13  439 0.329477 [17.919158 / 0.003495]
  3  14   39 0.328401 [17.925326 / 0.003392]
  3  14   79 0.328928 [17.929029 / 0.003255]
  3  14  119 0.327653 [17.932654 / 0.003292]
  3  14  159 0.326458 [17.936715 / 0.003515]
  3  14  199 0.326322 [17.940311 / 0.003129]
  3  14  239 0.328038 [17.943909 / 0.002974]
  3  14  279 0.329409 [17.947304 / 0.003362]
  3  14  319 0.323976 [17.950216 / 0.003073]
  3  14  359 0.325473 [17.953410 / 0.003429]
  3  14  399 0.325650 [17.956722 / 0.003087]
  3  14  439 0.324695 [17.960358 / 0.003152]
  3  15   39 0.321956 [17.967619 / 0.003261]
  3  15   79 0.321349 [17.970783 / 0.003120]
  3  15  119 0.321315 [17.974155 / 0.003301]
  3  15  159 0.320916 [17.977760 / 0.003330]
  3  15  199 0.321183 [17.980933 / 0.003216]
  3  15  239 0.320752 [17.984317 / 0.003287]
  3  15  279 0.321478 [17.987788 / 0.003119]
  3  15  319 0.320880 [17.991505 / 0.003311]
  3  15  359 0.319885 [17.995239 / 0.003164]
  3  15  399 0.315480 [17.998331 / 0.003485]
  3  15  439 0.317242 [18.001479 / 0.003414]
  3  16   39 0.314596 [18.007648 / 0.003337]
  3  16   79 0.315437 [18.011161 / 0.003374]
  3  16  119 0.313946 [18.014277 / 0.003093]
  3  16  159 0.315728 [18.017464 / 0.003461]
  3  16  199 0.312835 [18.020714 / 0.003325]
  3  16  239 0.314333 [18.023637 / 0.003091]
  3  16  279 0.313456 [18.027502 / 0.003296]
  3  16  319 0.314613 [18.031038 / 0.003123]
  3  16  359 0.311610 [18.034443 / 0.003260]
  3  16  399 0.312793 [18.037761 / 0.003407]
  3  16  439 0.313745 [18.041290 / 0.003312]
  3  17   39 0.311414 [18.046686 / 0.003076]
  3  17   79 0.310260 [18.050173 / 0.003148]
  3  17  119 0.310330 [18.053166 / 0.003131]
  3  17  159 0.307220 [18.056253 / 0.003289]
  3  17  199 0.309199 [18.059563 / 0.003196]
  3  17  239 0.306749 [18.062834 / 0.003264]
  3  17  279 0.308629 [18.066503 / 0.003061]
  3  17  319 0.307786 [18.069809 / 0.003018]
  3  17  359 0.308316 [18.073291 / 0.003141]
  3  17  399 0.305180 [18.076146 / 0.003130]
  3  17  439 0.307552 [18.079582 / 0.003302]
  3  18   39 0.303097 [18.084488 / 0.003057]
  3  18   79 0.307957 [18.087897 / 0.003142]
  3  18  119 0.301238 [18.090953 / 0.003015]
  3  18  159 0.304187 [18.094374 / 0.002969]
  3  18  199 0.303723 [18.097638 / 0.002989]
  3  18  239 0.304095 [18.100846 / 0.003131]
  3  18  279 0.303321 [18.103874 / 0.003153]
  3  18  319 0.303799 [18.107251 / 0.003117]
  3  18  359 0.302406 [18.110454 / 0.003182]
  3  18  399 0.300809 [18.113238 / 0.003090]
  3  18  439 0.302741 [18.116305 / 0.003156]
  3  19   39 0.297499 [18.121019 / 0.003479]
  3  19   79 0.301773 [18.124426 / 0.003343]
  3  19  119 0.300128 [18.128058 / 0.003183]
  3  19  159 0.301716 [18.131092 / 0.003124]
  3  19  199 0.296309 [18.133887 / 0.003344]
  3  19  239 0.297454 [18.136412 / 0.003021]
  3  19  279 0.299522 [18.139882 / 0.003070]
  3  19  319 0.298405 [18.143679 / 0.003254]
  3  19  359 0.297501 [18.146452 / 0.002969]
  3  19  399 0.295137 [18.149630 / 0.003196]
  3  19  439 0.297399 [18.152471 / 0.002827]
  3  20   39 0.298186 [18.157809 / 0.003105]
  3  20   79 0.294634 [18.160546 / 0.003156]
  3  20  119 0.295743 [18.163160 / 0.002838]
  3  20  159 0.296793 [18.166921 / 0.003050]
  3  20  199 0.293597 [18.170159 / 0.003117]
  3  20  239 0.293324 [18.172865 / 0.002999]
  3  20  279 0.291928 [18.176121 / 0.003023]
  3  20  319 0.293553 [18.179184 / 0.002917]
  3  20  359 0.293701 [18.182334 / 0.003135]
  3  20  399 0.291311 [18.185302 / 0.002973]
  3  20  439 0.295051 [18.188578 / 0.002825]
  3  21   39 0.289294 [18.193140 / 0.003030]
  3  21   79 0.292992 [18.196455 / 0.002922]
  3  21  119 0.289658 [18.199603 / 0.002945]
  3  21  159 0.291755 [18.202326 / 0.003058]
  3  21  199 0.288608 [18.205234 / 0.003071]
  3  21  239 0.292873 [18.208719 / 0.003191]
  3  21  279 0.289127 [18.211383 / 0.003137]
  3  21  319 0.289961 [18.214175 / 0.003117]
  3  21  359 0.290054 [18.217521 / 0.003169]
  3  21  399 0.288376 [18.220464 / 0.003210]
  3  21  439 0.289135 [18.223149 / 0.003035]
  3  22   39 0.288497 [18.228264 / 0.003112]
  3  22   79 0.287277 [18.230849 / 0.002826]
  3  22  119 0.286906 [18.233420 / 0.003139]
  3  22  159 0.286538 [18.236492 / 0.003015]
  3  22  199 0.283742 [18.239134 / 0.003151]
  3  22  239 0.285506 [18.241921 / 0.003115]
  3  22  279 0.287302 [18.245500 / 0.003178]
  3  22  319 0.286038 [18.248529 / 0.003113]
  3  22  359 0.285298 [18.251877 / 0.003260]
  3  22  399 0.286156 [18.254580 / 0.003165]
  3  22  439 0.285864 [18.258175 / 0.003075]
  3  23   39 0.282795 [18.263360 / 0.002934]
  3  23   79 0.283874 [18.265968 / 0.002972]
  3  23  119 0.283215 [18.268823 / 0.003056]
  3  23  159 0.282659 [18.271461 / 0.002865]
  3  23  199 0.284066 [18.274980 / 0.003255]
  3  23  239 0.281974 [18.278015 / 0.003089]
  3  23  279 0.281738 [18.280436 / 0.003153]
  3  23  319 0.281964 [18.283525 / 0.002987]
  3  23  359 0.281220 [18.286425 / 0.003155]
  3  23  399 0.283828 [18.289555 / 0.003045]
  3  23  439 0.284089 [18.292921 / 0.002946]
  3  24   39 0.279669 [18.297792 / 0.003009]
  3  24   79 0.278482 [18.301011 / 0.002945]
  3  24  119 0.282948 [18.304030 / 0.002969]
  3  24  159 0.281759 [18.307160 / 0.003270]
  3  24  199 0.282736 [18.310156 / 0.003027]
  3  24  239 0.276891 [18.312800 / 0.003168]
  3  24  279 0.280586 [18.316058 / 0.002983]
  3  24  319 0.279682 [18.319522 / 0.003116]
  3  24  359 0.276192 [18.321614 / 0.002873]
  3  24  399 0.276090 [18.324239 / 0.003020]
  3  24  439 0.278784 [18.327755 / 0.003261]
  4   0   39 0.278908 [18.331006 / 0.001456]
  4   0   79 0.276562 [18.332266 / 0.001419]
  4   0  119 0.281198 [18.334220 / 0.001515]
  4   0  159 0.277242 [18.335852 / 0.001483]
  4   0  199 0.276296 [18.337241 / 0.001422]
  4   0  239 0.274397 [18.338794 / 0.001435]
  4   0  279 0.277497 [18.340001 / 0.001454]
  4   0  319 0.277467 [18.341375 / 0.001609]
  4   0  359 0.276566 [18.342756 / 0.001603]
  4   0  399 0.276880 [18.344087 / 0.001507]
  4   0  439 0.275254 [18.345542 / 0.001447]
  4   1   39 0.276199 [18.348006 / 0.001488]
  4   1   79 0.275260 [18.349191 / 0.001445]
  4   1  119 0.277812 [18.350793 / 0.001541]
  4   1  159 0.274715 [18.352385 / 0.001487]
  4   1  199 0.274454 [18.353781 / 0.001469]
  4   1  239 0.274229 [18.355503 / 0.001430]
  4   1  279 0.275402 [18.356808 / 0.001542]
  4   1  319 0.274218 [18.358352 / 0.001508]
  4   1  359 0.274022 [18.359788 / 0.001396]
  4   1  399 0.276798 [18.361229 / 0.001425]
  4   1  439 0.274977 [18.362565 / 0.001435]
  4   2   39 0.273360 [18.364740 / 0.001498]
  4   2   79 0.272758 [18.366255 / 0.001545]
  4   2  119 0.272282 [18.367652 / 0.001535]
  4   2  159 0.273177 [18.368963 / 0.001481]
  4   2  199 0.275014 [18.370535 / 0.001440]
  4   2  239 0.275595 [18.372172 / 0.001534]
  4   2  279 0.274807 [18.373734 / 0.001587]
  4   2  319 0.274561 [18.375350 / 0.001541]
  4   2  359 0.274315 [18.376956 / 0.001498]
  4   2  399 0.275165 [18.378412 / 0.001504]
  4   2  439 0.271776 [18.379809 / 0.001464]
  4   3   39 0.273096 [18.382389 / 0.001547]
  4   3   79 0.273276 [18.383781 / 0.001500]
  4   3  119 0.272429 [18.385087 / 0.001540]
  4   3  159 0.272179 [18.386422 / 0.001504]
  4   3  199 0.272635 [18.387832 / 0.001504]
  4   3  239 0.272957 [18.389251 / 0.001503]
  4   3  279 0.274007 [18.390963 / 0.001514]
  4   3  319 0.271510 [18.392516 / 0.001548]
  4   3  359 0.275395 [18.394139 / 0.001509]
  4   3  399 0.271419 [18.395507 / 0.001480]
  4   3  439 0.272237 [18.397030 / 0.001551]
  4   4   39 0.270381 [18.399660 / 0.001433]
  4   4   79 0.270446 [18.400920 / 0.001549]
  4   4  119 0.274527 [18.402538 / 0.001497]
  4   4  159 0.270936 [18.404035 / 0.001500]
  4   4  199 0.270943 [18.405555 / 0.001485]
  4   4  239 0.272253 [18.407323 / 0.001438]
  4   4  279 0.272408 [18.408676 / 0.001435]
  4   4  319 0.272269 [18.410097 / 0.001510]
  4   4  359 0.270192 [18.411289 / 0.001565]
  4   4  399 0.270606 [18.412947 / 0.001562]
  4   4  439 0.271076 [18.414394 / 0.001500]
  4   5   39 0.268288 [18.416331 / 0.001451]
  4   5   79 0.269730 [18.417834 / 0.001503]
  4   5  119 0.271837 [18.419408 / 0.001571]
  4   5  159 0.271193 [18.420942 / 0.001504]
  4   5  199 0.270042 [18.422363 / 0.001468]
  4   5  239 0.270549 [18.423852 / 0.001529]
  4   5  279 0.268001 [18.425358 / 0.001405]
  4   5  319 0.272567 [18.427134 / 0.001537]
  4   5  359 0.269222 [18.428616 / 0.001595]
  4   5  399 0.269193 [18.429803 / 0.001413]
  4   5  439 0.268433 [18.431090 / 0.001503]
  4   6   39 0.271456 [18.433915 / 0.001487]
  4   6   79 0.267541 [18.435090 / 0.001566]
  4   6  119 0.268392 [18.436486 / 0.001461]
  4   6  159 0.265852 [18.437808 / 0.001445]
  4   6  199 0.268008 [18.439327 / 0.001493]
  4   6  239 0.269277 [18.440908 / 0.001403]
  4   6  279 0.269232 [18.442645 / 0.001495]
  4   6  319 0.270453 [18.444133 / 0.001509]
  4   6  359 0.269127 [18.445644 / 0.001483]
  4   6  399 0.266684 [18.447008 / 0.001567]
  4   6  439 0.267702 [18.448123 / 0.001517]
  4   7   39 0.269914 [18.450931 / 0.001509]
  4   7   79 0.267697 [18.452312 / 0.001665]
  4   7  119 0.268412 [18.453440 / 0.001475]
  4   7  159 0.267582 [18.454876 / 0.001504]
  4   7  199 0.264974 [18.456396 / 0.001522]
  4   7  239 0.266153 [18.458015 / 0.001433]
  4   7  279 0.267120 [18.459375 / 0.001603]
  4   7  319 0.268986 [18.460749 / 0.001463]
  4   7  359 0.265797 [18.462267 / 0.001401]
  4   7  399 0.267070 [18.463913 / 0.001366]
  4   7  439 0.266144 [18.465528 / 0.001461]
  4   8   39 0.265558 [18.467751 / 0.001395]
  4   8   79 0.265141 [18.468969 / 0.001501]
  4   8  119 0.264925 [18.470187 / 0.001502]
  4   8  159 0.265814 [18.471566 / 0.001383]
  4   8  199 0.268427 [18.473189 / 0.001487]
  4   8  239 0.265103 [18.474486 / 0.001390]
  4   8  279 0.268339 [18.476297 / 0.001523]
  4   8  319 0.267009 [18.477845 / 0.001549]
  4   8  359 0.263724 [18.479359 / 0.001545]
  4   8  399 0.269081 [18.480857 / 0.001425]
  4   8  439 0.265674 [18.482235 / 0.001421]
  4   9   39 0.265449 [18.484787 / 0.001532]
  4   9   79 0.263072 [18.486037 / 0.001433]
  4   9  119 0.265873 [18.487439 / 0.001428]
  4   9  159 0.265682 [18.488791 / 0.001434]
  4   9  199 0.265845 [18.490494 / 0.001476]
  4   9  239 0.263565 [18.491880 / 0.001532]
  4   9  279 0.267637 [18.493408 / 0.001518]
  4   9  319 0.264771 [18.494819 / 0.001542]
  4   9  359 0.265381 [18.496303 / 0.001456]
  4   9  399 0.265211 [18.497814 / 0.001442]
  4   9  439 0.265132 [18.499269 / 0.001527]
  4  10   39 0.263028 [18.501537 / 0.001440]
  4  10   79 0.265814 [18.503173 / 0.001523]
  4  10  119 0.264473 [18.504626 / 0.001334]
  4  10  159 0.264575 [18.506071 / 0.001504]
  4  10  199 0.261118 [18.507386 / 0.001529]
  4  10  239 0.264106 [18.508618 / 0.001487]
  4  10  279 0.262620 [18.510177 / 0.001472]
  4  10  319 0.264566 [18.511665 / 0.001453]
  4  10  359 0.264020 [18.513031 / 0.001455]
  4  10  399 0.263904 [18.514338 / 0.001436]
  4  10  439 0.261471 [18.515595 / 0.001356]
  4  11   39 0.259672 [18.518010 / 0.001432]
  4  11   79 0.262792 [18.519691 / 0.001479]
  4  11  119 0.262883 [18.521108 / 0.001512]
  4  11  159 0.263249 [18.522538 / 0.001500]
  4  11  199 0.261966 [18.524037 / 0.001448]
  4  11  239 0.263580 [18.525127 / 0.001455]
  4  11  279 0.262604 [18.526743 / 0.001481]
  4  11  319 0.264854 [18.528314 / 0.001528]
  4  11  359 0.264780 [18.529904 / 0.001525]
  4  11  399 0.260502 [18.531093 / 0.001591]
  4  11  439 0.263376 [18.532391 / 0.001603]
  4  12   39 0.261912 [18.535005 / 0.001500]
  4  12   79 0.263364 [18.536492 / 0.001546]
  4  12  119 0.261014 [18.537745 / 0.001576]
  4  12  159 0.260663 [18.539277 / 0.001445]
  4  12  199 0.260183 [18.540477 / 0.001452]
  4  12  239 0.260863 [18.541781 / 0.001371]
  4  12  279 0.262268 [18.543239 / 0.001513]
  4  12  319 0.260832 [18.544542 / 0.001554]
  4  12  359 0.261851 [18.545964 / 0.001439]
  4  12  399 0.262193 [18.547420 / 0.001654]
  4  12  439 0.260143 [18.549051 / 0.001560]
  4  13   39 0.257319 [18.551623 / 0.001521]
  4  13   79 0.260938 [18.553319 / 0.001475]
  4  13  119 0.263935 [18.554577 / 0.001420]
  4  13  159 0.259944 [18.556039 / 0.001468]
  4  13  199 0.261459 [18.557630 / 0.001511]
  4  13  239 0.261137 [18.558998 / 0.001539]
  4  13  279 0.260668 [18.560190 / 0.001445]
  4  13  319 0.261360 [18.561547 / 0.001421]
  4  13  359 0.260373 [18.562832 / 0.001466]
  4  13  399 0.259761 [18.564245 / 0.001495]
  4  13  439 0.260164 [18.565531 / 0.001645]
  4  14   39 0.261412 [18.568092 / 0.001518]
  4  14   79 0.259674 [18.569446 / 0.001415]
  4  14  119 0.258092 [18.570664 / 0.001424]
  4  14  159 0.260852 [18.572199 / 0.001520]
  4  14  199 0.259086 [18.573336 / 0.001485]
  4  14  239 0.261862 [18.574916 / 0.001443]
  4  14  279 0.259362 [18.576383 / 0.001584]
  4  14  319 0.261007 [18.577892 / 0.001466]
  4  14  359 0.259049 [18.579202 / 0.001461]
  4  14  399 0.257791 [18.580467 / 0.001429]
  4  14  439 0.257504 [18.582129 / 0.001487]
  4  15   39 0.258549 [18.584449 / 0.001475]
  4  15   79 0.257955 [18.586075 / 0.001375]
  4  15  119 0.258536 [18.587462 / 0.001441]
  4  15  159 0.258659 [18.588841 / 0.001513]
  4  15  199 0.261114 [18.590306 / 0.001471]
  4  15  239 0.259638 [18.591702 / 0.001462]
  4  15  279 0.259443 [18.593025 / 0.001509]
  4  15  319 0.259395 [18.594614 / 0.001513]
  4  15  359 0.258824 [18.595930 / 0.001509]
  4  15  399 0.256696 [18.597014 / 0.001412]
  4  15  439 0.255565 [18.598394 / 0.001495]
  4  16   39 0.260817 [18.600977 / 0.001497]
  4  16   79 0.258471 [18.602620 / 0.001467]
  4  16  119 0.257348 [18.604284 / 0.001461]
  4  16  159 0.255509 [18.605360 / 0.001518]
  4  16  199 0.256137 [18.606489 / 0.001441]
  4  16  239 0.258793 [18.607943 / 0.001540]
  4  16  279 0.257598 [18.609073 / 0.001463]
  4  16  319 0.258917 [18.610480 / 0.001536]
  4  16  359 0.257062 [18.611899 / 0.001486]
  4  16  399 0.256009 [18.613211 / 0.001519]
  4  16  439 0.257045 [18.614537 / 0.001430]
  4  17   39 0.257346 [18.617164 / 0.001380]
  4  17   79 0.257239 [18.618385 / 0.001449]
  4  17  119 0.258000 [18.620035 / 0.001363]
  4  17  159 0.254955 [18.621464 / 0.001370]
  4  17  199 0.257058 [18.622858 / 0.001390]
  4  17  239 0.254140 [18.624156 / 0.001417]
  4  17  279 0.258415 [18.625720 / 0.001454]
  4  17  319 0.257663 [18.627046 / 0.001505]
  4  17  359 0.256372 [18.628315 / 0.001390]
  4  17  399 0.256046 [18.629568 / 0.001358]
  4  17  439 0.256447 [18.630832 / 0.001456]
  4  18   39 0.255540 [18.633273 / 0.001402]
  4  18   79 0.255401 [18.634646 / 0.001480]
  4  18  119 0.258358 [18.635929 / 0.001556]
  4  18  159 0.255663 [18.637284 / 0.001356]
  4  18  199 0.258188 [18.638754 / 0.001466]
  4  18  239 0.255602 [18.640222 / 0.001488]
  4  18  279 0.256508 [18.641714 / 0.001466]
  4  18  319 0.255724 [18.643004 / 0.001413]
  4  18  359 0.255744 [18.644254 / 0.001371]
  4  18  399 0.251775 [18.645181 / 0.001379]
  4  18  439 0.254460 [18.646604 / 0.001372]
  4  19   39 0.253781 [18.649223 / 0.001537]
  4  19   79 0.255985 [18.650451 / 0.001412]
  4  19  119 0.257032 [18.651722 / 0.001552]
  4  19  159 0.255314 [18.653033 / 0.001575]
  4  19  199 0.253263 [18.654203 / 0.001418]
  4  19  239 0.254174 [18.655496 / 0.001541]
  4  19  279 0.253509 [18.656701 / 0.001456]
  4  19  319 0.257609 [18.658030 / 0.001405]
  4  19  359 0.254524 [18.659544 / 0.001478]
  4  19  399 0.253643 [18.661154 / 0.001409]
  4  19  439 0.253174 [18.662584 / 0.001426]
  4  20   39 0.254515 [18.665067 / 0.001479]
  4  20   79 0.256414 [18.666584 / 0.001422]
  4  20  119 0.254765 [18.668024 / 0.001421]
  4  20  159 0.254662 [18.669761 / 0.001527]
  4  20  199 0.252870 [18.670983 / 0.001450]
  4  20  239 0.255663 [18.672495 / 0.001600]
  4  20  279 0.254659 [18.673635 / 0.001402]
  4  20  319 0.254057 [18.674662 / 0.001500]
  4  20  359 0.251978 [18.675983 / 0.001485]
  4  20  399 0.252499 [18.677072 / 0.001384]
  4  20  439 0.252240 [18.678639 / 0.001409]
  4  21   39 0.251125 [18.680637 / 0.001493]
  4  21   79 0.252279 [18.681806 / 0.001465]
  4  21  119 0.253255 [18.683094 / 0.001483]
  4  21  159 0.253469 [18.684349 / 0.001368]
  4  21  199 0.252179 [18.685784 / 0.001491]
  4  21  239 0.251980 [18.687127 / 0.001391]
  4  21  279 0.254657 [18.688627 / 0.001347]
  4  21  319 0.254459 [18.690005 / 0.001496]
  4  21  359 0.256531 [18.691680 / 0.001412]
  4  21  399 0.254366 [18.693122 / 0.001449]
  4  21  439 0.252233 [18.694354 / 0.001541]
  4  22   39 0.252654 [18.696567 / 0.001425]
  4  22   79 0.253488 [18.697924 / 0.001455]
  4  22  119 0.250943 [18.699101 / 0.001346]
  4  22  159 0.252868 [18.700391 / 0.001482]
  4  22  199 0.251494 [18.701783 / 0.001372]
  4  22  239 0.252770 [18.703161 / 0.001451]
  4  22  279 0.251351 [18.704381 / 0.001387]
  4  22  319 0.249309 [18.705749 / 0.001457]
  4  22  359 0.250608 [18.706909 / 0.001469]
  4  22  399 0.252562 [18.708312 / 0.001414]
  4  22  439 0.253504 [18.709723 / 0.001439]
  4  23   39 0.252414 [18.712335 / 0.001480]
  4  23   79 0.253110 [18.713651 / 0.001408]
  4  23  119 0.250345 [18.715202 / 0.001500]
  4  23  159 0.249211 [18.716407 / 0.001419]
  4  23  199 0.252617 [18.717846 / 0.001441]
  4  23  239 0.251319 [18.719288 / 0.001479]
  4  23  279 0.250532 [18.720386 / 0.001413]
  4  23  319 0.251424 [18.721597 / 0.001395]
  4  23  359 0.252415 [18.722884 / 0.001491]
  4  23  399 0.250641 [18.724017 / 0.001520]
  4  23  439 0.252704 [18.725336 / 0.001496]
  4  24   39 0.252371 [18.727495 / 0.001443]
  4  24   79 0.250875 [18.728947 / 0.001502]
  4  24  119 0.247787 [18.730166 / 0.001503]
  4  24  159 0.252420 [18.731481 / 0.001549]
  4  24  199 0.250548 [18.732809 / 0.001376]
  4  24  239 0.251659 [18.734212 / 0.001454]
  4  24  279 0.246975 [18.735239 / 0.001462]
  4  24  319 0.250788 [18.736535 / 0.001452]
  4  24  359 0.251183 [18.737770 / 0.001415]
  4  24  399 0.249731 [18.739124 / 0.001459]
  4  24  439 0.251375 [18.740486 / 0.001514]
  5   0   39 0.250780 [18.742252 / 0.000747]
  5   0   79 0.250890 [18.742880 / 0.000722]
  5   0  119 0.248421 [18.743509 / 0.000707]
  5   0  159 0.250987 [18.744271 / 0.000727]
  5   0  199 0.252631 [18.744949 / 0.000698]
  5   0  239 0.250055 [18.745653 / 0.000724]
  5   0  279 0.249203 [18.746256 / 0.000745]
  5   0  319 0.249792 [18.746867 / 0.000667]
  5   0  359 0.249386 [18.747548 / 0.000740]
  5   0  399 0.248480 [18.748245 / 0.000718]
  5   0  439 0.249395 [18.748819 / 0.000739]
  5   1   39 0.249675 [18.749984 / 0.000762]
  5   1   79 0.247356 [18.750605 / 0.000758]
  5   1  119 0.249781 [18.751200 / 0.000714]
  5   1  159 0.248211 [18.751724 / 0.000741]
  5   1  199 0.250310 [18.752501 / 0.000728]
  5   1  239 0.249919 [18.753087 / 0.000768]
  5   1  279 0.250570 [18.753725 / 0.000734]
  5   1  319 0.249377 [18.754347 / 0.000758]
  5   1  359 0.250300 [18.755029 / 0.000737]
  5   1  399 0.251381 [18.755832 / 0.000752]
  5   1  439 0.247930 [18.756386 / 0.000729]
  5   2   39 0.249858 [18.757583 / 0.000709]
  5   2   79 0.249693 [18.758273 / 0.000728]
  5   2  119 0.249348 [18.758933 / 0.000752]
  5   2  159 0.250832 [18.759600 / 0.000792]
  5   2  199 0.248213 [18.760289 / 0.000722]
  5   2  239 0.250352 [18.760998 / 0.000724]
  5   2  279 0.247348 [18.761541 / 0.000698]
  5   2  319 0.247668 [18.762055 / 0.000702]
  5   2  359 0.250226 [18.762768 / 0.000794]
  5   2  399 0.249164 [18.763320 / 0.000748]
  5   2  439 0.248153 [18.763953 / 0.000783]
  5   3   39 0.251754 [18.765159 / 0.000764]
  5   3   79 0.250190 [18.765798 / 0.000760]
  5   3  119 0.247474 [18.766570 / 0.000728]
  5   3  159 0.246536 [18.767202 / 0.000699]
  5   3  199 0.247992 [18.767874 / 0.000714]
  5   3  239 0.248616 [18.768475 / 0.000723]
  5   3  279 0.247527 [18.769085 / 0.000713]
  5   3  319 0.249844 [18.769672 / 0.000684]
  5   3  359 0.248235 [18.770250 / 0.000762]
  5   3  399 0.248055 [18.770920 / 0.000724]
  5   3  439 0.250347 [18.771469 / 0.000761]
  5   4   39 0.249819 [18.772688 / 0.000707]
  5   4   79 0.248329 [18.773390 / 0.000730]
  5   4  119 0.248084 [18.773948 / 0.000680]
  5   4  159 0.248449 [18.774628 / 0.000747]
  5   4  199 0.250545 [18.775286 / 0.000725]
  5   4  239 0.247182 [18.775903 / 0.000672]
  5   4  279 0.248720 [18.776625 / 0.000764]
  5   4  319 0.248560 [18.777265 / 0.000715]
  5   4  359 0.247593 [18.777916 / 0.000731]
  5   4  399 0.250711 [18.778508 / 0.000711]
  5   4  439 0.246751 [18.779020 / 0.000713]
  5   5   39 0.248597 [18.780204 / 0.000672]
  5   5   79 0.249692 [18.780883 / 0.000755]
  5   5  119 0.248432 [18.781416 / 0.000732]
  5   5  159 0.247464 [18.782139 / 0.000691]
  5   5  199 0.244552 [18.782560 / 0.000706]
  5   5  239 0.249416 [18.783226 / 0.000748]
  5   5  279 0.248304 [18.783902 / 0.000703]
  5   5  319 0.248106 [18.784530 / 0.000736]
  5   5  359 0.249555 [18.785177 / 0.000736]
  5   5  399 0.248758 [18.785763 / 0.000726]
  5   5  439 0.245891 [18.786481 / 0.000723]
  5   6   39 0.247559 [18.787594 / 0.000768]
  5   6   79 0.247252 [18.788244 / 0.000712]
  5   6  119 0.246587 [18.788840 / 0.000710]
  5   6  159 0.249036 [18.789556 / 0.000716]
  5   6  199 0.247950 [18.790320 / 0.000770]
  5   6  239 0.247876 [18.790868 / 0.000719]
  5   6  279 0.247885 [18.791543 / 0.000730]
  5   6  319 0.247712 [18.792120 / 0.000702]
  5   6  359 0.247106 [18.792760 / 0.000697]
  5   6  399 0.248032 [18.793464 / 0.000713]
  5   6  439 0.248357 [18.794081 / 0.000720]
  5   7   39 0.248681 [18.795114 / 0.000717]
  5   7   79 0.248106 [18.795833 / 0.000710]
  5   7  119 0.245819 [18.796427 / 0.000712]
  5   7  159 0.248680 [18.797009 / 0.000729]
  5   7  199 0.246880 [18.797698 / 0.000691]
  5   7  239 0.247059 [18.798383 / 0.000706]
  5   7  279 0.247662 [18.799086 / 0.000763]
  5   7  319 0.248099 [18.799813 / 0.000707]
  5   7  359 0.247392 [18.800410 / 0.000729]
  5   7  399 0.248059 [18.800957 / 0.000731]
  5   7  439 0.246037 [18.801542 / 0.000689]
  5   8   39 0.250347 [18.802790 / 0.000769]
  5   8   79 0.246481 [18.803465 / 0.000724]
  5   8  119 0.246440 [18.804032 / 0.000698]
  5   8  159 0.247929 [18.804710 / 0.000691]
  5   8  199 0.246306 [18.805340 / 0.000776]
  5   8  239 0.248335 [18.805990 / 0.000716]
  5   8  279 0.246597 [18.806671 / 0.000730]
  5   8  319 0.246018 [18.807237 / 0.000732]
  5   8  359 0.247706 [18.807649 / 0.000731]
  5   8  399 0.248632 [18.808238 / 0.000717]
  5   8  439 0.244642 [18.808875 / 0.000739]
  5   9   39 0.245833 [18.809943 / 0.000692]
  5   9   79 0.247411 [18.810625 / 0.000694]
  5   9  119 0.245448 [18.811196 / 0.000709]
  5   9  159 0.247376 [18.811922 / 0.000729]
  5   9  199 0.247768 [18.812680 / 0.000686]
  5   9  239 0.248126 [18.813411 / 0.000709]
  5   9  279 0.248216 [18.814064 / 0.000728]
  5   9  319 0.247431 [18.814572 / 0.000685]
  5   9  359 0.246169 [18.815078 / 0.000708]
  5   9  399 0.245981 [18.815614 / 0.000712]
  5   9  439 0.246042 [18.816281 / 0.000727]
  5  10   39 0.246358 [18.817357 / 0.000713]
  5  10   79 0.245250 [18.817939 / 0.000726]
  5  10  119 0.245755 [18.818505 / 0.000791]
  5  10  159 0.248528 [18.819148 / 0.000696]
  5  10  199 0.246707 [18.819753 / 0.000735]
  5  10  239 0.245763 [18.820424 / 0.000769]
  5  10  279 0.247192 [18.821006 / 0.000703]
  5  10  319 0.246151 [18.821644 / 0.000731]
  5  10  359 0.247181 [18.822248 / 0.000767]
  5  10  399 0.245305 [18.822797 / 0.000730]
  5  10  439 0.246981 [18.823625 / 0.000726]
  5  11   39 0.246851 [18.824869 / 0.000751]
  5  11   79 0.245112 [18.825552 / 0.000725]
  5  11  119 0.246621 [18.826093 / 0.000728]
  5  11  159 0.246869 [18.826719 / 0.000659]
  5  11  199 0.246681 [18.827331 / 0.000702]
  5  11  239 0.247083 [18.827810 / 0.000761]
  5  11  279 0.246856 [18.828444 / 0.000729]
  5  11  319 0.243220 [18.829001 / 0.000710]
  5  11  359 0.245295 [18.829538 / 0.000698]
  5  11  399 0.246972 [18.830247 / 0.000737]
  5  11  439 0.246349 [18.830830 / 0.000692]
  5  12   39 0.244813 [18.832005 / 0.000713]
  5  12   79 0.245810 [18.832588 / 0.000731]
  5  12  119 0.246856 [18.833190 / 0.000770]
  5  12  159 0.246231 [18.833908 / 0.000743]
  5  12  199 0.244380 [18.834432 / 0.000711]
  5  12  239 0.247718 [18.835228 / 0.000699]
  5  12  279 0.247572 [18.835843 / 0.000724]
  5  12  319 0.246105 [18.836371 / 0.000762]
  5  12  359 0.245661 [18.836984 / 0.000685]
  5  12  399 0.246014 [18.837681 / 0.000775]
  5  12  439 0.243410 [18.838199 / 0.000737]
  5  13   39 0.247406 [18.839297 / 0.000723]
  5  13   79 0.247881 [18.839876 / 0.000721]
  5  13  119 0.243476 [18.840423 / 0.000690]
  5  13  159 0.245865 [18.841048 / 0.000755]
  5  13  199 0.241884 [18.841589 / 0.000728]
  5  13  239 0.245959 [18.842190 / 0.000710]
  5  13  279 0.244581 [18.842817 / 0.000704]
  5  13  319 0.243848 [18.843471 / 0.000696]
  5  13  359 0.246293 [18.844285 / 0.000744]
  5  13  399 0.245902 [18.844946 / 0.000717]
  5  13  439 0.246327 [18.845579 / 0.000745]
  5  14   39 0.245295 [18.846551 / 0.000724]
  5  14   79 0.247489 [18.847109 / 0.000699]
  5  14  119 0.243343 [18.847584 / 0.000703]
  5  14  159 0.246372 [18.848376 / 0.000783]
  5  14  199 0.246344 [18.849039 / 0.000737]
  5  14  239 0.243980 [18.849639 / 0.000700]
  5  14  279 0.245120 [18.850358 / 0.000703]
  5  14  319 0.244809 [18.850922 / 0.000741]
  5  14  359 0.243597 [18.851422 / 0.000680]
  5  14  399 0.244931 [18.852062 / 0.000715]
  5  14  439 0.245782 [18.852704 / 0.000746]
  5  15   39 0.246732 [18.853794 / 0.000794]
  5  15   79 0.245240 [18.854371 / 0.000744]
  5  15  119 0.244808 [18.855049 / 0.000746]
  5  15  159 0.243053 [18.855554 / 0.000680]
  5  15  199 0.244121 [18.856111 / 0.000736]
  5  15  239 0.243910 [18.856824 / 0.000752]
  5  15  279 0.243960 [18.857478 / 0.000768]
  5  15  319 0.245404 [18.858107 / 0.000710]
  5  15  359 0.248629 [18.858730 / 0.000722]
  5  15  399 0.246523 [18.859355 / 0.000701]
  5  15  439 0.243138 [18.859957 / 0.000670]
  5  16   39 0.247833 [18.861041 / 0.000723]
  5  16   79 0.241447 [18.861530 / 0.000721]
  5  16  119 0.242996 [18.862187 / 0.000754]
  5  16  159 0.246425 [18.862832 / 0.000729]
  5  16  199 0.244266 [18.863313 / 0.000714]
  5  16  239 0.241936 [18.863812 / 0.000697]
  5  16  279 0.244577 [18.864410 / 0.000708]
  5  16  319 0.245455 [18.865065 / 0.000694]
  5  16  359 0.246127 [18.865713 / 0.000689]
  5  16  399 0.245777 [18.866404 / 0.000771]
  5  16  439 0.242797 [18.867104 / 0.000728]
  5  17   39 0.245699 [18.868203 / 0.000692]
  5  17   79 0.243223 [18.868804 / 0.000696]
  5  17  119 0.244089 [18.869399 / 0.000718]
  5  17  159 0.246416 [18.870059 / 0.000722]
  5  17  199 0.241746 [18.870600 / 0.000716]
  5  17  239 0.243465 [18.871206 / 0.000725]
  5  17  279 0.243130 [18.871832 / 0.000688]
  5  17  319 0.243362 [18.872390 / 0.000682]
  5  17  359 0.244996 [18.872965 / 0.000771]
  5  17  399 0.244804 [18.873526 / 0.000711]
  5  17  439 0.244111 [18.874147 / 0.000744]
  5  18   39 0.245110 [18.875108 / 0.000724]
  5  18   79 0.242036 [18.875658 / 0.000678]
  5  18  119 0.243697 [18.876374 / 0.000711]
  5  18  159 0.242175 [18.877066 / 0.000766]
  5  18  199 0.241985 [18.877665 / 0.000755]
  5  18  239 0.245862 [18.878273 / 0.000725]
  5  18  279 0.243020 [18.878865 / 0.000745]
  5  18  319 0.242731 [18.879401 / 0.000692]
  5  18  359 0.244080 [18.880067 / 0.000748]
  5  18  399 0.245016 [18.880777 / 0.000755]
  5  18  439 0.243494 [18.881301 / 0.000738]
  5  19   39 0.244286 [18.882325 / 0.000728]
  5  19   79 0.241714 [18.882896 / 0.000701]
  5  19  119 0.244107 [18.883520 / 0.000703]
  5  19  159 0.246075 [18.884159 / 0.000764]
  5  19  199 0.244099 [18.884778 / 0.000765]
  5  19  239 0.242110 [18.885305 / 0.000687]
  5  19  279 0.246567 [18.886063 / 0.000726]
  5  19  319 0.242476 [18.886663 / 0.000709]
  5  19  359 0.241980 [18.887173 / 0.000675]
  5  19  399 0.245457 [18.887841 / 0.000762]
  5  19  439 0.241563 [18.888443 / 0.000671]
  5  20   39 0.242942 [18.889436 / 0.000757]
  5  20   79 0.244079 [18.890090 / 0.000734]
  5  20  119 0.239879 [18.890517 / 0.000723]
  5  20  159 0.244547 [18.891170 / 0.000710]
  5  20  199 0.242347 [18.891743 / 0.000718]
  5  20  239 0.244467 [18.892375 / 0.000759]
  5  20  279 0.243657 [18.893037 / 0.000752]
  5  20  319 0.243429 [18.893568 / 0.000738]
  5  20  359 0.243263 [18.894203 / 0.000687]
  5  20  399 0.245016 [18.894960 / 0.000704]
  5  20  439 0.241748 [18.895519 / 0.000721]
  5  21   39 0.244046 [18.896529 / 0.000709]
  5  21   79 0.242740 [18.897041 / 0.000693]
  5  21  119 0.243359 [18.897783 / 0.000697]
  5  21  159 0.243177 [18.898465 / 0.000720]
  5  21  199 0.242018 [18.899099 / 0.000741]
  5  21  239 0.243585 [18.899760 / 0.000715]
  5  21  279 0.241381 [18.900333 / 0.000735]
  5  21  319 0.243101 [18.900766 / 0.000694]
  5  21  359 0.243124 [18.901386 / 0.000736]
  5  21  399 0.244241 [18.901927 / 0.000774]
  5  21  439 0.243020 [18.902494 / 0.000725]
  5  22   39 0.243546 [18.903547 / 0.000679]
  5  22   79 0.242268 [18.904170 / 0.000737]
  5  22  119 0.243818 [18.904799 / 0.000754]
  5  22  159 0.243429 [18.905473 / 0.000692]
  5  22  199 0.241454 [18.905996 / 0.000676]
  5  22  239 0.243885 [18.906579 / 0.000703]
  5  22  279 0.242354 [18.907176 / 0.000762]
  5  22  319 0.240493 [18.907717 / 0.000707]
  5  22  359 0.242595 [18.908266 / 0.000743]
  5  22  399 0.241883 [18.908828 / 0.000685]
  5  22  439 0.243689 [18.909516 / 0.000703]
  5  23   39 0.244177 [18.910522 / 0.000708]
  5  23   79 0.242667 [18.911194 / 0.000724]
  5  23  119 0.241580 [18.911652 / 0.000708]
  5  23  159 0.239539 [18.912167 / 0.000698]
  5  23  199 0.241572 [18.912680 / 0.000707]
  5  23  239 0.241536 [18.913297 / 0.000720]
  5  23  279 0.243742 [18.913821 / 0.000709]
  5  23  319 0.241984 [18.914443 / 0.000696]
  5  23  359 0.242545 [18.915068 / 0.000732]
  5  23  399 0.244561 [18.915789 / 0.000803]
  5  23  439 0.241751 [18.916429 / 0.000703]
  5  24   39 0.242164 [18.917527 / 0.000769]
  5  24   79 0.240508 [18.917998 / 0.000741]
  5  24  119 0.242002 [18.918631 / 0.000683]
  5  24  159 0.241698 [18.919067 / 0.000780]
  5  24  199 0.242347 [18.919745 / 0.000755]
  5  24  239 0.241671 [18.920209 / 0.000732]
  5  24  279 0.243461 [18.920830 / 0.000750]
  5  24  319 0.243413 [18.921553 / 0.000728]
  5  24  359 0.241981 [18.922094 / 0.000759]
  5  24  399 0.240347 [18.922668 / 0.000723]
  5  24  439 0.242637 [18.923393 / 0.000734]
Sequential (
  (0): Linear (784 -> 160)
  (1): CatFactor (factors=80, categories=2, nonclass=True)
  (2): Linear (160 -> 784)
)
