  0   0   19 0.955425 [16.245825 / 0.236334]
  0   0   39 0.814349 [15.079955 / 0.202456]
  0   0   59 0.728378 [14.248131 / 0.169434]
  0   0   79 0.670520 [13.856565 / 0.138607]
  0   0   99 0.631662 [13.845948 / 0.117181]
  0   0  119 0.597594 [14.055687 / 0.101310]
  0   0  139 0.567022 [14.373894 / 0.089874]
  0   0  159 0.552719 [14.747776 / 0.085747]
  0   0  179 0.536777 [15.152498 / 0.079146]
  0   0  199 0.514345 [15.542951 / 0.076441]
  0   0  219 0.507979 [15.930039 / 0.071426]
  0   0  239 0.493374 [16.284470 / 0.069394]
  0   0  259 0.489727 [16.643556 / 0.066885]
  0   0  279 0.482968 [16.996900 / 0.069044]
  0   0  299 0.472809 [17.308875 / 0.066094]
  0   0  319 0.464935 [17.610666 / 0.065486]
  0   0  339 0.460719 [17.888453 / 0.071068]
  0   0  359 0.457126 [18.145514 / 0.067164]
  0   0  379 0.449318 [18.387774 / 0.066959]
  0   0  399 0.444426 [18.607558 / 0.066987]
  0   0  419 0.444934 [18.781469 / 0.061745]
  0   0  439 0.435286 [18.953313 / 0.062129]
  0   0  459 0.436785 [19.108222 / 0.061240]
  0   1   19 0.432987 [19.293708 / 0.057732]
  0   1   39 0.431035 [19.408730 / 0.058837]
  0   1   59 0.427632 [19.525588 / 0.061585]
  0   1   79 0.424825 [19.630955 / 0.055602]
  0   1   99 0.427245 [19.720969 / 0.060020]
  0   1  119 0.419257 [19.831277 / 0.058154]
  0   1  139 0.421782 [19.899106 / 0.056081]
  0   1  159 0.419092 [19.975283 / 0.054346]
  0   1  179 0.415201 [20.028643 / 0.058340]
  0   1  199 0.417714 [20.081547 / 0.055459]
  0   1  219 0.415294 [20.143031 / 0.055123]
  0   1  239 0.417752 [20.214534 / 0.057950]
  0   1  259 0.414813 [20.274061 / 0.057710]
  0   1  279 0.412230 [20.332044 / 0.053346]
  0   1  299 0.412122 [20.372606 / 0.054815]
  0   1  319 0.408388 [20.427936 / 0.053063]
  0   1  339 0.407738 [20.461807 / 0.055303]
  0   1  359 0.409992 [20.480465 / 0.055927]
  0   1  379 0.411153 [20.509665 / 0.056828]
  0   1  399 0.405094 [20.539992 / 0.056521]
  0   1  419 0.403328 [20.572894 / 0.053010]
  0   1  439 0.412349 [20.606472 / 0.058034]
  0   1  459 0.402219 [20.624823 / 0.057041]
  0   2   19 0.405451 [20.672500 / 0.059412]
  0   2   39 0.407170 [20.674835 / 0.053145]
  0   2   59 0.404518 [20.695396 / 0.053758]
  0   2   79 0.404485 [20.726617 / 0.057367]
  0   2   99 0.406003 [20.746759 / 0.051510]
  0   2  119 0.401941 [20.768486 / 0.056887]
  0   2  139 0.403073 [20.807522 / 0.056309]
  0   2  159 0.406514 [20.832262 / 0.060453]
  0   2  179 0.400394 [20.829604 / 0.056103]
  0   2  199 0.403509 [20.831948 / 0.051424]
  0   2  219 0.403156 [20.852375 / 0.057272]
  0   2  239 0.400797 [20.861780 / 0.055346]
  0   2  259 0.395028 [20.844775 / 0.054900]
  0   2  279 0.398469 [20.847580 / 0.053490]
  0   2  299 0.404144 [20.885745 / 0.059201]
  0   2  319 0.401829 [20.911022 / 0.055533]
  0   2  339 0.401531 [20.915517 / 0.056476]
  0   2  359 0.398390 [20.908522 / 0.057810]
  0   2  379 0.404446 [20.920372 / 0.054078]
  0   2  399 0.403664 [20.947946 / 0.055897]
  0   2  419 0.402579 [20.984958 / 0.056119]
  0   2  439 0.401839 [21.009541 / 0.057722]
  0   2  459 0.403154 [21.017272 / 0.056766]
  0   3   19 0.396091 [21.024415 / 0.053627]
  0   3   39 0.397752 [21.006079 / 0.055652]
  0   3   59 0.401506 [21.018180 / 0.055661]
  0   3   79 0.397080 [21.035929 / 0.058442]
  0   3   99 0.398221 [21.042395 / 0.052415]
  0   3  119 0.395208 [21.038095 / 0.054982]
  0   3  139 0.401174 [21.043682 / 0.056999]
  0   3  159 0.398847 [21.068799 / 0.055289]
  0   3  179 0.395678 [21.057256 / 0.055059]
  0   3  199 0.397366 [21.036663 / 0.062379]
  0   3  219 0.397465 [21.046361 / 0.055753]
  0   3  239 0.393328 [21.059067 / 0.056043]
  0   3  259 0.403122 [21.069053 / 0.059017]
  0   3  279 0.398587 [21.081196 / 0.056239]
  0   3  299 0.396163 [21.095744 / 0.053534]
  0   3  319 0.401222 [21.113125 / 0.056151]
  0   3  339 0.399140 [21.109294 / 0.056648]
  0   3  359 0.398923 [21.119519 / 0.055343]
  0   3  379 0.399233 [21.121254 / 0.053449]
  0   3  399 0.398283 [21.132357 / 0.060590]
  0   3  419 0.394511 [21.124594 / 0.053975]
  0   3  439 0.403446 [21.146404 / 0.058170]
  0   3  459 0.398443 [21.164372 / 0.056073]
  0   4   19 0.398291 [21.177505 / 0.058236]
  0   4   39 0.391710 [21.160523 / 0.057134]
  0   4   59 0.399875 [21.135662 / 0.059186]
  0   4   79 0.396518 [21.138363 / 0.058287]
  0   4   99 0.394045 [21.138202 / 0.057545]
  0   4  119 0.391432 [21.123433 / 0.060462]
  0   4  139 0.398049 [21.138114 / 0.062819]
  0   4  159 0.394451 [21.156029 / 0.058600]
  0   4  179 0.395316 [21.161823 / 0.060192]
  0   4  199 0.395679 [21.156194 / 0.059179]
  0   4  219 0.401144 [21.168406 / 0.061065]
  0   4  239 0.394991 [21.175335 / 0.063913]
  0   4  259 0.398136 [21.169450 / 0.061905]
  0   4  279 0.398116 [21.202933 / 0.062198]
  0   4  299 0.395357 [21.209601 / 0.063867]
  0   4  319 0.398812 [21.209100 / 0.060671]
  0   4  339 0.393581 [21.183361 / 0.056707]
  0   4  359 0.399291 [21.181843 / 0.057263]
  0   4  379 0.400671 [21.212175 / 0.059165]
  0   4  399 0.393771 [21.226418 / 0.060267]
  0   4  419 0.397072 [21.221291 / 0.064828]
  0   4  439 0.392111 [21.203144 / 0.060565]
  0   4  459 0.393097 [21.211102 / 0.055912]
  1   0   19 0.388045 [21.194948 / 0.030891]
  1   0   39 0.393734 [21.187953 / 0.027459]
  1   0   59 0.394826 [21.182494 / 0.030113]
  1   0   79 0.396766 [21.191473 / 0.029068]
  1   0   99 0.396302 [21.198714 / 0.028762]
  1   0  119 0.393790 [21.198155 / 0.029236]
  1   0  139 0.397072 [21.198482 / 0.029876]
  1   0  159 0.393146 [21.204319 / 0.028958]
  1   0  179 0.391086 [21.201317 / 0.030142]
  1   0  199 0.395011 [21.211193 / 0.028080]
  1   0  219 0.397348 [21.217288 / 0.029621]
  1   0  239 0.398944 [21.242696 / 0.030873]
  1   0  259 0.392333 [21.247811 / 0.030647]
  1   0  279 0.394565 [21.250342 / 0.030423]
  1   0  299 0.391812 [21.243150 / 0.030230]
  1   0  319 0.395539 [21.250832 / 0.029464]
  1   0  339 0.395417 [21.242382 / 0.031560]
  1   0  359 0.395460 [21.223453 / 0.033775]
  1   0  379 0.398319 [21.226469 / 0.031296]
  1   0  399 0.389207 [21.216327 / 0.031782]
  1   0  419 0.395907 [21.214452 / 0.031075]
  1   0  439 0.395370 [21.219223 / 0.029207]
  1   0  459 0.391585 [21.225085 / 0.030558]
  1   1   19 0.396228 [21.234871 / 0.031182]
  1   1   39 0.396135 [21.250565 / 0.030381]
  1   1   59 0.393096 [21.254063 / 0.030801]
  1   1   79 0.394430 [21.231120 / 0.030475]
  1   1   99 0.392354 [21.233755 / 0.031221]
  1   1  119 0.397426 [21.237740 / 0.031378]
  1   1  139 0.389277 [21.231164 / 0.030526]
  1   1  159 0.392017 [21.234702 / 0.028869]
  1   1  179 0.392224 [21.242869 / 0.030368]
  1   1  199 0.396914 [21.255021 / 0.031172]
  1   1  219 0.392208 [21.255983 / 0.030179]
  1   1  239 0.396614 [21.254484 / 0.037037]
  1   1  259 0.396122 [21.267236 / 0.032862]
  1   1  279 0.390001 [21.263928 / 0.030956]
  1   1  299 0.393833 [21.250981 / 0.031925]
  1   1  319 0.395237 [21.261537 / 0.032349]
  1   1  339 0.393519 [21.275659 / 0.033072]
  1   1  359 0.396469 [21.268604 / 0.034965]
  1   1  379 0.389238 [21.272968 / 0.032639]
  1   1  399 0.394483 [21.260738 / 0.031560]
  1   1  419 0.390821 [21.264212 / 0.031493]
  1   1  439 0.387774 [21.254863 / 0.030993]
  1   1  459 0.392092 [21.249803 / 0.030314]
  1   2   19 0.399499 [21.254614 / 0.031447]
  1   2   39 0.395946 [21.255560 / 0.031438]
  1   2   59 0.396434 [21.265394 / 0.031700]
  1   2   79 0.390910 [21.286473 / 0.031281]
  1   2   99 0.395854 [21.289109 / 0.032485]
  1   2  119 0.394501 [21.289887 / 0.031987]
  1   2  139 0.390839 [21.292004 / 0.032769]
  1   2  159 0.393989 [21.298404 / 0.030932]
  1   2  179 0.389160 [21.288510 / 0.033131]
  1   2  199 0.393915 [21.284856 / 0.033742]
  1   2  219 0.387583 [21.270351 / 0.031884]
  1   2  239 0.398435 [21.266794 / 0.032146]
  1   2  259 0.389110 [21.276686 / 0.032616]
  1   2  279 0.391527 [21.268575 / 0.032151]
  1   2  299 0.393153 [21.264939 / 0.036345]
  1   2  319 0.393325 [21.275812 / 0.033502]
  1   2  339 0.393747 [21.284893 / 0.033361]
  1   2  359 0.393317 [21.284484 / 0.032707]
  1   2  379 0.389757 [21.280521 / 0.033654]
  1   2  399 0.393448 [21.273133 / 0.031484]
  1   2  419 0.390012 [21.264169 / 0.034127]
  1   2  439 0.392486 [21.287301 / 0.035991]
  1   2  459 0.390757 [21.287066 / 0.033281]
  1   3   19 0.393538 [21.284191 / 0.032796]
  1   3   39 0.395209 [21.290048 / 0.034464]
  1   3   59 0.392285 [21.290931 / 0.035588]
  1   3   79 0.391525 [21.305864 / 0.033474]
  1   3   99 0.388686 [21.305968 / 0.033045]
  1   3  119 0.396345 [21.304619 / 0.033885]
  1   3  139 0.390721 [21.305749 / 0.040313]
  1   3  159 0.389173 [21.299069 / 0.033962]
  1   3  179 0.389538 [21.300023 / 0.034970]
  1   3  199 0.391407 [21.291287 / 0.034012]
  1   3  219 0.396800 [21.291666 / 0.033022]
  1   3  239 0.393351 [21.301171 / 0.032111]
  1   3  259 0.395890 [21.314259 / 0.033027]
  1   3  279 0.397871 [21.325527 / 0.032950]
  1   3  299 0.389548 [21.331679 / 0.032910]
  1   3  319 0.386407 [21.323386 / 0.033897]
  1   3  339 0.390537 [21.311843 / 0.037364]
  1   3  359 0.397347 [21.313816 / 0.033927]
  1   3  379 0.389470 [21.317620 / 0.034419]
  1   3  399 0.390961 [21.307783 / 0.034965]
  1   3  419 0.392133 [21.302606 / 0.037825]
  1   3  439 0.395600 [21.315562 / 0.033610]
  1   3  459 0.389636 [21.318484 / 0.032956]
  1   4   19 0.397175 [21.314368 / 0.039577]
  1   4   39 0.391095 [21.324779 / 0.034497]
  1   4   59 0.393945 [21.314250 / 0.033450]
  1   4   79 0.392098 [21.315775 / 0.032022]
  1   4   99 0.389108 [21.332483 / 0.034344]
  1   4  119 0.391456 [21.334518 / 0.035851]
  1   4  139 0.391168 [21.333944 / 0.033994]
  1   4  159 0.390211 [21.327384 / 0.033546]
  1   4  179 0.392333 [21.320712 / 0.034202]
  1   4  199 0.392731 [21.330139 / 0.034431]
  1   4  219 0.390488 [21.321177 / 0.035246]
  1   4  239 0.392965 [21.322492 / 0.038040]
  1   4  259 0.395195 [21.325302 / 0.035970]
  1   4  279 0.391363 [21.332883 / 0.034640]
  1   4  299 0.390141 [21.346585 / 0.032300]
  1   4  319 0.390493 [21.351266 / 0.033860]
  1   4  339 0.390791 [21.348451 / 0.033763]
  1   4  359 0.393408 [21.342677 / 0.034692]
  1   4  379 0.389358 [21.341461 / 0.034600]
  1   4  399 0.385819 [21.332905 / 0.033133]
  1   4  419 0.391259 [21.330346 / 0.033419]
  1   4  439 0.392633 [21.334295 / 0.034092]
  1   4  459 0.392519 [21.332930 / 0.037710]
  2   0   19 0.388859 [21.326193 / 0.019071]
  2   0   39 0.392666 [21.330974 / 0.017462]
  2   0   59 0.386800 [21.327600 / 0.017770]
  2   0   79 0.393606 [21.320101 / 0.018431]
  2   0   99 0.393850 [21.324186 / 0.017931]
  2   0  119 0.392068 [21.331586 / 0.017052]
  2   0  139 0.390347 [21.332902 / 0.017754]
  2   0  159 0.381875 [21.331505 / 0.016782]
  2   0  179 0.394120 [21.333013 / 0.017054]
  2   0  199 0.389892 [21.330307 / 0.016270]
  2   0  219 0.389514 [21.336263 / 0.017280]
  2   0  239 0.393649 [21.336601 / 0.017414]
  2   0  259 0.393096 [21.339678 / 0.017864]
  2   0  279 0.395185 [21.338183 / 0.017468]
  2   0  299 0.393499 [21.339202 / 0.017294]
  2   0  319 0.388819 [21.343123 / 0.017255]
  2   0  339 0.391359 [21.339335 / 0.019127]
  2   0  359 0.393988 [21.335576 / 0.017101]
  2   0  379 0.386429 [21.332573 / 0.018648]
  2   0  399 0.395311 [21.338279 / 0.017667]
  2   0  419 0.392616 [21.340891 / 0.017201]
  2   0  439 0.392699 [21.347256 / 0.017694]
  2   0  459 0.389742 [21.343111 / 0.018065]
  2   1   19 0.389870 [21.343326 / 0.017975]
  2   1   39 0.392292 [21.348472 / 0.017761]
  2   1   59 0.391438 [21.341717 / 0.018290]
  2   1   79 0.393029 [21.338031 / 0.016847]
  2   1   99 0.394297 [21.343042 / 0.017170]
  2   1  119 0.392632 [21.349755 / 0.017821]
  2   1  139 0.391780 [21.350011 / 0.018058]
  2   1  159 0.389960 [21.356653 / 0.019251]
  2   1  179 0.387704 [21.356562 / 0.019347]
  2   1  199 0.395131 [21.363012 / 0.017868]
  2   1  219 0.387145 [21.356697 / 0.018136]
  2   1  239 0.387042 [21.352244 / 0.017838]
  2   1  259 0.393328 [21.349157 / 0.018068]
  2   1  279 0.391912 [21.348596 / 0.018323]
  2   1  299 0.388609 [21.344813 / 0.019090]
  2   1  319 0.390300 [21.345443 / 0.018532]
  2   1  339 0.387469 [21.344509 / 0.017905]
  2   1  359 0.395082 [21.344251 / 0.017791]
  2   1  379 0.388363 [21.355131 / 0.017371]
  2   1  399 0.389259 [21.350721 / 0.018527]
  2   1  419 0.392126 [21.355433 / 0.018131]
  2   1  439 0.393947 [21.360244 / 0.019192]
  2   1  459 0.389623 [21.359392 / 0.018643]
  2   2   19 0.391647 [21.348408 / 0.019129]
  2   2   39 0.388980 [21.345640 / 0.018939]
  2   2   59 0.391726 [21.348138 / 0.018782]
  2   2   79 0.389165 [21.343073 / 0.017357]
  2   2   99 0.393190 [21.345917 / 0.019247]
  2   2  119 0.392533 [21.351976 / 0.018435]
  2   2  139 0.385287 [21.349508 / 0.019082]
  2   2  159 0.396791 [21.346890 / 0.017212]
  2   2  179 0.389797 [21.352600 / 0.018616]
  2   2  199 0.389281 [21.359694 / 0.018096]
  2   2  219 0.392090 [21.365066 / 0.019294]
  2   2  239 0.388526 [21.366089 / 0.018363]
  2   2  259 0.388053 [21.362513 / 0.018961]
  2   2  279 0.386297 [21.353289 / 0.019105]
  2   2  299 0.391213 [21.357433 / 0.020165]
  2   2  319 0.391411 [21.357498 / 0.019127]
  2   2  339 0.391419 [21.361820 / 0.018473]
  2   2  359 0.386648 [21.354785 / 0.018687]
  2   2  379 0.393621 [21.353436 / 0.019323]
  2   2  399 0.392248 [21.350850 / 0.018250]
  2   2  419 0.395174 [21.358366 / 0.017435]
  2   2  439 0.394126 [21.359636 / 0.020759]
  2   2  459 0.387560 [21.357505 / 0.018933]
  2   3   19 0.385380 [21.357506 / 0.018210]
  2   3   39 0.391854 [21.357014 / 0.018524]
  2   3   59 0.387622 [21.360091 / 0.018948]
  2   3   79 0.390112 [21.365672 / 0.019092]
  2   3   99 0.395967 [21.365921 / 0.018920]
  2   3  119 0.391780 [21.364403 / 0.018376]
  2   3  139 0.397221 [21.369112 / 0.019652]
  2   3  159 0.389187 [21.366900 / 0.018545]
  2   3  179 0.388013 [21.366495 / 0.019150]
  2   3  199 0.391211 [21.367231 / 0.019494]
  2   3  219 0.388498 [21.372703 / 0.019093]
  2   3  239 0.393127 [21.373588 / 0.020054]
  2   3  259 0.392131 [21.373402 / 0.019348]
  2   3  279 0.387888 [21.374962 / 0.019036]
  2   3  299 0.386974 [21.365461 / 0.018679]
  2   3  319 0.385733 [21.360887 / 0.019561]
  2   3  339 0.389214 [21.366063 / 0.019126]
  2   3  359 0.390776 [21.364648 / 0.020178]
  2   3  379 0.390752 [21.361696 / 0.019265]
  2   3  399 0.390873 [21.356534 / 0.018258]
  2   3  419 0.393539 [21.354848 / 0.018216]
  2   3  439 0.391869 [21.356188 / 0.020252]
  2   3  459 0.391775 [21.362706 / 0.019453]
  2   4   19 0.392759 [21.370317 / 0.019196]
  2   4   39 0.389037 [21.371415 / 0.019786]
  2   4   59 0.390099 [21.368692 / 0.019947]
  2   4   79 0.389521 [21.361138 / 0.019485]
  2   4   99 0.390498 [21.351542 / 0.018764]
  2   4  119 0.392444 [21.362146 / 0.018257]
  2   4  139 0.390639 [21.376628 / 0.017664]
  2   4  159 0.390009 [21.377146 / 0.018199]
  2   4  179 0.389791 [21.371323 / 0.019751]
  2   4  199 0.390545 [21.367397 / 0.019962]
  2   4  219 0.390748 [21.368577 / 0.018809]
  2   4  239 0.385961 [21.362225 / 0.020891]
  2   4  259 0.389722 [21.357204 / 0.019361]
  2   4  279 0.393173 [21.359673 / 0.018853]
  2   4  299 0.391800 [21.367604 / 0.019366]
  2   4  319 0.389715 [21.365501 / 0.020994]
  2   4  339 0.388781 [21.363937 / 0.019588]
  2   4  359 0.386857 [21.369121 / 0.017481]
  2   4  379 0.393536 [21.365690 / 0.019952]
  2   4  399 0.389045 [21.366085 / 0.019738]
  2   4  419 0.391666 [21.368763 / 0.019841]
  2   4  439 0.390249 [21.375678 / 0.021344]
  2   4  459 0.391667 [21.373382 / 0.019288]
  3   0   19 0.389588 [21.377419 / 0.009900]
  3   0   39 0.389200 [21.376838 / 0.011825]
  3   0   59 0.388109 [21.378091 / 0.010071]
  3   0   79 0.391745 [21.376351 / 0.009993]
  3   0   99 0.394087 [21.379127 / 0.010444]
  3   0  119 0.389868 [21.374993 / 0.009604]
  3   0  139 0.390523 [21.375408 / 0.009524]
  3   0  159 0.393458 [21.378264 / 0.010088]
  3   0  179 0.390904 [21.380477 / 0.009511]
  3   0  199 0.390569 [21.380099 / 0.010295]
  3   0  219 0.388992 [21.379617 / 0.010080]
  3   0  239 0.389509 [21.379423 / 0.009635]
  3   0  259 0.389323 [21.376440 / 0.009758]
  3   0  279 0.394096 [21.375519 / 0.010047]
  3   0  299 0.391035 [21.375965 / 0.009438]
  3   0  319 0.387628 [21.375431 / 0.010096]
  3   0  339 0.392036 [21.374121 / 0.009886]
  3   0  359 0.385826 [21.373348 / 0.009876]
  3   0  379 0.391978 [21.373458 / 0.009672]
  3   0  399 0.391167 [21.377051 / 0.009391]
  3   0  419 0.387676 [21.375088 / 0.009550]
  3   0  439 0.392461 [21.376709 / 0.010383]
  3   0  459 0.383492 [21.372227 / 0.010632]
  3   1   19 0.394584 [21.371785 / 0.010471]
  3   1   39 0.391159 [21.366769 / 0.010789]
  3   1   59 0.389546 [21.370743 / 0.009629]
  3   1   79 0.388893 [21.368722 / 0.009468]
  3   1   99 0.392372 [21.372431 / 0.010309]
  3   1  119 0.387067 [21.374851 / 0.011087]
  3   1  139 0.387142 [21.375397 / 0.010470]
  3   1  159 0.388521 [21.372900 / 0.009405]
  3   1  179 0.390572 [21.373393 / 0.010347]
  3   1  199 0.386559 [21.371216 / 0.009998]
  3   1  219 0.389774 [21.369721 / 0.009693]
  3   1  239 0.393494 [21.369172 / 0.010023]
  3   1  259 0.386712 [21.370882 / 0.010463]
  3   1  279 0.393751 [21.375343 / 0.010328]
  3   1  299 0.390337 [21.378986 / 0.010815]
  3   1  319 0.387173 [21.377797 / 0.010406]
  3   1  339 0.388256 [21.375300 / 0.010200]
  3   1  359 0.391904 [21.371734 / 0.010496]
  3   1  379 0.389841 [21.368921 / 0.010384]
  3   1  399 0.390691 [21.366734 / 0.010289]
  3   1  419 0.393338 [21.366111 / 0.009650]
  3   1  439 0.387471 [21.369290 / 0.010661]
  3   1  459 0.392805 [21.371406 / 0.010227]
  3   2   19 0.390896 [21.372329 / 0.009233]
  3   2   39 0.393590 [21.374177 / 0.010030]
  3   2   59 0.388673 [21.375681 / 0.009947]
  3   2   79 0.381091 [21.370673 / 0.010081]
  3   2   99 0.385988 [21.373418 / 0.009980]
  3   2  119 0.390121 [21.371496 / 0.010324]
  3   2  139 0.392645 [21.371211 / 0.011016]
  3   2  159 0.387006 [21.372420 / 0.010766]
  3   2  179 0.387573 [21.370527 / 0.009990]
  3   2  199 0.390121 [21.370278 / 0.010672]
  3   2  219 0.389800 [21.370888 / 0.009697]
  3   2  239 0.391420 [21.373469 / 0.010092]
  3   2  259 0.394397 [21.373292 / 0.010831]
  3   2  279 0.392285 [21.375386 / 0.010257]
  3   2  299 0.390546 [21.382936 / 0.010604]
  3   2  319 0.390045 [21.384191 / 0.009973]
  3   2  339 0.389037 [21.381979 / 0.010204]
  3   2  359 0.390739 [21.381198 / 0.010309]
  3   2  379 0.389897 [21.382089 / 0.010507]
  3   2  399 0.385509 [21.378792 / 0.009942]
  3   2  419 0.391947 [21.377845 / 0.010853]
  3   2  439 0.389526 [21.376561 / 0.010857]
  3   2  459 0.397710 [21.376992 / 0.010512]
  3   3   19 0.385819 [21.374424 / 0.010098]
  3   3   39 0.391206 [21.374170 / 0.010855]
  3   3   59 0.386054 [21.376559 / 0.010764]
  3   3   79 0.391932 [21.379773 / 0.009445]
  3   3   99 0.390919 [21.378601 / 0.009802]
  3   3  119 0.392083 [21.378447 / 0.009617]
  3   3  139 0.389771 [21.378233 / 0.010653]
  3   3  159 0.393593 [21.378984 / 0.010249]
  3   3  179 0.389820 [21.382961 / 0.011307]
  3   3  199 0.391114 [21.385602 / 0.010920]
  3   3  219 0.386585 [21.385254 / 0.009331]
  3   3  239 0.392262 [21.385980 / 0.010411]
  3   3  259 0.386340 [21.383122 / 0.010014]
  3   3  279 0.391621 [21.383090 / 0.010110]
  3   3  299 0.390081 [21.384113 / 0.010267]
  3   3  319 0.385811 [21.386180 / 0.010499]
  3   3  339 0.389372 [21.383853 / 0.010406]
  3   3  359 0.389476 [21.382070 / 0.010383]
  3   3  379 0.390795 [21.383478 / 0.011021]
  3   3  399 0.392818 [21.384164 / 0.010698]
  3   3  419 0.388981 [21.382467 / 0.010197]
  3   3  439 0.389187 [21.378781 / 0.011086]
  3   3  459 0.392155 [21.377552 / 0.010051]
  3   4   19 0.385386 [21.376327 / 0.010398]
  3   4   39 0.389235 [21.377373 / 0.010110]
  3   4   59 0.384177 [21.374730 / 0.009450]
  3   4   79 0.388047 [21.370005 / 0.010824]
  3   4   99 0.392094 [21.372713 / 0.010520]
  3   4  119 0.394426 [21.377989 / 0.010649]
  3   4  139 0.391165 [21.379983 / 0.010184]
  3   4  159 0.388199 [21.381382 / 0.010113]
  3   4  179 0.387661 [21.379426 / 0.010559]
  3   4  199 0.390338 [21.379833 / 0.010345]
  3   4  219 0.392621 [21.384690 / 0.010656]
  3   4  239 0.388880 [21.382146 / 0.010414]
  3   4  259 0.388046 [21.380050 / 0.010759]
  3   4  279 0.390479 [21.378958 / 0.010220]
  3   4  299 0.388872 [21.378659 / 0.010625]
  3   4  319 0.389369 [21.374222 / 0.011365]
  3   4  339 0.393787 [21.375860 / 0.010029]
  3   4  359 0.386014 [21.373950 / 0.010649]
  3   4  379 0.388026 [21.370354 / 0.010623]
  3   4  399 0.392267 [21.372881 / 0.010602]
  3   4  419 0.389648 [21.377956 / 0.010003]
  3   4  439 0.392871 [21.377770 / 0.010262]
  3   4  459 0.394083 [21.378454 / 0.011250]
  4   0   19 0.392574 [21.382828 / 0.005666]
  4   0   39 0.387958 [21.382731 / 0.004877]
  4   0   59 0.398391 [21.384394 / 0.005299]
  4   0   79 0.389912 [21.386655 / 0.004798]
  4   0   99 0.395374 [21.389843 / 0.005584]
  4   0  119 0.386707 [21.390806 / 0.005247]
  4   0  139 0.389645 [21.393072 / 0.005076]
  4   0  159 0.390377 [21.392408 / 0.005491]
  4   0  179 0.387593 [21.391293 / 0.005407]
  4   0  199 0.392065 [21.390554 / 0.005245]
  4   0  219 0.388092 [21.390044 / 0.005220]
  4   0  239 0.389574 [21.390233 / 0.005342]
  4   0  259 0.384965 [21.387879 / 0.005789]
  4   0  279 0.390975 [21.389842 / 0.005420]
  4   0  299 0.384702 [21.387967 / 0.005161]
  4   0  319 0.390901 [21.385591 / 0.005431]
  4   0  339 0.389200 [21.383806 / 0.005297]
  4   0  359 0.388750 [21.384625 / 0.005163]
  4   0  379 0.389556 [21.384386 / 0.005727]
  4   0  399 0.390723 [21.383924 / 0.005236]
  4   0  419 0.393029 [21.383245 / 0.005226]
  4   0  439 0.385934 [21.382959 / 0.005502]
  4   0  459 0.388442 [21.384652 / 0.004942]
  4   1   19 0.385732 [21.382188 / 0.005001]
  4   1   39 0.387930 [21.381918 / 0.004980]
  4   1   59 0.388230 [21.381140 / 0.005421]
  4   1   79 0.386967 [21.379719 / 0.005231]
  4   1   99 0.386522 [21.378428 / 0.005251]
  4   1  119 0.385169 [21.379174 / 0.005006]
  4   1  139 0.387318 [21.379202 / 0.005319]
  4   1  159 0.390368 [21.380431 / 0.005358]
  4   1  179 0.391182 [21.382151 / 0.005247]
  4   1  199 0.394392 [21.383941 / 0.005371]
  4   1  219 0.392261 [21.385477 / 0.005388]
  4   1  239 0.388264 [21.386392 / 0.004948]
  4   1  259 0.393673 [21.388032 / 0.005047]
  4   1  279 0.388136 [21.387637 / 0.005255]
  4   1  299 0.392269 [21.388438 / 0.005472]
  4   1  319 0.392718 [21.388192 / 0.004791]
  4   1  339 0.389789 [21.387854 / 0.005285]
  4   1  359 0.391240 [21.388055 / 0.005273]
  4   1  379 0.389462 [21.388480 / 0.005093]
  4   1  399 0.393486 [21.388042 / 0.005282]
  4   1  419 0.388067 [21.386643 / 0.005306]
  4   1  439 0.389265 [21.384521 / 0.005029]
  4   1  459 0.387572 [21.383385 / 0.005157]
  4   2   19 0.387909 [21.383948 / 0.004871]
  4   2   39 0.389565 [21.383669 / 0.004823]
  4   2   59 0.388602 [21.384318 / 0.005144]
  4   2   79 0.392492 [21.385556 / 0.005312]
  4   2   99 0.390289 [21.387183 / 0.005453]
  4   2  119 0.386917 [21.386779 / 0.005498]
  4   2  139 0.391244 [21.387217 / 0.005458]
  4   2  159 0.384239 [21.386557 / 0.005215]
  4   2  179 0.383932 [21.385333 / 0.004852]
  4   2  199 0.389340 [21.384830 / 0.005239]
  4   2  219 0.386688 [21.385310 / 0.005281]
  4   2  239 0.391227 [21.385460 / 0.005710]
  4   2  259 0.392270 [21.385579 / 0.005214]
  4   2  279 0.392020 [21.386181 / 0.005446]
  4   2  299 0.392954 [21.385122 / 0.005153]
  4   2  319 0.391525 [21.383911 / 0.005217]
  4   2  339 0.396357 [21.384182 / 0.004954]
  4   2  359 0.388157 [21.385234 / 0.005185]
  4   2  379 0.384569 [21.382004 / 0.005253]
  4   2  399 0.395469 [21.383220 / 0.005047]
  4   2  419 0.386937 [21.383258 / 0.005195]
  4   2  439 0.389645 [21.383254 / 0.005290]
  4   2  459 0.386352 [21.385277 / 0.005086]
  4   3   19 0.388885 [21.385806 / 0.005442]
  4   3   39 0.388752 [21.386065 / 0.005378]
  4   3   59 0.393173 [21.385011 / 0.005374]
  4   3   79 0.393086 [21.384875 / 0.005281]
  4   3   99 0.386102 [21.385053 / 0.005311]
  4   3  119 0.388923 [21.385616 / 0.004891]
  4   3  139 0.386871 [21.384739 / 0.006858]
  4   3  159 0.393797 [21.385262 / 0.005004]
  4   3  179 0.392338 [21.386699 / 0.005335]
  4   3  199 0.385323 [21.385313 / 0.005162]
  4   3  219 0.391251 [21.384571 / 0.005451]
  4   3  239 0.394280 [21.386130 / 0.005542]
  4   3  259 0.388310 [21.387603 / 0.005666]
  4   3  279 0.386036 [21.388061 / 0.005240]
  4   3  299 0.384355 [21.387291 / 0.005477]
  4   3  319 0.394115 [21.387872 / 0.005528]
  4   3  339 0.388447 [21.388400 / 0.005352]
  4   3  359 0.378449 [21.387212 / 0.005860]
  4   3  379 0.390879 [21.385554 / 0.005564]
  4   3  399 0.394842 [21.386884 / 0.005124]
  4   3  419 0.395277 [21.388131 / 0.005357]
  4   3  439 0.387885 [21.389667 / 0.005155]
  4   3  459 0.389769 [21.390052 / 0.005779]
  4   4   19 0.393467 [21.389953 / 0.005334]
  4   4   39 0.394142 [21.391593 / 0.005106]
  4   4   59 0.388027 [21.392605 / 0.005516]
  4   4   79 0.393634 [21.391944 / 0.005937]
  4   4   99 0.390464 [21.391781 / 0.005422]
  4   4  119 0.386269 [21.391294 / 0.005329]
  4   4  139 0.387532 [21.392537 / 0.005434]
  4   4  159 0.392063 [21.394369 / 0.005234]
  4   4  179 0.390446 [21.393781 / 0.005678]
  4   4  199 0.391593 [21.395629 / 0.005768]
  4   4  219 0.389315 [21.395005 / 0.005664]
  4   4  239 0.389492 [21.393792 / 0.005289]
  4   4  259 0.390365 [21.393150 / 0.005246]
  4   4  279 0.387226 [21.393502 / 0.005204]
  4   4  299 0.390631 [21.394501 / 0.005620]
  4   4  319 0.388035 [21.395544 / 0.005241]
  4   4  339 0.386772 [21.395181 / 0.005438]
  4   4  359 0.391086 [21.393102 / 0.005505]
  4   4  379 0.386652 [21.393720 / 0.005304]
  4   4  399 0.390416 [21.392863 / 0.005404]
  4   4  419 0.388607 [21.392360 / 0.005496]
  4   4  439 0.386887 [21.391247 / 0.005345]
  4   4  459 0.388520 [21.391627 / 0.005481]
Sequential (
  (0): Linear (784 -> 100)
  (1): CatFactor (factors=10, categories=10)
  (2): Linear (100 -> 784)
)
