Sequential (
  (0): Linear (784 -> 100)
  (1): ReLU ()
  (2): Linear (100 -> 784)
)
Namespace(batch_size=128, cnnc=10, cnnf=40, force_name=False, mode='mlpae_simple', name='mlpae_simple12', nc=10, nf=100, optimizer='Adam', weight_decay=0.003)
{'lr': 0.001, 'wd': 0.003}
  0   0   39 0.749281 [11.836120 / 0.195977]
  0   0   79 0.432357 [9.320260 / 0.130580]
  0   0  119 0.299933 [8.561957 / 0.089033]
  0   0  159 0.238351 [8.412865 / 0.075692]
  0   0  199 0.208580 [8.487358 / 0.064351]
  0   0  239 0.189251 [8.554145 / 0.057267]
  0   0  279 0.177530 [8.612452 / 0.056507]
  0   0  319 0.170671 [8.676745 / 0.056632]
  0   0  359 0.167463 [8.740394 / 0.055451]
  0   0  399 0.162034 [8.784404 / 0.052961]
  0   0  439 0.160396 [8.823707 / 0.054119]
  0   1   39 0.156872 [8.875968 / 0.052618]
  0   1   79 0.155218 [8.897709 / 0.054848]
  0   1  119 0.154519 [8.907661 / 0.051487]
  0   1  159 0.153862 [8.936324 / 0.052396]
  0   1  199 0.152444 [8.929972 / 0.053151]
  0   1  239 0.153150 [8.937392 / 0.053790]
  0   1  279 0.152552 [8.958954 / 0.055405]
  0   1  319 0.152157 [8.967714 / 0.051667]
  0   1  359 0.151465 [8.981940 / 0.054967]
  0   1  399 0.151194 [8.978398 / 0.054621]
  0   1  439 0.151117 [8.986476 / 0.056411]
  0   2   39 0.150676 [9.007708 / 0.053792]
  0   2   79 0.151000 [9.013831 / 0.053086]
  0   2  119 0.149452 [9.011616 / 0.053215]
  0   2  159 0.148605 [9.007777 / 0.056740]
  0   2  199 0.150053 [9.012718 / 0.057926]
  0   2  239 0.148336 [9.006517 / 0.052871]
  0   2  279 0.149886 [9.027774 / 0.052262]
  0   2  319 0.149191 [9.020173 / 0.052243]
  0   2  359 0.149486 [9.015850 / 0.053064]
  0   2  399 0.149217 [9.015809 / 0.058096]
  0   2  439 0.149458 [9.018112 / 0.054837]
  0   3   39 0.148792 [9.029846 / 0.052924]
  0   3   79 0.149342 [9.032751 / 0.054277]
  0   3  119 0.149116 [9.029826 / 0.056142]
  0   3  159 0.147596 [9.021732 / 0.053871]
  0   3  199 0.147315 [9.018107 / 0.051237]
  0   3  239 0.149334 [9.031413 / 0.052651]
  0   3  279 0.148547 [9.017937 / 0.053823]
  0   3  319 0.148747 [9.019336 / 0.053188]
  0   3  359 0.149114 [9.029160 / 0.054729]
  0   3  399 0.148970 [9.024024 / 0.055533]
  0   3  439 0.148828 [9.032439 / 0.057167]
  0   4   39 0.148642 [9.033528 / 0.052160]
  0   4   79 0.148263 [9.024718 / 0.052676]
  0   4  119 0.148085 [9.027791 / 0.051433]
  0   4  159 0.148602 [9.028057 / 0.053788]
  0   4  199 0.148058 [9.025853 / 0.051836]
  0   4  239 0.148999 [9.040538 / 0.051393]
  0   4  279 0.147579 [9.028224 / 0.055806]
  0   4  319 0.147396 [9.026002 / 0.049580]
  0   4  359 0.148394 [9.039463 / 0.054885]
  0   4  399 0.147862 [9.028720 / 0.054391]
  0   4  439 0.147957 [9.034588 / 0.053565]
  0   5   39 0.148399 [9.026894 / 0.053899]
  0   5   79 0.147192 [9.026196 / 0.052384]
  0   5  119 0.146797 [9.017536 / 0.052501]
  0   5  159 0.147236 [9.020629 / 0.053672]
  0   5  199 0.147124 [9.015233 / 0.055592]
  0   5  239 0.148534 [9.031442 / 0.055200]
  0   5  279 0.148136 [9.033185 / 0.053558]
  0   5  319 0.148070 [9.040951 / 0.053326]
  0   5  359 0.148392 [9.041948 / 0.053214]
  0   5  399 0.147332 [9.032428 / 0.054191]
  0   5  439 0.148990 [9.035664 / 0.052176]
  0   6   39 0.146690 [9.021838 / 0.052691]
  0   6   79 0.148018 [9.030339 / 0.053157]
  0   6  119 0.148059 [9.039362 / 0.054650]
  0   6  159 0.147114 [9.024656 / 0.049177]
  0   6  199 0.148513 [9.042176 / 0.055825]
  0   6  239 0.147950 [9.041540 / 0.055417]
  0   6  279 0.146608 [9.029691 / 0.057116]
  0   6  319 0.147115 [9.023977 / 0.051475]
  0   6  359 0.147231 [9.024481 / 0.056825]
  0   6  399 0.147566 [9.027008 / 0.053033]
  0   6  439 0.147336 [9.021840 / 0.053869]
  0   7   39 0.148347 [9.036093 / 0.056552]
  0   7   79 0.147310 [9.026134 / 0.055909]
  0   7  119 0.146888 [9.017084 / 0.057444]
  0   7  159 0.146918 [9.024734 / 0.051865]
  0   7  199 0.146969 [9.013342 / 0.055043]
  0   7  239 0.146987 [9.019169 / 0.054312]
  0   7  279 0.147676 [9.016846 / 0.055830]
  0   7  319 0.148517 [9.024904 / 0.053086]
  0   7  359 0.147318 [9.014158 / 0.054436]
  0   7  399 0.147313 [9.019771 / 0.056975]
  0   7  439 0.148100 [9.028635 / 0.056722]
  0   8   39 0.148689 [9.045790 / 0.055481]
  0   8   79 0.145922 [9.026390 / 0.051980]
  0   8  119 0.148015 [9.027332 / 0.053037]
  0   8  159 0.146763 [9.022298 / 0.053728]
  0   8  199 0.147336 [9.028476 / 0.051916]
  0   8  239 0.147803 [9.038086 / 0.056204]
  0   8  279 0.145767 [9.022754 / 0.053897]
  0   8  319 0.146110 [9.003120 / 0.054276]
  0   8  359 0.147606 [9.029580 / 0.052641]
  0   8  399 0.147684 [9.030979 / 0.052475]
  0   8  439 0.146474 [9.017499 / 0.051859]
  0   9   39 0.147291 [9.039547 / 0.055842]
  0   9   79 0.146347 [9.011451 / 0.056410]
  0   9  119 0.146296 [9.024357 / 0.052852]
  0   9  159 0.147105 [9.016711 / 0.052858]
  0   9  199 0.147815 [9.018133 / 0.054288]
  0   9  239 0.146559 [9.014276 / 0.052990]
  0   9  279 0.147111 [9.025592 / 0.055187]
  0   9  319 0.147370 [9.029321 / 0.055911]
  0   9  359 0.146646 [9.020105 / 0.052857]
  0   9  399 0.147041 [9.019546 / 0.053453]
  0   9  439 0.148194 [9.032180 / 0.053375]
  0  10   39 0.146667 [9.034014 / 0.055519]
  0  10   79 0.147919 [9.030958 / 0.054193]
  0  10  119 0.147785 [9.032311 / 0.054545]
  0  10  159 0.147399 [9.034399 / 0.054935]
  0  10  199 0.147009 [9.030684 / 0.055408]
  0  10  239 0.146034 [9.023774 / 0.055506]
  0  10  279 0.145902 [9.025709 / 0.054376]
  0  10  319 0.146981 [9.027522 / 0.054923]
  0  10  359 0.146191 [9.006533 / 0.057987]
  0  10  399 0.145968 [9.019607 / 0.067462]
  0  10  439 0.147436 [9.027162 / 0.057590]
  0  11   39 0.147554 [9.029570 / 0.056106]
  0  11   79 0.146617 [9.024382 / 0.051430]
  0  11  119 0.146049 [9.023363 / 0.051696]
  0  11  159 0.145688 [9.018046 / 0.050556]
  0  11  199 0.147748 [9.027910 / 0.050117]
  0  11  239 0.146409 [9.027599 / 0.052227]
  0  11  279 0.147485 [9.027180 / 0.056388]
  0  11  319 0.146151 [9.019801 / 0.054947]
  0  11  359 0.146786 [9.021943 / 0.064261]
  0  11  399 0.147235 [9.023976 / 0.057867]
  0  11  439 0.146733 [9.022544 / 0.062977]
  0  12   39 0.146509 [9.032485 / 0.063630]
  0  12   79 0.145353 [9.015603 / 0.065218]
  0  12  119 0.147343 [9.038813 / 0.057678]
  0  12  159 0.147571 [9.037827 / 0.082317]
  0  12  199 0.146219 [9.032447 / 0.072681]
  0  12  239 0.147037 [9.025339 / 0.064554]
  0  12  279 0.145977 [9.016724 / 0.066620]
  0  12  319 0.147072 [9.032142 / 0.059273]
  0  12  359 0.146565 [9.025429 / 0.073324]
  0  12  399 0.145823 [9.021483 / 0.060796]
  0  12  439 0.146178 [9.016713 / 0.059782]
  0  13   39 0.146618 [9.042830 / 0.054266]
  0  13   79 0.145716 [9.020033 / 0.055830]
  0  13  119 0.145897 [9.006514 / 0.069784]
  0  13  159 0.147231 [9.028479 / 0.068673]
  0  13  199 0.145828 [9.013743 / 0.060245]
  0  13  239 0.147111 [9.023915 / 0.063954]
  0  13  279 0.146686 [9.027332 / 0.065160]
  0  13  319 0.146409 [9.031156 / 0.069436]
  0  13  359 0.146238 [9.027889 / 0.057127]
  0  13  399 0.147381 [9.021551 / 0.068270]
  0  13  439 0.147255 [9.029421 / 0.063833]
  0  14   39 0.147020 [9.035242 / 0.059930]
  0  14   79 0.145353 [9.019362 / 0.063966]
  0  14  119 0.147597 [9.036331 / 0.056485]
  0  14  159 0.146331 [9.031610 / 0.065669]
  0  14  199 0.147240 [9.040275 / 0.064834]
  0  14  239 0.145890 [9.019048 / 0.059808]
  0  14  279 0.145530 [9.026503 / 0.058003]
  0  14  319 0.146381 [9.015659 / 0.067476]
  0  14  359 0.145890 [9.013166 / 0.065346]
  0  14  399 0.147240 [9.028453 / 0.063346]
  0  14  439 0.146331 [9.020318 / 0.064529]
  0  15   39 0.146571 [9.026198 / 0.061764]
  0  15   79 0.146293 [9.032319 / 0.061302]
  0  15  119 0.146590 [9.018768 / 0.057617]
  0  15  159 0.145187 [9.024705 / 0.057201]
  0  15  199 0.146271 [9.020915 / 0.059799]
  0  15  239 0.146505 [9.019203 / 0.058561]
  0  15  279 0.147646 [9.031982 / 0.060839]
  0  15  319 0.145544 [9.015392 / 0.059835]
  0  15  359 0.147094 [9.016950 / 0.063425]
  0  15  399 0.145937 [9.026428 / 0.055674]
  0  15  439 0.146273 [9.013344 / 0.063795]
  0  16   39 0.146016 [9.031628 / 0.064020]
  0  16   79 0.147513 [9.027828 / 0.067581]
  0  16  119 0.145051 [8.998685 / 0.059963]
  0  16  159 0.147033 [9.037105 / 0.067007]
  0  16  199 0.145810 [9.030037 / 0.057621]
  0  16  239 0.146357 [9.021283 / 0.054383]
  0  16  279 0.146154 [9.027366 / 0.057465]
  0  16  319 0.146596 [9.023573 / 0.058750]
  0  16  359 0.146149 [9.024828 / 0.056543]
  0  16  399 0.146709 [9.030624 / 0.063543]
  0  16  439 0.145781 [9.028830 / 0.060391]
  0  17   39 0.146136 [9.018531 / 0.060066]
  0  17   79 0.145645 [9.023615 / 0.064217]
  0  17  119 0.146296 [9.027139 / 0.060265]
  0  17  159 0.145185 [9.015985 / 0.063192]
  0  17  199 0.147766 [9.037804 / 0.061063]
  0  17  239 0.144837 [9.007263 / 0.056204]
  0  17  279 0.146772 [9.025016 / 0.058351]
  0  17  319 0.146352 [9.019110 / 0.064808]
  0  17  359 0.146894 [9.029590 / 0.069799]
  0  17  399 0.146604 [9.016691 / 0.057557]
  0  17  439 0.146441 [9.018740 / 0.069393]
  0  18   39 0.146814 [9.029146 / 0.066477]
  0  18   79 0.147095 [9.041946 / 0.066720]
  0  18  119 0.146041 [9.030312 / 0.092805]
  0  18  159 0.145348 [9.017702 / 0.061326]
  0  18  199 0.146306 [9.029149 / 0.062543]
  0  18  239 0.146950 [9.032332 / 0.058220]
  0  18  279 0.145900 [9.018970 / 0.062334]
  0  18  319 0.145993 [9.025387 / 0.059052]
  0  18  359 0.147210 [9.017304 / 0.062296]
  0  18  399 0.146390 [9.025013 / 0.062669]
  0  18  439 0.143854 [8.997603 / 0.064590]
  0  19   39 0.146282 [9.033016 / 0.059732]
  0  19   79 0.146564 [9.025108 / 0.057997]
  0  19  119 0.146584 [9.026478 / 0.058136]
  0  19  159 0.146506 [9.015957 / 0.059827]
  0  19  199 0.146771 [9.020456 / 0.060613]
  0  19  239 0.144695 [9.014257 / 0.057415]
  0  19  279 0.146826 [9.014221 / 0.055944]
  0  19  319 0.145552 [9.020449 / 0.056903]
  0  19  359 0.146480 [9.024027 / 0.055135]
  0  19  399 0.145816 [9.008118 / 0.062226]
  0  19  439 0.146071 [9.012546 / 0.059995]
Sequential (
  (0): Linear (784 -> 100)
  (1): ReLU ()
  (2): Linear (100 -> 784)
)
Namespace(batch_size=128, cnnc=10, cnnf=40, force_name=False, mode='mlpae_simple', name='mlpae_simple12', nc=10, nf=100, optimizer='Adam', weight_decay=0.003)
{'lr': 0.001, 'wd': 0.003}
