  0   0   39 0.795844 [15.042813 / 0.257123]
  0   0   79 0.593747 [13.896063 / 0.160655]
  0   0  119 0.507511 [14.666197 / 0.121473]
  0   0  159 0.454686 [15.770504 / 0.103768]
  0   0  199 0.424007 [16.878691 / 0.093605]
  0   0  239 0.398536 [17.764724 / 0.088841]
  0   0  279 0.382350 [18.467482 / 0.080831]
  0   0  319 0.371013 [19.022114 / 0.084763]
  0   0  359 0.362869 [19.500397 / 0.079499]
  0   0  399 0.355044 [19.861261 / 0.080327]
  0   0  439 0.351153 [20.159812 / 0.080259]
  0   1   39 0.343962 [20.520721 / 0.076495]
  0   1   79 0.337493 [20.694528 / 0.079314]
  0   1  119 0.336503 [20.849766 / 0.079562]
  0   1  159 0.330039 [20.939647 / 0.073615]
  0   1  199 0.328504 [21.001100 / 0.073327]
  0   1  239 0.330790 [21.088819 / 0.073755]
  0   1  279 0.326171 [21.209284 / 0.076519]
  0   1  319 0.327463 [21.259808 / 0.075326]
  0   1  359 0.321728 [21.279325 / 0.074858]
  0   1  399 0.323097 [21.330733 / 0.075444]
  0   1  439 0.323569 [21.349850 / 0.072415]
  0   2   39 0.319967 [21.408402 / 0.081665]
  0   2   79 0.321112 [21.425563 / 0.078831]
  0   2  119 0.320806 [21.493346 / 0.074239]
  0   2  159 0.318244 [21.519951 / 0.078083]
  0   2  199 0.318966 [21.568407 / 0.077943]
  0   2  239 0.320309 [21.586368 / 0.074070]
  0   2  279 0.318947 [21.590518 / 0.074980]
  0   2  319 0.317201 [21.605539 / 0.077534]
  0   2  359 0.316489 [21.616153 / 0.076302]
  0   2  399 0.318888 [21.621537 / 0.077830]
  0   2  439 0.316895 [21.676750 / 0.078512]
  0   3   39 0.315353 [21.670794 / 0.076808]
  0   3   79 0.312869 [21.658287 / 0.076170]
  0   3  119 0.316296 [21.664550 / 0.078411]
  0   3  159 0.316689 [21.721015 / 0.081480]
  0   3  199 0.315780 [21.735645 / 0.076085]
  0   3  239 0.313408 [21.715437 / 0.074219]
  0   3  279 0.314889 [21.726563 / 0.078017]
  0   3  319 0.311860 [21.722735 / 0.077360]
  0   3  359 0.313114 [21.732498 / 0.078349]
  0   3  399 0.313512 [21.765139 / 0.077237]
  0   3  439 0.312235 [21.786977 / 0.079242]
  0   4   39 0.313173 [21.768166 / 0.079171]
  0   4   79 0.313324 [21.807729 / 0.077742]
  0   4  119 0.310360 [21.807974 / 0.078295]
  0   4  159 0.313757 [21.823532 / 0.077124]
  0   4  199 0.309833 [21.823580 / 0.080027]
  0   4  239 0.309888 [21.819928 / 0.076300]
  0   4  279 0.310485 [21.855337 / 0.077331]
  0   4  319 0.309223 [21.842783 / 0.082116]
  0   4  359 0.308510 [21.826230 / 0.079988]
  0   4  399 0.308914 [21.838822 / 0.084077]
  0   4  439 0.312110 [21.864336 / 0.081944]
  1   0   39 0.307059 [21.837224 / 0.040406]
  1   0   79 0.306680 [21.841781 / 0.041020]
  1   0  119 0.310949 [21.856087 / 0.041109]
  1   0  159 0.307820 [21.852021 / 0.041532]
  1   0  199 0.307187 [21.856459 / 0.040372]
  1   0  239 0.308795 [21.866317 / 0.043356]
  1   0  279 0.308150 [21.887886 / 0.041551]
  1   0  319 0.311644 [21.905539 / 0.041465]
  1   0  359 0.307675 [21.930315 / 0.040226]
  1   0  399 0.307175 [21.907607 / 0.043267]
  1   0  439 0.305598 [21.884011 / 0.040476]
  1   1   39 0.307999 [21.890852 / 0.042851]
  1   1   79 0.307519 [21.895780 / 0.040992]
  1   1  119 0.306385 [21.899066 / 0.042532]
  1   1  159 0.304216 [21.887802 / 0.041887]
  1   1  199 0.306380 [21.886440 / 0.041871]
  1   1  239 0.307774 [21.902401 / 0.043325]
  1   1  279 0.307044 [21.898002 / 0.045562]
  1   1  319 0.308383 [21.928997 / 0.043763]
  1   1  359 0.305428 [21.930837 / 0.043403]
  1   1  399 0.306045 [21.920968 / 0.044626]
  1   1  439 0.306860 [21.936158 / 0.044628]
  1   2   39 0.306573 [21.942004 / 0.043482]
  1   2   79 0.304971 [21.934104 / 0.043208]
  1   2  119 0.304967 [21.926145 / 0.045532]
  1   2  159 0.301661 [21.938401 / 0.044759]
  1   2  199 0.307208 [21.931442 / 0.045130]
  1   2  239 0.307213 [21.924733 / 0.044827]
  1   2  279 0.304697 [21.931192 / 0.045513]
  1   2  319 0.305788 [21.938061 / 0.043804]
  1   2  359 0.303962 [21.934992 / 0.046413]
  1   2  399 0.305130 [21.936887 / 0.044073]
  1   2  439 0.307880 [21.969123 / 0.043758]
  1   3   39 0.307356 [21.974898 / 0.045447]
  1   3   79 0.305602 [21.952735 / 0.046516]
  1   3  119 0.305238 [21.965445 / 0.048983]
  1   3  159 0.304366 [21.968952 / 0.047293]
  1   3  199 0.306276 [21.969438 / 0.048842]
  1   3  239 0.301577 [21.961589 / 0.047414]
  1   3  279 0.305624 [21.968966 / 0.048628]
  1   3  319 0.301591 [21.959493 / 0.049829]
  1   3  359 0.303976 [21.968755 / 0.045795]
  1   3  399 0.305038 [21.965025 / 0.047786]
  1   3  439 0.306439 [21.983314 / 0.047214]
  1   4   39 0.303026 [21.947125 / 0.048079]
  1   4   79 0.303396 [21.959849 / 0.048938]
  1   4  119 0.304987 [21.956540 / 0.047364]
  1   4  159 0.304716 [21.978511 / 0.048172]
  1   4  199 0.304726 [22.000557 / 0.047338]
  1   4  239 0.302823 [21.990388 / 0.050107]
  1   4  279 0.306215 [21.990293 / 0.048217]
  1   4  319 0.305351 [21.989764 / 0.048712]
  1   4  359 0.302088 [22.000825 / 0.048636]
  1   4  399 0.305218 [22.011252 / 0.047941]
  1   4  439 0.300846 [21.998834 / 0.049993]
  2   0   39 0.302327 [21.982969 / 0.023912]
  2   0   79 0.302971 [21.978657 / 0.024631]
  2   0  119 0.304393 [21.988044 / 0.024617]
  2   0  159 0.306966 [22.005885 / 0.023307]
  2   0  199 0.301317 [21.996938 / 0.025248]
  2   0  239 0.304803 [22.002347 / 0.024838]
  2   0  279 0.303411 [22.005313 / 0.026012]
  2   0  319 0.303628 [22.007093 / 0.024361]
  2   0  359 0.300479 [21.987742 / 0.024443]
  2   0  399 0.304317 [21.984672 / 0.025712]
  2   0  439 0.302967 [21.988518 / 0.025490]
  2   1   39 0.304141 [22.007128 / 0.023666]
  2   1   79 0.302934 [22.008195 / 0.025311]
  2   1  119 0.300581 [22.011229 / 0.024969]
  2   1  159 0.302597 [22.016308 / 0.024588]
  2   1  199 0.301534 [22.009693 / 0.025653]
  2   1  239 0.302011 [22.003769 / 0.026298]
  2   1  279 0.303547 [22.001866 / 0.025304]
  2   1  319 0.303035 [22.007048 / 0.028081]
  2   1  359 0.303473 [22.001503 / 0.026270]
  2   1  399 0.305991 [22.008127 / 0.025412]
  2   1  439 0.301029 [22.009519 / 0.025586]
  2   2   39 0.303233 [22.011673 / 0.029319]
  2   2   79 0.302299 [22.009741 / 0.026739]
  2   2  119 0.301923 [22.009140 / 0.026021]
  2   2  159 0.301237 [22.011635 / 0.026895]
  2   2  199 0.303915 [22.016612 / 0.025409]
  2   2  239 0.304677 [22.022489 / 0.026319]
  2   2  279 0.301172 [22.019875 / 0.025196]
  2   2  319 0.305384 [22.020289 / 0.026485]
  2   2  359 0.302638 [22.012482 / 0.025436]
  2   2  399 0.301120 [22.009393 / 0.026075]
  2   2  439 0.302805 [22.008382 / 0.025775]
  2   3   39 0.302719 [22.017934 / 0.027692]
  2   3   79 0.302285 [22.022565 / 0.025800]
  2   3  119 0.302684 [22.031440 / 0.026889]
  2   3  159 0.305202 [22.029562 / 0.027705]
  2   3  199 0.302489 [22.032897 / 0.026773]
  2   3  239 0.302102 [22.026372 / 0.027701]
  2   3  279 0.301497 [22.032654 / 0.026941]
  2   3  319 0.301481 [22.036744 / 0.027356]
  2   3  359 0.303329 [22.041375 / 0.026906]
  2   3  399 0.301353 [22.045767 / 0.029094]
  2   3  439 0.300879 [22.038708 / 0.025876]
  2   4   39 0.302353 [22.017531 / 0.026196]
  2   4   79 0.303589 [22.029573 / 0.026679]
  2   4  119 0.299958 [22.035479 / 0.028763]
  2   4  159 0.305535 [22.040896 / 0.026184]
  2   4  199 0.303261 [22.035026 / 0.027827]
  2   4  239 0.299896 [22.021197 / 0.027588]
  2   4  279 0.301375 [22.026496 / 0.027386]
  2   4  319 0.302662 [22.036513 / 0.027580]
  2   4  359 0.300308 [22.046563 / 0.029147]
  2   4  399 0.304102 [22.048194 / 0.026021]
  2   4  439 0.302550 [22.049106 / 0.029205]
  3   0   39 0.302891 [22.043624 / 0.013730]
  3   0   79 0.301420 [22.042237 / 0.013963]
  3   0  119 0.301390 [22.042417 / 0.013839]
  3   0  159 0.300824 [22.032672 / 0.014121]
  3   0  199 0.301298 [22.036756 / 0.013788]
  3   0  239 0.302804 [22.034682 / 0.013450]
  3   0  279 0.302003 [22.039857 / 0.013724]
  3   0  319 0.303613 [22.042015 / 0.014270]
  3   0  359 0.298545 [22.040499 / 0.013174]
  3   0  399 0.300247 [22.035911 / 0.014539]
  3   0  439 0.303579 [22.040779 / 0.013500]
  3   1   39 0.302288 [22.044723 / 0.013571]
  3   1   79 0.303025 [22.043057 / 0.013638]
  3   1  119 0.301774 [22.050002 / 0.013753]
  3   1  159 0.301507 [22.049159 / 0.014586]
  3   1  199 0.300728 [22.046960 / 0.013376]
  3   1  239 0.301436 [22.047175 / 0.013720]
  3   1  279 0.303963 [22.048869 / 0.014504]
  3   1  319 0.301266 [22.051808 / 0.014043]
  3   1  359 0.301238 [22.053294 / 0.013478]
  3   1  399 0.297551 [22.043132 / 0.014491]
  3   1  439 0.303525 [22.042984 / 0.014692]
  3   2   39 0.303994 [22.058873 / 0.014973]
  3   2   79 0.300933 [22.061750 / 0.014147]
  3   2  119 0.299657 [22.060334 / 0.013540]
  3   2  159 0.301230 [22.056545 / 0.014581]
  3   2  199 0.300825 [22.054309 / 0.013769]
  3   2  239 0.301304 [22.048547 / 0.014744]
  3   2  279 0.301343 [22.050663 / 0.013423]
  3   2  319 0.302362 [22.046063 / 0.013427]
  3   2  359 0.302603 [22.052269 / 0.014689]
  3   2  399 0.299447 [22.048629 / 0.013901]
  3   2  439 0.303219 [22.042836 / 0.013905]
  3   3   39 0.302666 [22.041681 / 0.013604]
  3   3   79 0.300713 [22.044743 / 0.015469]
  3   3  119 0.302346 [22.042249 / 0.014888]
  3   3  159 0.299951 [22.049930 / 0.014286]
  3   3  199 0.302526 [22.049081 / 0.013788]
  3   3  239 0.302599 [22.052705 / 0.013363]
  3   3  279 0.303455 [22.049914 / 0.015563]
  3   3  319 0.302144 [22.045310 / 0.014762]
  3   3  359 0.300021 [22.050415 / 0.014907]
  3   3  399 0.301569 [22.059274 / 0.014252]
  3   3  439 0.299415 [22.058501 / 0.014565]
  3   4   39 0.302123 [22.061849 / 0.013663]
  3   4   79 0.298365 [22.061659 / 0.015579]
  3   4  119 0.303763 [22.060649 / 0.014038]
  3   4  159 0.300932 [22.062594 / 0.014017]
  3   4  199 0.300797 [22.065119 / 0.014284]
  3   4  239 0.302522 [22.065233 / 0.014362]
  3   4  279 0.300449 [22.058972 / 0.013382]
  3   4  319 0.300477 [22.052871 / 0.014866]
  3   4  359 0.300246 [22.054023 / 0.014959]
  3   4  399 0.303199 [22.052954 / 0.014289]
  3   4  439 0.301232 [22.049319 / 0.015186]
  4   0   39 0.299537 [22.051398 / 0.007184]
  4   0   79 0.301667 [22.049560 / 0.007214]
  4   0  119 0.300725 [22.047723 / 0.007828]
  4   0  159 0.304621 [22.050263 / 0.007316]
  4   0  199 0.301532 [22.053315 / 0.007976]
  4   0  239 0.302509 [22.058734 / 0.007416]
  4   0  279 0.301276 [22.058386 / 0.007606]
  4   0  319 0.298471 [22.057869 / 0.007583]
  4   0  359 0.302277 [22.060920 / 0.007156]
  4   0  399 0.300498 [22.059260 / 0.007072]
  4   0  439 0.301476 [22.058644 / 0.007207]
  4   1   39 0.298301 [22.057161 / 0.006876]
  4   1   79 0.302223 [22.056137 / 0.007334]
  4   1  119 0.300621 [22.057817 / 0.007436]
  4   1  159 0.302942 [22.057602 / 0.006922]
  4   1  199 0.302102 [22.056370 / 0.007168]
  4   1  239 0.301607 [22.059465 / 0.006874]
  4   1  279 0.302027 [22.059076 / 0.007541]
  4   1  319 0.301882 [22.062332 / 0.007513]
  4   1  359 0.299520 [22.062026 / 0.007412]
  4   1  399 0.300767 [22.061774 / 0.007581]
  4   1  439 0.302480 [22.060625 / 0.007177]
  4   2   39 0.300441 [22.062818 / 0.007334]
  4   2   79 0.300590 [22.063159 / 0.007214]
  4   2  119 0.301278 [22.060243 / 0.007926]
  4   2  159 0.303126 [22.064368 / 0.007603]
  4   2  199 0.303322 [22.065391 / 0.007575]
  4   2  239 0.301126 [22.065009 / 0.008059]
  4   2  279 0.301441 [22.065119 / 0.007480]
  4   2  319 0.303744 [22.065202 / 0.007445]
  4   2  359 0.300789 [22.065835 / 0.007478]
  4   2  399 0.299379 [22.066024 / 0.007226]
  4   2  439 0.300899 [22.064170 / 0.007462]
  4   3   39 0.302057 [22.062776 / 0.007807]
  4   3   79 0.300374 [22.062103 / 0.007695]
  4   3  119 0.302529 [22.062717 / 0.007417]
  4   3  159 0.301712 [22.067057 / 0.007305]
  4   3  199 0.302387 [22.067537 / 0.007631]
  4   3  239 0.300442 [22.065684 / 0.007582]
  4   3  279 0.301942 [22.065191 / 0.007122]
  4   3  319 0.302137 [22.066622 / 0.007590]
  4   3  359 0.299668 [22.065104 / 0.007900]
  4   3  399 0.301113 [22.064681 / 0.007446]
  4   3  439 0.301454 [22.066098 / 0.007610]
  4   4   39 0.302040 [22.066049 / 0.007636]
  4   4   79 0.303255 [22.067151 / 0.007601]
  4   4  119 0.301315 [22.070545 / 0.007458]
  4   4  159 0.302257 [22.068200 / 0.007646]
  4   4  199 0.300921 [22.067108 / 0.007519]
  4   4  239 0.301588 [22.067278 / 0.007539]
  4   4  279 0.299477 [22.068133 / 0.007831]
  4   4  319 0.299752 [22.068578 / 0.007525]
  4   4  359 0.299669 [22.066205 / 0.007652]
  4   4  399 0.299121 [22.062827 / 0.007321]
  4   4  439 0.302956 [22.064608 / 0.007773]
Sequential (
  (0): Linear (784 -> 200)
  (1): CatFactor (factors=20, categories=10, nonclass=True)
  (2): Linear (200 -> 784)
)
