  0   0   19 1.081234 [15.948459 / 0.071964]
  0   0   39 1.058726 [14.800225 / 0.070819]
  0   0   59 1.031462 [13.705927 / 0.067292]
  0   0   79 1.021434 [12.698103 / 0.064189]
  0   0   99 0.996541 [11.794744 / 0.066606]
  0   0  119 0.981809 [11.039594 / 0.079806]
  0   0  139 0.920447 [10.389617 / 0.070897]
  0   0  159 0.852225 [9.743789 / 0.060311]
  0   0  179 0.803654 [9.123756 / 0.050860]
  0   0  199 0.767191 [8.547216 / 0.043005]
  0   0  219 0.735476 [8.026445 / 0.037033]
  0   0  239 0.725624 [7.552135 / 0.032294]
  0   0  259 0.721838 [7.133508 / 0.028634]
  0   0  279 0.716559 [6.767285 / 0.025801]
  0   0  299 0.706537 [6.438241 / 0.023668]
  0   0  319 0.710427 [6.156869 / 0.021963]
  0   0  339 0.700552 [5.912696 / 0.019650]
  0   0  359 0.710518 [5.694968 / 0.017830]
  0   0  379 0.704459 [5.512688 / 0.016784]
  0   0  399 0.703769 [5.359995 / 0.015571]
  0   0  419 0.708695 [5.231202 / 0.014324]
  0   0  439 0.705811 [5.116632 / 0.012918]
  0   0  459 0.708678 [5.014553 / 0.011817]
  0   1   19 0.707322 [4.899353 / 0.010842]
  0   1   39 0.705031 [4.834239 / 0.042192]
  0   1   59 0.684349 [5.010920 / 0.060700]
  0   1   79 0.660202 [5.078834 / 0.090228]
  0   1   99 0.621487 [5.119112 / 0.047137]
  0   1  119 0.614257 [5.102045 / 0.035880]
  0   1  139 0.597826 [5.064649 / 0.027456]
  0   1  159 0.604293 [5.020932 / 0.028483]
  0   1  179 0.596953 [4.974258 / 0.025852]
  0   1  199 0.595931 [4.930388 / 0.022753]
  0   1  219 0.597389 [4.889015 / 0.019312]
  0   1  239 0.589477 [4.852119 / 0.019094]
  0   1  259 0.594458 [4.815589 / 0.016795]
  0   1  279 0.586576 [4.789190 / 0.017672]
  0   1  299 0.590820 [4.761449 / 0.058337]
  0   1  319 0.562545 [4.974809 / 0.057777]
  0   1  339 0.551064 [4.943982 / 0.040463]
  0   1  359 0.550500 [4.946666 / 0.028475]
  0   1  379 0.543826 [4.927969 / 0.024292]
  0   1  399 0.550697 [4.896118 / 0.021427]
  0   1  419 0.541708 [4.872380 / 0.022141]
  0   1  439 0.546625 [4.855909 / 0.018659]
  0   1  459 0.543670 [4.841239 / 0.056566]
  0   2   19 0.510248 [5.265318 / 0.084260]
  0   2   39 0.481892 [5.253411 / 0.055669]
  0   2   59 0.480520 [5.222435 / 0.040324]
  0   2   79 0.480508 [5.204388 / 0.025888]
  0   2   99 0.476854 [5.188697 / 0.029272]
  0   2  119 0.479088 [5.180426 / 0.025496]
  0   2  139 0.476000 [5.234156 / 0.083419]
  0   2  159 0.466164 [5.391508 / 0.058020]
  0   2  179 0.454308 [5.337011 / 0.039543]
  0   2  199 0.449181 [5.330019 / 0.027254]
  0   2  219 0.447358 [5.314130 / 0.025928]
  0   2  239 0.450361 [5.294711 / 0.024913]
  0   2  259 0.444955 [5.288815 / 0.025143]
  0   2  279 0.445812 [5.346757 / 0.078680]
  0   2  299 0.436681 [5.514452 / 0.047994]
  0   2  319 0.433163 [5.465776 / 0.036538]
  0   2  339 0.430132 [5.457391 / 0.034360]
  0   2  359 0.424544 [5.445819 / 0.030775]
  0   2  379 0.427059 [5.438741 / 0.022406]
  0   2  399 0.426252 [5.426450 / 0.023551]
  0   2  419 0.428823 [5.424032 / 0.023781]
  0   2  439 0.426532 [5.421801 / 0.022614]
  0   2  459 0.424916 [5.414175 / 0.020562]
  0   3   19 0.420443 [5.409158 / 0.019323]
  0   3   39 0.425443 [5.401439 / 0.019731]
  0   3   59 0.426163 [5.403205 / 0.019202]
  0   3   79 0.425133 [5.402795 / 0.017993]
  0   3   99 0.422999 [5.404409 / 0.017862]
  0   3  119 0.429344 [5.400879 / 0.021638]
  0   3  139 0.424184 [5.417995 / 0.057886]
  0   3  159 0.422468 [5.600503 / 0.062147]
  0   3  179 0.408562 [5.630571 / 0.041971]
  0   3  199 0.408407 [5.610564 / 0.031874]
  0   3  219 0.412051 [5.616119 / 0.029579]
  0   3  239 0.408319 [5.608034 / 0.028784]
  0   3  259 0.404195 [5.607847 / 0.024200]
  0   3  279 0.405043 [5.607779 / 0.021053]
  0   3  299 0.406714 [5.610281 / 0.021060]
  0   3  319 0.409169 [5.606038 / 0.021669]
  0   3  339 0.405723 [5.600674 / 0.021415]
  0   3  359 0.403125 [5.599440 / 0.019712]
  0   3  379 0.402259 [5.601683 / 0.021118]
  0   3  399 0.406753 [5.598201 / 0.021338]
  0   3  419 0.408969 [5.597779 / 0.021304]
  0   3  439 0.405061 [5.593707 / 0.020183]
  0   3  459 0.408315 [5.591364 / 0.020936]
  0   4   19 0.402782 [5.587429 / 0.020586]
  0   4   39 0.402020 [5.583010 / 0.017776]
  0   4   59 0.403770 [5.583098 / 0.019184]
  0   4   79 0.401338 [5.578174 / 0.019375]
  0   4   99 0.405653 [5.604852 / 0.079891]
  0   4  119 0.394165 [5.788532 / 0.066455]
  0   4  139 0.391735 [5.743896 / 0.047440]
  0   4  159 0.387559 [5.730001 / 0.029556]
  0   4  179 0.389014 [5.727408 / 0.030178]
  0   4  199 0.391747 [5.724866 / 0.031919]
  0   4  219 0.387862 [5.724855 / 0.024867]
  0   4  239 0.384084 [5.730113 / 0.022651]
  0   4  259 0.389095 [5.734504 / 0.024715]
  0   4  279 0.388547 [5.729946 / 0.023868]
  0   4  299 0.383585 [5.729205 / 0.027072]
  0   4  319 0.385182 [5.733602 / 0.024550]
  0   4  339 0.391272 [5.733429 / 0.023230]
  0   4  359 0.392368 [5.737181 / 0.022980]
  0   4  379 0.382972 [5.732290 / 0.022212]
  0   4  399 0.387826 [5.730545 / 0.018600]
  0   4  419 0.387525 [5.731845 / 0.021203]
  0   4  439 0.388813 [5.732632 / 0.020176]
  0   4  459 0.388654 [5.739106 / 0.019543]
  1   0   19 0.382584 [5.735031 / 0.010582]
  1   0   39 0.383880 [5.735516 / 0.009113]
  1   0   59 0.387816 [5.739508 / 0.009832]
  1   0   79 0.385887 [5.735756 / 0.009358]
  1   0   99 0.386683 [5.734475 / 0.009369]
  1   0  119 0.385423 [5.734802 / 0.009386]
  1   0  139 0.386442 [5.734810 / 0.009039]
  1   0  159 0.379808 [5.733567 / 0.009032]
  1   0  179 0.383040 [5.732589 / 0.011729]
  1   0  199 0.386626 [5.729181 / 0.009424]
  1   0  219 0.386837 [5.729242 / 0.010697]
  1   0  239 0.385359 [5.731881 / 0.009982]
  1   0  259 0.377887 [5.730680 / 0.009020]
  1   0  279 0.383790 [5.732836 / 0.008893]
  1   0  299 0.384464 [5.735760 / 0.011107]
  1   0  319 0.384877 [5.736769 / 0.010179]
  1   0  339 0.384720 [5.737748 / 0.009433]
  1   0  359 0.387012 [5.737988 / 0.010221]
  1   0  379 0.381677 [5.735675 / 0.009383]
  1   0  399 0.381543 [5.735261 / 0.010696]
  1   0  419 0.384111 [5.736838 / 0.009356]
  1   0  439 0.386508 [5.735166 / 0.009049]
  1   0  459 0.384187 [5.739772 / 0.009897]
  1   1   19 0.382999 [5.733693 / 0.009570]
  1   1   39 0.385011 [5.734299 / 0.010970]
  1   1   59 0.385087 [5.734046 / 0.008655]
  1   1   79 0.381324 [5.732531 / 0.011596]
  1   1   99 0.385225 [5.727618 / 0.008952]
  1   1  119 0.387314 [5.727500 / 0.009715]
  1   1  139 0.385661 [5.726703 / 0.010091]
  1   1  159 0.384813 [5.725736 / 0.008770]
  1   1  179 0.387203 [5.721232 / 0.008637]
  1   1  199 0.382676 [5.724922 / 0.009388]
  1   1  219 0.383514 [5.722589 / 0.009325]
  1   1  239 0.383237 [5.719212 / 0.011206]
  1   1  259 0.385162 [5.717275 / 0.008906]
  1   1  279 0.382855 [5.715540 / 0.010182]
  1   1  299 0.382586 [5.715312 / 0.009418]
  1   1  319 0.387078 [5.716507 / 0.008526]
  1   1  339 0.378789 [5.714771 / 0.008683]
  1   1  359 0.384444 [5.707425 / 0.008326]
  1   1  379 0.381828 [5.709711 / 0.009148]
  1   1  399 0.382787 [5.712518 / 0.010606]
  1   1  419 0.385038 [5.713196 / 0.010204]
  1   1  439 0.384268 [5.705638 / 0.008744]
  1   1  459 0.383906 [5.706742 / 0.008378]
  1   2   19 0.383698 [5.707311 / 0.008812]
  1   2   39 0.389610 [5.702382 / 0.010135]
  1   2   59 0.380870 [5.706848 / 0.008403]
  1   2   79 0.385958 [5.703601 / 0.008831]
  1   2   99 0.386202 [5.704439 / 0.009365]
  1   2  119 0.384255 [5.701343 / 0.010142]
  1   2  139 0.384368 [5.703072 / 0.009402]
  1   2  159 0.383150 [5.702447 / 0.008735]
  1   2  179 0.384863 [5.697935 / 0.009240]
  1   2  199 0.383597 [5.697770 / 0.010116]
  1   2  219 0.385849 [5.700569 / 0.009216]
  1   2  239 0.381597 [5.697864 / 0.009438]
  1   2  259 0.384200 [5.692587 / 0.008870]
  1   2  279 0.385884 [5.688779 / 0.011728]
  1   2  299 0.381664 [5.690033 / 0.008384]
  1   2  319 0.383714 [5.687179 / 0.009467]
  1   2  339 0.381915 [5.687592 / 0.008979]
  1   2  359 0.385900 [5.686293 / 0.009140]
  1   2  379 0.383586 [5.684792 / 0.008901]
  1   2  399 0.381597 [5.683223 / 0.009343]
  1   2  419 0.383194 [5.675924 / 0.013033]
  1   2  439 0.384971 [5.672638 / 0.009149]
  1   2  459 0.383384 [5.677526 / 0.008396]
  1   3   19 0.382830 [5.669418 / 0.009029]
  1   3   39 0.380907 [5.667661 / 0.011430]
  1   3   59 0.386190 [5.672684 / 0.009489]
  1   3   79 0.382170 [5.670885 / 0.009409]
  1   3   99 0.388763 [5.664259 / 0.009169]
  1   3  119 0.383078 [5.663380 / 0.009605]
  1   3  139 0.382889 [5.659342 / 0.008782]
  1   3  159 0.385854 [5.657220 / 0.012658]
  1   3  179 0.388191 [5.656362 / 0.008868]
  1   3  199 0.384061 [5.655638 / 0.009082]
  1   3  219 0.385808 [5.656231 / 0.008570]
  1   3  239 0.381376 [5.657824 / 0.009750]
  1   3  259 0.385977 [5.663735 / 0.008414]
  1   3  279 0.387353 [5.657877 / 0.009493]
  1   3  299 0.380976 [5.659466 / 0.009157]
  1   3  319 0.384754 [5.664532 / 0.009393]
  1   3  339 0.387666 [5.666703 / 0.010507]
  1   3  359 0.384173 [5.663154 / 0.010670]
  1   3  379 0.382624 [5.665635 / 0.009597]
  1   3  399 0.386008 [5.667203 / 0.009842]
  1   3  419 0.381690 [5.662973 / 0.010353]
  1   3  439 0.381738 [5.658071 / 0.009585]
  1   3  459 0.380970 [5.660386 / 0.010078]
  1   4   19 0.381761 [5.655690 / 0.011679]
  1   4   39 0.384177 [5.658136 / 0.009493]
  1   4   59 0.382498 [5.660434 / 0.010006]
  1   4   79 0.386625 [5.655622 / 0.010857]
  1   4   99 0.387435 [5.650247 / 0.009565]
  1   4  119 0.380527 [5.648280 / 0.009961]
  1   4  139 0.385921 [5.650283 / 0.009459]
  1   4  159 0.385217 [5.647090 / 0.009002]
  1   4  179 0.380764 [5.644631 / 0.009305]
  1   4  199 0.387892 [5.644647 / 0.009148]
  1   4  219 0.384907 [5.641466 / 0.010511]
  1   4  239 0.384575 [5.639714 / 0.009685]
  1   4  259 0.383204 [5.644311 / 0.010062]
  1   4  279 0.383363 [5.640712 / 0.008614]
  1   4  299 0.379444 [5.641537 / 0.010449]
  1   4  319 0.383485 [5.639407 / 0.011246]
  1   4  339 0.388631 [5.635223 / 0.009988]
  1   4  359 0.384277 [5.629101 / 0.010208]
  1   4  379 0.386220 [5.635746 / 0.009990]
  1   4  399 0.379186 [5.632797 / 0.010019]
  1   4  419 0.379768 [5.636965 / 0.009958]
  1   4  439 0.386157 [5.633458 / 0.011452]
  1   4  459 0.387151 [5.634772 / 0.010185]
  2   0   19 0.381926 [5.634870 / 0.005382]
  2   0   39 0.383956 [5.632745 / 0.005040]
  2   0   59 0.380698 [5.632571 / 0.005005]
  2   0   79 0.386679 [5.630948 / 0.005073]
  2   0   99 0.384269 [5.632717 / 0.005734]
  2   0  119 0.384272 [5.634600 / 0.004760]
  2   0  139 0.383608 [5.636531 / 0.005065]
  2   0  159 0.382623 [5.636597 / 0.004347]
  2   0  179 0.384413 [5.639030 / 0.008271]
  2   0  199 0.386099 [5.641636 / 0.005395]
  2   0  219 0.384093 [5.638977 / 0.004959]
  2   0  239 0.380509 [5.641246 / 0.004605]
  2   0  259 0.381167 [5.640337 / 0.004791]
  2   0  279 0.382636 [5.644129 / 0.005398]
  2   0  299 0.388217 [5.647641 / 0.005219]
  2   0  319 0.381913 [5.648100 / 0.004915]
  2   0  339 0.382434 [5.644800 / 0.005598]
  2   0  359 0.387896 [5.645862 / 0.005484]
  2   0  379 0.382471 [5.647003 / 0.005458]
  2   0  399 0.381514 [5.644079 / 0.004849]
  2   0  419 0.386034 [5.644511 / 0.004700]
  2   0  439 0.384171 [5.643795 / 0.005722]
  2   0  459 0.379475 [5.642184 / 0.005381]
  2   1   19 0.383076 [5.646835 / 0.005632]
  2   1   39 0.378442 [5.642077 / 0.007321]
  2   1   59 0.382987 [5.645760 / 0.005190]
  2   1   79 0.384333 [5.646425 / 0.006139]
  2   1   99 0.387833 [5.640095 / 0.004997]
  2   1  119 0.381065 [5.636598 / 0.005123]
  2   1  139 0.378496 [5.636405 / 0.005438]
  2   1  159 0.381307 [5.637508 / 0.004895]
  2   1  179 0.383905 [5.636418 / 0.005078]
  2   1  199 0.383696 [5.641462 / 0.005018]
  2   1  219 0.382163 [5.634868 / 0.006889]
  2   1  239 0.382656 [5.639911 / 0.005867]
  2   1  259 0.385994 [5.633565 / 0.005086]
  2   1  279 0.386084 [5.635469 / 0.006537]
  2   1  299 0.383501 [5.634440 / 0.006795]
  2   1  319 0.386449 [5.637898 / 0.006811]
  2   1  339 0.380002 [5.640722 / 0.005643]
  2   1  359 0.388937 [5.638518 / 0.004670]
  2   1  379 0.384914 [5.639338 / 0.005436]
  2   1  399 0.379320 [5.638030 / 0.004910]
  2   1  419 0.382890 [5.634496 / 0.005024]
  2   1  439 0.385084 [5.632602 / 0.004692]
  2   1  459 0.385796 [5.631643 / 0.004683]
  2   2   19 0.382765 [5.632570 / 0.005355]
  2   2   39 0.380668 [5.630251 / 0.005066]
  2   2   59 0.384543 [5.633601 / 0.005774]
  2   2   79 0.384710 [5.632334 / 0.005178]
  2   2   99 0.386917 [5.633241 / 0.004654]
  2   2  119 0.383926 [5.629923 / 0.006222]
  2   2  139 0.382478 [5.631190 / 0.005721]
  2   2  159 0.381384 [5.629717 / 0.006175]
  2   2  179 0.386163 [5.630763 / 0.004610]
  2   2  199 0.383143 [5.628681 / 0.004817]
  2   2  219 0.381227 [5.627151 / 0.005412]
  2   2  239 0.386972 [5.626988 / 0.006238]
  2   2  259 0.384223 [5.625116 / 0.005876]
  2   2  279 0.379719 [5.623464 / 0.005607]
  2   2  299 0.385344 [5.623113 / 0.005119]
  2   2  319 0.386124 [5.621408 / 0.008964]
  2   2  339 0.382240 [5.622118 / 0.005369]
  2   2  359 0.384293 [5.622250 / 0.005219]
  2   2  379 0.382123 [5.621216 / 0.004949]
  2   2  399 0.382772 [5.622246 / 0.006463]
  2   2  419 0.383159 [5.623004 / 0.005245]
  2   2  439 0.385068 [5.627682 / 0.006634]
  2   2  459 0.380528 [5.628102 / 0.007848]
  2   3   19 0.386511 [5.625665 / 0.005027]
  2   3   39 0.382315 [5.629456 / 0.007152]
  2   3   59 0.384829 [5.624696 / 0.007076]
  2   3   79 0.389911 [5.625932 / 0.004917]
  2   3   99 0.382084 [5.628862 / 0.005376]
  2   3  119 0.385105 [5.628433 / 0.005902]
  2   3  139 0.382125 [5.633399 / 0.005513]
  2   3  159 0.381952 [5.628769 / 0.005928]
  2   3  179 0.381759 [5.633247 / 0.005870]
  2   3  199 0.377659 [5.627678 / 0.005763]
  2   3  219 0.385030 [5.624998 / 0.005661]
  2   3  239 0.379735 [5.621563 / 0.006672]
  2   3  259 0.382013 [5.620718 / 0.006047]
  2   3  279 0.382333 [5.616777 / 0.006929]
  2   3  299 0.382022 [5.615635 / 0.006562]
  2   3  319 0.388372 [5.614440 / 0.005897]
  2   3  339 0.385757 [5.617291 / 0.005406]
  2   3  359 0.385567 [5.612792 / 0.005434]
  2   3  379 0.385590 [5.613614 / 0.006363]
  2   3  399 0.382050 [5.615559 / 0.005221]
  2   3  419 0.382066 [5.615119 / 0.004684]
  2   3  439 0.382759 [5.617149 / 0.006067]
  2   3  459 0.382623 [5.611147 / 0.007009]
  2   4   19 0.383719 [5.610536 / 0.006122]
  2   4   39 0.385221 [5.606932 / 0.005065]
  2   4   59 0.386112 [5.605930 / 0.005487]
  2   4   79 0.382639 [5.608766 / 0.005493]
  2   4   99 0.378785 [5.613375 / 0.006906]
  2   4  119 0.380789 [5.607629 / 0.005976]
  2   4  139 0.380202 [5.608296 / 0.009244]
  2   4  159 0.384848 [5.612744 / 0.005911]
  2   4  179 0.381289 [5.609099 / 0.005956]
  2   4  199 0.384561 [5.606223 / 0.006647]
  2   4  219 0.384658 [5.607149 / 0.005773]
  2   4  239 0.383222 [5.604744 / 0.006883]
  2   4  259 0.384382 [5.606754 / 0.005069]
  2   4  279 0.385666 [5.611147 / 0.005804]
  2   4  299 0.387896 [5.614146 / 0.005807]
  2   4  319 0.386189 [5.614541 / 0.006983]
  2   4  339 0.385107 [5.611394 / 0.006096]
  2   4  359 0.378288 [5.615642 / 0.005816]
  2   4  379 0.380616 [5.613323 / 0.005630]
  2   4  399 0.386586 [5.615228 / 0.006867]
  2   4  419 0.384659 [5.606005 / 0.006167]
  2   4  439 0.383382 [5.611368 / 0.004733]
  2   4  459 0.383366 [5.610135 / 0.005034]
  3   0   19 0.385778 [5.608099 / 0.002654]
  3   0   39 0.387438 [5.606071 / 0.002897]
  3   0   59 0.381986 [5.605879 / 0.002820]
  3   0   79 0.383748 [5.609839 / 0.003220]
  3   0   99 0.385200 [5.607830 / 0.002950]
  3   0  119 0.382453 [5.605062 / 0.003373]
  3   0  139 0.382211 [5.606774 / 0.003399]
  3   0  159 0.380449 [5.607670 / 0.003061]
  3   0  179 0.384319 [5.608871 / 0.002921]
  3   0  199 0.381824 [5.607102 / 0.002892]
  3   0  219 0.384710 [5.609235 / 0.003493]
  3   0  239 0.383924 [5.606970 / 0.002941]
  3   0  259 0.382020 [5.609882 / 0.002542]
  3   0  279 0.387573 [5.611057 / 0.002691]
  3   0  299 0.385278 [5.613430 / 0.003445]
  3   0  319 0.387561 [5.611463 / 0.003010]
  3   0  339 0.384848 [5.613167 / 0.003018]
  3   0  359 0.385631 [5.612677 / 0.003492]
  3   0  379 0.382513 [5.614761 / 0.002793]
  3   0  399 0.380372 [5.615858 / 0.003168]
  3   0  419 0.380319 [5.616202 / 0.003903]
  3   0  439 0.377394 [5.616484 / 0.003418]
  3   0  459 0.378581 [5.615022 / 0.002871]
  3   1   19 0.384974 [5.612496 / 0.002668]
  3   1   39 0.382034 [5.613186 / 0.002628]
  3   1   59 0.382216 [5.612731 / 0.003099]
  3   1   79 0.385492 [5.614425 / 0.004723]
  3   1   99 0.379834 [5.616220 / 0.004393]
  3   1  119 0.386078 [5.617625 / 0.003772]
  3   1  139 0.382194 [5.613980 / 0.003076]
  3   1  159 0.381996 [5.613752 / 0.002623]
  3   1  179 0.387239 [5.613032 / 0.002890]
  3   1  199 0.381861 [5.613521 / 0.002887]
  3   1  219 0.378828 [5.612855 / 0.002833]
  3   1  239 0.382432 [5.611578 / 0.002876]
  3   1  259 0.383064 [5.611060 / 0.003248]
  3   1  279 0.382320 [5.612701 / 0.003557]
  3   1  299 0.385800 [5.614675 / 0.002780]
  3   1  319 0.386666 [5.614654 / 0.002711]
  3   1  339 0.378808 [5.615611 / 0.003816]
  3   1  359 0.379474 [5.615207 / 0.002945]
  3   1  379 0.384466 [5.613429 / 0.003197]
  3   1  399 0.385834 [5.612665 / 0.003264]
  3   1  419 0.386102 [5.612003 / 0.002717]
  3   1  439 0.384519 [5.612637 / 0.003554]
  3   1  459 0.379875 [5.612884 / 0.003958]
  3   2   19 0.378075 [5.611277 / 0.002768]
  3   2   39 0.382851 [5.611728 / 0.003119]
  3   2   59 0.383189 [5.612993 / 0.002814]
  3   2   79 0.382718 [5.609864 / 0.002914]
  3   2   99 0.381998 [5.607731 / 0.003011]
  3   2  119 0.378749 [5.606578 / 0.003450]
  3   2  139 0.384823 [5.606658 / 0.002850]
  3   2  159 0.380385 [5.609159 / 0.002798]
  3   2  179 0.386392 [5.608694 / 0.003568]
  3   2  199 0.382836 [5.606124 / 0.003899]
  3   2  219 0.381923 [5.606956 / 0.002851]
  3   2  239 0.383669 [5.607507 / 0.002831]
  3   2  259 0.382963 [5.608635 / 0.003884]
  3   2  279 0.387699 [5.610391 / 0.003028]
  3   2  299 0.385692 [5.609184 / 0.002957]
  3   2  319 0.384255 [5.611527 / 0.003186]
  3   2  339 0.383616 [5.612826 / 0.003196]
  3   2  359 0.388748 [5.609335 / 0.003155]
  3   2  379 0.384567 [5.609518 / 0.002993]
  3   2  399 0.379651 [5.609308 / 0.002994]
  3   2  419 0.382372 [5.609555 / 0.003760]
  3   2  439 0.381535 [5.608692 / 0.002821]
  3   2  459 0.382398 [5.607109 / 0.003651]
  3   3   19 0.381923 [5.611072 / 0.003152]
  3   3   39 0.386686 [5.610458 / 0.003616]
  3   3   59 0.384299 [5.607633 / 0.003776]
  3   3   79 0.386181 [5.608531 / 0.003345]
  3   3   99 0.381014 [5.609888 / 0.002521]
  3   3  119 0.382974 [5.608690 / 0.004339]
  3   3  139 0.381853 [5.606293 / 0.003129]
  3   3  159 0.381368 [5.607027 / 0.003218]
  3   3  179 0.384689 [5.606455 / 0.002660]
  3   3  199 0.381865 [5.607093 / 0.002533]
  3   3  219 0.386785 [5.610543 / 0.003788]
  3   3  239 0.386816 [5.612136 / 0.003455]
  3   3  259 0.387333 [5.608779 / 0.003501]
  3   3  279 0.384178 [5.611308 / 0.002611]
  3   3  299 0.375220 [5.609971 / 0.002699]
  3   3  319 0.380057 [5.609454 / 0.002765]
  3   3  339 0.384544 [5.609360 / 0.002894]
  3   3  359 0.384503 [5.609984 / 0.003108]
  3   3  379 0.385446 [5.609967 / 0.002599]
  3   3  399 0.380079 [5.609686 / 0.003522]
  3   3  419 0.379730 [5.606789 / 0.004386]
  3   3  439 0.385292 [5.606921 / 0.003377]
  3   3  459 0.378654 [5.607385 / 0.003015]
  3   4   19 0.379491 [5.606626 / 0.002762]
  3   4   39 0.381543 [5.605898 / 0.003881]
  3   4   59 0.384792 [5.605142 / 0.003898]
  3   4   79 0.385858 [5.608164 / 0.003737]
  3   4   99 0.382219 [5.606912 / 0.004278]
  3   4  119 0.382761 [5.607787 / 0.003942]
  3   4  139 0.379553 [5.605829 / 0.003545]
  3   4  159 0.383740 [5.601015 / 0.003766]
  3   4  179 0.382915 [5.601049 / 0.002840]
  3   4  199 0.387243 [5.601908 / 0.002697]
  3   4  219 0.377541 [5.601815 / 0.003077]
  3   4  239 0.379115 [5.602387 / 0.004029]
  3   4  259 0.381028 [5.601444 / 0.003776]
  3   4  279 0.385050 [5.602816 / 0.003334]
  3   4  299 0.385220 [5.603320 / 0.004231]
  3   4  319 0.381831 [5.603093 / 0.002989]
  3   4  339 0.386879 [5.601291 / 0.003439]
  3   4  359 0.384600 [5.603707 / 0.003178]
  3   4  379 0.385526 [5.604287 / 0.003771]
  3   4  399 0.384122 [5.603651 / 0.003125]
  3   4  419 0.379107 [5.603335 / 0.002779]
  3   4  439 0.383077 [5.601543 / 0.003510]
  3   4  459 0.386009 [5.599222 / 0.004453]
  4   0   19 0.381250 [5.600732 / 0.001539]
  4   0   39 0.382478 [5.603183 / 0.001525]
  4   0   59 0.380333 [5.604543 / 0.001390]
  4   0   79 0.383417 [5.607235 / 0.001834]
  4   0   99 0.381260 [5.605673 / 0.001772]
  4   0  119 0.380262 [5.605601 / 0.001387]
  4   0  139 0.379366 [5.606348 / 0.001366]
  4   0  159 0.384964 [5.607293 / 0.001520]
  4   0  179 0.382472 [5.606100 / 0.001294]
  4   0  199 0.387266 [5.606558 / 0.001678]
  4   0  219 0.377394 [5.607279 / 0.001579]
  4   0  239 0.386144 [5.606288 / 0.001344]
  4   0  259 0.388399 [5.606497 / 0.001630]
  4   0  279 0.381170 [5.604577 / 0.001573]
  4   0  299 0.382793 [5.604865 / 0.001478]
  4   0  319 0.386615 [5.606001 / 0.001370]
  4   0  339 0.382453 [5.605889 / 0.001516]
  4   0  359 0.386466 [5.608086 / 0.001601]
  4   0  379 0.381486 [5.605649 / 0.002199]
  4   0  399 0.386020 [5.603969 / 0.001505]
  4   0  419 0.382695 [5.603587 / 0.001479]
  4   0  439 0.383867 [5.604118 / 0.001483]
  4   0  459 0.380598 [5.605248 / 0.001326]
  4   1   19 0.384888 [5.605417 / 0.001680]
  4   1   39 0.383912 [5.604844 / 0.001544]
  4   1   59 0.379320 [5.606078 / 0.001389]
  4   1   79 0.383926 [5.605583 / 0.001455]
  4   1   99 0.376879 [5.604997 / 0.001420]
  4   1  119 0.381930 [5.606635 / 0.001572]
  4   1  139 0.384478 [5.605523 / 0.002305]
  4   1  159 0.384775 [5.604639 / 0.001694]
  4   1  179 0.382672 [5.606156 / 0.001719]
  4   1  199 0.379081 [5.604808 / 0.001610]
  4   1  219 0.383014 [5.606125 / 0.001577]
  4   1  239 0.386286 [5.605899 / 0.001608]
  4   1  259 0.380423 [5.606539 / 0.001824]
  4   1  279 0.384265 [5.604095 / 0.001589]
  4   1  299 0.383225 [5.605209 / 0.001388]
  4   1  319 0.384651 [5.605630 / 0.001477]
  4   1  339 0.382444 [5.606108 / 0.001720]
  4   1  359 0.382037 [5.607422 / 0.001892]
  4   1  379 0.384219 [5.604309 / 0.002459]
  4   1  399 0.387350 [5.603488 / 0.001457]
  4   1  419 0.381518 [5.603616 / 0.001523]
  4   1  439 0.380546 [5.603771 / 0.001554]
  4   1  459 0.385607 [5.603696 / 0.001466]
  4   2   19 0.383856 [5.604553 / 0.001486]
  4   2   39 0.382070 [5.604924 / 0.001435]
  4   2   59 0.380508 [5.605490 / 0.001471]
  4   2   79 0.385291 [5.604055 / 0.001514]
  4   2   99 0.380457 [5.602382 / 0.001835]
  4   2  119 0.384842 [5.604009 / 0.001522]
  4   2  139 0.383823 [5.605276 / 0.001957]
  4   2  159 0.385633 [5.604651 / 0.001517]
  4   2  179 0.381822 [5.605428 / 0.001434]
  4   2  199 0.385460 [5.605257 / 0.001416]
  4   2  219 0.378499 [5.604793 / 0.001378]
  4   2  239 0.384588 [5.605188 / 0.001549]
  4   2  259 0.379326 [5.605076 / 0.001592]
  4   2  279 0.382462 [5.605744 / 0.001695]
  4   2  299 0.386030 [5.606781 / 0.001939]
  4   2  319 0.381085 [5.605661 / 0.001833]
  4   2  339 0.383525 [5.605234 / 0.001629]
  4   2  359 0.386595 [5.604723 / 0.001705]
  4   2  379 0.382604 [5.604467 / 0.001441]
  4   2  399 0.380900 [5.604648 / 0.001522]
  4   2  419 0.384534 [5.603945 / 0.001833]
  4   2  439 0.382782 [5.603167 / 0.001643]
  4   2  459 0.380326 [5.604261 / 0.001570]
  4   3   19 0.384597 [5.604910 / 0.001505]
  4   3   39 0.377056 [5.604897 / 0.001667]
  4   3   59 0.385853 [5.604332 / 0.001778]
  4   3   79 0.382672 [5.605414 / 0.001682]
  4   3   99 0.385982 [5.606372 / 0.001604]
  4   3  119 0.385765 [5.605514 / 0.001626]
  4   3  139 0.386661 [5.603310 / 0.002228]
  4   3  159 0.383865 [5.603022 / 0.001654]
  4   3  179 0.380237 [5.604170 / 0.002678]
  4   3  199 0.379791 [5.604244 / 0.001921]
  4   3  219 0.381021 [5.605244 / 0.001909]
  4   3  239 0.378541 [5.605015 / 0.001706]
  4   3  259 0.380065 [5.604139 / 0.001464]
  4   3  279 0.379822 [5.603740 / 0.001710]
  4   3  299 0.380777 [5.604356 / 0.001475]
  4   3  319 0.386646 [5.604758 / 0.001398]
  4   3  339 0.383241 [5.603139 / 0.001917]
  4   3  359 0.383214 [5.604420 / 0.001614]
  4   3  379 0.384028 [5.604486 / 0.002123]
  4   3  399 0.383897 [5.604266 / 0.001451]
  4   3  419 0.386530 [5.604257 / 0.001485]
  4   3  439 0.381300 [5.604231 / 0.001713]
  4   3  459 0.385584 [5.604725 / 0.001918]
  4   4   19 0.387209 [5.603726 / 0.001500]
  4   4   39 0.379141 [5.602329 / 0.001849]
  4   4   59 0.380006 [5.603225 / 0.001782]
  4   4   79 0.382976 [5.601219 / 0.001516]
  4   4   99 0.384677 [5.601445 / 0.002147]
  4   4  119 0.383945 [5.602002 / 0.001487]
  4   4  139 0.386899 [5.600063 / 0.002402]
  4   4  159 0.377794 [5.599697 / 0.001584]
  4   4  179 0.377383 [5.600426 / 0.001628]
  4   4  199 0.385488 [5.601298 / 0.001937]
  4   4  219 0.383967 [5.600264 / 0.001546]
  4   4  239 0.380509 [5.601252 / 0.001820]
  4   4  259 0.385553 [5.602760 / 0.001571]
  4   4  279 0.379158 [5.600545 / 0.002206]
  4   4  299 0.381903 [5.601567 / 0.001510]
  4   4  319 0.386305 [5.601678 / 0.001545]
  4   4  339 0.383769 [5.602687 / 0.002006]
  4   4  359 0.379593 [5.602534 / 0.001449]
  4   4  379 0.383002 [5.601507 / 0.001565]
  4   4  399 0.386858 [5.602656 / 0.002148]
  4   4  419 0.382281 [5.603451 / 0.002287]
  4   4  439 0.386864 [5.602779 / 0.002571]
  4   4  459 0.383165 [5.602503 / 0.001795]
Sequential (
  (0): Linear (784 -> 10)
  (1): ReLU ()
  (2): Linear (10 -> 784)
)
