  0   19 1.086989 [16.406763 / 0.078996]
  0   39 0.991000 [16.098835 / 0.092665]
  0   59 0.887882 [15.848901 / 0.088634]
  0   79 0.797173 [15.459463 / 0.070903]
  0   99 0.735327 [14.981463 / 0.054809]
  0  119 0.709324 [14.509104 / 0.045548]
  0  139 0.695648 [14.071261 / 0.044949]
  0  159 0.685165 [13.667439 / 0.046751]
  0  179 0.669040 [13.294262 / 0.048409]
  0  199 0.652039 [12.942151 / 0.050589]
  0  219 0.634997 [12.610750 / 0.051069]
  0  239 0.615530 [12.289056 / 0.049257]
  0  259 0.595435 [11.988191 / 0.049341]
  0  279 0.582579 [11.693769 / 0.048589]
  0  299 0.557852 [11.416190 / 0.046317]
  0  319 0.547475 [11.148973 / 0.044225]
  0  339 0.529341 [10.885648 / 0.043398]
  0  359 0.517102 [10.642783 / 0.042318]
  0  379 0.503697 [10.413885 / 0.040519]
  0  399 0.490067 [10.198772 / 0.037832]
  0  419 0.482851 [9.989691 / 0.037600]
  0  439 0.470539 [9.795742 / 0.035933]
  0  459 0.458492 [9.614678 / 0.034247]
  1   19 0.447651 [9.355454 / 0.033927]
  1   39 0.439369 [9.197309 / 0.033197]
  1   59 0.430166 [9.043005 / 0.032459]
  1   79 0.419691 [8.895446 / 0.031145]
  1   99 0.419251 [8.751112 / 0.028816]
  1  119 0.410234 [8.614180 / 0.027393]
  1  139 0.409724 [8.481046 / 0.027501]
  1  159 0.406286 [8.353645 / 0.026057]
  1  179 0.401082 [8.225967 / 0.023942]
  1  199 0.403169 [8.104034 / 0.021922]
  1  219 0.394076 [7.988766 / 0.022700]
  1  239 0.393078 [7.868450 / 0.022563]
  1  259 0.387262 [7.765518 / 0.023521]
  1  279 0.394844 [7.661828 / 0.023371]
  1  299 0.390929 [7.560537 / 0.022728]
  1  319 0.388410 [7.461398 / 0.021890]
  1  339 0.393369 [7.377265 / 0.021683]
  1  359 0.392504 [7.293853 / 0.021143]
  1  379 0.387013 [7.210851 / 0.021118]
  1  399 0.387372 [7.133703 / 0.023355]
  1  419 0.390148 [7.058371 / 0.019883]
  1  439 0.387159 [6.995415 / 0.021101]
  1  459 0.383666 [6.922687 / 0.020649]
  2   19 0.384069 [6.832515 / 0.022091]
  2   39 0.387911 [6.775547 / 0.021016]
  2   59 0.384950 [6.720213 / 0.021561]
  2   79 0.389346 [6.664299 / 0.022033]
  2   99 0.388507 [6.611808 / 0.021154]
  2  119 0.388065 [6.556184 / 0.022761]
  2  139 0.388078 [6.515036 / 0.023056]
  2  159 0.388642 [6.477320 / 0.021860]
  2  179 0.390551 [6.434755 / 0.021755]
  2  199 0.385354 [6.393327 / 0.022572]
  2  219 0.385678 [6.350196 / 0.022017]
  2  239 0.382283 [6.314848 / 0.021570]
  2  259 0.380966 [6.278855 / 0.020922]
  2  279 0.384803 [6.245408 / 0.024628]
  2  299 0.384433 [6.217595 / 0.022562]
  2  319 0.385163 [6.189076 / 0.022638]
  2  339 0.385137 [6.155348 / 0.021770]
  2  359 0.384947 [6.122937 / 0.020053]
  2  379 0.386665 [6.100099 / 0.022332]
  2  399 0.384964 [6.075709 / 0.022063]
  2  419 0.382479 [6.048214 / 0.022577]
  2  439 0.383751 [6.024919 / 0.024124]
  2  459 0.386127 [6.003462 / 0.021352]
  3   19 0.380450 [5.973402 / 0.020406]
  3   39 0.388224 [5.955132 / 0.021320]
  3   59 0.387078 [5.935743 / 0.020826]
  3   79 0.389009 [5.913329 / 0.023007]
  3   99 0.384317 [5.898577 / 0.021871]
  3  119 0.384484 [5.887509 / 0.022121]
  3  139 0.386236 [5.862598 / 0.023995]
  3  159 0.386401 [5.847244 / 0.021694]
  3  179 0.387476 [5.837885 / 0.022310]
  3  199 0.383972 [5.822344 / 0.020489]
  3  219 0.385591 [5.813153 / 0.021631]
  3  239 0.386445 [5.801360 / 0.022408]
  3  259 0.382807 [5.792135 / 0.022185]
  3  279 0.380508 [5.779579 / 0.023090]
  3  299 0.381766 [5.765302 / 0.022091]
  3  319 0.382083 [5.752286 / 0.020899]
  3  339 0.384253 [5.743422 / 0.022822]
  3  359 0.383398 [5.730480 / 0.022956]
  3  379 0.382078 [5.714829 / 0.022005]
  3  399 0.378764 [5.706108 / 0.021152]
  3  419 0.382186 [5.696275 / 0.022554]
  3  439 0.383553 [5.684685 / 0.023397]
  3  459 0.385539 [5.678794 / 0.021877]
  4   19 0.385793 [5.670663 / 0.021793]
  4   39 0.381766 [5.668888 / 0.021935]
  4   59 0.382162 [5.657328 / 0.023194]
  4   79 0.384794 [5.653424 / 0.021452]
  4   99 0.381438 [5.639859 / 0.023161]
  4  119 0.384331 [5.641962 / 0.023181]
  4  139 0.387826 [5.632386 / 0.021559]
  4  159 0.381405 [5.621489 / 0.021317]
  4  179 0.384209 [5.612187 / 0.021688]
  4  199 0.381556 [5.603416 / 0.022995]
  4  219 0.387538 [5.593344 / 0.021168]
  4  239 0.383587 [5.585689 / 0.022644]
  4  259 0.381124 [5.588511 / 0.021872]
  4  279 0.388087 [5.581575 / 0.022011]
  4  299 0.382581 [5.579594 / 0.023831]
  4  319 0.385469 [5.580299 / 0.022383]
  4  339 0.386523 [5.575451 / 0.022444]
  4  359 0.383628 [5.576516 / 0.022835]
  4  379 0.385665 [5.568085 / 0.022621]
  4  399 0.382966 [5.566829 / 0.023812]
  4  419 0.385073 [5.558465 / 0.021024]
  4  439 0.381758 [5.554257 / 0.021070]
  4  459 0.380604 [5.545305 / 0.022584]
  0   19 0.384902 [5.540365 / 0.010665]
  0   39 0.382341 [5.541730 / 0.010853]
  0   59 0.377865 [5.541129 / 0.011075]
  0   79 0.380806 [5.535848 / 0.010341]
  0   99 0.384531 [5.530821 / 0.010518]
  0  119 0.386130 [5.528653 / 0.010387]
  0  139 0.384151 [5.523941 / 0.010573]
  0  159 0.383386 [5.521822 / 0.010505]
  0  179 0.380060 [5.522508 / 0.010239]
  0  199 0.385942 [5.520940 / 0.012258]
  0  219 0.386041 [5.518508 / 0.010539]
  0  239 0.383024 [5.514811 / 0.011330]
  0  259 0.382105 [5.512524 / 0.010736]
  0  279 0.381495 [5.508694 / 0.010786]
  0  299 0.382060 [5.503997 / 0.011155]
  0  319 0.382023 [5.505216 / 0.012034]
  0  339 0.381099 [5.507875 / 0.009874]
  0  359 0.385944 [5.499233 / 0.010323]
  0  379 0.384102 [5.495339 / 0.011360]
  0  399 0.382921 [5.485887 / 0.010905]
  0  419 0.385881 [5.485787 / 0.010272]
  0  439 0.383964 [5.481934 / 0.011628]
  0  459 0.382223 [5.486662 / 0.011410]
  1   19 0.381986 [5.481098 / 0.010025]
  1   39 0.383064 [5.483364 / 0.011016]
  1   59 0.383527 [5.473281 / 0.010492]
  1   79 0.382857 [5.474853 / 0.011434]
  1   99 0.384513 [5.473926 / 0.010694]
  1  119 0.381896 [5.470785 / 0.011769]
  1  139 0.383951 [5.467253 / 0.011078]
  1  159 0.384222 [5.468571 / 0.012492]
  1  179 0.382301 [5.468187 / 0.010661]
  1  199 0.385475 [5.470791 / 0.010371]
  1  219 0.382924 [5.466083 / 0.012542]
  1  239 0.381250 [5.464795 / 0.010570]
  1  259 0.381352 [5.460179 / 0.010748]
  1  279 0.383635 [5.456407 / 0.009938]
  1  299 0.383747 [5.455832 / 0.010117]
  1  319 0.376101 [5.454676 / 0.010329]
  1  339 0.387178 [5.449617 / 0.011526]
  1  359 0.382627 [5.450113 / 0.011443]
  1  379 0.384717 [5.455613 / 0.010505]
  1  399 0.387476 [5.449448 / 0.011161]
  1  419 0.383424 [5.452577 / 0.010639]
  1  439 0.381311 [5.447437 / 0.009849]
  1  459 0.383396 [5.446678 / 0.010708]
  2   19 0.381237 [5.450552 / 0.010655]
  2   39 0.383766 [5.451176 / 0.009601]
  2   59 0.382664 [5.446158 / 0.010635]
  2   79 0.385914 [5.442478 / 0.010253]
  2   99 0.380093 [5.443115 / 0.009846]
  2  119 0.382290 [5.440426 / 0.012649]
  2  139 0.381715 [5.442684 / 0.011993]
  2  159 0.384454 [5.446330 / 0.010607]
  2  179 0.382277 [5.440976 / 0.011684]
  2  199 0.382750 [5.438782 / 0.010579]
  2  219 0.385249 [5.435690 / 0.010415]
  2  239 0.382098 [5.437491 / 0.011069]
  2  259 0.378661 [5.442515 / 0.010168]
  2  279 0.388354 [5.443663 / 0.011901]
  2  299 0.388794 [5.439547 / 0.010595]
  2  319 0.382740 [5.432459 / 0.011744]
  2  339 0.382739 [5.429335 / 0.010559]
  2  359 0.383213 [5.428863 / 0.010067]
  2  379 0.381336 [5.429574 / 0.010853]
  2  399 0.383693 [5.429645 / 0.010437]
  2  419 0.383820 [5.427115 / 0.009746]
  2  439 0.381243 [5.422164 / 0.010525]
  2  459 0.381158 [5.424122 / 0.011913]
  3   19 0.383338 [5.419526 / 0.010851]
  3   39 0.384869 [5.423148 / 0.009825]
  3   59 0.383698 [5.425550 / 0.011002]
  3   79 0.378930 [5.422808 / 0.010614]
  3   99 0.384825 [5.413791 / 0.010754]
  3  119 0.381477 [5.415813 / 0.010087]
  3  139 0.381627 [5.405620 / 0.010455]
  3  159 0.384810 [5.406531 / 0.010753]
  3  179 0.383953 [5.409214 / 0.010838]
  3  199 0.380664 [5.409432 / 0.010976]
  3  219 0.384369 [5.409708 / 0.011134]
  3  239 0.384061 [5.406861 / 0.010597]
  3  259 0.382676 [5.412964 / 0.010719]
  3  279 0.383293 [5.417513 / 0.011690]
  3  299 0.383575 [5.413499 / 0.011270]
  3  319 0.382659 [5.408800 / 0.010806]
  3  339 0.383065 [5.409028 / 0.010095]
  3  359 0.384137 [5.412468 / 0.011596]
  3  379 0.384833 [5.413299 / 0.010780]
  3  399 0.381325 [5.411306 / 0.011293]
  3  419 0.385088 [5.410714 / 0.010800]
  3  439 0.383278 [5.407657 / 0.011477]
  3  459 0.383536 [5.404553 / 0.013263]
  4   19 0.381253 [5.399720 / 0.011828]
  4   39 0.382630 [5.399558 / 0.010615]
  4   59 0.383496 [5.402623 / 0.012296]
  4   79 0.381150 [5.401645 / 0.010042]
  4   99 0.386272 [5.400588 / 0.011451]
  4  119 0.383862 [5.400246 / 0.011315]
  4  139 0.382002 [5.401773 / 0.013018]
  4  159 0.384399 [5.412271 / 0.010519]
  4  179 0.382133 [5.409719 / 0.009442]
  4  199 0.382014 [5.401140 / 0.010264]
  4  219 0.386838 [5.406743 / 0.010139]
  4  239 0.377005 [5.410046 / 0.011011]
  4  259 0.384924 [5.404206 / 0.011810]
  4  279 0.384005 [5.408886 / 0.012896]
  4  299 0.381728 [5.403944 / 0.010660]
  4  319 0.382572 [5.403933 / 0.011163]
  4  339 0.382795 [5.398463 / 0.009956]
  4  359 0.387137 [5.394095 / 0.010319]
  4  379 0.386277 [5.395089 / 0.010983]
  4  399 0.382773 [5.396353 / 0.010517]
  4  419 0.382349 [5.398473 / 0.011049]
  4  439 0.384990 [5.391575 / 0.010421]
  4  459 0.383365 [5.390061 / 0.011468]
  0   19 0.383155 [5.384044 / 0.005639]
  0   39 0.378719 [5.385112 / 0.005841]
  0   59 0.384190 [5.381298 / 0.005488]
  0   79 0.383947 [5.381469 / 0.005178]
  0   99 0.382925 [5.380276 / 0.005222]
  0  119 0.382699 [5.378945 / 0.005053]
  0  139 0.384073 [5.383375 / 0.005917]
  0  159 0.382717 [5.382446 / 0.005033]
  0  179 0.382858 [5.381866 / 0.004864]
  0  199 0.387604 [5.384750 / 0.005210]
  0  219 0.383291 [5.387126 / 0.005484]
  0  239 0.386633 [5.383868 / 0.007165]
  0  259 0.382544 [5.385767 / 0.005655]
  0  279 0.381484 [5.389995 / 0.005946]
  0  299 0.381602 [5.392734 / 0.004653]
  0  319 0.383288 [5.386659 / 0.005354]
  0  339 0.387303 [5.389145 / 0.005570]
  0  359 0.379711 [5.390052 / 0.005040]
  0  379 0.377728 [5.387680 / 0.005410]
  0  399 0.379687 [5.387850 / 0.005238]
  0  419 0.382813 [5.386025 / 0.005321]
  0  439 0.384252 [5.384882 / 0.005718]
  0  459 0.384427 [5.380878 / 0.004909]
  1   19 0.386060 [5.385197 / 0.006618]
  1   39 0.383872 [5.384694 / 0.005468]
  1   59 0.380178 [5.384564 / 0.005278]
  1   79 0.381651 [5.381341 / 0.005161]
  1   99 0.387811 [5.379105 / 0.006317]
  1  119 0.382406 [5.376732 / 0.005684]
  1  139 0.388445 [5.381998 / 0.006177]
  1  159 0.382146 [5.383100 / 0.005265]
  1  179 0.380226 [5.381893 / 0.005353]
  1  199 0.379565 [5.378523 / 0.005052]
  1  219 0.380331 [5.384776 / 0.005804]
  1  239 0.382203 [5.380346 / 0.005424]
  1  259 0.383389 [5.377079 / 0.005443]
  1  279 0.384490 [5.375349 / 0.005340]
  1  299 0.380174 [5.378533 / 0.006156]
  1  319 0.378852 [5.378145 / 0.005962]
  1  339 0.380762 [5.377966 / 0.006365]
  1  359 0.382333 [5.377328 / 0.005207]
  1  379 0.386362 [5.373441 / 0.005600]
  1  399 0.378857 [5.377043 / 0.005075]
  1  419 0.384713 [5.373420 / 0.005856]
  1  439 0.384332 [5.374499 / 0.006001]
  1  459 0.385749 [5.375412 / 0.005631]
  2   19 0.378450 [5.377486 / 0.005442]
  2   39 0.379658 [5.378951 / 0.005044]
  2   59 0.381767 [5.374868 / 0.005397]
  2   79 0.382069 [5.376654 / 0.005157]
  2   99 0.380772 [5.375105 / 0.005260]
  2  119 0.380076 [5.375032 / 0.005502]
  2  139 0.383667 [5.376089 / 0.005349]
  2  159 0.380629 [5.374972 / 0.005883]
  2  179 0.387211 [5.374215 / 0.006302]
  2  199 0.387861 [5.373775 / 0.005235]
  2  219 0.382071 [5.373318 / 0.005493]
  2  239 0.384835 [5.371243 / 0.005696]
  2  259 0.384151 [5.373805 / 0.005919]
  2  279 0.381510 [5.376337 / 0.005242]
  2  299 0.378505 [5.377914 / 0.005602]
  2  319 0.385258 [5.374124 / 0.006094]
  2  339 0.385381 [5.371174 / 0.005931]
  2  359 0.382662 [5.374197 / 0.005426]
  2  379 0.378719 [5.369781 / 0.005477]
  2  399 0.384268 [5.368892 / 0.005591]
  2  419 0.381439 [5.375135 / 0.005570]
  2  439 0.385515 [5.370475 / 0.005727]
  2  459 0.387442 [5.371274 / 0.005412]
  3   19 0.383689 [5.372399 / 0.005757]
  3   39 0.381872 [5.372822 / 0.005278]
  3   59 0.383033 [5.373310 / 0.006183]
  3   79 0.383780 [5.380418 / 0.005444]
  3   99 0.380412 [5.381426 / 0.005559]
  3  119 0.381047 [5.379976 / 0.005405]
  3  139 0.385744 [5.375515 / 0.005545]
  3  159 0.381859 [5.369063 / 0.005767]
  3  179 0.382039 [5.368544 / 0.005297]
  3  199 0.387183 [5.370543 / 0.005571]
  3  219 0.381477 [5.369778 / 0.005225]
  3  239 0.380022 [5.368200 / 0.005447]
  3  259 0.376652 [5.368548 / 0.005479]
  3  279 0.382645 [5.369386 / 0.005351]
  3  299 0.381943 [5.372337 / 0.005384]
  3  319 0.383977 [5.374934 / 0.005170]
  3  339 0.383539 [5.371053 / 0.006016]
  3  359 0.382220 [5.371622 / 0.005884]
  3  379 0.383380 [5.368248 / 0.005298]
  3  399 0.384771 [5.366830 / 0.005868]
  3  419 0.383418 [5.371187 / 0.006066]
  3  439 0.383886 [5.367363 / 0.007331]
  3  459 0.383761 [5.363938 / 0.006052]
  4   19 0.381421 [5.361249 / 0.006437]
  4   39 0.384129 [5.359827 / 0.005665]
  4   59 0.383551 [5.360006 / 0.005679]
  4   79 0.378977 [5.370341 / 0.006064]
  4   99 0.380642 [5.369459 / 0.005911]
  4  119 0.382234 [5.376106 / 0.005524]
  4  139 0.386721 [5.376752 / 0.005346]
  4  159 0.381171 [5.378311 / 0.005695]
  4  179 0.382470 [5.375189 / 0.005363]
  4  199 0.386819 [5.374663 / 0.005781]
  4  219 0.384581 [5.373410 / 0.005428]
  4  239 0.385626 [5.368438 / 0.006982]
  4  259 0.383073 [5.370909 / 0.006211]
  4  279 0.384604 [5.368871 / 0.005803]
  4  299 0.383213 [5.370476 / 0.005891]
  4  319 0.380201 [5.367900 / 0.005585]
  4  339 0.381811 [5.362652 / 0.005573]
  4  359 0.381482 [5.359415 / 0.005564]
  4  379 0.380479 [5.360608 / 0.006456]
  4  399 0.378199 [5.358008 / 0.005550]
  4  419 0.382477 [5.360135 / 0.006120]
  4  439 0.383244 [5.358436 / 0.005406]
  4  459 0.385994 [5.359974 / 0.005633]
  0   19 0.377925 [5.360181 / 0.002795]
  0   39 0.381443 [5.357688 / 0.002923]
  0   59 0.380833 [5.357093 / 0.002445]
  0   79 0.382485 [5.356155 / 0.002830]
  0   99 0.383584 [5.355116 / 0.003388]
  0  119 0.385275 [5.354453 / 0.002879]
  0  139 0.377692 [5.356640 / 0.002822]
  0  159 0.388857 [5.357898 / 0.002842]
  0  179 0.381570 [5.358487 / 0.003243]
  0  199 0.378364 [5.357767 / 0.002582]
  0  219 0.381117 [5.353733 / 0.002565]
  0  239 0.384817 [5.355046 / 0.002650]
  0  259 0.383780 [5.356058 / 0.003034]
  0  279 0.381941 [5.356201 / 0.002682]
  0  299 0.384444 [5.358105 / 0.002653]
  0  319 0.378902 [5.359972 / 0.002750]
  0  339 0.385212 [5.359609 / 0.002908]
  0  359 0.386235 [5.356151 / 0.003374]
  0  379 0.384365 [5.359378 / 0.002812]
  0  399 0.385642 [5.357316 / 0.003054]
  0  419 0.380452 [5.359934 / 0.003013]
  0  439 0.383178 [5.357999 / 0.002820]
  0  459 0.382728 [5.359137 / 0.002640]
  1   19 0.381750 [5.358618 / 0.003264]
  1   39 0.383587 [5.361702 / 0.002619]
  1   59 0.384377 [5.357782 / 0.003249]
  1   79 0.382092 [5.360381 / 0.002840]
  1   99 0.382544 [5.360319 / 0.003006]
  1  119 0.387314 [5.359773 / 0.002946]
  1  139 0.387248 [5.360616 / 0.002893]
  1  159 0.381722 [5.360317 / 0.002817]
  1  179 0.385553 [5.361317 / 0.003191]
  1  199 0.380583 [5.362442 / 0.003075]
  1  219 0.381562 [5.360174 / 0.003573]
  1  239 0.375647 [5.361397 / 0.003109]
  1  259 0.385697 [5.361690 / 0.002736]
  1  279 0.379450 [5.360486 / 0.003136]
  1  299 0.380724 [5.360449 / 0.002709]
  1  319 0.383414 [5.359718 / 0.002708]
  1  339 0.383169 [5.359586 / 0.002659]
  1  359 0.379155 [5.357219 / 0.003228]
  1  379 0.384522 [5.357698 / 0.002845]
  1  399 0.390046 [5.355039 / 0.002967]
  1  419 0.378274 [5.357698 / 0.003010]
  1  439 0.382469 [5.358469 / 0.002933]
  1  459 0.380297 [5.356294 / 0.003457]
  2   19 0.385631 [5.357531 / 0.003397]
  2   39 0.385810 [5.354821 / 0.002873]
  2   59 0.383370 [5.354422 / 0.002816]
  2   79 0.379062 [5.355440 / 0.003020]
  2   99 0.382592 [5.354602 / 0.003522]
  2  119 0.381361 [5.353394 / 0.003354]
  2  139 0.382456 [5.356111 / 0.002920]
  2  159 0.377740 [5.356959 / 0.002876]
  2  179 0.385972 [5.359083 / 0.002909]
  2  199 0.387224 [5.359478 / 0.003338]
  2  219 0.380597 [5.358635 / 0.002821]
  2  239 0.386970 [5.358573 / 0.002802]
  2  259 0.385282 [5.359861 / 0.002997]
  2  279 0.379815 [5.359028 / 0.002757]
  2  299 0.383035 [5.358685 / 0.003032]
  2  319 0.381016 [5.357671 / 0.002876]
  2  339 0.381554 [5.357063 / 0.002731]
  2  359 0.380097 [5.357212 / 0.003102]
  2  379 0.382792 [5.357095 / 0.002943]
  2  399 0.384321 [5.355173 / 0.003179]
  2  419 0.380335 [5.355199 / 0.003098]
  2  439 0.379645 [5.356553 / 0.003426]
  2  459 0.382270 [5.356642 / 0.003092]
  3   19 0.383821 [5.355886 / 0.002950]
  3   39 0.380672 [5.355231 / 0.003062]
  3   59 0.386750 [5.358189 / 0.002901]
  3   79 0.381257 [5.356549 / 0.002882]
  3   99 0.384511 [5.358895 / 0.003090]
  3  119 0.380538 [5.355815 / 0.002961]
  3  139 0.385254 [5.356240 / 0.003515]
  3  159 0.384945 [5.355018 / 0.002993]
  3  179 0.383978 [5.352257 / 0.003244]
  3  199 0.383702 [5.354105 / 0.003117]
  3  219 0.382424 [5.351663 / 0.003143]
  3  239 0.379167 [5.352423 / 0.002949]
  3  259 0.382076 [5.350929 / 0.003115]
  3  279 0.380556 [5.354297 / 0.003184]
  3  299 0.384088 [5.349433 / 0.003259]
  3  319 0.376439 [5.354653 / 0.003183]
  3  339 0.380758 [5.355883 / 0.002932]
  3  359 0.383160 [5.351739 / 0.003016]
  3  379 0.381595 [5.351749 / 0.003139]
  3  399 0.382599 [5.353892 / 0.003022]
  3  419 0.384879 [5.351194 / 0.003099]
  3  439 0.385773 [5.351776 / 0.003048]
  3  459 0.378503 [5.352109 / 0.002934]
  4   19 0.380451 [5.353973 / 0.003015]
  4   39 0.379901 [5.354465 / 0.002944]
  4   59 0.382597 [5.354710 / 0.002963]
  4   79 0.379986 [5.354490 / 0.003013]
  4   99 0.382864 [5.353986 / 0.002877]
  4  119 0.384946 [5.351714 / 0.003262]
  4  139 0.379918 [5.352527 / 0.003210]
  4  159 0.383019 [5.352014 / 0.003081]
  4  179 0.381698 [5.352546 / 0.003125]
  4  199 0.380187 [5.351781 / 0.003060]
  4  219 0.388073 [5.353392 / 0.003267]
  4  239 0.382370 [5.353342 / 0.003131]
  4  259 0.388177 [5.351736 / 0.003546]
  4  279 0.385314 [5.352091 / 0.002803]
  4  299 0.382166 [5.349478 / 0.003070]
  4  319 0.378950 [5.348751 / 0.003000]
  4  339 0.381498 [5.350385 / 0.002916]
  4  359 0.379149 [5.350250 / 0.002908]
  4  379 0.384883 [5.348234 / 0.003213]
  4  399 0.382383 [5.347905 / 0.002963]
  4  419 0.381706 [5.349689 / 0.003011]
  4  439 0.381619 [5.350636 / 0.002975]
  4  459 0.385213 [5.353920 / 0.003089]
  0   19 0.383171 [5.352178 / 0.001853]
  0   39 0.385783 [5.353468 / 0.001644]
  0   59 0.381746 [5.351988 / 0.001502]
  0   79 0.383217 [5.350788 / 0.001599]
  0   99 0.385659 [5.351397 / 0.001516]
  0  119 0.377013 [5.351065 / 0.001659]
  0  139 0.383019 [5.348655 / 0.001513]
  0  159 0.381691 [5.349329 / 0.001436]
  0  179 0.383352 [5.348230 / 0.001584]
  0  199 0.379998 [5.349461 / 0.001574]
  0  219 0.382286 [5.351125 / 0.001537]
  0  239 0.378484 [5.350041 / 0.001404]
  0  259 0.380348 [5.351214 / 0.001480]
  0  279 0.385217 [5.351326 / 0.001367]
  0  299 0.385019 [5.349717 / 0.001666]
  0  319 0.385012 [5.352571 / 0.001512]
  0  339 0.379200 [5.352006 / 0.001701]
  0  359 0.383141 [5.352489 / 0.001477]
  0  379 0.381148 [5.353823 / 0.001453]
  0  399 0.382859 [5.352075 / 0.001540]
  0  419 0.383480 [5.351644 / 0.001507]
  0  439 0.385296 [5.350114 / 0.001528]
  0  459 0.384727 [5.352013 / 0.001830]
  1   19 0.377050 [5.353063 / 0.001554]
  1   39 0.383825 [5.353003 / 0.001502]
  1   59 0.382083 [5.353165 / 0.001515]
  1   79 0.383833 [5.352391 / 0.001499]
  1   99 0.382463 [5.352626 / 0.001736]
  1  119 0.385053 [5.353232 / 0.001712]
  1  139 0.379126 [5.353254 / 0.001649]
  1  159 0.384541 [5.351897 / 0.001610]
  1  179 0.384550 [5.349705 / 0.001719]
  1  199 0.380371 [5.351000 / 0.001728]
  1  219 0.379314 [5.351228 / 0.001537]
  1  239 0.383209 [5.349574 / 0.001658]
  1  259 0.381542 [5.349306 / 0.001608]
  1  279 0.386162 [5.348261 / 0.001828]
  1  299 0.381485 [5.349422 / 0.001741]
  1  319 0.381957 [5.351348 / 0.001573]
  1  339 0.382937 [5.352222 / 0.001548]
  1  359 0.381032 [5.349651 / 0.001637]
  1  379 0.386398 [5.350883 / 0.001550]
  1  399 0.380434 [5.349245 / 0.001637]
  1  419 0.382613 [5.348638 / 0.001558]
  1  439 0.382344 [5.349005 / 0.001424]
  1  459 0.386449 [5.348228 / 0.001475]
  2   19 0.381945 [5.353177 / 0.001550]
  2   39 0.381776 [5.351656 / 0.001561]
  2   59 0.384955 [5.352155 / 0.001540]
  2   79 0.381931 [5.351490 / 0.001440]
  2   99 0.383846 [5.351752 / 0.001532]
  2  119 0.381394 [5.352964 / 0.001507]
  2  139 0.383175 [5.353051 / 0.001609]
  2  159 0.383170 [5.351591 / 0.001404]
  2  179 0.381020 [5.349645 / 0.001537]
  2  199 0.381648 [5.351735 / 0.001579]
  2  219 0.381845 [5.350790 / 0.001685]
  2  239 0.381851 [5.348300 / 0.001659]
  2  259 0.379141 [5.351421 / 0.001672]
  2  279 0.383413 [5.348085 / 0.001707]
  2  299 0.384428 [5.349551 / 0.001673]
  2  319 0.380837 [5.348242 / 0.001704]
  2  339 0.384062 [5.350905 / 0.001497]
  2  359 0.382079 [5.348254 / 0.001513]
  2  379 0.382329 [5.349221 / 0.001615]
  2  399 0.382312 [5.352834 / 0.001878]
  2  419 0.381857 [5.349983 / 0.001625]
  2  439 0.384746 [5.350901 / 0.001517]
  2  459 0.384731 [5.349625 / 0.001614]
  3   19 0.380487 [5.349171 / 0.001743]
  3   39 0.380704 [5.349790 / 0.001583]
  3   59 0.381451 [5.350299 / 0.001573]
  3   79 0.378356 [5.350896 / 0.001586]
  3   99 0.385667 [5.347915 / 0.001729]
  3  119 0.382269 [5.347742 / 0.001641]
  3  139 0.383142 [5.348335 / 0.001495]
  3  159 0.378947 [5.348222 / 0.001514]
  3  179 0.378421 [5.347651 / 0.001718]
  3  199 0.379882 [5.346060 / 0.001690]
  3  219 0.385348 [5.347142 / 0.001664]
  3  239 0.383015 [5.347663 / 0.001414]
  3  259 0.381988 [5.346448 / 0.001646]
  3  279 0.382506 [5.346815 / 0.001673]
  3  299 0.384628 [5.344764 / 0.001906]
  3  319 0.383926 [5.346113 / 0.002008]
  3  339 0.382984 [5.347688 / 0.001515]
  3  359 0.389062 [5.347576 / 0.001645]
  3  379 0.383012 [5.347006 / 0.001699]
  3  399 0.382929 [5.347015 / 0.001610]
  3  419 0.383801 [5.349162 / 0.001516]
  3  439 0.385579 [5.350076 / 0.001580]
  3  459 0.380733 [5.351195 / 0.001551]
  4   19 0.386528 [5.350198 / 0.001627]
  4   39 0.378099 [5.351220 / 0.001668]
  4   59 0.382600 [5.348598 / 0.001637]
  4   79 0.380423 [5.347551 / 0.001667]
  4   99 0.383102 [5.348063 / 0.001796]
  4  119 0.380849 [5.349503 / 0.001512]
  4  139 0.384482 [5.349155 / 0.001585]
  4  159 0.378961 [5.349341 / 0.001627]
  4  179 0.387775 [5.348350 / 0.001775]
  4  199 0.383984 [5.348542 / 0.001598]
  4  219 0.381631 [5.347719 / 0.001946]
  4  239 0.382401 [5.348691 / 0.001523]
  4  259 0.383157 [5.346850 / 0.001676]
  4  279 0.380451 [5.348417 / 0.001703]
  4  299 0.381443 [5.347440 / 0.001650]
  4  319 0.383226 [5.347487 / 0.001882]
  4  339 0.382201 [5.347220 / 0.001713]
  4  359 0.383612 [5.349582 / 0.001437]
  4  379 0.385612 [5.348065 / 0.001632]
  4  399 0.381398 [5.348137 / 0.001703]
  4  419 0.383323 [5.348859 / 0.001557]
  4  439 0.382940 [5.346338 / 0.001586]
  4  459 0.381984 [5.348313 / 0.001839]
Sequential (
  (0): Linear (784 -> 10)
  (1): Linear (10 -> 784)
)
