Sequential (
  (0): Linear (784 -> 160)
  (1): ReLU ()
  (2): Linear (160 -> 784)
)
Namespace(batch_size=128, mode='mlpae_simple', name='mlpae_simple6', nc=10, nf=160, optimizer='Adam')
{'lr': 0.001, 'wd': 0.0005}
  0   0   39 0.656338 [15.427553 / 0.188740]
  0   0   79 0.352842 [14.004787 / 0.131267]
  0   0  119 0.241919 [13.444696 / 0.101000]
  0   0  159 0.184003 [13.208786 / 0.082990]
  0   0  199 0.154370 [13.125542 / 0.081866]
  0   0  239 0.134541 [13.155301 / 0.074039]
  0   0  279 0.119549 [13.223812 / 0.071836]
  0   0  319 0.108656 [13.313634 / 0.072929]
  0   0  359 0.099521 [13.432353 / 0.065838]
  0   0  399 0.093243 [13.528159 / 0.065515]
  0   0  439 0.088811 [13.629554 / 0.065569]
  0   1   39 0.081665 [13.812051 / 0.064311]
  0   1   79 0.078314 [13.909120 / 0.065117]
  0   1  119 0.074969 [13.994342 / 0.067740]
  0   1  159 0.073410 [14.070644 / 0.061087]
  0   1  199 0.070035 [14.120019 / 0.057988]
  0   1  239 0.069008 [14.173486 / 0.061381]
  0   1  279 0.068321 [14.225075 / 0.060481]
  0   1  319 0.066709 [14.258845 / 0.067185]
  0   1  359 0.066186 [14.308519 / 0.063953]
  0   1  399 0.064919 [14.346786 / 0.062153]
  0   1  439 0.064496 [14.394378 / 0.062598]
  0   2   39 0.063069 [14.450889 / 0.061081]
  0   2   79 0.062101 [14.459234 / 0.057612]
  0   2  119 0.061859 [14.488748 / 0.059314]
  0   2  159 0.061766 [14.531654 / 0.060605]
  0   2  199 0.060741 [14.552392 / 0.059714]
  0   2  239 0.060841 [14.588330 / 0.060834]
  0   2  279 0.059985 [14.599145 / 0.058811]
  0   2  319 0.059550 [14.612708 / 0.061853]
  0   2  359 0.059364 [14.632415 / 0.059325]
  0   2  399 0.059084 [14.657114 / 0.057824]
  0   2  439 0.057952 [14.653102 / 0.058172]
  0   3   39 0.058197 [14.682645 / 0.056340]
  0   3   79 0.058442 [14.709991 / 0.059597]
  0   3  119 0.057622 [14.713274 / 0.058186]
  0   3  159 0.057533 [14.720989 / 0.059888]
  0   3  199 0.057410 [14.724900 / 0.058304]
  0   3  239 0.057057 [14.737474 / 0.056725]
  0   3  279 0.057257 [14.754800 / 0.059059]
  0   3  319 0.057421 [14.772634 / 0.057900]
  0   3  359 0.056594 [14.772947 / 0.059445]
  0   3  399 0.056878 [14.781181 / 0.057486]
  0   3  439 0.057007 [14.796822 / 0.058321]
  0   4   39 0.056404 [14.815414 / 0.056610]
  0   4   79 0.055769 [14.817495 / 0.058620]
  0   4  119 0.056321 [14.825122 / 0.057232]
  0   4  159 0.056489 [14.852111 / 0.060107]
  0   4  199 0.056117 [14.856872 / 0.059670]
  0   4  239 0.056312 [14.860901 / 0.061234]
  0   4  279 0.055561 [14.860508 / 0.062544]
  0   4  319 0.054838 [14.857383 / 0.061173]
  0   4  359 0.055902 [14.871559 / 0.064536]
  0   4  399 0.055477 [14.873988 / 0.059567]
  0   4  439 0.055526 [14.883563 / 0.064683]
  1   0   39 0.053925 [14.906971 / 0.030188]
  1   0   79 0.053530 [14.923677 / 0.028695]
  1   0  119 0.052975 [14.922194 / 0.028325]
  1   0  159 0.052861 [14.923438 / 0.028324]
  1   0  199 0.053134 [14.925015 / 0.029798]
  1   0  239 0.052855 [14.929320 / 0.028747]
  1   0  279 0.052466 [14.926418 / 0.028517]
  1   0  319 0.052824 [14.929980 / 0.029878]
  1   0  359 0.053232 [14.934130 / 0.030177]
  1   0  399 0.053248 [14.946535 / 0.030886]
  1   0  439 0.052850 [14.942338 / 0.029332]
  1   1   39 0.052506 [14.946072 / 0.030157]
  1   1   79 0.052740 [14.953699 / 0.029817]
  1   1  119 0.053444 [14.962185 / 0.030866]
  1   1  159 0.052398 [14.959974 / 0.031328]
  1   1  199 0.052207 [14.951607 / 0.029367]
  1   1  239 0.052526 [14.952861 / 0.028719]
  1   1  279 0.052544 [14.950590 / 0.030509]
  1   1  319 0.053134 [14.957857 / 0.031533]
  1   1  359 0.053025 [14.965837 / 0.030883]
  1   1  399 0.052743 [14.970597 / 0.032530]
  1   1  439 0.052415 [14.975382 / 0.031499]
  1   2   39 0.051745 [14.974960 / 0.031612]
  1   2   79 0.052833 [14.979315 / 0.032957]
  1   2  119 0.052151 [14.973755 / 0.030844]
  1   2  159 0.052246 [14.977406 / 0.032226]
  1   2  199 0.052525 [14.981376 / 0.031625]
  1   2  239 0.052335 [14.984785 / 0.029573]
  1   2  279 0.052805 [14.990989 / 0.031569]
  1   2  319 0.052520 [14.987794 / 0.031964]
  1   2  359 0.052617 [14.995882 / 0.031933]
  1   2  399 0.052230 [14.989684 / 0.031198]
  1   2  439 0.052773 [14.992353 / 0.032140]
  1   3   39 0.051894 [14.991518 / 0.031928]
  1   3   79 0.052793 [15.003555 / 0.032712]
  1   3  119 0.052039 [15.001937 / 0.033199]
  1   3  159 0.052040 [15.000259 / 0.031310]
  1   3  199 0.052143 [14.999381 / 0.032060]
  1   3  239 0.051962 [14.998679 / 0.032986]
  1   3  279 0.052437 [15.003664 / 0.033042]
  1   3  319 0.051918 [15.000112 / 0.032261]
  1   3  359 0.052745 [15.007280 / 0.031379]
  1   3  399 0.052306 [15.017289 / 0.033871]
  1   3  439 0.052948 [15.026068 / 0.032637]
  1   4   39 0.052264 [15.012090 / 0.033309]
  1   4   79 0.052404 [15.014461 / 0.033973]
  1   4  119 0.052320 [15.020036 / 0.033095]
  1   4  159 0.052138 [15.027269 / 0.032032]
  1   4  199 0.051931 [15.023786 / 0.032844]
  1   4  239 0.052278 [15.025785 / 0.031735]
  1   4  279 0.051809 [15.025745 / 0.033583]
  1   4  319 0.052002 [15.020913 / 0.034350]
  1   4  359 0.051643 [15.023803 / 0.032717]
  1   4  399 0.051900 [15.027652 / 0.031830]
  1   4  439 0.051648 [15.022877 / 0.032552]
  2   0   39 0.050879 [15.030445 / 0.016160]
  2   0   79 0.050318 [15.033783 / 0.015921]
  2   0  119 0.050537 [15.037622 / 0.016625]
  2   0  159 0.051377 [15.047148 / 0.016827]
  2   0  199 0.050735 [15.048726 / 0.016539]
  2   0  239 0.051182 [15.051279 / 0.016117]
  2   0  279 0.050755 [15.053811 / 0.016081]
  2   0  319 0.051084 [15.054636 / 0.016818]
  2   0  359 0.051001 [15.050863 / 0.016990]
  2   0  399 0.050893 [15.054961 / 0.016529]
  2   0  439 0.050982 [15.058967 / 0.016451]
  2   1   39 0.050720 [15.053523 / 0.017209]
  2   1   79 0.050323 [15.050464 / 0.016842]
  2   1  119 0.050683 [15.049063 / 0.016595]
  2   1  159 0.051185 [15.053991 / 0.017715]
  2   1  199 0.050450 [15.050628 / 0.016940]
  2   1  239 0.050961 [15.053580 / 0.017109]
  2   1  279 0.050574 [15.056884 / 0.017444]
  2   1  319 0.051041 [15.061532 / 0.017705]
  2   1  359 0.051025 [15.062495 / 0.018165]
  2   1  399 0.050498 [15.063984 / 0.017421]
  2   1  439 0.050777 [15.064651 / 0.017075]
  2   2   39 0.051081 [15.070187 / 0.017896]
  2   2   79 0.050575 [15.066782 / 0.017844]
  2   2  119 0.050331 [15.060974 / 0.018033]
  2   2  159 0.050512 [15.061788 / 0.017584]
  2   2  199 0.050930 [15.065370 / 0.017317]
  2   2  239 0.050735 [15.066719 / 0.018391]
  2   2  279 0.049967 [15.061952 / 0.017919]
  2   2  319 0.050748 [15.064617 / 0.018246]
  2   2  359 0.051420 [15.069322 / 0.018329]
  2   2  399 0.050965 [15.071535 / 0.017642]
  2   2  439 0.050829 [15.072046 / 0.018437]
  2   3   39 0.049838 [15.067453 / 0.018096]
  2   3   79 0.050573 [15.064982 / 0.017749]
  2   3  119 0.051252 [15.069675 / 0.019059]
  2   3  159 0.050266 [15.068867 / 0.017116]
  2   3  199 0.051133 [15.073008 / 0.018783]
  2   3  239 0.051276 [15.078789 / 0.017986]
  2   3  279 0.050410 [15.076195 / 0.018911]
  2   3  319 0.050295 [15.077404 / 0.017765]
  2   3  359 0.050397 [15.072987 / 0.018077]
  2   3  399 0.050667 [15.074097 / 0.018471]
  2   3  439 0.050810 [15.076847 / 0.018229]
  2   4   39 0.050052 [15.071120 / 0.018044]
  2   4   79 0.050221 [15.074317 / 0.017615]
  2   4  119 0.050571 [15.076007 / 0.018700]
  2   4  159 0.050794 [15.079247 / 0.018409]
  2   4  199 0.050931 [15.078994 / 0.018090]
  2   4  239 0.050815 [15.084769 / 0.018752]
  2   4  279 0.050648 [15.082131 / 0.018531]
  2   4  319 0.050828 [15.087642 / 0.018530]
  2   4  359 0.050385 [15.086278 / 0.018691]
  2   4  399 0.050655 [15.085267 / 0.019173]
  2   4  439 0.050211 [15.077755 / 0.018577]
  3   0   39 0.049974 [15.083410 / 0.009134]
  3   0   79 0.050397 [15.089281 / 0.009410]
  3   0  119 0.049808 [15.091520 / 0.009290]
  3   0  159 0.050104 [15.093775 / 0.008977]
  3   0  199 0.050373 [15.096345 / 0.009055]
  3   0  239 0.049755 [15.095511 / 0.009760]
  3   0  279 0.049915 [15.094017 / 0.009533]
  3   0  319 0.049969 [15.095179 / 0.009267]
  3   0  359 0.050127 [15.094851 / 0.009545]
  3   0  399 0.049516 [15.093207 / 0.009307]
  3   0  439 0.049796 [15.093366 / 0.009894]
  3   1   39 0.049745 [15.093883 / 0.009571]
  3   1   79 0.050130 [15.095410 / 0.009720]
  3   1  119 0.049929 [15.096420 / 0.009751]
  3   1  159 0.049460 [15.094430 / 0.009473]
  3   1  199 0.050363 [15.098906 / 0.009918]
  3   1  239 0.049581 [15.096762 / 0.009967]
  3   1  279 0.049912 [15.098653 / 0.010021]
  3   1  319 0.049847 [15.097551 / 0.009772]
  3   1  359 0.049679 [15.096119 / 0.009656]
  3   1  399 0.050524 [15.099571 / 0.009925]
  3   1  439 0.050167 [15.100808 / 0.010106]
  3   2   39 0.049698 [15.098425 / 0.010362]
  3   2   79 0.050053 [15.098355 / 0.010517]
  3   2  119 0.049833 [15.100927 / 0.009558]
  3   2  159 0.050385 [15.103823 / 0.010302]
  3   2  199 0.049629 [15.101489 / 0.010868]
  3   2  239 0.050070 [15.102033 / 0.010499]
  3   2  279 0.049647 [15.101799 / 0.010046]
  3   2  319 0.049468 [15.101358 / 0.010193]
  3   2  359 0.049873 [15.101800 / 0.010840]
  3   2  399 0.050055 [15.101536 / 0.010324]
  3   2  439 0.049690 [15.099765 / 0.010215]
  3   3   39 0.049856 [15.104805 / 0.009942]
  3   3   79 0.049955 [15.104831 / 0.010394]
  3   3  119 0.049821 [15.102065 / 0.010132]
  3   3  159 0.050007 [15.103746 / 0.010591]
  3   3  199 0.050127 [15.107150 / 0.010300]
  3   3  239 0.049710 [15.107255 / 0.010527]
  3   3  279 0.049494 [15.104815 / 0.010036]
  3   3  319 0.049642 [15.103932 / 0.010495]
  3   3  359 0.049884 [15.104047 / 0.010123]
  3   3  399 0.049746 [15.103957 / 0.010329]
  3   3  439 0.050217 [15.107615 / 0.010379]
  3   4   39 0.049898 [15.109471 / 0.010368]
  3   4   79 0.049782 [15.108966 / 0.010295]
  3   4  119 0.049627 [15.106132 / 0.010663]
  3   4  159 0.049567 [15.104627 / 0.010253]
  3   4  199 0.049881 [15.107871 / 0.010445]
  3   4  239 0.049460 [15.106168 / 0.013496]
  3   4  279 0.050301 [15.106652 / 0.010252]
  3   4  319 0.050057 [15.107556 / 0.010988]
  3   4  359 0.049852 [15.110203 / 0.010621]
  3   4  399 0.050045 [15.111298 / 0.011629]
  3   4  439 0.049507 [15.108651 / 0.010958]
  4   0   39 0.049249 [15.111390 / 0.004883]
  4   0   79 0.049109 [15.111128 / 0.005290]
  4   0  119 0.049856 [15.113180 / 0.004978]
  4   0  159 0.049547 [15.114789 / 0.005346]
  4   0  199 0.049514 [15.114841 / 0.005151]
  4   0  239 0.049107 [15.113003 / 0.005066]
  4   0  279 0.049738 [15.113277 / 0.005177]
  4   0  319 0.049604 [15.115091 / 0.005398]
  4   0  359 0.049573 [15.115682 / 0.005545]
  4   0  399 0.049113 [15.114821 / 0.005243]
  4   0  439 0.049488 [15.115597 / 0.005246]
  4   1   39 0.049476 [15.117338 / 0.005572]
  4   1   79 0.050054 [15.119349 / 0.005460]
  4   1  119 0.049506 [15.118730 / 0.005262]
  4   1  159 0.049896 [15.119999 / 0.005418]
  4   1  199 0.049551 [15.121699 / 0.005480]
  4   1  239 0.049052 [15.118965 / 0.005629]
  4   1  279 0.049176 [15.118178 / 0.005409]
  4   1  319 0.049203 [15.117236 / 0.005478]
  4   1  359 0.049325 [15.118000 / 0.005153]
  4   1  399 0.049030 [15.117287 / 0.005476]
  4   1  439 0.049453 [15.117336 / 0.005670]
  4   2   39 0.048677 [15.116795 / 0.005600]
  4   2   79 0.049419 [15.118788 / 0.005497]
  4   2  119 0.049198 [15.119094 / 0.005379]
  4   2  159 0.049728 [15.119083 / 0.005765]
  4   2  199 0.049584 [15.120178 / 0.005493]
  4   2  239 0.049149 [15.117610 / 0.005662]
  4   2  279 0.049535 [15.117182 / 0.005562]
  4   2  319 0.049631 [15.118324 / 0.005556]
  4   2  359 0.049578 [15.120351 / 0.005476]
  4   2  399 0.049783 [15.121765 / 0.005745]
  4   2  439 0.049119 [15.121200 / 0.005433]
  4   3   39 0.049483 [15.120767 / 0.007245]
  4   3   79 0.049162 [15.119006 / 0.005644]
  4   3  119 0.049169 [15.118569 / 0.005658]
  4   3  159 0.048707 [15.116852 / 0.005871]
  4   3  199 0.049792 [15.119961 / 0.005759]
  4   3  239 0.048995 [15.118742 / 0.005322]
  4   3  279 0.049583 [15.119294 / 0.005575]
  4   3  319 0.049222 [15.120181 / 0.005503]
  4   3  359 0.049759 [15.121947 / 0.005604]
  4   3  399 0.049842 [15.123712 / 0.005744]
  4   3  439 0.049349 [15.122844 / 0.005841]
  4   4   39 0.049260 [15.124185 / 0.005716]
  4   4   79 0.049384 [15.124536 / 0.006058]
  4   4  119 0.049453 [15.126252 / 0.005667]
  4   4  159 0.049199 [15.124810 / 0.005557]
  4   4  199 0.049564 [15.125868 / 0.005739]
  4   4  239 0.048957 [15.123932 / 0.005475]
  4   4  279 0.049788 [15.124517 / 0.005950]
  4   4  319 0.049324 [15.125477 / 0.005704]
  4   4  359 0.049925 [15.127148 / 0.006299]
  4   4  399 0.049001 [15.125729 / 0.005722]
  4   4  439 0.049470 [15.124749 / 0.005583]
Sequential (
  (0): Linear (784 -> 160)
  (1): ReLU ()
  (2): Linear (160 -> 784)
)
Namespace(batch_size=128, mode='mlpae_simple', name='mlpae_simple6', nc=10, nf=160, optimizer='Adam')
{'lr': 0.001, 'wd': 0.0005}
