Sequential (
  (0): Linear (784 -> 100)
  (1): ReLU ()
  (2): Linear (100 -> 784)
)
Namespace(batch_size=128, cnnc=10, cnnf=40, force_name=False, mode='mlpae_simple', name='mlpae_simple11', nc=10, nf=100, optimizer='Adam', weight_decay=0.1)
{'lr': 0.001, 'wd': 0.1}
  0   0   39 0.941379 [8.303963 / 0.190610]
  0   0   79 0.697851 [3.797132 / 0.089157]
  0   0  119 0.688163 [1.976069 / 0.044134]
  0   0  159 0.685730 [1.566509 / 0.028670]
  0   0  199 0.682991 [1.515832 / 0.026628]
  0   0  239 0.686004 [1.485447 / 0.027173]
  0   0  279 0.686339 [1.505033 / 0.031496]
  0   0  319 0.684391 [1.511063 / 0.028575]
  0   0  359 0.680747 [1.481618 / 0.028375]
  0   0  399 0.686611 [1.507676 / 0.035235]
  0   0  439 0.686282 [1.526586 / 0.032858]
  0   1   39 0.683310 [1.505651 / 0.034041]
  0   1   79 0.687407 [1.485899 / 0.037632]
  0   1  119 0.683794 [1.503707 / 0.034074]
  0   1  159 0.681191 [1.507882 / 0.037481]
  0   1  199 0.684757 [1.524160 / 0.041972]
  0   1  239 0.681223 [1.488240 / 0.030456]
  0   1  279 0.686833 [1.493115 / 0.032309]
  0   1  319 0.684378 [1.506439 / 0.033097]
  0   1  359 0.687353 [1.524671 / 0.033159]
  0   1  399 0.686374 [1.498134 / 0.033058]
  0   1  439 0.685722 [1.487273 / 0.030248]
  0   2   39 0.684968 [1.504753 / 0.027497]
  0   2   79 0.685935 [1.490193 / 0.030900]
  0   2  119 0.685649 [1.515326 / 0.036875]
  0   2  159 0.680228 [1.479276 / 0.034358]
  0   2  199 0.686910 [1.507032 / 0.037982]
  0   2  239 0.685278 [1.503349 / 0.030571]
  0   2  279 0.687007 [1.511862 / 0.026639]
  0   2  319 0.686216 [1.531978 / 0.027816]
  0   2  359 0.684457 [1.510648 / 0.035655]
  0   2  399 0.685642 [1.529122 / 0.037171]
  0   2  439 0.683265 [1.509085 / 0.029150]
  0   3   39 0.683006 [1.505664 / 0.029409]
  0   3   79 0.683734 [1.514929 / 0.033600]
  0   3  119 0.685020 [1.515992 / 0.026325]
  0   3  159 0.685099 [1.510052 / 0.029026]
  0   3  199 0.687270 [1.494751 / 0.025423]
  0   3  239 0.687615 [1.490419 / 0.026662]
  0   3  279 0.683282 [1.488366 / 0.025679]
  0   3  319 0.687110 [1.507747 / 0.026574]
  0   3  359 0.681576 [1.501047 / 0.027575]
  0   3  399 0.687334 [1.511779 / 0.027821]
  0   3  439 0.686243 [1.511103 / 0.027112]
  0   4   39 0.687640 [1.510007 / 0.028882]
  0   4   79 0.686746 [1.484200 / 0.024347]
  0   4  119 0.684085 [1.509739 / 0.028156]
  0   4  159 0.683843 [1.514763 / 0.031230]
  0   4  199 0.684717 [1.497559 / 0.023438]
  0   4  239 0.687547 [1.507660 / 0.023473]
  0   4  279 0.682343 [1.510893 / 0.024090]
  0   4  319 0.681291 [1.514968 / 0.022403]
  0   4  359 0.685002 [1.507856 / 0.027574]
  0   4  399 0.685636 [1.501849 / 0.021493]
  0   4  439 0.689824 [1.516222 / 0.025508]
  0   5   39 0.685076 [1.509713 / 0.023847]
  0   5   79 0.684619 [1.504149 / 0.026527]
  0   5  119 0.682163 [1.505994 / 0.027664]
  0   5  159 0.684702 [1.504789 / 0.022735]
  0   5  199 0.688206 [1.519133 / 0.027419]
  0   5  239 0.686798 [1.520087 / 0.026619]
  0   5  279 0.682403 [1.513295 / 0.022747]
  0   5  319 0.679770 [1.513754 / 0.023729]
  0   5  359 0.687701 [1.503423 / 0.021893]
  0   5  399 0.683918 [1.492277 / 0.019924]
  0   5  439 0.685940 [1.505876 / 0.022682]
  0   6   39 0.687802 [1.484063 / 0.025086]
  0   6   79 0.680851 [1.511151 / 0.020997]
  0   6  119 0.679118 [1.496476 / 0.019263]
  0   6  159 0.686612 [1.524968 / 0.021266]
  0   6  199 0.682515 [1.500076 / 0.021950]
  0   6  239 0.683003 [1.512390 / 0.018278]
  0   6  279 0.683808 [1.508288 / 0.018717]
  0   6  319 0.688499 [1.495570 / 0.023367]
  0   6  359 0.687291 [1.497960 / 0.017549]
  0   6  399 0.685768 [1.499635 / 0.019289]
  0   6  439 0.687440 [1.513930 / 0.017186]
  0   7   39 0.692814 [1.490015 / 0.020175]
  0   7   79 0.679405 [1.492727 / 0.018289]
  0   7  119 0.691902 [1.496646 / 0.019460]
  0   7  159 0.684981 [1.519599 / 0.018778]
  0   7  199 0.679156 [1.529330 / 0.016763]
  0   7  239 0.681776 [1.495269 / 0.016950]
  0   7  279 0.682203 [1.514421 / 0.017077]
  0   7  319 0.684855 [1.506410 / 0.016249]
  0   7  359 0.682409 [1.505689 / 0.021949]
  0   7  399 0.686631 [1.510906 / 0.017724]
  0   7  439 0.680281 [1.508476 / 0.017934]
  0   8   39 0.690294 [1.500422 / 0.015530]
  0   8   79 0.689306 [1.504996 / 0.018256]
  0   8  119 0.681942 [1.522678 / 0.018068]
  0   8  159 0.686685 [1.526652 / 0.017125]
  0   8  199 0.684527 [1.510084 / 0.018895]
  0   8  239 0.684200 [1.503162 / 0.019073]
  0   8  279 0.682309 [1.484015 / 0.016294]
  0   8  319 0.685248 [1.500251 / 0.017596]
  0   8  359 0.678715 [1.518681 / 0.018529]
  0   8  399 0.686478 [1.500447 / 0.018262]
  0   8  439 0.683528 [1.508109 / 0.016998]
  0   9   39 0.684230 [1.522684 / 0.018665]
  0   9   79 0.682695 [1.510936 / 0.016784]
  0   9  119 0.684469 [1.499678 / 0.016213]
  0   9  159 0.688333 [1.504848 / 0.016504]
  0   9  199 0.681634 [1.506948 / 0.015830]
  0   9  239 0.681027 [1.479531 / 0.015456]
  0   9  279 0.686775 [1.508659 / 0.016345]
  0   9  319 0.685887 [1.509859 / 0.016233]
  0   9  359 0.682614 [1.515176 / 0.015565]
  0   9  399 0.684437 [1.509260 / 0.019609]
  0   9  439 0.685853 [1.513073 / 0.019942]
  0  10   39 0.682114 [1.495874 / 0.016624]
  0  10   79 0.688537 [1.518623 / 0.015352]
  0  10  119 0.684340 [1.514482 / 0.018100]
  0  10  159 0.686431 [1.514232 / 0.018480]
  0  10  199 0.684184 [1.498967 / 0.018321]
  0  10  239 0.684412 [1.520134 / 0.013748]
  0  10  279 0.683973 [1.514696 / 0.014272]
  0  10  319 0.685036 [1.499623 / 0.017304]
  0  10  359 0.678074 [1.504996 / 0.014903]
  0  10  399 0.682705 [1.497166 / 0.016460]
  0  10  439 0.685835 [1.506742 / 0.019682]
  0  11   39 0.683478 [1.500879 / 0.018529]
  0  11   79 0.686091 [1.499198 / 0.017158]
  0  11  119 0.685865 [1.508521 / 0.026010]
  0  11  159 0.685349 [1.505421 / 0.027828]
  0  11  199 0.687637 [1.499838 / 0.036710]
  0  11  239 0.681302 [1.519750 / 0.043619]
  0  11  279 0.681528 [1.526269 / 0.041713]
  0  11  319 0.683835 [1.501459 / 0.021118]
  0  11  359 0.686085 [1.502331 / 0.037152]
  0  11  399 0.680361 [1.498928 / 0.030605]
  0  11  439 0.684688 [1.501078 / 0.021977]
  0  12   39 0.679911 [1.508619 / 0.066049]
  0  12   79 0.682526 [1.512331 / 0.025893]
  0  12  119 0.686294 [1.516048 / 0.027994]
  0  12  159 0.688555 [1.486455 / 0.041256]
  0  12  199 0.689172 [1.515441 / 0.056466]
  0  12  239 0.681708 [1.492809 / 0.027009]
  0  12  279 0.683107 [1.502144 / 0.038054]
  0  12  319 0.686086 [1.518268 / 0.057194]
  0  12  359 0.681345 [1.511554 / 0.043844]
  0  12  399 0.682706 [1.504513 / 0.042040]
  0  12  439 0.685080 [1.505065 / 0.039347]
  0  13   39 0.687004 [1.518024 / 0.063815]
  0  13   79 0.682326 [1.518015 / 0.064388]
  0  13  119 0.684456 [1.509783 / 0.050439]
  0  13  159 0.685748 [1.511774 / 0.064641]
  0  13  199 0.686609 [1.511282 / 0.073635]
  0  13  239 0.686322 [1.518017 / 0.041658]
  0  13  279 0.681307 [1.510307 / 0.039915]
  0  13  319 0.683958 [1.511559 / 0.038908]
  0  13  359 0.682333 [1.506545 / 0.054356]
  0  13  399 0.678323 [1.519753 / 0.055054]
  0  13  439 0.682832 [1.502946 / 0.042460]
  0  14   39 0.685748 [1.513694 / 0.057642]
  0  14   79 0.685918 [1.511862 / 0.041159]
  0  14  119 0.684380 [1.515130 / 0.052204]
  0  14  159 0.683392 [1.537523 / 0.063847]
  0  14  199 0.683502 [1.517450 / 0.098353]
  0  14  239 0.683432 [1.526528 / 0.067128]
  0  14  279 0.682992 [1.524052 / 0.067726]
  0  14  319 0.677608 [1.519873 / 0.070776]
  0  14  359 0.684480 [1.506211 / 0.038222]
  0  14  399 0.686171 [1.494047 / 0.057689]
  0  14  439 0.684244 [1.515659 / 0.039741]
  0  15   39 0.688754 [1.520779 / 0.053932]
  0  15   79 0.682210 [1.508003 / 0.047326]
  0  15  119 0.685278 [1.507467 / 0.037359]
  0  15  159 0.681328 [1.504228 / 0.033222]
  0  15  199 0.686467 [1.507399 / 0.027955]
  0  15  239 0.682244 [1.501724 / 0.046692]
  0  15  279 0.685502 [1.510804 / 0.049089]
  0  15  319 0.683373 [1.535887 / 0.065151]
  0  15  359 0.682201 [1.515346 / 0.063211]
  0  15  399 0.682802 [1.524408 / 0.069569]
  0  15  439 0.687054 [1.509200 / 0.057023]
  0  16   39 0.677093 [1.521444 / 0.042967]
  0  16   79 0.680552 [1.498381 / 0.049431]
  0  16  119 0.691916 [1.506561 / 0.048871]
  0  16  159 0.679193 [1.513115 / 0.047043]
  0  16  199 0.685529 [1.514990 / 0.045364]
  0  16  239 0.681422 [1.502309 / 0.030334]
  0  16  279 0.683729 [1.502011 / 0.034809]
  0  16  319 0.689565 [1.493533 / 0.033873]
  0  16  359 0.687459 [1.502826 / 0.023958]
  0  16  399 0.687472 [1.515471 / 0.044215]
  0  16  439 0.683341 [1.509538 / 0.046327]
  0  17   39 0.682829 [1.498559 / 0.027439]
  0  17   79 0.683874 [1.484386 / 0.038336]
  0  17  119 0.687273 [1.495927 / 0.046481]
  0  17  159 0.685680 [1.492873 / 0.040266]
  0  17  199 0.683850 [1.498983 / 0.062385]
  0  17  239 0.682230 [1.515169 / 0.047766]
  0  17  279 0.686901 [1.511432 / 0.044292]
  0  17  319 0.685124 [1.518379 / 0.045051]
  0  17  359 0.684217 [1.532321 / 0.069718]
  0  17  399 0.683515 [1.507495 / 0.041833]
  0  17  439 0.682951 [1.505658 / 0.044776]
  0  18   39 0.685980 [1.507905 / 0.037487]
  0  18   79 0.688639 [1.510247 / 0.044666]
  0  18  119 0.679899 [1.502794 / 0.062370]
  0  18  159 0.683319 [1.501003 / 0.034222]
  0  18  199 0.686244 [1.495046 / 0.046354]
  0  18  239 0.687407 [1.521647 / 0.060663]
  0  18  279 0.683124 [1.523419 / 0.052728]
  0  18  319 0.685143 [1.519484 / 0.063129]
  0  18  359 0.684164 [1.502136 / 0.049098]
  0  18  399 0.682087 [1.512972 / 0.085724]
  0  18  439 0.683170 [1.526711 / 0.072416]
  0  19   39 0.685392 [1.510570 / 0.029473]
  0  19   79 0.686984 [1.515463 / 0.047372]
  0  19  119 0.679712 [1.522132 / 0.065445]
  0  19  159 0.684262 [1.502926 / 0.068110]
  0  19  199 0.685456 [1.501720 / 0.052414]
  0  19  239 0.686284 [1.499051 / 0.032968]
  0  19  279 0.687109 [1.509768 / 0.037175]
  0  19  319 0.684448 [1.517370 / 0.039336]
  0  19  359 0.683592 [1.510431 / 0.049965]
  0  19  399 0.687186 [1.501984 / 0.059263]
  0  19  439 0.678101 [1.512828 / 0.039720]
Sequential (
  (0): Linear (784 -> 100)
  (1): ReLU ()
  (2): Linear (100 -> 784)
)
Namespace(batch_size=128, cnnc=10, cnnf=40, force_name=False, mode='mlpae_simple', name='mlpae_simple11', nc=10, nf=100, optimizer='Adam', weight_decay=0.1)
{'lr': 0.001, 'wd': 0.1}
