Sequential (
  (0): Linear (784 -> 800)
  (1): CatFactor (factors=80, categories=10, nonclass=True, stochastic=True)
  (2): Linear (800 -> 784)
)
Namespace(batch_size=128, mode='mlpae_s', name='mlpae_s1', nc=10, nf=80, optimizer='Adam')
{'lr': 0.001, 'wd': 0.0005}
  0   0   39 0.789848 [9.957140 / 0.339537]
  0   0   79 0.435373 [9.656613 / 0.176480]
  0   0  119 0.345846 [9.705686 / 0.133179]
  0   0  159 0.319610 [9.884859 / 0.123820]
  0   0  199 0.303202 [10.096247 / 0.117699]
  0   0  239 0.293449 [10.312451 / 0.117419]
  0   0  279 0.287109 [10.522295 / 0.114897]
  0   0  319 0.281225 [10.701113 / 0.112736]
  0   0  359 0.279788 [10.903115 / 0.117628]
  0   0  399 0.277130 [11.048869 / 0.113889]
  0   0  439 0.275201 [11.167199 / 0.116142]
  0   1   39 0.273496 [11.444035 / 0.112153]
  0   1   79 0.273680 [11.560643 / 0.125072]
  0   1  119 0.272138 [11.658671 / 0.118021]
  0   1  159 0.271650 [11.765325 / 0.115498]
  0   1  199 0.272621 [11.849724 / 0.115880]
  0   1  239 0.270076 [11.916918 / 0.112116]
  0   1  279 0.269306 [12.001306 / 0.114971]
  0   1  319 0.270059 [12.054690 / 0.113356]
  0   1  359 0.267575 [12.143569 / 0.118257]
  0   1  399 0.268626 [12.189923 / 0.113250]
  0   1  439 0.270498 [12.281017 / 0.114725]
  0   2   39 0.268989 [12.385036 / 0.115083]
  0   2   79 0.267267 [12.408380 / 0.111718]
  0   2  119 0.266951 [12.468570 / 0.115309]
  0   2  159 0.265094 [12.526641 / 0.111665]
  0   2  199 0.267815 [12.563131 / 0.116899]
  0   2  239 0.265870 [12.588473 / 0.112699]
  0   2  279 0.264496 [12.642292 / 0.110052]
  0   2  319 0.264335 [12.640148 / 0.122084]
  0   2  359 0.264757 [12.703427 / 0.117152]
  0   2  399 0.262005 [12.735951 / 0.116459]
  0   2  439 0.264869 [12.777721 / 0.112337]
  0   3   39 0.261865 [12.821936 / 0.113930]
  0   3   79 0.262070 [12.865941 / 0.119251]
  0   3  119 0.263151 [12.907811 / 0.116945]
  0   3  159 0.259738 [12.933415 / 0.111098]
  0   3  199 0.259848 [12.929811 / 0.120374]
  0   3  239 0.260379 [12.981703 / 0.129281]
  0   3  279 0.258503 [13.002456 / 0.117558]
  0   3  319 0.259946 [13.030083 / 0.114307]
  0   3  359 0.261625 [13.051542 / 0.117712]
  0   3  399 0.259445 [13.086419 / 0.137938]
  0   3  439 0.261315 [13.110591 / 0.128825]
  0   4   39 0.257819 [13.167203 / 0.156375]
  0   4   79 0.257420 [13.171700 / 0.126723]
  0   4  119 0.256834 [13.183971 / 0.129161]
  0   4  159 0.257768 [13.207273 / 0.120560]
  0   4  199 0.260566 [13.250857 / 0.120902]
  0   4  239 0.256808 [13.275841 / 0.124053]
  0   4  279 0.256736 [13.274850 / 0.125053]
  0   4  319 0.257256 [13.289130 / 0.130996]
  0   4  359 0.257372 [13.311047 / 0.153309]
  0   4  399 0.257454 [13.324483 / 0.161102]
  0   4  439 0.255263 [13.354774 / 0.155196]
  1   0   39 0.253927 [13.320040 / 0.060259]
  1   0   79 0.252090 [13.301077 / 0.056421]
  1   0  119 0.250821 [13.283734 / 0.059962]
  1   0  159 0.253699 [13.278247 / 0.057249]
  1   0  199 0.251631 [13.286825 / 0.057798]
  1   0  239 0.248536 [13.286316 / 0.057124]
  1   0  279 0.250307 [13.269312 / 0.060092]
  1   0  319 0.248676 [13.296271 / 0.056564]
  1   0  359 0.249835 [13.291903 / 0.058283]
  1   0  399 0.247052 [13.277063 / 0.058600]
  1   0  439 0.250049 [13.289847 / 0.060113]
  1   1   39 0.250637 [13.304325 / 0.055470]
  1   1   79 0.247921 [13.310046 / 0.057975]
  1   1  119 0.248842 [13.310834 / 0.060980]
  1   1  159 0.246476 [13.318991 / 0.059211]
  1   1  199 0.248188 [13.318961 / 0.061471]
  1   1  239 0.248627 [13.315027 / 0.058829]
  1   1  279 0.248850 [13.336976 / 0.063945]
  1   1  319 0.244987 [13.336568 / 0.059206]
  1   1  359 0.248957 [13.359711 / 0.058222]
  1   1  399 0.245809 [13.349021 / 0.059670]
  1   1  439 0.248399 [13.346657 / 0.062692]
  1   2   39 0.248379 [13.355837 / 0.061369]
  1   2   79 0.244372 [13.361357 / 0.062809]
  1   2  119 0.248186 [13.371707 / 0.058544]
  1   2  159 0.248320 [13.378033 / 0.060565]
  1   2  199 0.247588 [13.370843 / 0.066823]
  1   2  239 0.247474 [13.374056 / 0.068334]
  1   2  279 0.245948 [13.381087 / 0.063172]
  1   2  319 0.246783 [13.398583 / 0.060348]
  1   2  359 0.244908 [13.385942 / 0.071280]
  1   2  399 0.244586 [13.398775 / 0.071690]
  1   2  439 0.244728 [13.407164 / 0.072853]
  1   3   39 0.244887 [13.415151 / 0.070755]
  1   3   79 0.245066 [13.418440 / 0.077271]
  1   3  119 0.246976 [13.425141 / 0.075469]
  1   3  159 0.245083 [13.421184 / 0.074266]
  1   3  199 0.246443 [13.432239 / 0.086873]
  1   3  239 0.245577 [13.420025 / 0.073496]
  1   3  279 0.244608 [13.423088 / 0.079872]
  1   3  319 0.246895 [13.441475 / 0.076486]
  1   3  359 0.245937 [13.442719 / 0.077875]
  1   3  399 0.245110 [13.443461 / 0.087206]
  1   3  439 0.245796 [13.442819 / 0.084960]
  1   4   39 0.243544 [13.446718 / 0.079570]
  1   4   79 0.246732 [13.450720 / 0.086342]
  1   4  119 0.244874 [13.453308 / 0.086365]
  1   4  159 0.244135 [13.462763 / 0.077938]
  1   4  199 0.246969 [13.462463 / 0.079298]
  1   4  239 0.248029 [13.480308 / 0.077475]
  1   4  279 0.246316 [13.473363 / 0.074988]
  1   4  319 0.243883 [13.465266 / 0.084461]
  1   4  359 0.245401 [13.464353 / 0.086018]
  1   4  399 0.243470 [13.473021 / 0.088450]
  1   4  439 0.245393 [13.466286 / 0.077531]
  2   0   39 0.244031 [13.470775 / 0.034143]
  2   0   79 0.243587 [13.458323 / 0.030057]
  2   0  119 0.242577 [13.463630 / 0.030174]
  2   0  159 0.241632 [13.461226 / 0.029574]
  2   0  199 0.242947 [13.454247 / 0.029475]
  2   0  239 0.244751 [13.462373 / 0.029489]
  2   0  279 0.242161 [13.456599 / 0.030014]
  2   0  319 0.242334 [13.449782 / 0.032423]
  2   0  359 0.241465 [13.445101 / 0.029382]
  2   0  399 0.242396 [13.443497 / 0.028826]
  2   0  439 0.241697 [13.440731 / 0.028829]
  2   1   39 0.241259 [13.442856 / 0.028292]
  2   1   79 0.242931 [13.454905 / 0.029367]
  2   1  119 0.242314 [13.449524 / 0.030764]
  2   1  159 0.241281 [13.436564 / 0.031961]
  2   1  199 0.242161 [13.436807 / 0.031517]
  2   1  239 0.240769 [13.439588 / 0.030163]
  2   1  279 0.242043 [13.440099 / 0.032094]
  2   1  319 0.241467 [13.444551 / 0.031507]
  2   1  359 0.242343 [13.448528 / 0.031869]
  2   1  399 0.242028 [13.443367 / 0.031872]
  2   1  439 0.242819 [13.441779 / 0.032007]
  2   2   39 0.241879 [13.440371 / 0.033612]
  2   2   79 0.243570 [13.458162 / 0.031062]
  2   2  119 0.242122 [13.449824 / 0.030413]
  2   2  159 0.239493 [13.451842 / 0.031322]
  2   2  199 0.240694 [13.458736 / 0.034516]
  2   2  239 0.239970 [13.448372 / 0.033660]
  2   2  279 0.242805 [13.451517 / 0.040503]
  2   2  319 0.238999 [13.450142 / 0.033364]
  2   2  359 0.242362 [13.452343 / 0.034002]
  2   2  399 0.241353 [13.457326 / 0.031573]
  2   2  439 0.240083 [13.452289 / 0.033881]
  2   3   39 0.243123 [13.460982 / 0.037476]
  2   3   79 0.241312 [13.461569 / 0.035196]
  2   3  119 0.242138 [13.457523 / 0.034591]
  2   3  159 0.239047 [13.460065 / 0.034777]
  2   3  199 0.240653 [13.463357 / 0.035781]
  2   3  239 0.241890 [13.468058 / 0.041608]
  2   3  279 0.242010 [13.470484 / 0.035287]
  2   3  319 0.238036 [13.463138 / 0.034736]
  2   3  359 0.239797 [13.469091 / 0.039446]
  2   3  399 0.239301 [13.458837 / 0.037540]
  2   3  439 0.240552 [13.468110 / 0.037527]
  2   4   39 0.240398 [13.472149 / 0.045656]
  2   4   79 0.241511 [13.471133 / 0.040627]
  2   4  119 0.238984 [13.461281 / 0.036776]
  2   4  159 0.239467 [13.471406 / 0.036913]
  2   4  199 0.240407 [13.479846 / 0.042068]
  2   4  239 0.241704 [13.469422 / 0.044608]
  2   4  279 0.241028 [13.474546 / 0.040414]
  2   4  319 0.240663 [13.483225 / 0.043693]
  2   4  359 0.239482 [13.473932 / 0.043791]
  2   4  399 0.241344 [13.463620 / 0.046189]
  2   4  439 0.241119 [13.474675 / 0.039121]
  3   0   39 0.239411 [13.468621 / 0.017726]
  3   0   79 0.239127 [13.466312 / 0.015522]
  3   0  119 0.239510 [13.472520 / 0.014605]
  3   0  159 0.238675 [13.467985 / 0.014945]
  3   0  199 0.240464 [13.467656 / 0.015095]
  3   0  239 0.239321 [13.463782 / 0.015098]
  3   0  279 0.238558 [13.466126 / 0.015668]
  3   0  319 0.238846 [13.462921 / 0.015155]
  3   0  359 0.239998 [13.459152 / 0.015301]
  3   0  399 0.239752 [13.460665 / 0.014560]
  3   0  439 0.240391 [13.462497 / 0.014545]
  3   1   39 0.238750 [13.462030 / 0.014733]
  3   1   79 0.238186 [13.464430 / 0.014698]
  3   1  119 0.239123 [13.460438 / 0.015355]
  3   1  159 0.238898 [13.463103 / 0.015467]
  3   1  199 0.237260 [13.459720 / 0.015448]
  3   1  239 0.239414 [13.457947 / 0.015613]
  3   1  279 0.241430 [13.461614 / 0.016807]
  3   1  319 0.239764 [13.461345 / 0.016206]
  3   1  359 0.237664 [13.462964 / 0.017271]
  3   1  399 0.239835 [13.467068 / 0.017627]
  3   1  439 0.238845 [13.469696 / 0.016352]
  3   2   39 0.237643 [13.467323 / 0.016144]
  3   2   79 0.238284 [13.466129 / 0.015881]
  3   2  119 0.238275 [13.469148 / 0.016689]
  3   2  159 0.240708 [13.470461 / 0.015820]
  3   2  199 0.236636 [13.463180 / 0.015797]
  3   2  239 0.240260 [13.467084 / 0.016994]
  3   2  279 0.239795 [13.467186 / 0.016327]
  3   2  319 0.238858 [13.460974 / 0.017379]
  3   2  359 0.236499 [13.458809 / 0.016043]
  3   2  399 0.241528 [13.465224 / 0.017482]
  3   2  439 0.239266 [13.464977 / 0.017170]
  3   3   39 0.238043 [13.464807 / 0.016354]
  3   3   79 0.238058 [13.467483 / 0.017425]
  3   3  119 0.240915 [13.464240 / 0.016424]
  3   3  159 0.237471 [13.466098 / 0.015025]
  3   3  199 0.240291 [13.465178 / 0.015474]
  3   3  239 0.238984 [13.467194 / 0.015180]
  3   3  279 0.236596 [13.468732 / 0.016057]
  3   3  319 0.239610 [13.466033 / 0.015439]
  3   3  359 0.238800 [13.462351 / 0.017101]
  3   3  399 0.239469 [13.469646 / 0.017508]
  3   3  439 0.239256 [13.465907 / 0.018712]
  3   4   39 0.238492 [13.466913 / 0.017701]
  3   4   79 0.238838 [13.466379 / 0.018245]
  3   4  119 0.238556 [13.465342 / 0.018201]
  3   4  159 0.239379 [13.464250 / 0.020481]
  3   4  199 0.239888 [13.471065 / 0.018807]
  3   4  239 0.239024 [13.471795 / 0.017601]
  3   4  279 0.236737 [13.473266 / 0.019103]
  3   4  319 0.238864 [13.469692 / 0.018582]
  3   4  359 0.238541 [13.467866 / 0.019417]
  3   4  399 0.236866 [13.461630 / 0.019014]
  3   4  439 0.240029 [13.466016 / 0.019917]
  4   0   39 0.238801 [13.469113 / 0.008051]
  4   0   79 0.237216 [13.470112 / 0.007645]
  4   0  119 0.235370 [13.465030 / 0.007628]
  4   0  159 0.237285 [13.469829 / 0.007575]
  4   0  199 0.236764 [13.465499 / 0.007601]
  4   0  239 0.238193 [13.466916 / 0.007654]
  4   0  279 0.238000 [13.469725 / 0.007679]
  4   0  319 0.237651 [13.466029 / 0.007862]
  4   0  359 0.237392 [13.464351 / 0.007732]
  4   0  399 0.238496 [13.465253 / 0.008249]
  4   0  439 0.239034 [13.467633 / 0.007552]
  4   1   39 0.234949 [13.465870 / 0.007963]
  4   1   79 0.237077 [13.464697 / 0.007873]
  4   1  119 0.236056 [13.464539 / 0.008399]
  4   1  159 0.235921 [13.465301 / 0.007751]
  4   1  199 0.236094 [13.462327 / 0.007984]
  4   1  239 0.238099 [13.463395 / 0.007825]
  4   1  279 0.239007 [13.462009 / 0.007560]
  4   1  319 0.239164 [13.465072 / 0.007966]
  4   1  359 0.239924 [13.464778 / 0.007792]
  4   1  399 0.238846 [13.463549 / 0.007615]
  4   1  439 0.239112 [13.465636 / 0.007654]
  4   2   39 0.237164 [13.463293 / 0.007588]
  4   2   79 0.237570 [13.461850 / 0.007865]
  4   2  119 0.237019 [13.463375 / 0.007601]
  4   2  159 0.237051 [13.464500 / 0.007686]
  4   2  199 0.237710 [13.464651 / 0.007219]
  4   2  239 0.236514 [13.466073 / 0.007685]
  4   2  279 0.238253 [13.468548 / 0.007757]
  4   2  319 0.237974 [13.467767 / 0.007666]
  4   2  359 0.238031 [13.469155 / 0.008133]
  4   2  399 0.238024 [13.466222 / 0.008321]
  4   2  439 0.236696 [13.466040 / 0.009775]
  4   3   39 0.236856 [13.466680 / 0.008317]
  4   3   79 0.236917 [13.463058 / 0.007566]
  4   3  119 0.238488 [13.466336 / 0.008064]
  4   3  159 0.238708 [13.468909 / 0.007746]
  4   3  199 0.237343 [13.462014 / 0.007852]
  4   3  239 0.238413 [13.466274 / 0.008125]
  4   3  279 0.235233 [13.464020 / 0.008009]
  4   3  319 0.237811 [13.467045 / 0.009179]
  4   3  359 0.235914 [13.460412 / 0.008940]
  4   3  399 0.238052 [13.463578 / 0.008333]
  4   3  439 0.235742 [13.465842 / 0.008401]
  4   4   39 0.236097 [13.461226 / 0.007924]
  4   4   79 0.239864 [13.466013 / 0.008549]
  4   4  119 0.235199 [13.462172 / 0.009721]
  4   4  159 0.237992 [13.464948 / 0.008578]
  4   4  199 0.236777 [13.468300 / 0.008733]
  4   4  239 0.238990 [13.470234 / 0.009488]
  4   4  279 0.237245 [13.469905 / 0.009461]
  4   4  319 0.238217 [13.469285 / 0.010080]
  4   4  359 0.236621 [13.468163 / 0.008875]
  4   4  399 0.239229 [13.470316 / 0.009040]
  4   4  439 0.237478 [13.468588 / 0.009148]
Sequential (
  (0): Linear (784 -> 800)
  (1): CatFactor (factors=80, categories=10, nonclass=True, stochastic=True)
  (2): Linear (800 -> 784)
)
Namespace(batch_size=128, mode='mlpae_s', name='mlpae_s1', nc=10, nf=80, optimizer='Adam')
{'lr': 0.001, 'wd': 0.0005}
