  0   0   39 0.693864 [23.633328 / 0.437557]
  0   0   79 0.380016 [25.507882 / 0.301287]
  0   0  119 0.270712 [27.620944 / 0.234761]
  0   0  159 0.218118 [29.288877 / 0.205531]
  0   0  199 0.188295 [30.606717 / 0.192008]
  0   0  239 0.169979 [31.715505 / 0.176874]
  0   0  279 0.155616 [32.600934 / 0.167201]
  0   0  319 0.145187 [33.285044 / 0.165458]
  0   0  359 0.137888 [33.856913 / 0.166437]
  0   0  399 0.133354 [34.392571 / 0.162865]
  0   0  439 0.128620 [34.838960 / 0.162098]
  0   1   39 0.122686 [35.507464 / 0.158868]
  0   1   79 0.118359 [35.759198 / 0.154373]
  0   1  119 0.117110 [36.004624 / 0.159464]
  0   1  159 0.115049 [36.215712 / 0.156171]
  0   1  199 0.114233 [36.426783 / 0.154078]
  0   1  239 0.113174 [36.601371 / 0.164300]
  0   1  279 0.111082 [36.746806 / 0.159038]
  0   1  319 0.109407 [36.851112 / 0.156240]
  0   1  359 0.108223 [36.919983 / 0.156493]
  0   1  399 0.107977 [37.033930 / 0.157545]
  0   1  439 0.107286 [37.127028 / 0.159572]
  0   2   39 0.104248 [37.279217 / 0.159572]
  0   2   79 0.103340 [37.319472 / 0.156883]
  0   2  119 0.103761 [37.370210 / 0.157204]
  0   2  159 0.102656 [37.405909 / 0.157194]
  0   2  199 0.102760 [37.484921 / 0.157310]
  0   2  239 0.102020 [37.523171 / 0.159572]
  0   2  279 0.100530 [37.523201 / 0.156519]
  0   2  319 0.101701 [37.592845 / 0.157320]
  0   2  359 0.100591 [37.606853 / 0.161597]
  0   2  399 0.100449 [37.633271 / 0.157357]
  0   2  439 0.099891 [37.647221 / 0.157858]
  0   3   39 0.098477 [37.683147 / 0.154268]
  0   3   79 0.097607 [37.673708 / 0.154587]
  0   3  119 0.098013 [37.670623 / 0.157013]
  0   3  159 0.098036 [37.730076 / 0.156975]
  0   3  199 0.098346 [37.763320 / 0.161191]
  0   3  239 0.096032 [37.727085 / 0.158000]
  0   3  279 0.097347 [37.766645 / 0.154200]
  0   3  319 0.096609 [37.785373 / 0.158261]
  0   3  359 0.095518 [37.747200 / 0.156774]
  0   3  399 0.096745 [37.798278 / 0.158359]
  0   3  439 0.096897 [37.830603 / 0.161695]
  0   4   39 0.094410 [37.809460 / 0.156843]
  0   4   79 0.095488 [37.840496 / 0.155529]
  0   4  119 0.095508 [37.856652 / 0.158953]
  0   4  159 0.094422 [37.851770 / 0.155809]
  0   4  199 0.093419 [37.830013 / 0.156241]
  0   4  239 0.094395 [37.836741 / 0.158786]
  0   4  279 0.094220 [37.817506 / 0.156428]
  0   4  319 0.093841 [37.824459 / 0.163326]
  0   4  359 0.094107 [37.847968 / 0.156170]
  0   4  399 0.092884 [37.815001 / 0.155165]
  0   4  439 0.092977 [37.837270 / 0.160103]
  1   0   39 0.091843 [37.827166 / 0.076920]
  1   0   79 0.091148 [37.829467 / 0.076899]
  1   0  119 0.091256 [37.834010 / 0.076434]
  1   0  159 0.091194 [37.831514 / 0.077926]
  1   0  199 0.090910 [37.823139 / 0.077402]
  1   0  239 0.091721 [37.836368 / 0.077239]
  1   0  279 0.090710 [37.823872 / 0.078059]
  1   0  319 0.090771 [37.815957 / 0.078900]
  1   0  359 0.091179 [37.832967 / 0.080800]
  1   0  399 0.090144 [37.813631 / 0.078529]
  1   0  439 0.090448 [37.816871 / 0.081066]
  1   1   39 0.090130 [37.827739 / 0.078550]
  1   1   79 0.089678 [37.821215 / 0.080108]
  1   1  119 0.089802 [37.824219 / 0.080396]
  1   1  159 0.090152 [37.830012 / 0.084573]
  1   1  199 0.089959 [37.828846 / 0.080101]
  1   1  239 0.090207 [37.830345 / 0.082607]
  1   1  279 0.089550 [37.834533 / 0.082409]
  1   1  319 0.089301 [37.831657 / 0.079865]
  1   1  359 0.089312 [37.822593 / 0.081992]
  1   1  399 0.090082 [37.832472 / 0.083298]
  1   1  439 0.090920 [37.854313 / 0.085017]
  1   2   39 0.089116 [37.875201 / 0.080781]
  1   2   79 0.089589 [37.879982 / 0.081094]
  1   2  119 0.088551 [37.859470 / 0.082004]
  1   2  159 0.088611 [37.842787 / 0.084173]
  1   2  199 0.089180 [37.851918 / 0.084292]
  1   2  239 0.089009 [37.837412 / 0.087431]
  1   2  279 0.088126 [37.822667 / 0.085866]
  1   2  319 0.088834 [37.823147 / 0.082955]
  1   2  359 0.088822 [37.820937 / 0.085289]
  1   2  399 0.089266 [37.835745 / 0.083608]
  1   2  439 0.089567 [37.834538 / 0.084600]
  1   3   39 0.087317 [37.821191 / 0.083338]
  1   3   79 0.088116 [37.820520 / 0.083508]
  1   3  119 0.088227 [37.826495 / 0.084045]
  1   3  159 0.088230 [37.820790 / 0.086676]
  1   3  199 0.088700 [37.836269 / 0.085887]
  1   3  239 0.088439 [37.833302 / 0.085078]
  1   3  279 0.088479 [37.835349 / 0.084721]
  1   3  319 0.086980 [37.817537 / 0.085072]
  1   3  359 0.088103 [37.813683 / 0.085754]
  1   3  399 0.088438 [37.819511 / 0.088745]
  1   3  439 0.087982 [37.803044 / 0.085494]
  1   4   39 0.088150 [37.828959 / 0.085376]
  1   4   79 0.087346 [37.809852 / 0.086739]
  1   4  119 0.087228 [37.813962 / 0.084902]
  1   4  159 0.087892 [37.819128 / 0.085366]
  1   4  199 0.087545 [37.818468 / 0.085707]
  1   4  239 0.086682 [37.802726 / 0.086999]
  1   4  279 0.086299 [37.784963 / 0.084278]
  1   4  319 0.086933 [37.781172 / 0.090048]
  1   4  359 0.087544 [37.800364 / 0.085941]
  1   4  399 0.087644 [37.801724 / 0.087752]
  1   4  439 0.087006 [37.796443 / 0.087066]
  2   0   39 0.086585 [37.799210 / 0.042968]
  2   0   79 0.086038 [37.794989 / 0.044327]
  2   0  119 0.086618 [37.802026 / 0.041993]
  2   0  159 0.085607 [37.791428 / 0.042823]
  2   0  199 0.086012 [37.786323 / 0.042720]
  2   0  239 0.086252 [37.781837 / 0.044790]
  2   0  279 0.085404 [37.769978 / 0.042762]
  2   0  319 0.085397 [37.759183 / 0.044469]
  2   0  359 0.087034 [37.770186 / 0.044471]
  2   0  399 0.085894 [37.769799 / 0.043047]
  2   0  439 0.085801 [37.772089 / 0.043773]
  2   1   39 0.085658 [37.784855 / 0.042234]
  2   1   79 0.086567 [37.795559 / 0.043984]
  2   1  119 0.086079 [37.791433 / 0.042737]
  2   1  159 0.084671 [37.769813 / 0.043265]
  2   1  199 0.085534 [37.763707 / 0.043478]
  2   1  239 0.086060 [37.765183 / 0.045460]
  2   1  279 0.085348 [37.775337 / 0.044517]
  2   1  319 0.084629 [37.754697 / 0.046111]
  2   1  359 0.085668 [37.760150 / 0.044245]
  2   1  399 0.086208 [37.762640 / 0.043951]
  2   1  439 0.085464 [37.759189 / 0.044126]
  2   2   39 0.085760 [37.774277 / 0.043031]
  2   2   79 0.084991 [37.768966 / 0.045731]
  2   2  119 0.084969 [37.761869 / 0.047241]
  2   2  159 0.085417 [37.766429 / 0.044282]
  2   2  199 0.086202 [37.769881 / 0.045952]
  2   2  239 0.085904 [37.775229 / 0.046510]
  2   2  279 0.085384 [37.776891 / 0.044796]
  2   2  319 0.084166 [37.757123 / 0.045521]
  2   2  359 0.084795 [37.744303 / 0.046162]
  2   2  399 0.085599 [37.748335 / 0.045049]
  2   2  439 0.085603 [37.755850 / 0.047078]
  2   3   39 0.084925 [37.755555 / 0.046362]
  2   3   79 0.084039 [37.744043 / 0.045050]
  2   3  119 0.085052 [37.748062 / 0.043709]
  2   3  159 0.084898 [37.752466 / 0.046182]
  2   3  199 0.084795 [37.743070 / 0.044571]
  2   3  239 0.085830 [37.744399 / 0.047077]
  2   3  279 0.085511 [37.746792 / 0.046199]
  2   3  319 0.085089 [37.755184 / 0.045668]
  2   3  359 0.084721 [37.749306 / 0.045924]
  2   3  399 0.084972 [37.744788 / 0.047075]
  2   3  439 0.085739 [37.757961 / 0.046825]
  2   4   39 0.084360 [37.745472 / 0.047097]
  2   4   79 0.085553 [37.758247 / 0.047419]
  2   4  119 0.084182 [37.750053 / 0.045055]
  2   4  159 0.085450 [37.761448 / 0.047304]
  2   4  199 0.084784 [37.757061 / 0.047558]
  2   4  239 0.084709 [37.751152 / 0.047212]
  2   4  279 0.084421 [37.746069 / 0.046520]
  2   4  319 0.084037 [37.727968 / 0.045510]
  2   4  359 0.085292 [37.735648 / 0.046503]
  2   4  399 0.084783 [37.744033 / 0.046158]
  2   4  439 0.084564 [37.740475 / 0.047243]
  3   0   39 0.083383 [37.726269 / 0.022963]
  3   0   79 0.084562 [37.729135 / 0.022663]
  3   0  119 0.083657 [37.728167 / 0.023063]
  3   0  159 0.084685 [37.730117 / 0.023516]
  3   0  199 0.084538 [37.734475 / 0.023911]
  3   0  239 0.084419 [37.734371 / 0.023539]
  3   0  279 0.084382 [37.735285 / 0.023046]
  3   0  319 0.084411 [37.734378 / 0.023005]
  3   0  359 0.083824 [37.732887 / 0.023387]
  3   0  399 0.083945 [37.728391 / 0.023366]
  3   0  439 0.083797 [37.725504 / 0.023510]
  3   1   39 0.084362 [37.723924 / 0.023820]
  3   1   79 0.084277 [37.731214 / 0.023956]
  3   1  119 0.084116 [37.729119 / 0.023412]
  3   1  159 0.083801 [37.724789 / 0.023425]
  3   1  199 0.083293 [37.721078 / 0.023444]
  3   1  239 0.084313 [37.727179 / 0.023933]
  3   1  279 0.084146 [37.726370 / 0.023322]
  3   1  319 0.083872 [37.730120 / 0.023670]
  3   1  359 0.083176 [37.726953 / 0.023937]
  3   1  399 0.084503 [37.727498 / 0.024835]
  3   1  439 0.083240 [37.726752 / 0.024113]
  3   2   39 0.083912 [37.725257 / 0.024319]
  3   2   79 0.084022 [37.728854 / 0.023989]
  3   2  119 0.083233 [37.722233 / 0.024321]
  3   2  159 0.083269 [37.722610 / 0.023986]
  3   2  199 0.085232 [37.731371 / 0.025530]
  3   2  239 0.083796 [37.729081 / 0.024508]
  3   2  279 0.084136 [37.727021 / 0.024565]
  3   2  319 0.083187 [37.723510 / 0.023792]
  3   2  359 0.083187 [37.723399 / 0.023726]
  3   2  399 0.084340 [37.722866 / 0.024449]
  3   2  439 0.082840 [37.718606 / 0.025258]
  3   3   39 0.083152 [37.718184 / 0.024087]
  3   3   79 0.084400 [37.724608 / 0.025269]
  3   3  119 0.084253 [37.731302 / 0.024881]
  3   3  159 0.083174 [37.727329 / 0.025024]
  3   3  199 0.083055 [37.722599 / 0.024940]
  3   3  239 0.083292 [37.722176 / 0.025144]
  3   3  279 0.083070 [37.718350 / 0.024716]
  3   3  319 0.083450 [37.721291 / 0.025029]
  3   3  359 0.084315 [37.718986 / 0.024800]
  3   3  399 0.083933 [37.721198 / 0.025361]
  3   3  439 0.083896 [37.722607 / 0.024699]
  3   4   39 0.083672 [37.722829 / 0.025100]
  3   4   79 0.082936 [37.717739 / 0.024875]
  3   4  119 0.083903 [37.724136 / 0.025183]
  3   4  159 0.083102 [37.716483 / 0.027541]
  3   4  199 0.084710 [37.726692 / 0.025222]
  3   4  239 0.083513 [37.727338 / 0.025603]
  3   4  279 0.083408 [37.727634 / 0.024340]
  3   4  319 0.082569 [37.715211 / 0.024434]
  3   4  359 0.084323 [37.722768 / 0.025221]
  3   4  399 0.082999 [37.720410 / 0.024819]
  3   4  439 0.082801 [37.713478 / 0.025172]
  4   0   39 0.084334 [37.717116 / 0.012760]
  4   0   79 0.083054 [37.717003 / 0.012265]
  4   0  119 0.083019 [37.712790 / 0.013159]
  4   0  159 0.083002 [37.714832 / 0.012154]
  4   0  199 0.082488 [37.711103 / 0.012126]
  4   0  239 0.081937 [37.708446 / 0.012670]
  4   0  279 0.082586 [37.705757 / 0.013202]
  4   0  319 0.083631 [37.709339 / 0.012915]
  4   0  359 0.083134 [37.708225 / 0.012795]
  4   0  399 0.083512 [37.707962 / 0.012145]
  4   0  439 0.083491 [37.711682 / 0.012649]
  4   1   39 0.083309 [37.712414 / 0.012447]
  4   1   79 0.082399 [37.712166 / 0.012437]
  4   1  119 0.082853 [37.709502 / 0.012604]
  4   1  159 0.084023 [37.713975 / 0.013510]
  4   1  199 0.083554 [37.717606 / 0.012613]
  4   1  239 0.082075 [37.713698 / 0.012791]
  4   1  279 0.083156 [37.713564 / 0.012452]
  4   1  319 0.083162 [37.710563 / 0.012420]
  4   1  359 0.084124 [37.713592 / 0.013247]
  4   1  399 0.082267 [37.712473 / 0.014102]
  4   1  439 0.082467 [37.710616 / 0.012387]
  4   2   39 0.083385 [37.712462 / 0.013021]
  4   2   79 0.082110 [37.708001 / 0.012578]
  4   2  119 0.083205 [37.710686 / 0.012914]
  4   2  159 0.082205 [37.709344 / 0.012988]
  4   2  199 0.083620 [37.709376 / 0.013410]
  4   2  239 0.083884 [37.713351 / 0.013036]
  4   2  279 0.083032 [37.713772 / 0.012668]
  4   2  319 0.083442 [37.711229 / 0.013441]
  4   2  359 0.082502 [37.710009 / 0.014037]
  4   2  399 0.082548 [37.708035 / 0.012667]
  4   2  439 0.083616 [37.709387 / 0.012981]
  4   3   39 0.083247 [37.712413 / 0.013252]
  4   3   79 0.082361 [37.710368 / 0.013093]
  4   3  119 0.082713 [37.709332 / 0.012859]
  4   3  159 0.083147 [37.708438 / 0.012763]
  4   3  199 0.083049 [37.709781 / 0.013047]
  4   3  239 0.081327 [37.704153 / 0.012862]
  4   3  279 0.082953 [37.703816 / 0.013559]
  4   3  319 0.083408 [37.705176 / 0.013787]
  4   3  359 0.083323 [37.703742 / 0.013039]
  4   3  399 0.083192 [37.705003 / 0.012843]
  4   3  439 0.083280 [37.706571 / 0.013508]
  4   4   39 0.083731 [37.712997 / 0.012912]
  4   4   79 0.082762 [37.710193 / 0.013541]
  4   4  119 0.082838 [37.710675 / 0.013800]
  4   4  159 0.082700 [37.707985 / 0.012581]
  4   4  199 0.082592 [37.708726 / 0.012780]
  4   4  239 0.082978 [37.706162 / 0.013333]
  4   4  279 0.083017 [37.704446 / 0.012705]
  4   4  319 0.083225 [37.708929 / 0.013545]
  4   4  359 0.082977 [37.710227 / 0.013138]
  4   4  399 0.082462 [37.707078 / 0.013256]
  4   4  439 0.082431 [37.707011 / 0.012957]
Sequential (
  (0): Linear (784 -> 800)
  (1): CatFactor (factors=80, categories=10, nonclass=True, output_sum=False)
  (2): Linear (800 -> 784)
)
