Sequential (
  (0): Linear (784 -> 400)
  (1): ReLU ()
  (2): Linear (400 -> 784)
)
Namespace(batch_size=128, mode='mlpae_simple', name='mlpae_simple7', nc=10, nf=400, optimizer='Adam')
{'lr': 0.001, 'wd': 0.0005}
  0   0   39 0.517337 [17.563579 / 0.232474]
  0   0   79 0.216650 [16.225104 / 0.151527]
  0   0  119 0.138482 [15.640318 / 0.118317]
  0   0  159 0.108212 [15.340243 / 0.099163]
  0   0  199 0.091919 [15.179353 / 0.094551]
  0   0  239 0.081860 [15.127787 / 0.088652]
  0   0  279 0.075955 [15.112425 / 0.083630]
  0   0  319 0.071300 [15.117287 / 0.078492]
  0   0  359 0.066962 [15.118901 / 0.081003]
  0   0  399 0.064062 [15.115030 / 0.079261]
  0   0  439 0.062639 [15.124053 / 0.075138]
  0   1   39 0.060283 [15.149587 / 0.077745]
  0   1   79 0.058848 [15.168107 / 0.077407]
  0   1  119 0.058065 [15.168641 / 0.078187]
  0   1  159 0.057812 [15.191554 / 0.073453]
  0   1  199 0.057377 [15.202529 / 0.076756]
  0   1  239 0.056871 [15.197712 / 0.078524]
  0   1  279 0.056347 [15.214372 / 0.081040]
  0   1  319 0.055506 [15.214581 / 0.079207]
  0   1  359 0.055263 [15.214593 / 0.076080]
  0   1  399 0.055364 [15.221731 / 0.080824]
  0   1  439 0.055344 [15.235119 / 0.077526]
  0   2   39 0.054242 [15.228715 / 0.078588]
  0   2   79 0.055183 [15.254610 / 0.080184]
  0   2  119 0.053954 [15.244048 / 0.074941]
  0   2  159 0.053699 [15.238943 / 0.076476]
  0   2  199 0.054125 [15.244870 / 0.079248]
  0   2  239 0.053753 [15.238328 / 0.079050]
  0   2  279 0.053985 [15.241470 / 0.078898]
  0   2  319 0.053256 [15.224586 / 0.077182]
  0   2  359 0.053809 [15.242703 / 0.077890]
  0   2  399 0.053085 [15.234119 / 0.077059]
  0   2  439 0.053363 [15.241986 / 0.077251]
  0   3   39 0.053658 [15.249391 / 0.082039]
  0   3   79 0.053417 [15.243026 / 0.076635]
  0   3  119 0.052981 [15.235207 / 0.083018]
  0   3  159 0.053082 [15.238694 / 0.075967]
  0   3  199 0.053013 [15.242028 / 0.079039]
  0   3  239 0.053061 [15.238878 / 0.080783]
  0   3  279 0.053538 [15.253441 / 0.077841]
  0   3  319 0.052792 [15.236837 / 0.079548]
  0   3  359 0.052804 [15.234125 / 0.078393]
  0   3  399 0.053412 [15.249818 / 0.081475]
  0   3  439 0.052768 [15.242985 / 0.079278]
  0   4   39 0.052341 [15.240637 / 0.079365]
  0   4   79 0.052669 [15.237142 / 0.077220]
  0   4  119 0.052418 [15.237348 / 0.079163]
  0   4  159 0.053125 [15.254815 / 0.078931]
  0   4  199 0.052145 [15.229467 / 0.079935]
  0   4  239 0.052727 [15.232430 / 0.077683]
  0   4  279 0.052593 [15.233674 / 0.077797]
  0   4  319 0.053434 [15.244319 / 0.080601]
  0   4  359 0.053248 [15.249605 / 0.079064]
  0   4  399 0.052586 [15.249210 / 0.080884]
  0   4  439 0.052226 [15.227227 / 0.081371]
  1   0   39 0.050261 [15.255649 / 0.037525]
  1   0   79 0.049998 [15.260589 / 0.037458]
  1   0  119 0.049965 [15.260332 / 0.038658]
  1   0  159 0.049733 [15.263158 / 0.038880]
  1   0  199 0.050084 [15.262650 / 0.039802]
  1   0  239 0.049960 [15.261013 / 0.039561]
  1   0  279 0.050025 [15.262865 / 0.040916]
  1   0  319 0.050269 [15.271749 / 0.040111]
  1   0  359 0.049977 [15.266257 / 0.039489]
  1   0  399 0.049038 [15.252046 / 0.040661]
  1   0  439 0.050072 [15.258972 / 0.040620]
  1   1   39 0.050101 [15.263766 / 0.041050]
  1   1   79 0.049525 [15.266043 / 0.042637]
  1   1  119 0.049947 [15.267073 / 0.042246]
  1   1  159 0.049844 [15.267294 / 0.042388]
  1   1  199 0.049787 [15.268864 / 0.042406]
  1   1  239 0.050008 [15.267386 / 0.041675]
  1   1  279 0.050268 [15.270010 / 0.041783]
  1   1  319 0.049812 [15.275063 / 0.042403]
  1   1  359 0.049851 [15.269460 / 0.042073]
  1   1  399 0.050463 [15.281461 / 0.042786]
  1   1  439 0.049409 [15.267970 / 0.042255]
  1   2   39 0.049713 [15.280678 / 0.043193]
  1   2   79 0.049596 [15.270938 / 0.042198]
  1   2  119 0.049034 [15.257553 / 0.043639]
  1   2  159 0.050247 [15.266573 / 0.043023]
  1   2  199 0.050289 [15.275565 / 0.046071]
  1   2  239 0.049629 [15.274475 / 0.042202]
  1   2  279 0.049835 [15.264982 / 0.045051]
  1   2  319 0.050350 [15.275528 / 0.044247]
  1   2  359 0.049717 [15.271594 / 0.045897]
  1   2  399 0.050222 [15.282341 / 0.042992]
  1   2  439 0.050123 [15.285742 / 0.045463]
  1   3   39 0.050140 [15.287079 / 0.042901]
  1   3   79 0.050244 [15.290658 / 0.045047]
  1   3  119 0.049761 [15.280078 / 0.045975]
  1   3  159 0.050011 [15.281460 / 0.043892]
  1   3  199 0.049471 [15.268314 / 0.044810]
  1   3  239 0.050008 [15.280505 / 0.046614]
  1   3  279 0.049475 [15.279044 / 0.045370]
  1   3  319 0.049108 [15.266870 / 0.045268]
  1   3  359 0.049710 [15.275827 / 0.043034]
  1   3  399 0.050006 [15.272682 / 0.048049]
  1   3  439 0.050092 [15.274154 / 0.046199]
  1   4   39 0.049553 [15.273649 / 0.044243]
  1   4   79 0.049713 [15.273900 / 0.045478]
  1   4  119 0.049988 [15.281121 / 0.047072]
  1   4  159 0.049762 [15.279061 / 0.047719]
  1   4  199 0.049632 [15.281292 / 0.044526]
  1   4  239 0.050035 [15.284713 / 0.048376]
  1   4  279 0.049696 [15.275260 / 0.044490]
  1   4  319 0.050266 [15.287589 / 0.048823]
  1   4  359 0.049868 [15.284814 / 0.045267]
  1   4  399 0.049822 [15.281221 / 0.047812]
  1   4  439 0.049325 [15.274908 / 0.044386]
  2   0   39 0.048056 [15.275987 / 0.022739]
  2   0   79 0.048542 [15.282786 / 0.022612]
  2   0  119 0.048659 [15.290497 / 0.023359]
  2   0  159 0.048539 [15.291263 / 0.021668]
  2   0  199 0.048632 [15.294345 / 0.023039]
  2   0  239 0.048582 [15.293437 / 0.023062]
  2   0  279 0.048147 [15.292875 / 0.022231]
  2   0  319 0.048518 [15.291261 / 0.023592]
  2   0  359 0.048036 [15.295447 / 0.023054]
  2   0  399 0.048431 [15.296355 / 0.023785]
  2   0  439 0.048472 [15.298667 / 0.022538]
  2   1   39 0.048354 [15.296357 / 0.024193]
  2   1   79 0.048359 [15.297679 / 0.023101]
  2   1  119 0.048530 [15.298544 / 0.024421]
  2   1  159 0.048585 [15.304694 / 0.024707]
  2   1  199 0.048582 [15.305107 / 0.023402]
  2   1  239 0.047975 [15.300324 / 0.023381]
  2   1  279 0.048134 [15.297997 / 0.024772]
  2   1  319 0.047805 [15.291184 / 0.024835]
  2   1  359 0.048244 [15.294958 / 0.023911]
  2   1  399 0.048323 [15.296742 / 0.025478]
  2   1  439 0.048622 [15.300468 / 0.025611]
  2   2   39 0.048314 [15.299563 / 0.024867]
  2   2   79 0.048311 [15.298719 / 0.026438]
  2   2  119 0.048146 [15.293953 / 0.024953]
  2   2  159 0.048182 [15.294694 / 0.026851]
  2   2  199 0.048557 [15.306364 / 0.025318]
  2   2  239 0.048176 [15.305641 / 0.023314]
  2   2  279 0.048137 [15.299268 / 0.025195]
  2   2  319 0.048504 [15.300153 / 0.025649]
  2   2  359 0.048718 [15.308222 / 0.025272]
  2   2  399 0.048104 [15.299600 / 0.028604]
  2   2  439 0.048600 [15.304838 / 0.026257]
  2   3   39 0.047971 [15.305860 / 0.025244]
  2   3   79 0.048189 [15.306820 / 0.025217]
  2   3  119 0.048181 [15.305151 / 0.026585]
  2   3  159 0.048963 [15.307378 / 0.025922]
  2   3  199 0.048476 [15.303685 / 0.025792]
  2   3  239 0.048146 [15.300001 / 0.024488]
  2   3  279 0.048406 [15.305987 / 0.025697]
  2   3  319 0.047991 [15.299414 / 0.026256]
  2   3  359 0.048154 [15.302356 / 0.026012]
  2   3  399 0.048577 [15.303355 / 0.040233]
  2   3  439 0.048609 [15.311783 / 0.026160]
  2   4   39 0.048873 [15.314414 / 0.030289]
  2   4   79 0.048297 [15.312932 / 0.025741]
  2   4  119 0.047506 [15.303344 / 0.025708]
  2   4  159 0.048344 [15.304333 / 0.028549]
  2   4  199 0.048276 [15.306909 / 0.026438]
  2   4  239 0.048301 [15.310684 / 0.026185]
  2   4  279 0.048556 [15.306702 / 0.026622]
  2   4  319 0.048143 [15.307366 / 0.027363]
  2   4  359 0.048402 [15.306984 / 0.027739]
  2   4  399 0.048126 [15.306705 / 0.026945]
  2   4  439 0.048328 [15.307338 / 0.028882]
  3   0   39 0.047598 [15.307957 / 0.012746]
  3   0   79 0.047214 [15.311083 / 0.012650]
  3   0  119 0.047114 [15.311419 / 0.013015]
  3   0  159 0.047752 [15.314029 / 0.013176]
  3   0  199 0.047648 [15.316174 / 0.012999]
  3   0  239 0.047611 [15.318580 / 0.013421]
  3   0  279 0.047886 [15.320658 / 0.013405]
  3   0  319 0.047055 [15.318731 / 0.013190]
  3   0  359 0.047409 [15.318903 / 0.012710]
  3   0  399 0.047589 [15.318427 / 0.013777]
  3   0  439 0.047352 [15.315403 / 0.014087]
  3   1   39 0.047344 [15.318790 / 0.013951]
  3   1   79 0.047248 [15.317730 / 0.014216]
  3   1  119 0.048052 [15.320763 / 0.013952]
  3   1  159 0.046973 [15.320484 / 0.013555]
  3   1  199 0.047441 [15.319949 / 0.014058]
  3   1  239 0.047521 [15.321617 / 0.013958]
  3   1  279 0.047352 [15.321580 / 0.013675]
  3   1  319 0.047482 [15.323593 / 0.013768]
  3   1  359 0.047557 [15.322817 / 0.014063]
  3   1  399 0.047980 [15.324390 / 0.014278]
  3   1  439 0.047733 [15.324616 / 0.013515]
  3   2   39 0.047457 [15.318122 / 0.014242]
  3   2   79 0.047709 [15.321744 / 0.014199]
  3   2  119 0.046950 [15.318875 / 0.015159]
  3   2  159 0.047656 [15.319558 / 0.014355]
  3   2  199 0.047910 [15.324739 / 0.015227]
  3   2  239 0.047101 [15.322390 / 0.013929]
  3   2  279 0.047314 [15.322677 / 0.014933]
  3   2  319 0.047746 [15.321742 / 0.017244]
  3   2  359 0.047373 [15.321439 / 0.014418]
  3   2  399 0.047681 [15.325053 / 0.014891]
  3   2  439 0.047637 [15.326054 / 0.014560]
  3   3   39 0.047272 [15.324475 / 0.014209]
  3   3   79 0.047473 [15.323120 / 0.014376]
  3   3  119 0.047573 [15.325121 / 0.014217]
  3   3  159 0.047206 [15.323273 / 0.015187]
  3   3  199 0.047764 [15.325216 / 0.014761]
  3   3  239 0.047227 [15.325752 / 0.014106]
  3   3  279 0.047068 [15.322320 / 0.017355]
  3   3  319 0.047879 [15.325964 / 0.016257]
  3   3  359 0.047496 [15.325257 / 0.015106]
  3   3  399 0.048021 [15.328036 / 0.015744]
  3   3  439 0.047428 [15.327103 / 0.015130]
  3   4   39 0.047446 [15.327499 / 0.014153]
  3   4   79 0.047628 [15.328115 / 0.015186]
  3   4  119 0.047466 [15.327986 / 0.014576]
  3   4  159 0.047769 [15.328433 / 0.017261]
  3   4  199 0.047105 [15.325791 / 0.015219]
  3   4  239 0.047135 [15.323869 / 0.015716]
  3   4  279 0.047302 [15.323935 / 0.016230]
  3   4  319 0.047317 [15.323264 / 0.018374]
  3   4  359 0.047818 [15.327705 / 0.017970]
  3   4  399 0.047497 [15.328316 / 0.018574]
  3   4  439 0.047609 [15.328370 / 0.021005]
  4   0   39 0.047202 [15.329729 / 0.007468]
  4   0   79 0.047084 [15.331034 / 0.007290]
  4   0  119 0.047354 [15.334159 / 0.007151]
  4   0  159 0.046967 [15.334761 / 0.007380]
  4   0  199 0.047173 [15.334735 / 0.007524]
  4   0  239 0.046690 [15.333265 / 0.007768]
  4   0  279 0.047341 [15.334716 / 0.007735]
  4   0  319 0.047241 [15.336134 / 0.007543]
  4   0  359 0.046621 [15.334880 / 0.007264]
  4   0  399 0.046769 [15.333462 / 0.007931]
  4   0  439 0.047233 [15.334862 / 0.007531]
  4   1   39 0.046410 [15.328803 / 0.007798]
  4   1   79 0.046821 [15.329609 / 0.007514]
  4   1  119 0.047017 [15.331282 / 0.007934]
  4   1  159 0.047144 [15.332197 / 0.007839]
  4   1  199 0.046786 [15.334062 / 0.007793]
  4   1  239 0.047379 [15.335156 / 0.007749]
  4   1  279 0.047359 [15.334574 / 0.007553]
  4   1  319 0.047208 [15.333420 / 0.008010]
  4   1  359 0.047409 [15.336935 / 0.008079]
  4   1  399 0.047009 [15.337548 / 0.007472]
  4   1  439 0.046358 [15.335280 / 0.008138]
  4   2   39 0.047002 [15.334309 / 0.007791]
  4   2   79 0.047118 [15.337221 / 0.008230]
  4   2  119 0.047088 [15.338956 / 0.008325]
  4   2  159 0.046847 [15.340234 / 0.008097]
  4   2  199 0.047075 [15.338434 / 0.008640]
  4   2  239 0.047215 [15.338993 / 0.009006]
  4   2  279 0.046815 [15.337255 / 0.008480]
  4   2  319 0.046661 [15.336997 / 0.009379]
  4   2  359 0.046784 [15.335248 / 0.008036]
  4   2  399 0.047605 [15.339509 / 0.008022]
  4   2  439 0.046821 [15.338108 / 0.008444]
  4   3   39 0.046949 [15.333909 / 0.008658]
  4   3   79 0.047350 [15.336872 / 0.008942]
  4   3  119 0.046921 [15.338735 / 0.008720]
  4   3  159 0.046685 [15.337477 / 0.008619]
  4   3  199 0.047130 [15.336014 / 0.008967]
  4   3  239 0.047018 [15.337570 / 0.010197]
  4   3  279 0.047284 [15.337705 / 0.008829]
  4   3  319 0.046983 [15.336142 / 0.008815]
  4   3  359 0.046976 [15.338838 / 0.008318]
  4   3  399 0.046145 [15.335722 / 0.007975]
  4   3  439 0.047395 [15.336951 / 0.008044]
  4   4   39 0.046648 [15.334921 / 0.008993]
  4   4   79 0.046860 [15.333628 / 0.009509]
  4   4  119 0.046892 [15.335020 / 0.009846]
  4   4  159 0.046994 [15.336156 / 0.011055]
  4   4  199 0.046905 [15.334451 / 0.008052]
  4   4  239 0.047185 [15.336254 / 0.008074]
  4   4  279 0.047219 [15.337322 / 0.008255]
  4   4  319 0.046833 [15.339199 / 0.008096]
  4   4  359 0.047838 [15.342588 / 0.008525]
  4   4  399 0.046692 [15.342348 / 0.009266]
  4   4  439 0.047201 [15.341667 / 0.009936]
Sequential (
  (0): Linear (784 -> 400)
  (1): ReLU ()
  (2): Linear (400 -> 784)
)
Namespace(batch_size=128, mode='mlpae_simple', name='mlpae_simple7', nc=10, nf=400, optimizer='Adam')
{'lr': 0.001, 'wd': 0.0005}
