  0   0   39 0.635841 [18.391072 / 0.401298]
  0   0   79 0.392161 [18.208485 / 0.227803]
  0   0  119 0.309356 [19.356898 / 0.174854]
  0   0  159 0.265738 [20.266273 / 0.152226]
  0   0  199 0.244409 [20.892080 / 0.146669]
  0   0  239 0.232172 [21.371013 / 0.151927]
  0   0  279 0.220600 [21.672094 / 0.142967]
  0   0  319 0.214859 [21.841533 / 0.140522]
  0   0  359 0.206825 [21.915728 / 0.141296]
  0   0  399 0.207166 [22.037547 / 0.148268]
  0   0  439 0.202661 [22.111404 / 0.140089]
  0   1   39 0.199333 [22.177349 / 0.147183]
  0   1   79 0.195413 [22.145536 / 0.145535]
  0   1  119 0.194254 [22.155518 / 0.140897]
  0   1  159 0.196185 [22.197991 / 0.143243]
  0   1  199 0.193629 [22.204513 / 0.146113]
  0   1  239 0.190828 [22.171109 / 0.140935]
  0   1  279 0.192546 [22.217208 / 0.144706]
  0   1  319 0.190291 [22.160344 / 0.148385]
  0   1  359 0.192225 [22.228356 / 0.151091]
  0   1  399 0.188841 [22.199934 / 0.150302]
  0   1  439 0.187356 [22.158226 / 0.143387]
  0   2   39 0.187405 [22.175318 / 0.149234]
  0   2   79 0.185824 [22.126943 / 0.142804]
  0   2  119 0.186248 [22.125459 / 0.148775]
  0   2  159 0.186289 [22.137501 / 0.147183]
  0   2  199 0.185694 [22.125397 / 0.145147]
  0   2  239 0.185029 [22.110317 / 0.149498]
  0   2  279 0.183187 [22.130463 / 0.145639]
  0   2  319 0.182548 [22.055783 / 0.154297]
  0   2  359 0.183248 [22.058158 / 0.146026]
  0   2  399 0.182336 [22.055964 / 0.149517]
  0   2  439 0.183384 [22.083903 / 0.147324]
  0   3   39 0.182359 [22.076354 / 0.148775]
  0   3   79 0.180276 [22.053487 / 0.153166]
  0   3  119 0.179436 [22.046382 / 0.149102]
  0   3  159 0.182449 [22.071990 / 0.152089]
  0   3  199 0.179992 [22.047342 / 0.157293]
  0   3  239 0.180700 [22.068237 / 0.149880]
  0   3  279 0.181279 [22.066839 / 0.153904]
  0   3  319 0.179915 [22.075273 / 0.151347]
  0   3  359 0.178196 [22.021481 / 0.146117]
  0   3  399 0.177873 [22.028404 / 0.149610]
  0   3  439 0.177509 [21.998281 / 0.150749]
  0   4   39 0.178450 [22.063582 / 0.152742]
  0   4   79 0.177471 [22.041573 / 0.149959]
  0   4  119 0.177792 [22.044411 / 0.151201]
  0   4  159 0.177744 [22.039533 / 0.153540]
  0   4  199 0.175465 [22.003617 / 0.157940]
  0   4  239 0.175713 [21.997262 / 0.154305]
  0   4  279 0.178583 [22.051197 / 0.158896]
  0   4  319 0.176570 [22.021778 / 0.157291]
  0   4  359 0.177449 [22.054563 / 0.158541]
  0   4  399 0.173954 [21.988949 / 0.156632]
  0   4  439 0.174046 [21.962879 / 0.158632]
  1   0   39 0.173857 [21.970192 / 0.073822]
  1   0   79 0.173570 [21.970989 / 0.079918]
  1   0  119 0.173350 [21.964762 / 0.077249]
  1   0  159 0.174627 [21.995411 / 0.075881]
  1   0  199 0.173954 [21.979224 / 0.079036]
  1   0  239 0.172524 [21.964204 / 0.076050]
  1   0  279 0.172450 [21.963343 / 0.078249]
  1   0  319 0.175024 [21.995963 / 0.081381]
  1   0  359 0.175358 [21.990116 / 0.080741]
  1   0  399 0.173655 [21.993045 / 0.081559]
  1   0  439 0.173527 [21.981199 / 0.079153]
  1   1   39 0.172832 [21.997702 / 0.080380]
  1   1   79 0.171352 [21.990395 / 0.081488]
  1   1  119 0.171183 [21.967529 / 0.078212]
  1   1  159 0.173075 [21.971543 / 0.082464]
  1   1  199 0.174610 [21.981366 / 0.084338]
  1   1  239 0.172469 [21.997901 / 0.082171]
  1   1  279 0.173053 [21.977624 / 0.084555]
  1   1  319 0.173745 [21.986743 / 0.084391]
  1   1  359 0.171088 [21.973336 / 0.086223]
  1   1  399 0.173039 [21.979269 / 0.083441]
  1   1  439 0.173563 [22.004733 / 0.086541]
  1   2   39 0.172608 [22.016539 / 0.087205]
  1   2   79 0.170464 [21.974568 / 0.083881]
  1   2  119 0.172500 [21.988540 / 0.088793]
  1   2  159 0.171425 [21.992170 / 0.084719]
  1   2  199 0.173395 [21.993389 / 0.092619]
  1   2  239 0.170881 [21.993076 / 0.087243]
  1   2  279 0.172491 [21.978777 / 0.089995]
  1   2  319 0.173143 [21.988305 / 0.088703]
  1   2  359 0.171438 [21.983044 / 0.086663]
  1   2  399 0.172577 [21.994850 / 0.092587]
  1   2  439 0.171367 [21.991978 / 0.087053]
  1   3   39 0.171018 [21.973346 / 0.085550]
  1   3   79 0.171786 [22.000899 / 0.089295]
  1   3  119 0.172104 [21.995597 / 0.092863]
  1   3  159 0.169077 [21.971455 / 0.087702]
  1   3  199 0.171424 [21.971835 / 0.091247]
  1   3  239 0.170474 [21.972203 / 0.089411]
  1   3  279 0.171333 [21.963519 / 0.092468]
  1   3  319 0.173875 [22.037385 / 0.091816]
  1   3  359 0.169390 [21.983587 / 0.091456]
  1   3  399 0.170772 [21.985927 / 0.090888]
  1   3  439 0.169776 [21.974235 / 0.090824]
  1   4   39 0.168929 [21.943326 / 0.089804]
  1   4   79 0.172109 [21.992067 / 0.093826]
  1   4  119 0.169222 [21.974835 / 0.096151]
  1   4  159 0.172186 [21.996467 / 0.094144]
  1   4  199 0.168591 [21.958629 / 0.088829]
  1   4  239 0.171627 [21.989346 / 0.090640]
  1   4  279 0.171243 [22.000769 / 0.100096]
  1   4  319 0.170392 [21.999380 / 0.089929]
  1   4  359 0.168824 [21.967127 / 0.103573]
  1   4  399 0.171238 [21.991900 / 0.095565]
  1   4  439 0.170278 [21.981237 / 0.094894]
  2   0   39 0.169175 [21.966366 / 0.048393]
  2   0   79 0.169832 [21.971114 / 0.047211]
  2   0  119 0.169711 [21.966041 / 0.046689]
  2   0  159 0.169875 [21.963371 / 0.046046]
  2   0  199 0.169535 [21.967673 / 0.047162]
  2   0  239 0.170483 [21.972891 / 0.045966]
  2   0  279 0.167229 [21.954964 / 0.045539]
  2   0  319 0.168118 [21.947774 / 0.051627]
  2   0  359 0.168242 [21.956065 / 0.047229]
  2   0  399 0.170647 [21.965711 / 0.047779]
  2   0  439 0.169690 [21.963767 / 0.049229]
  2   1   39 0.167884 [21.957076 / 0.047164]
  2   1   79 0.169785 [21.969884 / 0.048019]
  2   1  119 0.168928 [21.964308 / 0.047627]
  2   1  159 0.168095 [21.954848 / 0.048836]
  2   1  199 0.169353 [21.955682 / 0.053102]
  2   1  239 0.168645 [21.960114 / 0.049532]
  2   1  279 0.168949 [21.962828 / 0.048590]
  2   1  319 0.169664 [21.956414 / 0.049743]
  2   1  359 0.170328 [21.968911 / 0.048578]
  2   1  399 0.169786 [21.990126 / 0.050001]
  2   1  439 0.168011 [21.989790 / 0.052183]
  2   2   39 0.169241 [21.982134 / 0.050209]
  2   2   79 0.168148 [21.976893 / 0.048309]
  2   2  119 0.166330 [21.965444 / 0.048620]
  2   2  159 0.167771 [21.954939 / 0.050756]
  2   2  199 0.168676 [21.959374 / 0.050693]
  2   2  239 0.170917 [21.972659 / 0.052274]
  2   2  279 0.167910 [21.956883 / 0.050153]
  2   2  319 0.171194 [21.986707 / 0.052100]
  2   2  359 0.168437 [21.975535 / 0.052139]
  2   2  399 0.167041 [21.965592 / 0.050646]
  2   2  439 0.169632 [21.979746 / 0.056071]
  2   3   39 0.166512 [21.976453 / 0.051841]
  2   3   79 0.169572 [21.988117 / 0.049229]
  2   3  119 0.168585 [21.980735 / 0.052300]
  2   3  159 0.167982 [21.977332 / 0.049338]
  2   3  199 0.167323 [21.957835 / 0.050478]
  2   3  239 0.170213 [21.972456 / 0.052049]
  2   3  279 0.167956 [21.970837 / 0.052567]
  2   3  319 0.169983 [21.982474 / 0.050108]
  2   3  359 0.167389 [21.984254 / 0.050710]
  2   3  399 0.167876 [21.974090 / 0.052663]
  2   3  439 0.168429 [21.960007 / 0.049904]
  2   4   39 0.168193 [21.991302 / 0.052426]
  2   4   79 0.166896 [21.966026 / 0.053678]
  2   4  119 0.169308 [21.978901 / 0.053478]
  2   4  159 0.168770 [21.988528 / 0.051074]
  2   4  199 0.168561 [21.988481 / 0.053509]
  2   4  239 0.167445 [21.989513 / 0.048818]
  2   4  279 0.166344 [21.978063 / 0.052972]
  2   4  319 0.168291 [21.972784 / 0.053056]
  2   4  359 0.170337 [21.988958 / 0.051691]
  2   4  399 0.168272 [21.987383 / 0.053063]
  2   4  439 0.168469 [21.985829 / 0.054426]
  3   0   39 0.168143 [21.973279 / 0.027809]
  3   0   79 0.167435 [21.974816 / 0.028225]
  3   0  119 0.167913 [21.977751 / 0.026547]
  3   0  159 0.168069 [21.981111 / 0.025435]
  3   0  199 0.168938 [21.985280 / 0.027950]
  3   0  239 0.168572 [21.984810 / 0.026752]
  3   0  279 0.168524 [21.978568 / 0.025763]
  3   0  319 0.166775 [21.970679 / 0.027112]
  3   0  359 0.166282 [21.965275 / 0.026994]
  3   0  399 0.168108 [21.965796 / 0.026756]
  3   0  439 0.167486 [21.968630 / 0.026682]
  3   1   39 0.168494 [21.970179 / 0.026920]
  3   1   79 0.167422 [21.975562 / 0.027193]
  3   1  119 0.167921 [21.970711 / 0.026551]
  3   1  159 0.167991 [21.985659 / 0.026945]
  3   1  199 0.167175 [21.976301 / 0.028388]
  3   1  239 0.167814 [21.977606 / 0.026953]
  3   1  279 0.167508 [21.973304 / 0.027554]
  3   1  319 0.166155 [21.969742 / 0.029836]
  3   1  359 0.168148 [21.968140 / 0.028824]
  3   1  399 0.168211 [21.970736 / 0.026509]
  3   1  439 0.166906 [21.966832 / 0.028982]
  3   2   39 0.169806 [21.982829 / 0.027501]
  3   2   79 0.167903 [21.980812 / 0.028518]
  3   2  119 0.166149 [21.974915 / 0.027050]
  3   2  159 0.168984 [21.978013 / 0.028816]
  3   2  199 0.166852 [21.975640 / 0.026981]
  3   2  239 0.167448 [21.970724 / 0.027654]
  3   2  279 0.167146 [21.971746 / 0.026639]
  3   2  319 0.168017 [21.976402 / 0.027858]
  3   2  359 0.165186 [21.963590 / 0.026698]
  3   2  399 0.167395 [21.961383 / 0.028990]
  3   2  439 0.168066 [21.970230 / 0.030358]
  3   3   39 0.167396 [21.974831 / 0.027640]
  3   3   79 0.165994 [21.966200 / 0.027534]
  3   3  119 0.166480 [21.966508 / 0.027722]
  3   3  159 0.167194 [21.959164 / 0.029867]
  3   3  199 0.166477 [21.963519 / 0.027329]
  3   3  239 0.167332 [21.960739 / 0.029222]
  3   3  279 0.167982 [21.964831 / 0.027319]
  3   3  319 0.166994 [21.965080 / 0.027193]
  3   3  359 0.170532 [21.981725 / 0.029200]
  3   3  399 0.167903 [21.983601 / 0.027832]
  3   3  439 0.168018 [21.980003 / 0.028604]
  3   4   39 0.167821 [21.985193 / 0.027423]
  3   4   79 0.169590 [21.993713 / 0.028070]
  3   4  119 0.165504 [21.986115 / 0.029909]
  3   4  159 0.166202 [21.985087 / 0.030297]
  3   4  199 0.165400 [21.980131 / 0.028129]
  3   4  239 0.167418 [21.975761 / 0.031138]
  3   4  279 0.167894 [21.975236 / 0.028731]
  3   4  319 0.167391 [21.978489 / 0.030064]
  3   4  359 0.166780 [21.978812 / 0.028003]
  3   4  399 0.168961 [21.977857 / 0.031797]
  3   4  439 0.167429 [21.970319 / 0.028534]
  4   0   39 0.167868 [21.971498 / 0.014190]
  4   0   79 0.167552 [21.974284 / 0.014713]
  4   0  119 0.167315 [21.976310 / 0.013280]
  4   0  159 0.166839 [21.974989 / 0.014377]
  4   0  199 0.166749 [21.971958 / 0.015365]
  4   0  239 0.168961 [21.979311 / 0.014428]
  4   0  279 0.166600 [21.978645 / 0.014326]
  4   0  319 0.165749 [21.973594 / 0.017073]
  4   0  359 0.167174 [21.972508 / 0.014271]
  4   0  399 0.167002 [21.975684 / 0.014047]
  4   0  439 0.166802 [21.972746 / 0.016273]
  4   1   39 0.166646 [21.970476 / 0.014599]
  4   1   79 0.167676 [21.969412 / 0.014918]
  4   1  119 0.166543 [21.973175 / 0.014732]
  4   1  159 0.165272 [21.968873 / 0.013646]
  4   1  199 0.168394 [21.971868 / 0.013961]
  4   1  239 0.168043 [21.974264 / 0.014777]
  4   1  279 0.167783 [21.975064 / 0.015904]
  4   1  319 0.166706 [21.974280 / 0.014987]
  4   1  359 0.167022 [21.972874 / 0.015102]
  4   1  399 0.167790 [21.973073 / 0.014163]
  4   1  439 0.166755 [21.972851 / 0.013682]
  4   2   39 0.166359 [21.972201 / 0.014228]
  4   2   79 0.166520 [21.971210 / 0.014182]
  4   2  119 0.167403 [21.972799 / 0.014600]
  4   2  159 0.167282 [21.973726 / 0.014747]
  4   2  199 0.167649 [21.975036 / 0.014706]
  4   2  239 0.167437 [21.977825 / 0.014924]
  4   2  279 0.167552 [21.978896 / 0.015245]
  4   2  319 0.167844 [21.977761 / 0.015948]
  4   2  359 0.166114 [21.975900 / 0.015163]
  4   2  399 0.165720 [21.972716 / 0.015734]
  4   2  439 0.167887 [21.975028 / 0.014369]
  4   3   39 0.166540 [21.972397 / 0.014156]
  4   3   79 0.167236 [21.971297 / 0.014582]
  4   3  119 0.168273 [21.976219 / 0.016249]
  4   3  159 0.167926 [21.978844 / 0.014052]
  4   3  199 0.166431 [21.976862 / 0.014141]
  4   3  239 0.167541 [21.975663 / 0.015239]
  4   3  279 0.167392 [21.976551 / 0.015309]
  4   3  319 0.167390 [21.977388 / 0.014450]
  4   3  359 0.166217 [21.974346 / 0.014877]
  4   3  399 0.166280 [21.971846 / 0.014022]
  4   3  439 0.165619 [21.970584 / 0.014396]
  4   4   39 0.166462 [21.970371 / 0.014096]
  4   4   79 0.168466 [21.971445 / 0.014259]
  4   4  119 0.167119 [21.974799 / 0.015067]
  4   4  159 0.166280 [21.971924 / 0.015061]
  4   4  199 0.167141 [21.970550 / 0.014799]
  4   4  239 0.166986 [21.973608 / 0.014952]
  4   4  279 0.167664 [21.972536 / 0.015288]
  4   4  319 0.167696 [21.975686 / 0.014505]
  4   4  359 0.165603 [21.975090 / 0.015077]
  4   4  399 0.167755 [21.978850 / 0.015035]
  4   4  439 0.165699 [21.974816 / 0.015104]
Sequential (
  (0): Linear (784 -> 800)
  (1): CatFactor (factors=80, categories=10, nonclass=True)
  (2): Linear (800 -> 784)
)
